[0.106s] Invoking command in '/home/bachelor/ros2_ws/build/turtlebot4_simulator': AMENT_PREFIX_PATH=/home/bachelor/ros2_ws/install/turtlebot4_gz_bringup:/home/bachelor/ros2_ws/install/turtlebot4_gz_toolbox:/home/bachelor/ros2_ws/install/turtlebot4_gz_gui_plugins:${AMENT_PREFIX_PATH} CMAKE_PREFIX_PATH=/home/bachelor/ros2_ws/install/turtlebot4_gz_bringup:/home/bachelor/ros2_ws/install/turtlebot4_gz_toolbox:/home/bachelor/ros2_ws/install/turtlebot4_gz_gui_plugins:/home/bachelor/ros2_ws/install/my_tutorial_interfaces:/opt/ros/jazzy/opt/gz_sim_vendor:/opt/ros/jazzy/opt/gz_sensors_vendor:/opt/ros/jazzy/opt/gz_physics_vendor:/opt/ros/jazzy/opt/sdformat_vendor:/opt/ros/jazzy/opt/gz_gui_vendor:/opt/ros/jazzy/opt/gz_transport_vendor:/opt/ros/jazzy/opt/gz_rendering_vendor:/opt/ros/jazzy/opt/gz_plugin_vendor:/opt/ros/jazzy/opt/gz_fuel_tools_vendor:/opt/ros/jazzy/opt/gz_msgs_vendor:/opt/ros/jazzy/opt/gz_common_vendor:/opt/ros/jazzy/opt/gz_math_vendor:/opt/ros/jazzy/opt/gz_utils_vendor:/opt/ros/jazzy/opt/gz_tools_vendor:/opt/ros/jazzy/opt/gz_ogre_next_vendor:/opt/ros/jazzy/opt/gz_dartsim_vendor:/opt/ros/jazzy/opt/gz_cmake_vendor:/home/bachelor/ros2_ws/install/v1_topic_pkg:/home/bachelor/ros2_ws/install/my_py_pkg:/opt/ros/jazzy DEBUGINFOD_URLS=https://debuginfod.ubuntu.com /usr/bin/cmake /home/bachelor/ros2_ws/src/turtlebot4_simulator/turtlebot4_simulator -DCMAKE_INSTALL_PREFIX=/home/bachelor/ros2_ws/install/turtlebot4_simulator
[0.355s] -- The C compiler identification is GNU 13.3.0
[0.583s] -- The CXX compiler identification is GNU 13.3.0
[0.687s] -- Detecting C compiler ABI info
[1.153s] -- Detecting C compiler ABI info - done
[1.184s] -- Check for working C compiler: /usr/bin/cc - skipped
[1.193s] -- Detecting C compile features
[1.194s] -- Detecting C compile features - done
[1.262s] -- Detecting CXX compiler ABI info
[1.780s] -- Detecting CXX compiler ABI info - done
[1.814s] -- Check for working CXX compiler: /usr/bin/c++ - skipped
[1.815s] -- Detecting CXX compile features
[1.820s] -- Detecting CXX compile features - done
[1.849s] -- Found ament_cmake: 2.5.4 (/opt/ros/jazzy/share/ament_cmake/cmake)
[2.503s] -- Found Python3: /usr/bin/python3 (found version "3.12.3") found components: Interpreter 
[3.381s] -- Configuring done (3.2s)
[3.393s] -- Generating done (0.0s)
[3.404s] -- Build files have been written to: /home/bachelor/ros2_ws/build/turtlebot4_simulator
[3.414s] Invoked command in '/home/bachelor/ros2_ws/build/turtlebot4_simulator' returned '0': AMENT_PREFIX_PATH=/home/bachelor/ros2_ws/install/turtlebot4_gz_bringup:/home/bachelor/ros2_ws/install/turtlebot4_gz_toolbox:/home/bachelor/ros2_ws/install/turtlebot4_gz_gui_plugins:${AMENT_PREFIX_PATH} CMAKE_PREFIX_PATH=/home/bachelor/ros2_ws/install/turtlebot4_gz_bringup:/home/bachelor/ros2_ws/install/turtlebot4_gz_toolbox:/home/bachelor/ros2_ws/install/turtlebot4_gz_gui_plugins:/home/bachelor/ros2_ws/install/my_tutorial_interfaces:/opt/ros/jazzy/opt/gz_sim_vendor:/opt/ros/jazzy/opt/gz_sensors_vendor:/opt/ros/jazzy/opt/gz_physics_vendor:/opt/ros/jazzy/opt/sdformat_vendor:/opt/ros/jazzy/opt/gz_gui_vendor:/opt/ros/jazzy/opt/gz_transport_vendor:/opt/ros/jazzy/opt/gz_rendering_vendor:/opt/ros/jazzy/opt/gz_plugin_vendor:/opt/ros/jazzy/opt/gz_fuel_tools_vendor:/opt/ros/jazzy/opt/gz_msgs_vendor:/opt/ros/jazzy/opt/gz_common_vendor:/opt/ros/jazzy/opt/gz_math_vendor:/opt/ros/jazzy/opt/gz_utils_vendor:/opt/ros/jazzy/opt/gz_tools_vendor:/opt/ros/jazzy/opt/gz_ogre_next_vendor:/opt/ros/jazzy/opt/gz_dartsim_vendor:/opt/ros/jazzy/opt/gz_cmake_vendor:/home/bachelor/ros2_ws/install/v1_topic_pkg:/home/bachelor/ros2_ws/install/my_py_pkg:/opt/ros/jazzy DEBUGINFOD_URLS=https://debuginfod.ubuntu.com /usr/bin/cmake /home/bachelor/ros2_ws/src/turtlebot4_simulator/turtlebot4_simulator -DCMAKE_INSTALL_PREFIX=/home/bachelor/ros2_ws/install/turtlebot4_simulator
[3.416s] Invoking command in '/home/bachelor/ros2_ws/build/turtlebot4_simulator': AMENT_PREFIX_PATH=/home/bachelor/ros2_ws/install/turtlebot4_gz_bringup:/home/bachelor/ros2_ws/install/turtlebot4_gz_toolbox:/home/bachelor/ros2_ws/install/turtlebot4_gz_gui_plugins:${AMENT_PREFIX_PATH} CMAKE_PREFIX_PATH=/home/bachelor/ros2_ws/install/turtlebot4_gz_bringup:/home/bachelor/ros2_ws/install/turtlebot4_gz_toolbox:/home/bachelor/ros2_ws/install/turtlebot4_gz_gui_plugins:/home/bachelor/ros2_ws/install/my_tutorial_interfaces:/opt/ros/jazzy/opt/gz_sim_vendor:/opt/ros/jazzy/opt/gz_sensors_vendor:/opt/ros/jazzy/opt/gz_physics_vendor:/opt/ros/jazzy/opt/sdformat_vendor:/opt/ros/jazzy/opt/gz_gui_vendor:/opt/ros/jazzy/opt/gz_transport_vendor:/opt/ros/jazzy/opt/gz_rendering_vendor:/opt/ros/jazzy/opt/gz_plugin_vendor:/opt/ros/jazzy/opt/gz_fuel_tools_vendor:/opt/ros/jazzy/opt/gz_msgs_vendor:/opt/ros/jazzy/opt/gz_common_vendor:/opt/ros/jazzy/opt/gz_math_vendor:/opt/ros/jazzy/opt/gz_utils_vendor:/opt/ros/jazzy/opt/gz_tools_vendor:/opt/ros/jazzy/opt/gz_ogre_next_vendor:/opt/ros/jazzy/opt/gz_dartsim_vendor:/opt/ros/jazzy/opt/gz_cmake_vendor:/home/bachelor/ros2_ws/install/v1_topic_pkg:/home/bachelor/ros2_ws/install/my_py_pkg:/opt/ros/jazzy DEBUGINFOD_URLS=https://debuginfod.ubuntu.com /usr/bin/cmake --build /home/bachelor/ros2_ws/build/turtlebot4_simulator -- -j1 -l1
[3.651s] Invoked command in '/home/bachelor/ros2_ws/build/turtlebot4_simulator' returned '0': AMENT_PREFIX_PATH=/home/bachelor/ros2_ws/install/turtlebot4_gz_bringup:/home/bachelor/ros2_ws/install/turtlebot4_gz_toolbox:/home/bachelor/ros2_ws/install/turtlebot4_gz_gui_plugins:${AMENT_PREFIX_PATH} CMAKE_PREFIX_PATH=/home/bachelor/ros2_ws/install/turtlebot4_gz_bringup:/home/bachelor/ros2_ws/install/turtlebot4_gz_toolbox:/home/bachelor/ros2_ws/install/turtlebot4_gz_gui_plugins:/home/bachelor/ros2_ws/install/my_tutorial_interfaces:/opt/ros/jazzy/opt/gz_sim_vendor:/opt/ros/jazzy/opt/gz_sensors_vendor:/opt/ros/jazzy/opt/gz_physics_vendor:/opt/ros/jazzy/opt/sdformat_vendor:/opt/ros/jazzy/opt/gz_gui_vendor:/opt/ros/jazzy/opt/gz_transport_vendor:/opt/ros/jazzy/opt/gz_rendering_vendor:/opt/ros/jazzy/opt/gz_plugin_vendor:/opt/ros/jazzy/opt/gz_fuel_tools_vendor:/opt/ros/jazzy/opt/gz_msgs_vendor:/opt/ros/jazzy/opt/gz_common_vendor:/opt/ros/jazzy/opt/gz_math_vendor:/opt/ros/jazzy/opt/gz_utils_vendor:/opt/ros/jazzy/opt/gz_tools_vendor:/opt/ros/jazzy/opt/gz_ogre_next_vendor:/opt/ros/jazzy/opt/gz_dartsim_vendor:/opt/ros/jazzy/opt/gz_cmake_vendor:/home/bachelor/ros2_ws/install/v1_topic_pkg:/home/bachelor/ros2_ws/install/my_py_pkg:/opt/ros/jazzy DEBUGINFOD_URLS=https://debuginfod.ubuntu.com /usr/bin/cmake --build /home/bachelor/ros2_ws/build/turtlebot4_simulator -- -j1 -l1
[3.661s] Invoking command in '/home/bachelor/ros2_ws/build/turtlebot4_simulator': AMENT_PREFIX_PATH=/home/bachelor/ros2_ws/install/turtlebot4_gz_bringup:/home/bachelor/ros2_ws/install/turtlebot4_gz_toolbox:/home/bachelor/ros2_ws/install/turtlebot4_gz_gui_plugins:${AMENT_PREFIX_PATH} CMAKE_PREFIX_PATH=/home/bachelor/ros2_ws/install/turtlebot4_gz_bringup:/home/bachelor/ros2_ws/install/turtlebot4_gz_toolbox:/home/bachelor/ros2_ws/install/turtlebot4_gz_gui_plugins:/home/bachelor/ros2_ws/install/my_tutorial_interfaces:/opt/ros/jazzy/opt/gz_sim_vendor:/opt/ros/jazzy/opt/gz_sensors_vendor:/opt/ros/jazzy/opt/gz_physics_vendor:/opt/ros/jazzy/opt/sdformat_vendor:/opt/ros/jazzy/opt/gz_gui_vendor:/opt/ros/jazzy/opt/gz_transport_vendor:/opt/ros/jazzy/opt/gz_rendering_vendor:/opt/ros/jazzy/opt/gz_plugin_vendor:/opt/ros/jazzy/opt/gz_fuel_tools_vendor:/opt/ros/jazzy/opt/gz_msgs_vendor:/opt/ros/jazzy/opt/gz_common_vendor:/opt/ros/jazzy/opt/gz_math_vendor:/opt/ros/jazzy/opt/gz_utils_vendor:/opt/ros/jazzy/opt/gz_tools_vendor:/opt/ros/jazzy/opt/gz_ogre_next_vendor:/opt/ros/jazzy/opt/gz_dartsim_vendor:/opt/ros/jazzy/opt/gz_cmake_vendor:/home/bachelor/ros2_ws/install/v1_topic_pkg:/home/bachelor/ros2_ws/install/my_py_pkg:/opt/ros/jazzy DEBUGINFOD_URLS=https://debuginfod.ubuntu.com /usr/bin/cmake --install /home/bachelor/ros2_ws/build/turtlebot4_simulator
[3.715s] -- Install configuration: ""
[3.718s] -- Installing: /home/bachelor/ros2_ws/install/turtlebot4_simulator/share/ament_index/resource_index/package_run_dependencies/turtlebot4_simulator
[3.719s] -- Installing: /home/bachelor/ros2_ws/install/turtlebot4_simulator/share/ament_index/resource_index/parent_prefix_path/turtlebot4_simulator
[3.720s] -- Installing: /home/bachelor/ros2_ws/install/turtlebot4_simulator/share/turtlebot4_simulator/environment/ament_prefix_path.sh
[3.720s] -- Installing: /home/bachelor/ros2_ws/install/turtlebot4_simulator/share/turtlebot4_simulator/environment/ament_prefix_path.dsv
[3.721s] -- Installing: /home/bachelor/ros2_ws/install/turtlebot4_simulator/share/turtlebot4_simulator/environment/path.sh
[3.722s] -- Installing: /home/bachelor/ros2_ws/install/turtlebot4_simulator/share/turtlebot4_simulator/environment/path.dsv
[3.723s] -- Installing: /home/bachelor/ros2_ws/install/turtlebot4_simulator/share/turtlebot4_simulator/local_setup.bash
[3.723s] -- Installing: /home/bachelor/ros2_ws/install/turtlebot4_simulator/share/turtlebot4_simulator/local_setup.sh
[3.724s] -- Installing: /home/bachelor/ros2_ws/install/turtlebot4_simulator/share/turtlebot4_simulator/local_setup.zsh
[3.725s] -- Installing: /home/bachelor/ros2_ws/install/turtlebot4_simulator/share/turtlebot4_simulator/local_setup.dsv
[3.725s] -- Installing: /home/bachelor/ros2_ws/install/turtlebot4_simulator/share/turtlebot4_simulator/package.dsv
[3.726s] -- Installing: /home/bachelor/ros2_ws/install/turtlebot4_simulator/share/ament_index/resource_index/packages/turtlebot4_simulator
[3.732s] -- Installing: /home/bachelor/ros2_ws/install/turtlebot4_simulator/share/turtlebot4_simulator/cmake/turtlebot4_simulatorConfig.cmake
[3.733s] -- Installing: /home/bachelor/ros2_ws/install/turtlebot4_simulator/share/turtlebot4_simulator/cmake/turtlebot4_simulatorConfig-version.cmake
[3.734s] -- Installing: /home/bachelor/ros2_ws/install/turtlebot4_simulator/share/turtlebot4_simulator/package.xml
[3.754s] Invoked command in '/home/bachelor/ros2_ws/build/turtlebot4_simulator' returned '0': AMENT_PREFIX_PATH=/home/bachelor/ros2_ws/install/turtlebot4_gz_bringup:/home/bachelor/ros2_ws/install/turtlebot4_gz_toolbox:/home/bachelor/ros2_ws/install/turtlebot4_gz_gui_plugins:${AMENT_PREFIX_PATH} CMAKE_PREFIX_PATH=/home/bachelor/ros2_ws/install/turtlebot4_gz_bringup:/home/bachelor/ros2_ws/install/turtlebot4_gz_toolbox:/home/bachelor/ros2_ws/install/turtlebot4_gz_gui_plugins:/home/bachelor/ros2_ws/install/my_tutorial_interfaces:/opt/ros/jazzy/opt/gz_sim_vendor:/opt/ros/jazzy/opt/gz_sensors_vendor:/opt/ros/jazzy/opt/gz_physics_vendor:/opt/ros/jazzy/opt/sdformat_vendor:/opt/ros/jazzy/opt/gz_gui_vendor:/opt/ros/jazzy/opt/gz_transport_vendor:/opt/ros/jazzy/opt/gz_rendering_vendor:/opt/ros/jazzy/opt/gz_plugin_vendor:/opt/ros/jazzy/opt/gz_fuel_tools_vendor:/opt/ros/jazzy/opt/gz_msgs_vendor:/opt/ros/jazzy/opt/gz_common_vendor:/opt/ros/jazzy/opt/gz_math_vendor:/opt/ros/jazzy/opt/gz_utils_vendor:/opt/ros/jazzy/opt/gz_tools_vendor:/opt/ros/jazzy/opt/gz_ogre_next_vendor:/opt/ros/jazzy/opt/gz_dartsim_vendor:/opt/ros/jazzy/opt/gz_cmake_vendor:/home/bachelor/ros2_ws/install/v1_topic_pkg:/home/bachelor/ros2_ws/install/my_py_pkg:/opt/ros/jazzy DEBUGINFOD_URLS=https://debuginfod.ubuntu.com /usr/bin/cmake --install /home/bachelor/ros2_ws/build/turtlebot4_simulator
