-- The C compiler identification is GNU 13.3.0
-- The CXX compiler identification is GNU 13.3.0
-- Detecting C compiler ABI info
-- Detecting C compiler ABI info - done
-- Check for working C compiler: /usr/bin/cc - skipped
-- Detecting C compile features
-- Detecting C compile features - done
-- Detecting CXX compiler ABI info
-- Detecting CXX compiler ABI info - done
-- Check for working CXX compiler: /usr/bin/c++ - skipped
-- Detecting CXX compile features
-- Detecting CXX compile features - done
-- Found ament_cmake: 2.5.4 (/opt/ros/jazzy/share/ament_cmake/cmake)
-- Found Python3: /usr/bin/python3 (found version "3.12.3") found components: Interpreter 
-- Found ament_lint_auto: 0.17.3 (/opt/ros/jazzy/share/ament_lint_auto/cmake)
-- Found rosidl_default_generators: 1.6.0 (/opt/ros/jazzy/share/rosidl_default_generators/cmake)
-- Using all available rosidl_typesupport_c: rosidl_typesupport_fastrtps_c;rosidl_typesupport_introspection_c
-- Using all available rosidl_typesupport_cpp: rosidl_typesupport_fastrtps_cpp;rosidl_typesupport_introspection_cpp
-- Found rosidl_adapter: 4.6.6 (/opt/ros/jazzy/share/rosidl_adapter/cmake)
-- Found ament_cmake_ros: 0.12.0 (/opt/ros/jazzy/share/ament_cmake_ros/cmake)
-- Using all available rosidl_typesupport_c: rosidl_typesupport_fastrtps_c;rosidl_typesupport_introspection_c
-- Using all available rosidl_typesupport_cpp: rosidl_typesupport_fastrtps_cpp;rosidl_typesupport_introspection_cpp
-- Found python_cmake_module: 0.11.1 (/opt/ros/jazzy/share/python_cmake_module/cmake)
-- Found PythonExtra: /usr/bin/python3  
-- Found Python3: /usr/bin/python3 (found version "3.12.3") found components: Interpreter Development NumPy Development.Module Development.Embed 
-- Added test 'lint_cmake' to check CMake code style
-- Added test 'xmllint' to check XML markup files
-- Configuring done (28.7s)
-- Generating done (0.3s)
-- Build files have been written to: /home/bachelor/ros2_ws/build/v2_service_interface
[  2%] [34m[1mGenerating type hashes for ROS interfaces[0m
[  2%] Built target v2_service_interface__rosidl_generator_type_description
[  5%] [34m[1mGenerating C code for ROS interfaces[0m
[  8%] [32mBuilding C object CMakeFiles/v2_service_interface__rosidl_generator_c.dir/rosidl_generator_c/v2_service_interface/srv/detail/set_scan_frequency__description.c.o[0m
[ 11%] [32mBuilding C object CMakeFiles/v2_service_interface__rosidl_generator_c.dir/rosidl_generator_c/v2_service_interface/srv/detail/set_scan_frequency__functions.c.o[0m
[ 14%] [32mBuilding C object CMakeFiles/v2_service_interface__rosidl_generator_c.dir/rosidl_generator_c/v2_service_interface/srv/detail/set_scan_frequency__type_support.c.o[0m
[ 17%] [32m[1mLinking C shared library libv2_service_interface__rosidl_generator_c.so[0m
[ 17%] Built target v2_service_interface__rosidl_generator_c
[ 20%] [34m[1mGenerating C type support for eProsima Fast-RTPS[0m
[ 23%] [32mBuilding CXX object CMakeFiles/v2_service_interface__rosidl_typesupport_fastrtps_c.dir/rosidl_typesupport_fastrtps_c/v2_service_interface/srv/detail/set_scan_frequency__type_support_c.cpp.o[0m
[ 26%] [32m[1mLinking CXX shared library libv2_service_interface__rosidl_typesupport_fastrtps_c.so[0m
[ 26%] Built target v2_service_interface__rosidl_typesupport_fastrtps_c
[ 29%] [34m[1mGenerating C introspection for ROS interfaces[0m
[ 32%] [32mBuilding C object CMakeFiles/v2_service_interface__rosidl_typesupport_introspection_c.dir/rosidl_typesupport_introspection_c/v2_service_interface/srv/detail/set_scan_frequency__type_support.c.o[0m
[ 35%] [32m[1mLinking C shared library libv2_service_interface__rosidl_typesupport_introspection_c.so[0m
[ 35%] Built target v2_service_interface__rosidl_typesupport_introspection_c
[ 38%] [34m[1mGenerating C type support dispatch for ROS interfaces[0m
[ 41%] [32mBuilding CXX object CMakeFiles/v2_service_interface__rosidl_typesupport_c.dir/rosidl_typesupport_c/v2_service_interface/srv/set_scan_frequency__type_support.cpp.o[0m
[ 44%] [32m[1mLinking CXX shared library libv2_service_interface__rosidl_typesupport_c.so[0m
[ 44%] Built target v2_service_interface__rosidl_typesupport_c
[ 47%] [34m[1mGenerating C++ code for ROS interfaces[0m
[ 47%] Built target v2_service_interface__cpp
[ 50%] [34m[1mGenerating C++ type support for eProsima Fast-RTPS[0m
[ 52%] [32mBuilding CXX object CMakeFiles/v2_service_interface__rosidl_typesupport_fastrtps_cpp.dir/rosidl_typesupport_fastrtps_cpp/v2_service_interface/srv/detail/dds_fastrtps/set_scan_frequency__type_support.cpp.o[0m
[ 55%] [32m[1mLinking CXX shared library libv2_service_interface__rosidl_typesupport_fastrtps_cpp.so[0m
[ 55%] Built target v2_service_interface__rosidl_typesupport_fastrtps_cpp
[ 58%] [34m[1mGenerating C++ introspection for ROS interfaces[0m
[ 61%] [32mBuilding CXX object CMakeFiles/v2_service_interface__rosidl_typesupport_introspection_cpp.dir/rosidl_typesupport_introspection_cpp/v2_service_interface/srv/detail/set_scan_frequency__type_support.cpp.o[0m
[ 64%] [32m[1mLinking CXX shared library libv2_service_interface__rosidl_typesupport_introspection_cpp.so[0m
[ 64%] Built target v2_service_interface__rosidl_typesupport_introspection_cpp
[ 67%] [34m[1mGenerating C++ type support dispatch for ROS interfaces[0m
[ 70%] [32mBuilding CXX object CMakeFiles/v2_service_interface__rosidl_typesupport_cpp.dir/rosidl_typesupport_cpp/v2_service_interface/srv/set_scan_frequency__type_support.cpp.o[0m
[ 73%] [32m[1mLinking CXX shared library libv2_service_interface__rosidl_typesupport_cpp.so[0m
[ 73%] Built target v2_service_interface__rosidl_typesupport_cpp
[ 73%] Built target v2_service_interface
[ 73%] Built target ament_cmake_python_copy_v2_service_interface
running egg_info
creating v2_service_interface.egg-info
writing v2_service_interface.egg-info/PKG-INFO
writing dependency_links to v2_service_interface.egg-info/dependency_links.txt
writing top-level names to v2_service_interface.egg-info/top_level.txt
writing manifest file 'v2_service_interface.egg-info/SOURCES.txt'
reading manifest file 'v2_service_interface.egg-info/SOURCES.txt'
writing manifest file 'v2_service_interface.egg-info/SOURCES.txt'
[ 73%] Built target ament_cmake_python_build_v2_service_interface_egg
[ 76%] [34m[1mGenerating Python code for ROS interfaces[0m
[ 76%] Built target v2_service_interface__py
[ 79%] [32mBuilding C object CMakeFiles/v2_service_interface__rosidl_generator_py.dir/rosidl_generator_py/v2_service_interface/srv/_set_scan_frequency_s.c.o[0m
[ 82%] [32m[1mLinking C shared library libv2_service_interface__rosidl_generator_py.so[0m
[ 82%] Built target v2_service_interface__rosidl_generator_py
[ 85%] [32mBuilding C object CMakeFiles/v2_service_interface_s__rosidl_typesupport_fastrtps_c.dir/rosidl_generator_py/v2_service_interface/_v2_service_interface_s.ep.rosidl_typesupport_fastrtps_c.c.o[0m
[ 88%] [32m[1mLinking C shared module rosidl_generator_py/v2_service_interface/v2_service_interface_s__rosidl_typesupport_fastrtps_c.so[0m
[ 88%] Built target v2_service_interface_s__rosidl_typesupport_fastrtps_c
[ 91%] [32mBuilding C object CMakeFiles/v2_service_interface_s__rosidl_typesupport_introspection_c.dir/rosidl_generator_py/v2_service_interface/_v2_service_interface_s.ep.rosidl_typesupport_introspection_c.c.o[0m
[ 94%] [32m[1mLinking C shared module rosidl_generator_py/v2_service_interface/v2_service_interface_s__rosidl_typesupport_introspection_c.so[0m
[ 94%] Built target v2_service_interface_s__rosidl_typesupport_introspection_c
[ 97%] [32mBuilding C object CMakeFiles/v2_service_interface_s__rosidl_typesupport_c.dir/rosidl_generator_py/v2_service_interface/_v2_service_interface_s.ep.rosidl_typesupport_c.c.o[0m
[100%] [32m[1mLinking C shared module rosidl_generator_py/v2_service_interface/v2_service_interface_s__rosidl_typesupport_c.so[0m
[100%] Built target v2_service_interface_s__rosidl_typesupport_c
-- Install configuration: ""
-- Installing: /home/bachelor/ros2_ws/install/v2_service_interface/share/ament_index/resource_index/rosidl_interfaces/v2_service_interface
-- Installing: /home/bachelor/ros2_ws/install/v2_service_interface/share/v2_service_interface/srv/SetScanFrequency.json
-- Installing: /home/bachelor/ros2_ws/install/v2_service_interface/include/v2_service_interface/v2_service_interface
-- Installing: /home/bachelor/ros2_ws/install/v2_service_interface/include/v2_service_interface/v2_service_interface/srv
-- Installing: /home/bachelor/ros2_ws/install/v2_service_interface/include/v2_service_interface/v2_service_interface/srv/detail
-- Installing: /home/bachelor/ros2_ws/install/v2_service_interface/include/v2_service_interface/v2_service_interface/srv/detail/set_scan_frequency__functions.c
-- Installing: /home/bachelor/ros2_ws/install/v2_service_interface/include/v2_service_interface/v2_service_interface/srv/detail/set_scan_frequency__type_support.c
-- Installing: /home/bachelor/ros2_ws/install/v2_service_interface/include/v2_service_interface/v2_service_interface/srv/detail/set_scan_frequency__description.c
-- Installing: /home/bachelor/ros2_ws/install/v2_service_interface/include/v2_service_interface/v2_service_interface/srv/detail/set_scan_frequency__functions.h
-- Installing: /home/bachelor/ros2_ws/install/v2_service_interface/include/v2_service_interface/v2_service_interface/srv/detail/set_scan_frequency__struct.h
-- Installing: /home/bachelor/ros2_ws/install/v2_service_interface/include/v2_service_interface/v2_service_interface/srv/detail/set_scan_frequency__type_support.h
-- Installing: /home/bachelor/ros2_ws/install/v2_service_interface/include/v2_service_interface/v2_service_interface/srv/set_scan_frequency.h
-- Installing: /home/bachelor/ros2_ws/install/v2_service_interface/include/v2_service_interface/v2_service_interface/msg
-- Installing: /home/bachelor/ros2_ws/install/v2_service_interface/include/v2_service_interface/v2_service_interface/msg/rosidl_generator_c__visibility_control.h
-- Installing: /home/bachelor/ros2_ws/install/v2_service_interface/share/v2_service_interface/environment/library_path.sh
-- Installing: /home/bachelor/ros2_ws/install/v2_service_interface/share/v2_service_interface/environment/library_path.dsv
-- Installing: /home/bachelor/ros2_ws/install/v2_service_interface/lib/libv2_service_interface__rosidl_generator_c.so
-- Set non-toolchain portion of runtime path of "/home/bachelor/ros2_ws/install/v2_service_interface/lib/libv2_service_interface__rosidl_generator_c.so" to ""
-- Up-to-date: /home/bachelor/ros2_ws/install/v2_service_interface/include/v2_service_interface/v2_service_interface
-- Up-to-date: /home/bachelor/ros2_ws/install/v2_service_interface/include/v2_service_interface/v2_service_interface/srv
-- Up-to-date: /home/bachelor/ros2_ws/install/v2_service_interface/include/v2_service_interface/v2_service_interface/srv/detail
-- Installing: /home/bachelor/ros2_ws/install/v2_service_interface/include/v2_service_interface/v2_service_interface/srv/detail/set_scan_frequency__rosidl_typesupport_fastrtps_c.h
-- Up-to-date: /home/bachelor/ros2_ws/install/v2_service_interface/include/v2_service_interface/v2_service_interface/msg
-- Installing: /home/bachelor/ros2_ws/install/v2_service_interface/include/v2_service_interface/v2_service_interface/msg/rosidl_typesupport_fastrtps_c__visibility_control.h
-- Installing: /home/bachelor/ros2_ws/install/v2_service_interface/lib/libv2_service_interface__rosidl_typesupport_fastrtps_c.so
-- Set non-toolchain portion of runtime path of "/home/bachelor/ros2_ws/install/v2_service_interface/lib/libv2_service_interface__rosidl_typesupport_fastrtps_c.so" to ""
-- Up-to-date: /home/bachelor/ros2_ws/install/v2_service_interface/include/v2_service_interface/v2_service_interface
-- Up-to-date: /home/bachelor/ros2_ws/install/v2_service_interface/include/v2_service_interface/v2_service_interface/srv
-- Up-to-date: /home/bachelor/ros2_ws/install/v2_service_interface/include/v2_service_interface/v2_service_interface/srv/detail
-- Installing: /home/bachelor/ros2_ws/install/v2_service_interface/include/v2_service_interface/v2_service_interface/srv/detail/set_scan_frequency__type_support.c
-- Installing: /home/bachelor/ros2_ws/install/v2_service_interface/include/v2_service_interface/v2_service_interface/srv/detail/set_scan_frequency__rosidl_typesupport_introspection_c.h
-- Up-to-date: /home/bachelor/ros2_ws/install/v2_service_interface/include/v2_service_interface/v2_service_interface/msg
-- Installing: /home/bachelor/ros2_ws/install/v2_service_interface/include/v2_service_interface/v2_service_interface/msg/rosidl_typesupport_introspection_c__visibility_control.h
-- Installing: /home/bachelor/ros2_ws/install/v2_service_interface/lib/libv2_service_interface__rosidl_typesupport_introspection_c.so
-- Set non-toolchain portion of runtime path of "/home/bachelor/ros2_ws/install/v2_service_interface/lib/libv2_service_interface__rosidl_typesupport_introspection_c.so" to ""
-- Installing: /home/bachelor/ros2_ws/install/v2_service_interface/lib/libv2_service_interface__rosidl_typesupport_c.so
-- Set non-toolchain portion of runtime path of "/home/bachelor/ros2_ws/install/v2_service_interface/lib/libv2_service_interface__rosidl_typesupport_c.so" to ""
-- Up-to-date: /home/bachelor/ros2_ws/install/v2_service_interface/include/v2_service_interface/v2_service_interface
-- Up-to-date: /home/bachelor/ros2_ws/install/v2_service_interface/include/v2_service_interface/v2_service_interface/srv
-- Up-to-date: /home/bachelor/ros2_ws/install/v2_service_interface/include/v2_service_interface/v2_service_interface/srv/detail
-- Installing: /home/bachelor/ros2_ws/install/v2_service_interface/include/v2_service_interface/v2_service_interface/srv/detail/set_scan_frequency__type_support.hpp
-- Installing: /home/bachelor/ros2_ws/install/v2_service_interface/include/v2_service_interface/v2_service_interface/srv/detail/set_scan_frequency__struct.hpp
-- Installing: /home/bachelor/ros2_ws/install/v2_service_interface/include/v2_service_interface/v2_service_interface/srv/detail/set_scan_frequency__builder.hpp
-- Installing: /home/bachelor/ros2_ws/install/v2_service_interface/include/v2_service_interface/v2_service_interface/srv/detail/set_scan_frequency__traits.hpp
-- Installing: /home/bachelor/ros2_ws/install/v2_service_interface/include/v2_service_interface/v2_service_interface/srv/set_scan_frequency.hpp
-- Up-to-date: /home/bachelor/ros2_ws/install/v2_service_interface/include/v2_service_interface/v2_service_interface/msg
-- Installing: /home/bachelor/ros2_ws/install/v2_service_interface/include/v2_service_interface/v2_service_interface/msg/rosidl_generator_cpp__visibility_control.hpp
-- Up-to-date: /home/bachelor/ros2_ws/install/v2_service_interface/include/v2_service_interface/v2_service_interface
-- Up-to-date: /home/bachelor/ros2_ws/install/v2_service_interface/include/v2_service_interface/v2_service_interface/srv
-- Up-to-date: /home/bachelor/ros2_ws/install/v2_service_interface/include/v2_service_interface/v2_service_interface/srv/detail
-- Installing: /home/bachelor/ros2_ws/install/v2_service_interface/include/v2_service_interface/v2_service_interface/srv/detail/set_scan_frequency__rosidl_typesupport_fastrtps_cpp.hpp
-- Installing: /home/bachelor/ros2_ws/install/v2_service_interface/include/v2_service_interface/v2_service_interface/srv/detail/dds_fastrtps
-- Up-to-date: /home/bachelor/ros2_ws/install/v2_service_interface/include/v2_service_interface/v2_service_interface/msg
-- Installing: /home/bachelor/ros2_ws/install/v2_service_interface/include/v2_service_interface/v2_service_interface/msg/rosidl_typesupport_fastrtps_cpp__visibility_control.h
-- Installing: /home/bachelor/ros2_ws/install/v2_service_interface/lib/libv2_service_interface__rosidl_typesupport_fastrtps_cpp.so
-- Set non-toolchain portion of runtime path of "/home/bachelor/ros2_ws/install/v2_service_interface/lib/libv2_service_interface__rosidl_typesupport_fastrtps_cpp.so" to ""
-- Up-to-date: /home/bachelor/ros2_ws/install/v2_service_interface/include/v2_service_interface/v2_service_interface
-- Up-to-date: /home/bachelor/ros2_ws/install/v2_service_interface/include/v2_service_interface/v2_service_interface/srv
-- Up-to-date: /home/bachelor/ros2_ws/install/v2_service_interface/include/v2_service_interface/v2_service_interface/srv/detail
-- Installing: /home/bachelor/ros2_ws/install/v2_service_interface/include/v2_service_interface/v2_service_interface/srv/detail/set_scan_frequency__type_support.cpp
-- Installing: /home/bachelor/ros2_ws/install/v2_service_interface/include/v2_service_interface/v2_service_interface/srv/detail/set_scan_frequency__rosidl_typesupport_introspection_cpp.hpp
-- Installing: /home/bachelor/ros2_ws/install/v2_service_interface/lib/libv2_service_interface__rosidl_typesupport_introspection_cpp.so
-- Set non-toolchain portion of runtime path of "/home/bachelor/ros2_ws/install/v2_service_interface/lib/libv2_service_interface__rosidl_typesupport_introspection_cpp.so" to ""
-- Installing: /home/bachelor/ros2_ws/install/v2_service_interface/lib/libv2_service_interface__rosidl_typesupport_cpp.so
-- Set non-toolchain portion of runtime path of "/home/bachelor/ros2_ws/install/v2_service_interface/lib/libv2_service_interface__rosidl_typesupport_cpp.so" to ""
-- Installing: /home/bachelor/ros2_ws/install/v2_service_interface/share/v2_service_interface/environment/pythonpath.sh
-- Installing: /home/bachelor/ros2_ws/install/v2_service_interface/share/v2_service_interface/environment/pythonpath.dsv
-- Installing: /home/bachelor/ros2_ws/install/v2_service_interface/lib/python3.12/site-packages/v2_service_interface-0.0.0-py3.12.egg-info
-- Installing: /home/bachelor/ros2_ws/install/v2_service_interface/lib/python3.12/site-packages/v2_service_interface-0.0.0-py3.12.egg-info/PKG-INFO
-- Installing: /home/bachelor/ros2_ws/install/v2_service_interface/lib/python3.12/site-packages/v2_service_interface-0.0.0-py3.12.egg-info/SOURCES.txt
-- Installing: /home/bachelor/ros2_ws/install/v2_service_interface/lib/python3.12/site-packages/v2_service_interface-0.0.0-py3.12.egg-info/top_level.txt
-- Installing: /home/bachelor/ros2_ws/install/v2_service_interface/lib/python3.12/site-packages/v2_service_interface-0.0.0-py3.12.egg-info/dependency_links.txt
-- Installing: /home/bachelor/ros2_ws/install/v2_service_interface/lib/python3.12/site-packages/v2_service_interface
-- Installing: /home/bachelor/ros2_ws/install/v2_service_interface/lib/python3.12/site-packages/v2_service_interface/srv
-- Installing: /home/bachelor/ros2_ws/install/v2_service_interface/lib/python3.12/site-packages/v2_service_interface/srv/_set_scan_frequency_s.c
-- Installing: /home/bachelor/ros2_ws/install/v2_service_interface/lib/python3.12/site-packages/v2_service_interface/srv/__init__.py
-- Installing: /home/bachelor/ros2_ws/install/v2_service_interface/lib/python3.12/site-packages/v2_service_interface/srv/_set_scan_frequency.py
-- Installing: /home/bachelor/ros2_ws/install/v2_service_interface/lib/python3.12/site-packages/v2_service_interface/v2_service_interface_s__rosidl_typesupport_introspection_c.so
-- Installing: /home/bachelor/ros2_ws/install/v2_service_interface/lib/python3.12/site-packages/v2_service_interface/_v2_service_interface_s.ep.rosidl_typesupport_c.c
-- Installing: /home/bachelor/ros2_ws/install/v2_service_interface/lib/python3.12/site-packages/v2_service_interface/v2_service_interface_s__rosidl_typesupport_c.so
-- Installing: /home/bachelor/ros2_ws/install/v2_service_interface/lib/python3.12/site-packages/v2_service_interface/__init__.py
-- Installing: /home/bachelor/ros2_ws/install/v2_service_interface/lib/python3.12/site-packages/v2_service_interface/v2_service_interface_s__rosidl_typesupport_fastrtps_c.so
-- Installing: /home/bachelor/ros2_ws/install/v2_service_interface/lib/python3.12/site-packages/v2_service_interface/_v2_service_interface_s.ep.rosidl_typesupport_introspection_c.c
-- Installing: /home/bachelor/ros2_ws/install/v2_service_interface/lib/python3.12/site-packages/v2_service_interface/_v2_service_interface_s.ep.rosidl_typesupport_fastrtps_c.c
Listing '/home/bachelor/ros2_ws/install/v2_service_interface/lib/python3.12/site-packages/v2_service_interface'...
Compiling '/home/bachelor/ros2_ws/install/v2_service_interface/lib/python3.12/site-packages/v2_service_interface/__init__.py'...
Listing '/home/bachelor/ros2_ws/install/v2_service_interface/lib/python3.12/site-packages/v2_service_interface/srv'...
Compiling '/home/bachelor/ros2_ws/install/v2_service_interface/lib/python3.12/site-packages/v2_service_interface/srv/__init__.py'...
Compiling '/home/bachelor/ros2_ws/install/v2_service_interface/lib/python3.12/site-packages/v2_service_interface/srv/_set_scan_frequency.py'...
-- Installing: /home/bachelor/ros2_ws/install/v2_service_interface/lib/python3.12/site-packages/v2_service_interface/v2_service_interface_s__rosidl_typesupport_fastrtps_c.so
-- Set non-toolchain portion of runtime path of "/home/bachelor/ros2_ws/install/v2_service_interface/lib/python3.12/site-packages/v2_service_interface/v2_service_interface_s__rosidl_typesupport_fastrtps_c.so" to ""
-- Installing: /home/bachelor/ros2_ws/install/v2_service_interface/lib/python3.12/site-packages/v2_service_interface/v2_service_interface_s__rosidl_typesupport_introspection_c.so
-- Set non-toolchain portion of runtime path of "/home/bachelor/ros2_ws/install/v2_service_interface/lib/python3.12/site-packages/v2_service_interface/v2_service_interface_s__rosidl_typesupport_introspection_c.so" to ""
-- Installing: /home/bachelor/ros2_ws/install/v2_service_interface/lib/python3.12/site-packages/v2_service_interface/v2_service_interface_s__rosidl_typesupport_c.so
-- Set non-toolchain portion of runtime path of "/home/bachelor/ros2_ws/install/v2_service_interface/lib/python3.12/site-packages/v2_service_interface/v2_service_interface_s__rosidl_typesupport_c.so" to ""
-- Installing: /home/bachelor/ros2_ws/install/v2_service_interface/lib/libv2_service_interface__rosidl_generator_py.so
-- Set non-toolchain portion of runtime path of "/home/bachelor/ros2_ws/install/v2_service_interface/lib/libv2_service_interface__rosidl_generator_py.so" to ""
-- Installing: /home/bachelor/ros2_ws/install/v2_service_interface/share/v2_service_interface/srv/SetScanFrequency.idl
-- Installing: /home/bachelor/ros2_ws/install/v2_service_interface/share/v2_service_interface/srv/SetScanFrequency.srv
-- Installing: /home/bachelor/ros2_ws/install/v2_service_interface/share/ament_index/resource_index/package_run_dependencies/v2_service_interface
-- Installing: /home/bachelor/ros2_ws/install/v2_service_interface/share/ament_index/resource_index/parent_prefix_path/v2_service_interface
-- Installing: /home/bachelor/ros2_ws/install/v2_service_interface/share/v2_service_interface/environment/ament_prefix_path.sh
-- Installing: /home/bachelor/ros2_ws/install/v2_service_interface/share/v2_service_interface/environment/ament_prefix_path.dsv
-- Installing: /home/bachelor/ros2_ws/install/v2_service_interface/share/v2_service_interface/environment/path.sh
-- Installing: /home/bachelor/ros2_ws/install/v2_service_interface/share/v2_service_interface/environment/path.dsv
-- Installing: /home/bachelor/ros2_ws/install/v2_service_interface/share/v2_service_interface/local_setup.bash
-- Installing: /home/bachelor/ros2_ws/install/v2_service_interface/share/v2_service_interface/local_setup.sh
-- Installing: /home/bachelor/ros2_ws/install/v2_service_interface/share/v2_service_interface/local_setup.zsh
-- Installing: /home/bachelor/ros2_ws/install/v2_service_interface/share/v2_service_interface/local_setup.dsv
-- Installing: /home/bachelor/ros2_ws/install/v2_service_interface/share/v2_service_interface/package.dsv
-- Installing: /home/bachelor/ros2_ws/install/v2_service_interface/share/ament_index/resource_index/packages/v2_service_interface
-- Installing: /home/bachelor/ros2_ws/install/v2_service_interface/share/v2_service_interface/cmake/export_v2_service_interface__rosidl_generator_cExport.cmake
-- Installing: /home/bachelor/ros2_ws/install/v2_service_interface/share/v2_service_interface/cmake/export_v2_service_interface__rosidl_generator_cExport-noconfig.cmake
-- Installing: /home/bachelor/ros2_ws/install/v2_service_interface/share/v2_service_interface/cmake/export_v2_service_interface__rosidl_typesupport_fastrtps_cExport.cmake
-- Installing: /home/bachelor/ros2_ws/install/v2_service_interface/share/v2_service_interface/cmake/export_v2_service_interface__rosidl_typesupport_fastrtps_cExport-noconfig.cmake
-- Installing: /home/bachelor/ros2_ws/install/v2_service_interface/share/v2_service_interface/cmake/v2_service_interface__rosidl_typesupport_introspection_cExport.cmake
-- Installing: /home/bachelor/ros2_ws/install/v2_service_interface/share/v2_service_interface/cmake/v2_service_interface__rosidl_typesupport_introspection_cExport-noconfig.cmake
-- Installing: /home/bachelor/ros2_ws/install/v2_service_interface/share/v2_service_interface/cmake/v2_service_interface__rosidl_typesupport_cExport.cmake
-- Installing: /home/bachelor/ros2_ws/install/v2_service_interface/share/v2_service_interface/cmake/v2_service_interface__rosidl_typesupport_cExport-noconfig.cmake
-- Installing: /home/bachelor/ros2_ws/install/v2_service_interface/share/v2_service_interface/cmake/export_v2_service_interface__rosidl_generator_cppExport.cmake
-- Installing: /home/bachelor/ros2_ws/install/v2_service_interface/share/v2_service_interface/cmake/export_v2_service_interface__rosidl_typesupport_fastrtps_cppExport.cmake
-- Installing: /home/bachelor/ros2_ws/install/v2_service_interface/share/v2_service_interface/cmake/export_v2_service_interface__rosidl_typesupport_fastrtps_cppExport-noconfig.cmake
-- Installing: /home/bachelor/ros2_ws/install/v2_service_interface/share/v2_service_interface/cmake/v2_service_interface__rosidl_typesupport_introspection_cppExport.cmake
-- Installing: /home/bachelor/ros2_ws/install/v2_service_interface/share/v2_service_interface/cmake/v2_service_interface__rosidl_typesupport_introspection_cppExport-noconfig.cmake
-- Installing: /home/bachelor/ros2_ws/install/v2_service_interface/share/v2_service_interface/cmake/v2_service_interface__rosidl_typesupport_cppExport.cmake
-- Installing: /home/bachelor/ros2_ws/install/v2_service_interface/share/v2_service_interface/cmake/v2_service_interface__rosidl_typesupport_cppExport-noconfig.cmake
-- Installing: /home/bachelor/ros2_ws/install/v2_service_interface/share/v2_service_interface/cmake/export_v2_service_interface__rosidl_generator_pyExport.cmake
-- Installing: /home/bachelor/ros2_ws/install/v2_service_interface/share/v2_service_interface/cmake/export_v2_service_interface__rosidl_generator_pyExport-noconfig.cmake
-- Installing: /home/bachelor/ros2_ws/install/v2_service_interface/share/v2_service_interface/cmake/rosidl_cmake-extras.cmake
-- Installing: /home/bachelor/ros2_ws/install/v2_service_interface/share/v2_service_interface/cmake/ament_cmake_export_dependencies-extras.cmake
-- Installing: /home/bachelor/ros2_ws/install/v2_service_interface/share/v2_service_interface/cmake/ament_cmake_export_include_directories-extras.cmake
-- Installing: /home/bachelor/ros2_ws/install/v2_service_interface/share/v2_service_interface/cmake/ament_cmake_export_libraries-extras.cmake
-- Installing: /home/bachelor/ros2_ws/install/v2_service_interface/share/v2_service_interface/cmake/ament_cmake_export_targets-extras.cmake
-- Installing: /home/bachelor/ros2_ws/install/v2_service_interface/share/v2_service_interface/cmake/rosidl_cmake_export_typesupport_targets-extras.cmake
-- Installing: /home/bachelor/ros2_ws/install/v2_service_interface/share/v2_service_interface/cmake/rosidl_cmake_export_typesupport_libraries-extras.cmake
-- Installing: /home/bachelor/ros2_ws/install/v2_service_interface/share/v2_service_interface/cmake/v2_service_interfaceConfig.cmake
-- Installing: /home/bachelor/ros2_ws/install/v2_service_interface/share/v2_service_interface/cmake/v2_service_interfaceConfig-version.cmake
-- Installing: /home/bachelor/ros2_ws/install/v2_service_interface/share/v2_service_interface/package.xml
