[7.938s] Invoking command in '/home/bachelor/ros2_ws/src/v1_topic_pkg': DEBUGINFOD_URLS=https://debuginfod.ubuntu.com PYTHONPATH=/home/bachelor/ros2_ws/build/v1_topic_pkg/prefix_override:/usr/lib/python3/dist-packages/colcon_core/task/python/colcon_distutils_commands:/home/bachelor/ros2_ws/install/v1_topic_pkg/lib/python3.12/site-packages:${PYTHONPATH} /usr/bin/python3 -W ignore:setup.py install is deprecated -W ignore:easy_install command is deprecated setup.py egg_info --egg-base ../../build/v1_topic_pkg build --build-base /home/bachelor/ros2_ws/build/v1_topic_pkg/build install --record /home/bachelor/ros2_ws/build/v1_topic_pkg/install.log --single-version-externally-managed install_data
[10.370s] running egg_info
[10.550s] writing ../../build/v1_topic_pkg/v1_topic_pkg.egg-info/PKG-INFO
[10.574s] writing dependency_links to ../../build/v1_topic_pkg/v1_topic_pkg.egg-info/dependency_links.txt
[10.585s] writing entry points to ../../build/v1_topic_pkg/v1_topic_pkg.egg-info/entry_points.txt
[10.609s] writing requirements to ../../build/v1_topic_pkg/v1_topic_pkg.egg-info/requires.txt
[10.627s] writing top-level names to ../../build/v1_topic_pkg/v1_topic_pkg.egg-info/top_level.txt
[10.943s] reading manifest file '../../build/v1_topic_pkg/v1_topic_pkg.egg-info/SOURCES.txt'
[10.957s] writing manifest file '../../build/v1_topic_pkg/v1_topic_pkg.egg-info/SOURCES.txt'
[10.962s] running build
[10.963s] running build_py
[10.968s] copying v1_topic_pkg/laser_data_subscriber.py -> /home/bachelor/ros2_ws/build/v1_topic_pkg/build/lib/v1_topic_pkg
[10.980s] running install
[11.030s] running install_lib
[11.231s] copying /home/bachelor/ros2_ws/build/v1_topic_pkg/build/lib/v1_topic_pkg/laser_data_subscriber.py -> /home/bachelor/ros2_ws/install/v1_topic_pkg/lib/python3.12/site-packages/v1_topic_pkg
[11.249s] byte-compiling /home/bachelor/ros2_ws/install/v1_topic_pkg/lib/python3.12/site-packages/v1_topic_pkg/laser_data_subscriber.py to laser_data_subscriber.cpython-312.pyc
[11.271s] running install_data
[11.273s] running install_egg_info
[11.406s] removing '/home/bachelor/ros2_ws/install/v1_topic_pkg/lib/python3.12/site-packages/v1_topic_pkg-0.0.0-py3.12.egg-info' (and everything under it)
[11.423s] Copying ../../build/v1_topic_pkg/v1_topic_pkg.egg-info to /home/bachelor/ros2_ws/install/v1_topic_pkg/lib/python3.12/site-packages/v1_topic_pkg-0.0.0-py3.12.egg-info
[11.437s] running install_scripts
[12.613s] Installing laser_data_publisher script to /home/bachelor/ros2_ws/install/v1_topic_pkg/lib/v1_topic_pkg
[12.643s] Installing laser_data_subscriber script to /home/bachelor/ros2_ws/install/v1_topic_pkg/lib/v1_topic_pkg
[12.664s] writing list of installed files to '/home/bachelor/ros2_ws/build/v1_topic_pkg/install.log'
[12.913s] Invoked command in '/home/bachelor/ros2_ws/src/v1_topic_pkg' returned '0': DEBUGINFOD_URLS=https://debuginfod.ubuntu.com PYTHONPATH=/home/bachelor/ros2_ws/build/v1_topic_pkg/prefix_override:/usr/lib/python3/dist-packages/colcon_core/task/python/colcon_distutils_commands:/home/bachelor/ros2_ws/install/v1_topic_pkg/lib/python3.12/site-packages:${PYTHONPATH} /usr/bin/python3 -W ignore:setup.py install is deprecated -W ignore:easy_install command is deprecated setup.py egg_info --egg-base ../../build/v1_topic_pkg build --build-base /home/bachelor/ros2_ws/build/v1_topic_pkg/build install --record /home/bachelor/ros2_ws/build/v1_topic_pkg/install.log --single-version-externally-managed install_data
