[7.565s] Invoking command in '/home/bachelor/ros2_ws/src/my_py_pkg': DEBUGINFOD_URLS=https://debuginfod.ubuntu.com PYTHONPATH=/home/bachelor/ros2_ws/build/my_py_pkg/prefix_override:/usr/lib/python3/dist-packages/colcon_core/task/python/colcon_distutils_commands:/home/bachelor/ros2_ws/install/my_py_pkg/lib/python3.12/site-packages:${PYTHONPATH} /usr/bin/python3 -W ignore:setup.py install is deprecated -W ignore:easy_install command is deprecated setup.py egg_info --egg-base ../../build/my_py_pkg build --build-base /home/bachelor/ros2_ws/build/my_py_pkg/build install --record /home/bachelor/ros2_ws/build/my_py_pkg/install.log --single-version-externally-managed install_data
[9.236s] running egg_info
[9.363s] writing ../../build/my_py_pkg/my_py_pkg.egg-info/PKG-INFO
[9.365s] writing dependency_links to ../../build/my_py_pkg/my_py_pkg.egg-info/dependency_links.txt
[9.368s] writing entry points to ../../build/my_py_pkg/my_py_pkg.egg-info/entry_points.txt
[9.370s] writing requirements to ../../build/my_py_pkg/my_py_pkg.egg-info/requires.txt
[9.373s] writing top-level names to ../../build/my_py_pkg/my_py_pkg.egg-info/top_level.txt
[9.674s] reading manifest file '../../build/my_py_pkg/my_py_pkg.egg-info/SOURCES.txt'
[9.681s] writing manifest file '../../build/my_py_pkg/my_py_pkg.egg-info/SOURCES.txt'
[9.681s] running build
[9.682s] running build_py
[9.683s] copying my_py_pkg/reset_counter_client.py -> /home/bachelor/ros2_ws/build/my_py_pkg/build/lib/my_py_pkg
[9.684s] running install
[9.707s] running install_lib
[9.818s] copying /home/bachelor/ros2_ws/build/my_py_pkg/build/lib/my_py_pkg/reset_counter_client.py -> /home/bachelor/ros2_ws/install/my_py_pkg/lib/python3.12/site-packages/my_py_pkg
[9.820s] byte-compiling /home/bachelor/ros2_ws/install/my_py_pkg/lib/python3.12/site-packages/my_py_pkg/reset_counter_client.py to reset_counter_client.cpython-312.pyc
[9.865s] running install_data
[9.865s] running install_egg_info
[9.984s] removing '/home/bachelor/ros2_ws/install/my_py_pkg/lib/python3.12/site-packages/my_py_pkg-0.0.0-py3.12.egg-info' (and everything under it)
[9.986s] Copying ../../build/my_py_pkg/my_py_pkg.egg-info to /home/bachelor/ros2_ws/install/my_py_pkg/lib/python3.12/site-packages/my_py_pkg-0.0.0-py3.12.egg-info
[9.996s] running install_scripts
[10.750s] Installing number_counter script to /home/bachelor/ros2_ws/install/my_py_pkg/lib/my_py_pkg
[10.757s] Installing number_publisher script to /home/bachelor/ros2_ws/install/my_py_pkg/lib/my_py_pkg
[10.760s] Installing reset_counter_client script to /home/bachelor/ros2_ws/install/my_py_pkg/lib/my_py_pkg
[10.761s] Installing test_node script to /home/bachelor/ros2_ws/install/my_py_pkg/lib/my_py_pkg
[10.764s] writing list of installed files to '/home/bachelor/ros2_ws/build/my_py_pkg/install.log'
[10.959s] Invoked command in '/home/bachelor/ros2_ws/src/my_py_pkg' returned '0': DEBUGINFOD_URLS=https://debuginfod.ubuntu.com PYTHONPATH=/home/bachelor/ros2_ws/build/my_py_pkg/prefix_override:/usr/lib/python3/dist-packages/colcon_core/task/python/colcon_distutils_commands:/home/bachelor/ros2_ws/install/my_py_pkg/lib/python3.12/site-packages:${PYTHONPATH} /usr/bin/python3 -W ignore:setup.py install is deprecated -W ignore:easy_install command is deprecated setup.py egg_info --egg-base ../../build/my_py_pkg build --build-base /home/bachelor/ros2_ws/build/my_py_pkg/build install --record /home/bachelor/ros2_ws/build/my_py_pkg/install.log --single-version-externally-managed install_data
