[11.169s] Invoking command in '/home/bachelor/ros2_ws/src/v1_topic_pkg': DEBUGINFOD_URLS=https://debuginfod.ubuntu.com PYTHONPATH=/home/bachelor/ros2_ws/build/v1_topic_pkg/prefix_override:/usr/lib/python3/dist-packages/colcon_core/task/python/colcon_distutils_commands:/home/bachelor/ros2_ws/install/v1_topic_pkg/lib/python3.12/site-packages:${PYTHONPATH} /usr/bin/python3 -W ignore:setup.py install is deprecated -W ignore:easy_install command is deprecated setup.py egg_info --egg-base ../../build/v1_topic_pkg build --build-base /home/bachelor/ros2_ws/build/v1_topic_pkg/build install --record /home/bachelor/ros2_ws/build/v1_topic_pkg/install.log --single-version-externally-managed install_data
[13.304s] running egg_info
[13.440s] writing ../../build/v1_topic_pkg/v1_topic_pkg.egg-info/PKG-INFO
[13.444s] writing dependency_links to ../../build/v1_topic_pkg/v1_topic_pkg.egg-info/dependency_links.txt
[13.503s] writing entry points to ../../build/v1_topic_pkg/v1_topic_pkg.egg-info/entry_points.txt
[13.504s] writing requirements to ../../build/v1_topic_pkg/v1_topic_pkg.egg-info/requires.txt
[13.536s] writing top-level names to ../../build/v1_topic_pkg/v1_topic_pkg.egg-info/top_level.txt
[13.838s] reading manifest file '../../build/v1_topic_pkg/v1_topic_pkg.egg-info/SOURCES.txt'
[13.857s] writing manifest file '../../build/v1_topic_pkg/v1_topic_pkg.egg-info/SOURCES.txt'
[13.858s] running build
[13.859s] running build_py
[13.874s] copying v1_topic_pkg/laser_data_publisher.py -> /home/bachelor/ros2_ws/build/v1_topic_pkg/build/lib/v1_topic_pkg
[13.874s] running install
[13.931s] running install_lib
[14.063s] copying /home/bachelor/ros2_ws/build/v1_topic_pkg/build/lib/v1_topic_pkg/laser_data_publisher.py -> /home/bachelor/ros2_ws/install/v1_topic_pkg/lib/python3.12/site-packages/v1_topic_pkg
[14.071s] byte-compiling /home/bachelor/ros2_ws/install/v1_topic_pkg/lib/python3.12/site-packages/v1_topic_pkg/laser_data_publisher.py to laser_data_publisher.cpython-312.pyc
[14.079s] running install_data
[14.128s] running install_egg_info
[14.256s] removing '/home/bachelor/ros2_ws/install/v1_topic_pkg/lib/python3.12/site-packages/v1_topic_pkg-0.0.0-py3.12.egg-info' (and everything under it)
[14.276s] Copying ../../build/v1_topic_pkg/v1_topic_pkg.egg-info to /home/bachelor/ros2_ws/install/v1_topic_pkg/lib/python3.12/site-packages/v1_topic_pkg-0.0.0-py3.12.egg-info
[14.281s] running install_scripts
[15.201s] Installing laser_data_publisher script to /home/bachelor/ros2_ws/install/v1_topic_pkg/lib/v1_topic_pkg
[15.209s] writing list of installed files to '/home/bachelor/ros2_ws/build/v1_topic_pkg/install.log'
[15.447s] Invoked command in '/home/bachelor/ros2_ws/src/v1_topic_pkg' returned '0': DEBUGINFOD_URLS=https://debuginfod.ubuntu.com PYTHONPATH=/home/bachelor/ros2_ws/build/v1_topic_pkg/prefix_override:/usr/lib/python3/dist-packages/colcon_core/task/python/colcon_distutils_commands:/home/bachelor/ros2_ws/install/v1_topic_pkg/lib/python3.12/site-packages:${PYTHONPATH} /usr/bin/python3 -W ignore:setup.py install is deprecated -W ignore:easy_install command is deprecated setup.py egg_info --egg-base ../../build/v1_topic_pkg build --build-base /home/bachelor/ros2_ws/build/v1_topic_pkg/build install --record /home/bachelor/ros2_ws/build/v1_topic_pkg/install.log --single-version-externally-managed install_data
