[0.475s] DEBUG:colcon:Command line arguments: ['/usr/bin/colcon', 'build', '--packages-select', 'v1_topic_pkg']
[0.475s] DEBUG:colcon:Parsed command line arguments: Namespace(log_base=None, log_level=None, verb_name='build', build_base='build', install_base='install', merge_install=False, symlink_install=False, test_result_base=None, continue_on_error=False, executor='parallel', parallel_workers=1, event_handlers=None, ignore_user_meta=False, metas=['./colcon.meta'], base_paths=['.'], packages_ignore=None, packages_ignore_regex=None, paths=None, packages_up_to=None, packages_up_to_regex=None, packages_above=None, packages_above_and_dependencies=None, packages_above_depth=None, packages_select_by_dep=None, packages_skip_by_dep=None, packages_skip_up_to=None, packages_select_build_failed=False, packages_skip_build_finished=False, packages_select_test_failures=False, packages_skip_test_passed=False, packages_select=['v1_topic_pkg'], packages_skip=None, packages_select_regex=None, packages_skip_regex=None, packages_start=None, packages_end=None, allow_overriding=[], cmake_args=None, cmake_target=None, cmake_target_skip_unavailable=False, cmake_clean_cache=False, cmake_clean_first=False, cmake_force_configure=False, ament_cmake_args=None, catkin_cmake_args=None, catkin_skip_building_tests=False, mixin_files=None, mixin=None, verb_parser=<colcon_mixin.mixin.mixin_argument.MixinArgumentDecorator object at 0x77ef90db0770>, verb_extension=<colcon_core.verb.build.BuildVerb object at 0x77ef90db0440>, main=<bound method BuildVerb.main of <colcon_core.verb.build.BuildVerb object at 0x77ef90db0440>>, mixin_verb=('build',))
[0.634s] Level 1:colcon.colcon_core.package_discovery:discover_packages(colcon_meta) check parameters
[0.635s] Level 1:colcon.colcon_core.package_discovery:discover_packages(recursive) check parameters
[0.635s] Level 1:colcon.colcon_core.package_discovery:discover_packages(ignore) check parameters
[0.635s] Level 1:colcon.colcon_core.package_discovery:discover_packages(path) check parameters
[0.635s] Level 1:colcon.colcon_core.package_discovery:discover_packages(colcon_meta) discover
[0.640s] Level 1:colcon.colcon_core.package_discovery:discover_packages(recursive) discover
[0.640s] INFO:colcon.colcon_core.package_discovery:Crawling recursively for packages in '/home/bachelor/ros2_ws/src/v1_topic_pkg'
[0.640s] Level 1:colcon.colcon_core.package_identification:_identify(.) by extensions ['ignore', 'ignore_ament_install']
[0.641s] Level 1:colcon.colcon_core.package_identification:_identify(.) by extension 'ignore'
[0.641s] Level 1:colcon.colcon_core.package_identification:_identify(.) by extension 'ignore_ament_install'
[0.641s] Level 1:colcon.colcon_core.package_identification:_identify(.) by extensions ['colcon_pkg']
[0.641s] Level 1:colcon.colcon_core.package_identification:_identify(.) by extension 'colcon_pkg'
[0.642s] Level 1:colcon.colcon_core.package_identification:_identify(.) by extensions ['colcon_meta']
[0.642s] Level 1:colcon.colcon_core.package_identification:_identify(.) by extension 'colcon_meta'
[0.642s] Level 1:colcon.colcon_core.package_identification:_identify(.) by extensions ['ros']
[0.642s] Level 1:colcon.colcon_core.package_identification:_identify(.) by extension 'ros'
[0.759s] DEBUG:colcon.colcon_core.package_identification:Package '.' with type 'ros.ament_python' and name 'v1_topic_pkg'
[0.759s] Level 1:colcon.colcon_core.package_discovery:discover_packages(recursive) using defaults
[0.759s] Level 1:colcon.colcon_core.package_discovery:discover_packages(ignore) discover
[0.760s] Level 1:colcon.colcon_core.package_discovery:discover_packages(ignore) using defaults
[0.760s] Level 1:colcon.colcon_core.package_discovery:discover_packages(path) discover
[0.764s] Level 1:colcon.colcon_core.package_discovery:discover_packages(path) using defaults
[0.838s] Level 1:colcon.colcon_core.package_discovery:discover_packages(prefix_path) check parameters
[0.838s] Level 1:colcon.colcon_core.package_discovery:discover_packages(prefix_path) discover
[0.842s] DEBUG:colcon.colcon_installed_package_information.package_discovery:Found 1 installed packages in /home/bachelor/ros2_ws/src/v1_topic_pkg/install
[0.853s] DEBUG:colcon.colcon_installed_package_information.package_discovery:Found 8 installed packages in /home/bachelor/ros2_ws/install
[0.858s] DEBUG:colcon.colcon_installed_package_information.package_discovery:Found 434 installed packages in /opt/ros/jazzy
[0.862s] Level 1:colcon.colcon_core.package_discovery:discover_packages(prefix_path) using defaults
[1.182s] Level 5:colcon.colcon_core.verb:set package 'v1_topic_pkg' build argument 'cmake_args' from command line to 'None'
[1.186s] Level 5:colcon.colcon_core.verb:set package 'v1_topic_pkg' build argument 'cmake_target' from command line to 'None'
[1.186s] Level 5:colcon.colcon_core.verb:set package 'v1_topic_pkg' build argument 'cmake_target_skip_unavailable' from command line to 'False'
[1.186s] Level 5:colcon.colcon_core.verb:set package 'v1_topic_pkg' build argument 'cmake_clean_cache' from command line to 'False'
[1.186s] Level 5:colcon.colcon_core.verb:set package 'v1_topic_pkg' build argument 'cmake_clean_first' from command line to 'False'
[1.186s] Level 5:colcon.colcon_core.verb:set package 'v1_topic_pkg' build argument 'cmake_force_configure' from command line to 'False'
[1.186s] Level 5:colcon.colcon_core.verb:set package 'v1_topic_pkg' build argument 'ament_cmake_args' from command line to 'None'
[1.186s] Level 5:colcon.colcon_core.verb:set package 'v1_topic_pkg' build argument 'catkin_cmake_args' from command line to 'None'
[1.187s] Level 5:colcon.colcon_core.verb:set package 'v1_topic_pkg' build argument 'catkin_skip_building_tests' from command line to 'False'
[1.187s] DEBUG:colcon.colcon_core.verb:Building package 'v1_topic_pkg' with the following arguments: {'ament_cmake_args': None, 'build_base': '/home/bachelor/ros2_ws/src/v1_topic_pkg/build/v1_topic_pkg', 'catkin_cmake_args': None, 'catkin_skip_building_tests': False, 'cmake_args': None, 'cmake_clean_cache': False, 'cmake_clean_first': False, 'cmake_force_configure': False, 'cmake_target': None, 'cmake_target_skip_unavailable': False, 'install_base': '/home/bachelor/ros2_ws/src/v1_topic_pkg/install/v1_topic_pkg', 'merge_install': False, 'path': '/home/bachelor/ros2_ws/src/v1_topic_pkg', 'symlink_install': False, 'test_result_base': None}
[1.187s] INFO:colcon.colcon_core.executor:Executing jobs using 'parallel' executor
[1.218s] DEBUG:colcon.colcon_parallel_executor.executor.parallel:run_until_complete
[1.218s] INFO:colcon.colcon_ros.task.ament_python.build:Building ROS package in '/home/bachelor/ros2_ws/src/v1_topic_pkg' with build type 'ament_python'
[1.218s] Level 1:colcon.colcon_core.shell:create_environment_hook('v1_topic_pkg', 'ament_prefix_path')
[1.222s] INFO:colcon.colcon_core.plugin_system:Skipping extension 'colcon_core.shell.bat': Not used on non-Windows systems
[1.222s] INFO:colcon.colcon_core.shell:Creating environment hook '/home/bachelor/ros2_ws/src/v1_topic_pkg/install/v1_topic_pkg/share/v1_topic_pkg/hook/ament_prefix_path.ps1'
[1.244s] INFO:colcon.colcon_core.shell:Creating environment descriptor '/home/bachelor/ros2_ws/src/v1_topic_pkg/install/v1_topic_pkg/share/v1_topic_pkg/hook/ament_prefix_path.dsv'
[1.293s] INFO:colcon.colcon_core.shell:Creating environment hook '/home/bachelor/ros2_ws/src/v1_topic_pkg/install/v1_topic_pkg/share/v1_topic_pkg/hook/ament_prefix_path.sh'
[1.304s] INFO:colcon.colcon_core.shell:Skip shell extension 'powershell' for command environment: Not usable outside of PowerShell
[1.307s] DEBUG:colcon.colcon_core.shell:Skip shell extension 'dsv' for command environment
[3.083s] INFO:colcon.colcon_core.task.python.build:Building Python package in '/home/bachelor/ros2_ws/src/v1_topic_pkg'
[3.083s] INFO:colcon.colcon_core.shell:Skip shell extension 'powershell' for command environment: Not usable outside of PowerShell
[3.084s] DEBUG:colcon.colcon_core.shell:Skip shell extension 'dsv' for command environment
[6.943s] DEBUG:colcon.colcon_core.event_handler.log_command:Invoking command in '/home/bachelor/ros2_ws/src/v1_topic_pkg': DEBUGINFOD_URLS=https://debuginfod.ubuntu.com PYTHONPATH=/home/bachelor/ros2_ws/src/v1_topic_pkg/build/v1_topic_pkg/prefix_override:/usr/lib/python3/dist-packages/colcon_core/task/python/colcon_distutils_commands:/home/bachelor/ros2_ws/src/v1_topic_pkg/install/v1_topic_pkg/lib/python3.12/site-packages:${PYTHONPATH} /usr/bin/python3 -W ignore:setup.py install is deprecated -W ignore:easy_install command is deprecated setup.py egg_info --egg-base build/v1_topic_pkg build --build-base /home/bachelor/ros2_ws/src/v1_topic_pkg/build/v1_topic_pkg/build install --record /home/bachelor/ros2_ws/src/v1_topic_pkg/build/v1_topic_pkg/install.log --single-version-externally-managed install_data
[11.424s] DEBUG:colcon.colcon_core.event_handler.log_command:Invoked command in '/home/bachelor/ros2_ws/src/v1_topic_pkg' returned '0': DEBUGINFOD_URLS=https://debuginfod.ubuntu.com PYTHONPATH=/home/bachelor/ros2_ws/src/v1_topic_pkg/build/v1_topic_pkg/prefix_override:/usr/lib/python3/dist-packages/colcon_core/task/python/colcon_distutils_commands:/home/bachelor/ros2_ws/src/v1_topic_pkg/install/v1_topic_pkg/lib/python3.12/site-packages:${PYTHONPATH} /usr/bin/python3 -W ignore:setup.py install is deprecated -W ignore:easy_install command is deprecated setup.py egg_info --egg-base build/v1_topic_pkg build --build-base /home/bachelor/ros2_ws/src/v1_topic_pkg/build/v1_topic_pkg/build install --record /home/bachelor/ros2_ws/src/v1_topic_pkg/build/v1_topic_pkg/install.log --single-version-externally-managed install_data
[11.432s] Level 1:colcon.colcon_core.environment:checking '/home/bachelor/ros2_ws/src/v1_topic_pkg/install/v1_topic_pkg' for CMake module files
[11.433s] Level 1:colcon.colcon_core.environment:checking '/home/bachelor/ros2_ws/src/v1_topic_pkg/install/v1_topic_pkg' for CMake config files
[11.434s] Level 1:colcon.colcon_core.environment:checking '/home/bachelor/ros2_ws/src/v1_topic_pkg/install/v1_topic_pkg/lib'
[11.435s] Level 1:colcon.colcon_core.environment:checking '/home/bachelor/ros2_ws/src/v1_topic_pkg/install/v1_topic_pkg/bin'
[11.435s] Level 1:colcon.colcon_core.environment:checking '/home/bachelor/ros2_ws/src/v1_topic_pkg/install/v1_topic_pkg/lib/pkgconfig/v1_topic_pkg.pc'
[11.435s] Level 1:colcon.colcon_core.environment:checking '/home/bachelor/ros2_ws/src/v1_topic_pkg/install/v1_topic_pkg/lib/python3.12/site-packages'
[11.436s] Level 1:colcon.colcon_core.shell:create_environment_hook('v1_topic_pkg', 'pythonpath')
[11.437s] INFO:colcon.colcon_core.shell:Creating environment hook '/home/bachelor/ros2_ws/src/v1_topic_pkg/install/v1_topic_pkg/share/v1_topic_pkg/hook/pythonpath.ps1'
[11.447s] INFO:colcon.colcon_core.shell:Creating environment descriptor '/home/bachelor/ros2_ws/src/v1_topic_pkg/install/v1_topic_pkg/share/v1_topic_pkg/hook/pythonpath.dsv'
[11.451s] INFO:colcon.colcon_core.shell:Creating environment hook '/home/bachelor/ros2_ws/src/v1_topic_pkg/install/v1_topic_pkg/share/v1_topic_pkg/hook/pythonpath.sh'
[11.454s] Level 1:colcon.colcon_core.environment:checking '/home/bachelor/ros2_ws/src/v1_topic_pkg/install/v1_topic_pkg/bin'
[11.455s] Level 1:colcon.colcon_core.environment:create_environment_scripts_only(v1_topic_pkg)
[11.456s] INFO:colcon.colcon_core.shell:Creating package script '/home/bachelor/ros2_ws/src/v1_topic_pkg/install/v1_topic_pkg/share/v1_topic_pkg/package.ps1'
[11.476s] INFO:colcon.colcon_core.shell:Creating package descriptor '/home/bachelor/ros2_ws/src/v1_topic_pkg/install/v1_topic_pkg/share/v1_topic_pkg/package.dsv'
[11.491s] INFO:colcon.colcon_core.shell:Creating package script '/home/bachelor/ros2_ws/src/v1_topic_pkg/install/v1_topic_pkg/share/v1_topic_pkg/package.sh'
[11.522s] INFO:colcon.colcon_core.shell:Creating package script '/home/bachelor/ros2_ws/src/v1_topic_pkg/install/v1_topic_pkg/share/v1_topic_pkg/package.bash'
[11.531s] INFO:colcon.colcon_core.shell:Creating package script '/home/bachelor/ros2_ws/src/v1_topic_pkg/install/v1_topic_pkg/share/v1_topic_pkg/package.zsh'
[11.539s] Level 1:colcon.colcon_core.environment:create_file_with_runtime_dependencies(/home/bachelor/ros2_ws/src/v1_topic_pkg/install/v1_topic_pkg/share/colcon-core/packages/v1_topic_pkg)
[11.555s] DEBUG:colcon.colcon_parallel_executor.executor.parallel:closing loop
[11.561s] DEBUG:colcon.colcon_parallel_executor.executor.parallel:loop closed
[11.561s] DEBUG:colcon.colcon_parallel_executor.executor.parallel:run_until_complete finished with '0'
[11.561s] DEBUG:colcon.colcon_core.event_reactor:joining thread
[11.598s] INFO:colcon.colcon_core.plugin_system:Skipping extension 'colcon_notification.desktop_notification.terminal_notifier': Not used on non-Darwin systems
[11.598s] INFO:colcon.colcon_core.plugin_system:Skipping extension 'colcon_notification.desktop_notification.win32': Not used on non-Windows systems
[11.598s] INFO:colcon.colcon_notification.desktop_notification:Sending desktop notification using 'notify2'
[11.695s] DEBUG:colcon.colcon_core.event_reactor:joined thread
[11.696s] INFO:colcon.colcon_core.shell:Creating prefix script '/home/bachelor/ros2_ws/src/v1_topic_pkg/install/local_setup.ps1'
[11.721s] INFO:colcon.colcon_core.shell:Creating prefix util module '/home/bachelor/ros2_ws/src/v1_topic_pkg/install/_local_setup_util_ps1.py'
[11.730s] INFO:colcon.colcon_core.shell:Creating prefix chain script '/home/bachelor/ros2_ws/src/v1_topic_pkg/install/setup.ps1'
[11.764s] INFO:colcon.colcon_core.shell:Creating prefix script '/home/bachelor/ros2_ws/src/v1_topic_pkg/install/local_setup.sh'
[11.782s] INFO:colcon.colcon_core.shell:Creating prefix util module '/home/bachelor/ros2_ws/src/v1_topic_pkg/install/_local_setup_util_sh.py'
[11.799s] INFO:colcon.colcon_core.shell:Creating prefix chain script '/home/bachelor/ros2_ws/src/v1_topic_pkg/install/setup.sh'
[11.805s] INFO:colcon.colcon_core.shell:Creating prefix script '/home/bachelor/ros2_ws/src/v1_topic_pkg/install/local_setup.bash'
[11.826s] INFO:colcon.colcon_core.shell:Creating prefix chain script '/home/bachelor/ros2_ws/src/v1_topic_pkg/install/setup.bash'
[11.834s] INFO:colcon.colcon_core.shell:Creating prefix script '/home/bachelor/ros2_ws/src/v1_topic_pkg/install/local_setup.zsh'
[11.837s] INFO:colcon.colcon_core.shell:Creating prefix chain script '/home/bachelor/ros2_ws/src/v1_topic_pkg/install/setup.zsh'
