[0.102s] Invoking command in '/home/bachelor/ros2_ws/build/my_tutorial_interfaces': CMAKE_PREFIX_PATH=${CMAKE_PREFIX_PATH}:/home/bachelor/ros2_ws/install/my_py_pkg:/opt/ros/jazzy DEBUGINFOD_URLS=https://debuginfod.ubuntu.com /usr/bin/cmake --build /home/bachelor/ros2_ws/build/my_tutorial_interfaces -- -j1 -l1
[0.582s] [  2%] Built target my_tutorial_interfaces__rosidl_generator_type_description
[0.715s] [  5%] Built target my_tutorial_interfaces__cpp
[0.889s] [ 20%] Built target my_tutorial_interfaces__rosidl_generator_c
[1.068s] [ 29%] Built target my_tutorial_interfaces__rosidl_typesupport_cpp
[1.239s] [ 38%] Built target my_tutorial_interfaces__rosidl_typesupport_fastrtps_c
[1.443s] [ 47%] Built target my_tutorial_interfaces__rosidl_typesupport_introspection_c
[1.669s] [ 55%] Built target my_tutorial_interfaces__rosidl_typesupport_c
[1.851s] [ 64%] Built target my_tutorial_interfaces__rosidl_typesupport_fastrtps_cpp
[2.035s] [ 73%] Built target my_tutorial_interfaces__rosidl_typesupport_introspection_cpp
[2.242s] [ 73%] Built target my_tutorial_interfaces
[2.570s] [ 73%] Built target ament_cmake_python_copy_my_tutorial_interfaces
[5.037s] running egg_info
[5.210s] writing my_tutorial_interfaces.egg-info/PKG-INFO
[5.242s] writing dependency_links to my_tutorial_interfaces.egg-info/dependency_links.txt
[5.243s] writing top-level names to my_tutorial_interfaces.egg-info/top_level.txt
[5.677s] reading manifest file 'my_tutorial_interfaces.egg-info/SOURCES.txt'
[5.688s] writing manifest file 'my_tutorial_interfaces.egg-info/SOURCES.txt'
[5.974s] [ 73%] Built target ament_cmake_python_build_my_tutorial_interfaces_egg
[6.135s] [ 76%] Built target my_tutorial_interfaces__py
[6.330s] [ 82%] Built target my_tutorial_interfaces__rosidl_generator_py
[6.552s] [ 88%] Built target my_tutorial_interfaces_s__rosidl_typesupport_fastrtps_c
[6.756s] [ 94%] Built target my_tutorial_interfaces_s__rosidl_typesupport_introspection_c
[6.980s] [100%] Built target my_tutorial_interfaces_s__rosidl_typesupport_c
[7.089s] Invoked command in '/home/bachelor/ros2_ws/build/my_tutorial_interfaces' returned '0': CMAKE_PREFIX_PATH=${CMAKE_PREFIX_PATH}:/home/bachelor/ros2_ws/install/my_py_pkg:/opt/ros/jazzy DEBUGINFOD_URLS=https://debuginfod.ubuntu.com /usr/bin/cmake --build /home/bachelor/ros2_ws/build/my_tutorial_interfaces -- -j1 -l1
[7.169s] Invoking command in '/home/bachelor/ros2_ws/build/my_tutorial_interfaces': CMAKE_PREFIX_PATH=${CMAKE_PREFIX_PATH}:/home/bachelor/ros2_ws/install/my_py_pkg:/opt/ros/jazzy DEBUGINFOD_URLS=https://debuginfod.ubuntu.com /usr/bin/cmake --install /home/bachelor/ros2_ws/build/my_tutorial_interfaces
[7.241s] -- Install configuration: ""
[7.243s] -- Up-to-date: /home/bachelor/ros2_ws/install/my_tutorial_interfaces/share/ament_index/resource_index/rosidl_interfaces/my_tutorial_interfaces
[7.244s] -- Up-to-date: /home/bachelor/ros2_ws/install/my_tutorial_interfaces/share/my_tutorial_interfaces/srv/ResetCounter.json
[7.244s] -- Up-to-date: /home/bachelor/ros2_ws/install/my_tutorial_interfaces/include/my_tutorial_interfaces/my_tutorial_interfaces
[7.246s] -- Up-to-date: /home/bachelor/ros2_ws/install/my_tutorial_interfaces/include/my_tutorial_interfaces/my_tutorial_interfaces/srv
[7.247s] -- Up-to-date: /home/bachelor/ros2_ws/install/my_tutorial_interfaces/include/my_tutorial_interfaces/my_tutorial_interfaces/srv/detail
[7.248s] -- Up-to-date: /home/bachelor/ros2_ws/install/my_tutorial_interfaces/include/my_tutorial_interfaces/my_tutorial_interfaces/srv/detail/reset_counter__struct.h
[7.249s] -- Up-to-date: /home/bachelor/ros2_ws/install/my_tutorial_interfaces/include/my_tutorial_interfaces/my_tutorial_interfaces/srv/detail/reset_counter__type_support.h
[7.249s] -- Up-to-date: /home/bachelor/ros2_ws/install/my_tutorial_interfaces/include/my_tutorial_interfaces/my_tutorial_interfaces/srv/detail/reset_counter__functions.c
[7.249s] -- Up-to-date: /home/bachelor/ros2_ws/install/my_tutorial_interfaces/include/my_tutorial_interfaces/my_tutorial_interfaces/srv/detail/reset_counter__functions.h
[7.249s] -- Installing: /home/bachelor/ros2_ws/install/my_tutorial_interfaces/include/my_tutorial_interfaces/my_tutorial_interfaces/srv/detail/reset_counter__type_support.c
[7.264s] -- Up-to-date: /home/bachelor/ros2_ws/install/my_tutorial_interfaces/include/my_tutorial_interfaces/my_tutorial_interfaces/srv/detail/reset_counter__description.c
[7.264s] -- Up-to-date: /home/bachelor/ros2_ws/install/my_tutorial_interfaces/include/my_tutorial_interfaces/my_tutorial_interfaces/srv/reset_counter.h
[7.264s] -- Up-to-date: /home/bachelor/ros2_ws/install/my_tutorial_interfaces/include/my_tutorial_interfaces/my_tutorial_interfaces/msg
[7.264s] -- Up-to-date: /home/bachelor/ros2_ws/install/my_tutorial_interfaces/include/my_tutorial_interfaces/my_tutorial_interfaces/msg/rosidl_generator_c__visibility_control.h
[7.264s] -- Up-to-date: /home/bachelor/ros2_ws/install/my_tutorial_interfaces/share/my_tutorial_interfaces/environment/library_path.sh
[7.265s] -- Up-to-date: /home/bachelor/ros2_ws/install/my_tutorial_interfaces/share/my_tutorial_interfaces/environment/library_path.dsv
[7.265s] -- Up-to-date: /home/bachelor/ros2_ws/install/my_tutorial_interfaces/lib/libmy_tutorial_interfaces__rosidl_generator_c.so
[7.265s] -- Up-to-date: /home/bachelor/ros2_ws/install/my_tutorial_interfaces/include/my_tutorial_interfaces/my_tutorial_interfaces
[7.265s] -- Up-to-date: /home/bachelor/ros2_ws/install/my_tutorial_interfaces/include/my_tutorial_interfaces/my_tutorial_interfaces/srv
[7.265s] -- Up-to-date: /home/bachelor/ros2_ws/install/my_tutorial_interfaces/include/my_tutorial_interfaces/my_tutorial_interfaces/srv/detail
[7.266s] -- Up-to-date: /home/bachelor/ros2_ws/install/my_tutorial_interfaces/include/my_tutorial_interfaces/my_tutorial_interfaces/srv/detail/reset_counter__rosidl_typesupport_fastrtps_c.h
[7.266s] -- Up-to-date: /home/bachelor/ros2_ws/install/my_tutorial_interfaces/include/my_tutorial_interfaces/my_tutorial_interfaces/msg
[7.266s] -- Up-to-date: /home/bachelor/ros2_ws/install/my_tutorial_interfaces/include/my_tutorial_interfaces/my_tutorial_interfaces/msg/rosidl_typesupport_fastrtps_c__visibility_control.h
[7.266s] -- Up-to-date: /home/bachelor/ros2_ws/install/my_tutorial_interfaces/lib/libmy_tutorial_interfaces__rosidl_typesupport_fastrtps_c.so
[7.266s] -- Up-to-date: /home/bachelor/ros2_ws/install/my_tutorial_interfaces/include/my_tutorial_interfaces/my_tutorial_interfaces
[7.266s] -- Up-to-date: /home/bachelor/ros2_ws/install/my_tutorial_interfaces/include/my_tutorial_interfaces/my_tutorial_interfaces/srv
[7.267s] -- Up-to-date: /home/bachelor/ros2_ws/install/my_tutorial_interfaces/include/my_tutorial_interfaces/my_tutorial_interfaces/srv/detail
[7.267s] -- Up-to-date: /home/bachelor/ros2_ws/install/my_tutorial_interfaces/include/my_tutorial_interfaces/my_tutorial_interfaces/srv/detail/reset_counter__rosidl_typesupport_introspection_c.h
[7.267s] -- Installing: /home/bachelor/ros2_ws/install/my_tutorial_interfaces/include/my_tutorial_interfaces/my_tutorial_interfaces/srv/detail/reset_counter__type_support.c
[7.267s] -- Up-to-date: /home/bachelor/ros2_ws/install/my_tutorial_interfaces/include/my_tutorial_interfaces/my_tutorial_interfaces/msg
[7.267s] -- Up-to-date: /home/bachelor/ros2_ws/install/my_tutorial_interfaces/include/my_tutorial_interfaces/my_tutorial_interfaces/msg/rosidl_typesupport_introspection_c__visibility_control.h
[7.267s] -- Up-to-date: /home/bachelor/ros2_ws/install/my_tutorial_interfaces/lib/libmy_tutorial_interfaces__rosidl_typesupport_introspection_c.so
[7.269s] -- Up-to-date: /home/bachelor/ros2_ws/install/my_tutorial_interfaces/lib/libmy_tutorial_interfaces__rosidl_typesupport_c.so
[7.269s] -- Up-to-date: /home/bachelor/ros2_ws/install/my_tutorial_interfaces/include/my_tutorial_interfaces/my_tutorial_interfaces
[7.269s] -- Up-to-date: /home/bachelor/ros2_ws/install/my_tutorial_interfaces/include/my_tutorial_interfaces/my_tutorial_interfaces/srv
[7.269s] -- Up-to-date: /home/bachelor/ros2_ws/install/my_tutorial_interfaces/include/my_tutorial_interfaces/my_tutorial_interfaces/srv/detail
[7.273s] -- Up-to-date: /home/bachelor/ros2_ws/install/my_tutorial_interfaces/include/my_tutorial_interfaces/my_tutorial_interfaces/srv/detail/reset_counter__builder.hpp
[7.274s] -- Up-to-date: /home/bachelor/ros2_ws/install/my_tutorial_interfaces/include/my_tutorial_interfaces/my_tutorial_interfaces/srv/detail/reset_counter__traits.hpp
[7.275s] -- Up-to-date: /home/bachelor/ros2_ws/install/my_tutorial_interfaces/include/my_tutorial_interfaces/my_tutorial_interfaces/srv/detail/reset_counter__type_support.hpp
[7.276s] -- Up-to-date: /home/bachelor/ros2_ws/install/my_tutorial_interfaces/include/my_tutorial_interfaces/my_tutorial_interfaces/srv/detail/reset_counter__struct.hpp
[7.278s] -- Up-to-date: /home/bachelor/ros2_ws/install/my_tutorial_interfaces/include/my_tutorial_interfaces/my_tutorial_interfaces/srv/reset_counter.hpp
[7.279s] -- Up-to-date: /home/bachelor/ros2_ws/install/my_tutorial_interfaces/include/my_tutorial_interfaces/my_tutorial_interfaces/msg
[7.279s] -- Up-to-date: /home/bachelor/ros2_ws/install/my_tutorial_interfaces/include/my_tutorial_interfaces/my_tutorial_interfaces/msg/rosidl_generator_cpp__visibility_control.hpp
[7.280s] -- Up-to-date: /home/bachelor/ros2_ws/install/my_tutorial_interfaces/include/my_tutorial_interfaces/my_tutorial_interfaces
[7.289s] -- Up-to-date: /home/bachelor/ros2_ws/install/my_tutorial_interfaces/include/my_tutorial_interfaces/my_tutorial_interfaces/srv
[7.289s] -- Up-to-date: /home/bachelor/ros2_ws/install/my_tutorial_interfaces/include/my_tutorial_interfaces/my_tutorial_interfaces/srv/detail
[7.290s] -- Up-to-date: /home/bachelor/ros2_ws/install/my_tutorial_interfaces/include/my_tutorial_interfaces/my_tutorial_interfaces/srv/detail/reset_counter__rosidl_typesupport_fastrtps_cpp.hpp
[7.290s] -- Up-to-date: /home/bachelor/ros2_ws/install/my_tutorial_interfaces/include/my_tutorial_interfaces/my_tutorial_interfaces/srv/detail/dds_fastrtps
[7.290s] -- Up-to-date: /home/bachelor/ros2_ws/install/my_tutorial_interfaces/include/my_tutorial_interfaces/my_tutorial_interfaces/msg
[7.290s] -- Up-to-date: /home/bachelor/ros2_ws/install/my_tutorial_interfaces/include/my_tutorial_interfaces/my_tutorial_interfaces/msg/rosidl_typesupport_fastrtps_cpp__visibility_control.h
[7.290s] -- Up-to-date: /home/bachelor/ros2_ws/install/my_tutorial_interfaces/lib/libmy_tutorial_interfaces__rosidl_typesupport_fastrtps_cpp.so
[7.290s] -- Up-to-date: /home/bachelor/ros2_ws/install/my_tutorial_interfaces/include/my_tutorial_interfaces/my_tutorial_interfaces
[7.302s] -- Up-to-date: /home/bachelor/ros2_ws/install/my_tutorial_interfaces/include/my_tutorial_interfaces/my_tutorial_interfaces/srv
[7.303s] -- Up-to-date: /home/bachelor/ros2_ws/install/my_tutorial_interfaces/include/my_tutorial_interfaces/my_tutorial_interfaces/srv/detail
[7.303s] -- Up-to-date: /home/bachelor/ros2_ws/install/my_tutorial_interfaces/include/my_tutorial_interfaces/my_tutorial_interfaces/srv/detail/reset_counter__rosidl_typesupport_introspection_cpp.hpp
[7.303s] -- Up-to-date: /home/bachelor/ros2_ws/install/my_tutorial_interfaces/include/my_tutorial_interfaces/my_tutorial_interfaces/srv/detail/reset_counter__type_support.cpp
[7.303s] -- Up-to-date: /home/bachelor/ros2_ws/install/my_tutorial_interfaces/lib/libmy_tutorial_interfaces__rosidl_typesupport_introspection_cpp.so
[7.303s] -- Up-to-date: /home/bachelor/ros2_ws/install/my_tutorial_interfaces/lib/libmy_tutorial_interfaces__rosidl_typesupport_cpp.so
[7.303s] -- Up-to-date: /home/bachelor/ros2_ws/install/my_tutorial_interfaces/share/my_tutorial_interfaces/environment/pythonpath.sh
[7.304s] -- Up-to-date: /home/bachelor/ros2_ws/install/my_tutorial_interfaces/share/my_tutorial_interfaces/environment/pythonpath.dsv
[7.304s] -- Up-to-date: /home/bachelor/ros2_ws/install/my_tutorial_interfaces/lib/python3.12/site-packages/my_tutorial_interfaces-0.0.0-py3.12.egg-info
[7.304s] -- Installing: /home/bachelor/ros2_ws/install/my_tutorial_interfaces/lib/python3.12/site-packages/my_tutorial_interfaces-0.0.0-py3.12.egg-info/PKG-INFO
[7.304s] -- Installing: /home/bachelor/ros2_ws/install/my_tutorial_interfaces/lib/python3.12/site-packages/my_tutorial_interfaces-0.0.0-py3.12.egg-info/SOURCES.txt
[7.304s] -- Installing: /home/bachelor/ros2_ws/install/my_tutorial_interfaces/lib/python3.12/site-packages/my_tutorial_interfaces-0.0.0-py3.12.egg-info/top_level.txt
[7.304s] -- Installing: /home/bachelor/ros2_ws/install/my_tutorial_interfaces/lib/python3.12/site-packages/my_tutorial_interfaces-0.0.0-py3.12.egg-info/dependency_links.txt
[7.304s] -- Up-to-date: /home/bachelor/ros2_ws/install/my_tutorial_interfaces/lib/python3.12/site-packages/my_tutorial_interfaces
[7.305s] -- Up-to-date: /home/bachelor/ros2_ws/install/my_tutorial_interfaces/lib/python3.12/site-packages/my_tutorial_interfaces/my_tutorial_interfaces_s__rosidl_typesupport_c.so
[7.305s] -- Up-to-date: /home/bachelor/ros2_ws/install/my_tutorial_interfaces/lib/python3.12/site-packages/my_tutorial_interfaces/_my_tutorial_interfaces_s.ep.rosidl_typesupport_c.c
[7.305s] -- Up-to-date: /home/bachelor/ros2_ws/install/my_tutorial_interfaces/lib/python3.12/site-packages/my_tutorial_interfaces/srv
[7.305s] -- Up-to-date: /home/bachelor/ros2_ws/install/my_tutorial_interfaces/lib/python3.12/site-packages/my_tutorial_interfaces/srv/_reset_counter_s.c
[7.305s] -- Up-to-date: /home/bachelor/ros2_ws/install/my_tutorial_interfaces/lib/python3.12/site-packages/my_tutorial_interfaces/srv/__init__.py
[7.305s] -- Up-to-date: /home/bachelor/ros2_ws/install/my_tutorial_interfaces/lib/python3.12/site-packages/my_tutorial_interfaces/srv/_reset_counter.py
[7.305s] -- Up-to-date: /home/bachelor/ros2_ws/install/my_tutorial_interfaces/lib/python3.12/site-packages/my_tutorial_interfaces/_my_tutorial_interfaces_s.ep.rosidl_typesupport_introspection_c.c
[7.306s] -- Up-to-date: /home/bachelor/ros2_ws/install/my_tutorial_interfaces/lib/python3.12/site-packages/my_tutorial_interfaces/_my_tutorial_interfaces_s.ep.rosidl_typesupport_fastrtps_c.c
[7.306s] -- Up-to-date: /home/bachelor/ros2_ws/install/my_tutorial_interfaces/lib/python3.12/site-packages/my_tutorial_interfaces/my_tutorial_interfaces_s__rosidl_typesupport_introspection_c.so
[7.306s] -- Up-to-date: /home/bachelor/ros2_ws/install/my_tutorial_interfaces/lib/python3.12/site-packages/my_tutorial_interfaces/__init__.py
[7.306s] -- Up-to-date: /home/bachelor/ros2_ws/install/my_tutorial_interfaces/lib/python3.12/site-packages/my_tutorial_interfaces/my_tutorial_interfaces_s__rosidl_typesupport_fastrtps_c.so
[7.523s] Listing '/home/bachelor/ros2_ws/install/my_tutorial_interfaces/lib/python3.12/site-packages/my_tutorial_interfaces'...
[7.525s] Listing '/home/bachelor/ros2_ws/install/my_tutorial_interfaces/lib/python3.12/site-packages/my_tutorial_interfaces/srv'...
[7.577s] -- Up-to-date: /home/bachelor/ros2_ws/install/my_tutorial_interfaces/lib/python3.12/site-packages/my_tutorial_interfaces/my_tutorial_interfaces_s__rosidl_typesupport_fastrtps_c.so
[7.579s] -- Up-to-date: /home/bachelor/ros2_ws/install/my_tutorial_interfaces/lib/python3.12/site-packages/my_tutorial_interfaces/my_tutorial_interfaces_s__rosidl_typesupport_introspection_c.so
[7.585s] -- Up-to-date: /home/bachelor/ros2_ws/install/my_tutorial_interfaces/lib/python3.12/site-packages/my_tutorial_interfaces/my_tutorial_interfaces_s__rosidl_typesupport_c.so
[7.585s] -- Up-to-date: /home/bachelor/ros2_ws/install/my_tutorial_interfaces/lib/libmy_tutorial_interfaces__rosidl_generator_py.so
[7.586s] -- Up-to-date: /home/bachelor/ros2_ws/install/my_tutorial_interfaces/share/my_tutorial_interfaces/srv/ResetCounter.idl
[7.586s] -- Up-to-date: /home/bachelor/ros2_ws/install/my_tutorial_interfaces/share/my_tutorial_interfaces/srv/ResetCounter.srv
[7.587s] -- Up-to-date: /home/bachelor/ros2_ws/install/my_tutorial_interfaces/share/ament_index/resource_index/package_run_dependencies/my_tutorial_interfaces
[7.587s] -- Up-to-date: /home/bachelor/ros2_ws/install/my_tutorial_interfaces/share/ament_index/resource_index/parent_prefix_path/my_tutorial_interfaces
[7.588s] -- Up-to-date: /home/bachelor/ros2_ws/install/my_tutorial_interfaces/share/my_tutorial_interfaces/environment/ament_prefix_path.sh
[7.588s] -- Up-to-date: /home/bachelor/ros2_ws/install/my_tutorial_interfaces/share/my_tutorial_interfaces/environment/ament_prefix_path.dsv
[7.588s] -- Up-to-date: /home/bachelor/ros2_ws/install/my_tutorial_interfaces/share/my_tutorial_interfaces/environment/path.sh
[7.588s] -- Up-to-date: /home/bachelor/ros2_ws/install/my_tutorial_interfaces/share/my_tutorial_interfaces/environment/path.dsv
[7.589s] -- Up-to-date: /home/bachelor/ros2_ws/install/my_tutorial_interfaces/share/my_tutorial_interfaces/local_setup.bash
[7.589s] -- Up-to-date: /home/bachelor/ros2_ws/install/my_tutorial_interfaces/share/my_tutorial_interfaces/local_setup.sh
[7.590s] -- Up-to-date: /home/bachelor/ros2_ws/install/my_tutorial_interfaces/share/my_tutorial_interfaces/local_setup.zsh
[7.590s] -- Up-to-date: /home/bachelor/ros2_ws/install/my_tutorial_interfaces/share/my_tutorial_interfaces/local_setup.dsv
[7.607s] -- Installing: /home/bachelor/ros2_ws/install/my_tutorial_interfaces/share/my_tutorial_interfaces/package.dsv
[7.607s] -- Up-to-date: /home/bachelor/ros2_ws/install/my_tutorial_interfaces/share/ament_index/resource_index/packages/my_tutorial_interfaces
[7.608s] -- Up-to-date: /home/bachelor/ros2_ws/install/my_tutorial_interfaces/share/my_tutorial_interfaces/cmake/export_my_tutorial_interfaces__rosidl_generator_cExport.cmake
[7.610s] -- Up-to-date: /home/bachelor/ros2_ws/install/my_tutorial_interfaces/share/my_tutorial_interfaces/cmake/export_my_tutorial_interfaces__rosidl_generator_cExport-noconfig.cmake
[7.628s] -- Up-to-date: /home/bachelor/ros2_ws/install/my_tutorial_interfaces/share/my_tutorial_interfaces/cmake/export_my_tutorial_interfaces__rosidl_typesupport_fastrtps_cExport.cmake
[7.628s] -- Up-to-date: /home/bachelor/ros2_ws/install/my_tutorial_interfaces/share/my_tutorial_interfaces/cmake/export_my_tutorial_interfaces__rosidl_typesupport_fastrtps_cExport-noconfig.cmake
[7.629s] -- Up-to-date: /home/bachelor/ros2_ws/install/my_tutorial_interfaces/share/my_tutorial_interfaces/cmake/my_tutorial_interfaces__rosidl_typesupport_introspection_cExport.cmake
[7.629s] -- Up-to-date: /home/bachelor/ros2_ws/install/my_tutorial_interfaces/share/my_tutorial_interfaces/cmake/my_tutorial_interfaces__rosidl_typesupport_introspection_cExport-noconfig.cmake
[7.630s] -- Up-to-date: /home/bachelor/ros2_ws/install/my_tutorial_interfaces/share/my_tutorial_interfaces/cmake/my_tutorial_interfaces__rosidl_typesupport_cExport.cmake
[7.630s] -- Up-to-date: /home/bachelor/ros2_ws/install/my_tutorial_interfaces/share/my_tutorial_interfaces/cmake/my_tutorial_interfaces__rosidl_typesupport_cExport-noconfig.cmake
[7.630s] -- Up-to-date: /home/bachelor/ros2_ws/install/my_tutorial_interfaces/share/my_tutorial_interfaces/cmake/export_my_tutorial_interfaces__rosidl_generator_cppExport.cmake
[7.630s] -- Up-to-date: /home/bachelor/ros2_ws/install/my_tutorial_interfaces/share/my_tutorial_interfaces/cmake/export_my_tutorial_interfaces__rosidl_typesupport_fastrtps_cppExport.cmake
[7.631s] -- Up-to-date: /home/bachelor/ros2_ws/install/my_tutorial_interfaces/share/my_tutorial_interfaces/cmake/export_my_tutorial_interfaces__rosidl_typesupport_fastrtps_cppExport-noconfig.cmake
[7.631s] -- Up-to-date: /home/bachelor/ros2_ws/install/my_tutorial_interfaces/share/my_tutorial_interfaces/cmake/my_tutorial_interfaces__rosidl_typesupport_introspection_cppExport.cmake
[7.631s] -- Up-to-date: /home/bachelor/ros2_ws/install/my_tutorial_interfaces/share/my_tutorial_interfaces/cmake/my_tutorial_interfaces__rosidl_typesupport_introspection_cppExport-noconfig.cmake
[7.631s] -- Up-to-date: /home/bachelor/ros2_ws/install/my_tutorial_interfaces/share/my_tutorial_interfaces/cmake/my_tutorial_interfaces__rosidl_typesupport_cppExport.cmake
[7.643s] -- Up-to-date: /home/bachelor/ros2_ws/install/my_tutorial_interfaces/share/my_tutorial_interfaces/cmake/my_tutorial_interfaces__rosidl_typesupport_cppExport-noconfig.cmake
[7.644s] -- Up-to-date: /home/bachelor/ros2_ws/install/my_tutorial_interfaces/share/my_tutorial_interfaces/cmake/export_my_tutorial_interfaces__rosidl_generator_pyExport.cmake
[7.644s] -- Up-to-date: /home/bachelor/ros2_ws/install/my_tutorial_interfaces/share/my_tutorial_interfaces/cmake/export_my_tutorial_interfaces__rosidl_generator_pyExport-noconfig.cmake
[7.645s] -- Up-to-date: /home/bachelor/ros2_ws/install/my_tutorial_interfaces/share/my_tutorial_interfaces/cmake/rosidl_cmake-extras.cmake
[7.645s] -- Up-to-date: /home/bachelor/ros2_ws/install/my_tutorial_interfaces/share/my_tutorial_interfaces/cmake/ament_cmake_export_dependencies-extras.cmake
[7.645s] -- Up-to-date: /home/bachelor/ros2_ws/install/my_tutorial_interfaces/share/my_tutorial_interfaces/cmake/ament_cmake_export_include_directories-extras.cmake
[7.645s] -- Up-to-date: /home/bachelor/ros2_ws/install/my_tutorial_interfaces/share/my_tutorial_interfaces/cmake/ament_cmake_export_libraries-extras.cmake
[7.645s] -- Up-to-date: /home/bachelor/ros2_ws/install/my_tutorial_interfaces/share/my_tutorial_interfaces/cmake/ament_cmake_export_targets-extras.cmake
[7.646s] -- Up-to-date: /home/bachelor/ros2_ws/install/my_tutorial_interfaces/share/my_tutorial_interfaces/cmake/rosidl_cmake_export_typesupport_targets-extras.cmake
[7.646s] -- Up-to-date: /home/bachelor/ros2_ws/install/my_tutorial_interfaces/share/my_tutorial_interfaces/cmake/rosidl_cmake_export_typesupport_libraries-extras.cmake
[7.646s] -- Up-to-date: /home/bachelor/ros2_ws/install/my_tutorial_interfaces/share/my_tutorial_interfaces/cmake/my_tutorial_interfacesConfig.cmake
[7.646s] -- Up-to-date: /home/bachelor/ros2_ws/install/my_tutorial_interfaces/share/my_tutorial_interfaces/cmake/my_tutorial_interfacesConfig-version.cmake
[7.646s] -- Up-to-date: /home/bachelor/ros2_ws/install/my_tutorial_interfaces/share/my_tutorial_interfaces/package.xml
[7.647s] Invoked command in '/home/bachelor/ros2_ws/build/my_tutorial_interfaces' returned '0': CMAKE_PREFIX_PATH=${CMAKE_PREFIX_PATH}:/home/bachelor/ros2_ws/install/my_py_pkg:/opt/ros/jazzy DEBUGINFOD_URLS=https://debuginfod.ubuntu.com /usr/bin/cmake --install /home/bachelor/ros2_ws/build/my_tutorial_interfaces
