[22.878s] Invoking command in '/home/bachelor/ros2_ws/src/my_py_pkg': DEBUGINFOD_URLS=https://debuginfod.ubuntu.com PYTHONPATH=/home/bachelor/ros2_ws/src/my_py_pkg/build/my_py_pkg/prefix_override:/usr/lib/python3/dist-packages/colcon_core/task/python/colcon_distutils_commands:/home/bachelor/ros2_ws/src/my_py_pkg/install/my_py_pkg/lib/python3.12/site-packages:${PYTHONPATH} /usr/bin/python3 -W ignore:setup.py install is deprecated -W ignore:easy_install command is deprecated setup.py egg_info --egg-base build/my_py_pkg build --build-base /home/bachelor/ros2_ws/src/my_py_pkg/build/my_py_pkg/build install --record /home/bachelor/ros2_ws/src/my_py_pkg/build/my_py_pkg/install.log --single-version-externally-managed install_data
[26.861s] running egg_info
[27.061s] writing build/my_py_pkg/my_py_pkg.egg-info/PKG-INFO
[27.074s] writing dependency_links to build/my_py_pkg/my_py_pkg.egg-info/dependency_links.txt
[27.080s] writing entry points to build/my_py_pkg/my_py_pkg.egg-info/entry_points.txt
[27.081s] writing requirements to build/my_py_pkg/my_py_pkg.egg-info/requires.txt
[27.087s] writing top-level names to build/my_py_pkg/my_py_pkg.egg-info/top_level.txt
[27.473s] reading manifest file 'build/my_py_pkg/my_py_pkg.egg-info/SOURCES.txt'
[27.503s] writing manifest file 'build/my_py_pkg/my_py_pkg.egg-info/SOURCES.txt'
[27.506s] running build
[27.506s] running build_py
[27.510s] copying my_py_pkg/number_counter.py -> /home/bachelor/ros2_ws/src/my_py_pkg/build/my_py_pkg/build/lib/my_py_pkg
[27.512s] copying my_py_pkg/number_publisher.py -> /home/bachelor/ros2_ws/src/my_py_pkg/build/my_py_pkg/build/lib/my_py_pkg
[27.513s] running install
[27.557s] running install_lib
[27.758s] copying /home/bachelor/ros2_ws/src/my_py_pkg/build/my_py_pkg/build/lib/my_py_pkg/number_counter.py -> /home/bachelor/ros2_ws/src/my_py_pkg/install/my_py_pkg/lib/python3.12/site-packages/my_py_pkg
[27.793s] copying /home/bachelor/ros2_ws/src/my_py_pkg/build/my_py_pkg/build/lib/my_py_pkg/number_publisher.py -> /home/bachelor/ros2_ws/src/my_py_pkg/install/my_py_pkg/lib/python3.12/site-packages/my_py_pkg
[27.821s] byte-compiling /home/bachelor/ros2_ws/src/my_py_pkg/install/my_py_pkg/lib/python3.12/site-packages/my_py_pkg/number_counter.py to number_counter.cpython-312.pyc
[27.836s] byte-compiling /home/bachelor/ros2_ws/src/my_py_pkg/install/my_py_pkg/lib/python3.12/site-packages/my_py_pkg/number_publisher.py to number_publisher.cpython-312.pyc
[27.837s] running install_data
[27.837s] copying package.xml -> /home/bachelor/ros2_ws/src/my_py_pkg/install/my_py_pkg/share/my_py_pkg
[27.847s] running install_egg_info
[28.103s] removing '/home/bachelor/ros2_ws/src/my_py_pkg/install/my_py_pkg/lib/python3.12/site-packages/my_py_pkg-0.0.0-py3.12.egg-info' (and everything under it)
[28.105s] Copying build/my_py_pkg/my_py_pkg.egg-info to /home/bachelor/ros2_ws/src/my_py_pkg/install/my_py_pkg/lib/python3.12/site-packages/my_py_pkg-0.0.0-py3.12.egg-info
[28.155s] running install_scripts
[29.401s] Installing number_counter script to /home/bachelor/ros2_ws/src/my_py_pkg/install/my_py_pkg/lib/my_py_pkg
[29.408s] Installing number_publisher script to /home/bachelor/ros2_ws/src/my_py_pkg/install/my_py_pkg/lib/my_py_pkg
[29.432s] Installing test_node script to /home/bachelor/ros2_ws/src/my_py_pkg/install/my_py_pkg/lib/my_py_pkg
[29.450s] writing list of installed files to '/home/bachelor/ros2_ws/src/my_py_pkg/build/my_py_pkg/install.log'
[29.909s] Invoked command in '/home/bachelor/ros2_ws/src/my_py_pkg' returned '0': DEBUGINFOD_URLS=https://debuginfod.ubuntu.com PYTHONPATH=/home/bachelor/ros2_ws/src/my_py_pkg/build/my_py_pkg/prefix_override:/usr/lib/python3/dist-packages/colcon_core/task/python/colcon_distutils_commands:/home/bachelor/ros2_ws/src/my_py_pkg/install/my_py_pkg/lib/python3.12/site-packages:${PYTHONPATH} /usr/bin/python3 -W ignore:setup.py install is deprecated -W ignore:easy_install command is deprecated setup.py egg_info --egg-base build/my_py_pkg build --build-base /home/bachelor/ros2_ws/src/my_py_pkg/build/my_py_pkg/build install --record /home/bachelor/ros2_ws/src/my_py_pkg/build/my_py_pkg/install.log --single-version-externally-managed install_data
