[0.211s] Invoking command in '/home/bachelor/ros2_ws/build/my_tutorial_interfaces': CMAKE_PREFIX_PATH=${CMAKE_PREFIX_PATH}:/home/bachelor/ros2_ws/install/v1_topic_pkg:/home/bachelor/ros2_ws/install/my_py_pkg:/opt/ros/jazzy DEBUGINFOD_URLS=https://debuginfod.ubuntu.com /usr/bin/cmake --build /home/bachelor/ros2_ws/build/my_tutorial_interfaces -- -j1 -l1
[1.441s] [  2%] Built target my_tutorial_interfaces__rosidl_generator_type_description
[1.655s] [  5%] Built target my_tutorial_interfaces__cpp
[2.054s] [ 20%] Built target my_tutorial_interfaces__rosidl_generator_c
[2.599s] [ 29%] Built target my_tutorial_interfaces__rosidl_typesupport_cpp
[3.000s] [ 38%] Built target my_tutorial_interfaces__rosidl_typesupport_fastrtps_c
[3.215s] [ 47%] Built target my_tutorial_interfaces__rosidl_typesupport_introspection_c
[3.446s] [ 55%] Built target my_tutorial_interfaces__rosidl_typesupport_c
[3.774s] [ 64%] Built target my_tutorial_interfaces__rosidl_typesupport_fastrtps_cpp
[4.102s] [ 73%] Built target my_tutorial_interfaces__rosidl_typesupport_introspection_cpp
[4.319s] [ 73%] Built target my_tutorial_interfaces
[4.919s] [ 73%] Built target ament_cmake_python_copy_my_tutorial_interfaces
[7.999s] running egg_info
[8.140s] writing my_tutorial_interfaces.egg-info/PKG-INFO
[8.150s] writing dependency_links to my_tutorial_interfaces.egg-info/dependency_links.txt
[8.204s] writing top-level names to my_tutorial_interfaces.egg-info/top_level.txt
[8.596s] reading manifest file 'my_tutorial_interfaces.egg-info/SOURCES.txt'
[8.614s] writing manifest file 'my_tutorial_interfaces.egg-info/SOURCES.txt'
[8.833s] [ 73%] Built target ament_cmake_python_build_my_tutorial_interfaces_egg
[9.048s] [ 76%] Built target my_tutorial_interfaces__py
[9.492s] [ 82%] Built target my_tutorial_interfaces__rosidl_generator_py
[10.484s] [ 88%] Built target my_tutorial_interfaces_s__rosidl_typesupport_fastrtps_c
[10.785s] [ 94%] Built target my_tutorial_interfaces_s__rosidl_typesupport_introspection_c
[11.040s] [100%] Built target my_tutorial_interfaces_s__rosidl_typesupport_c
[11.197s] Invoked command in '/home/bachelor/ros2_ws/build/my_tutorial_interfaces' returned '0': CMAKE_PREFIX_PATH=${CMAKE_PREFIX_PATH}:/home/bachelor/ros2_ws/install/v1_topic_pkg:/home/bachelor/ros2_ws/install/my_py_pkg:/opt/ros/jazzy DEBUGINFOD_URLS=https://debuginfod.ubuntu.com /usr/bin/cmake --build /home/bachelor/ros2_ws/build/my_tutorial_interfaces -- -j1 -l1
[11.375s] Invoking command in '/home/bachelor/ros2_ws/build/my_tutorial_interfaces': CMAKE_PREFIX_PATH=${CMAKE_PREFIX_PATH}:/home/bachelor/ros2_ws/install/v1_topic_pkg:/home/bachelor/ros2_ws/install/my_py_pkg:/opt/ros/jazzy DEBUGINFOD_URLS=https://debuginfod.ubuntu.com /usr/bin/cmake --install /home/bachelor/ros2_ws/build/my_tutorial_interfaces
[11.593s] -- Install configuration: ""
[11.597s] -- Up-to-date: /home/bachelor/ros2_ws/install/my_tutorial_interfaces/share/ament_index/resource_index/rosidl_interfaces/my_tutorial_interfaces
[11.599s] -- Up-to-date: /home/bachelor/ros2_ws/install/my_tutorial_interfaces/share/my_tutorial_interfaces/srv/ResetCounter.json
[11.603s] -- Up-to-date: /home/bachelor/ros2_ws/install/my_tutorial_interfaces/include/my_tutorial_interfaces/my_tutorial_interfaces
[11.605s] -- Up-to-date: /home/bachelor/ros2_ws/install/my_tutorial_interfaces/include/my_tutorial_interfaces/my_tutorial_interfaces/srv
[11.616s] -- Up-to-date: /home/bachelor/ros2_ws/install/my_tutorial_interfaces/include/my_tutorial_interfaces/my_tutorial_interfaces/srv/detail
[11.630s] -- Up-to-date: /home/bachelor/ros2_ws/install/my_tutorial_interfaces/include/my_tutorial_interfaces/my_tutorial_interfaces/srv/detail/reset_counter__struct.h
[11.632s] -- Up-to-date: /home/bachelor/ros2_ws/install/my_tutorial_interfaces/include/my_tutorial_interfaces/my_tutorial_interfaces/srv/detail/reset_counter__type_support.h
[11.632s] -- Up-to-date: /home/bachelor/ros2_ws/install/my_tutorial_interfaces/include/my_tutorial_interfaces/my_tutorial_interfaces/srv/detail/reset_counter__functions.c
[11.647s] -- Up-to-date: /home/bachelor/ros2_ws/install/my_tutorial_interfaces/include/my_tutorial_interfaces/my_tutorial_interfaces/srv/detail/reset_counter__functions.h
[11.647s] -- Installing: /home/bachelor/ros2_ws/install/my_tutorial_interfaces/include/my_tutorial_interfaces/my_tutorial_interfaces/srv/detail/reset_counter__type_support.c
[11.662s] -- Up-to-date: /home/bachelor/ros2_ws/install/my_tutorial_interfaces/include/my_tutorial_interfaces/my_tutorial_interfaces/srv/detail/reset_counter__description.c
[11.663s] -- Up-to-date: /home/bachelor/ros2_ws/install/my_tutorial_interfaces/include/my_tutorial_interfaces/my_tutorial_interfaces/srv/reset_counter.h
[11.663s] -- Up-to-date: /home/bachelor/ros2_ws/install/my_tutorial_interfaces/include/my_tutorial_interfaces/my_tutorial_interfaces/msg
[11.672s] -- Up-to-date: /home/bachelor/ros2_ws/install/my_tutorial_interfaces/include/my_tutorial_interfaces/my_tutorial_interfaces/msg/rosidl_generator_c__visibility_control.h
[11.680s] -- Up-to-date: /home/bachelor/ros2_ws/install/my_tutorial_interfaces/share/my_tutorial_interfaces/environment/library_path.sh
[11.680s] -- Up-to-date: /home/bachelor/ros2_ws/install/my_tutorial_interfaces/share/my_tutorial_interfaces/environment/library_path.dsv
[11.688s] -- Up-to-date: /home/bachelor/ros2_ws/install/my_tutorial_interfaces/lib/libmy_tutorial_interfaces__rosidl_generator_c.so
[11.693s] -- Up-to-date: /home/bachelor/ros2_ws/install/my_tutorial_interfaces/include/my_tutorial_interfaces/my_tutorial_interfaces
[11.697s] -- Up-to-date: /home/bachelor/ros2_ws/install/my_tutorial_interfaces/include/my_tutorial_interfaces/my_tutorial_interfaces/srv
[11.701s] -- Up-to-date: /home/bachelor/ros2_ws/install/my_tutorial_interfaces/include/my_tutorial_interfaces/my_tutorial_interfaces/srv/detail
[11.705s] -- Up-to-date: /home/bachelor/ros2_ws/install/my_tutorial_interfaces/include/my_tutorial_interfaces/my_tutorial_interfaces/srv/detail/reset_counter__rosidl_typesupport_fastrtps_c.h
[11.710s] -- Up-to-date: /home/bachelor/ros2_ws/install/my_tutorial_interfaces/include/my_tutorial_interfaces/my_tutorial_interfaces/msg
[11.711s] -- Up-to-date: /home/bachelor/ros2_ws/install/my_tutorial_interfaces/include/my_tutorial_interfaces/my_tutorial_interfaces/msg/rosidl_typesupport_fastrtps_c__visibility_control.h
[11.728s] -- Up-to-date: /home/bachelor/ros2_ws/install/my_tutorial_interfaces/lib/libmy_tutorial_interfaces__rosidl_typesupport_fastrtps_c.so
[11.735s] -- Up-to-date: /home/bachelor/ros2_ws/install/my_tutorial_interfaces/include/my_tutorial_interfaces/my_tutorial_interfaces
[11.763s] -- Up-to-date: /home/bachelor/ros2_ws/install/my_tutorial_interfaces/include/my_tutorial_interfaces/my_tutorial_interfaces/srv
[11.767s] -- Up-to-date: /home/bachelor/ros2_ws/install/my_tutorial_interfaces/include/my_tutorial_interfaces/my_tutorial_interfaces/srv/detail
[11.775s] -- Up-to-date: /home/bachelor/ros2_ws/install/my_tutorial_interfaces/include/my_tutorial_interfaces/my_tutorial_interfaces/srv/detail/reset_counter__rosidl_typesupport_introspection_c.h
[11.778s] -- Installing: /home/bachelor/ros2_ws/install/my_tutorial_interfaces/include/my_tutorial_interfaces/my_tutorial_interfaces/srv/detail/reset_counter__type_support.c
[11.791s] -- Up-to-date: /home/bachelor/ros2_ws/install/my_tutorial_interfaces/include/my_tutorial_interfaces/my_tutorial_interfaces/msg
[11.798s] -- Up-to-date: /home/bachelor/ros2_ws/install/my_tutorial_interfaces/include/my_tutorial_interfaces/my_tutorial_interfaces/msg/rosidl_typesupport_introspection_c__visibility_control.h
[11.808s] -- Up-to-date: /home/bachelor/ros2_ws/install/my_tutorial_interfaces/lib/libmy_tutorial_interfaces__rosidl_typesupport_introspection_c.so
[11.830s] -- Up-to-date: /home/bachelor/ros2_ws/install/my_tutorial_interfaces/lib/libmy_tutorial_interfaces__rosidl_typesupport_c.so
[11.832s] -- Up-to-date: /home/bachelor/ros2_ws/install/my_tutorial_interfaces/include/my_tutorial_interfaces/my_tutorial_interfaces
[11.864s] -- Up-to-date: /home/bachelor/ros2_ws/install/my_tutorial_interfaces/include/my_tutorial_interfaces/my_tutorial_interfaces/srv
[11.866s] -- Up-to-date: /home/bachelor/ros2_ws/install/my_tutorial_interfaces/include/my_tutorial_interfaces/my_tutorial_interfaces/srv/detail
[11.871s] -- Up-to-date: /home/bachelor/ros2_ws/install/my_tutorial_interfaces/include/my_tutorial_interfaces/my_tutorial_interfaces/srv/detail/reset_counter__builder.hpp
[11.885s] -- Up-to-date: /home/bachelor/ros2_ws/install/my_tutorial_interfaces/include/my_tutorial_interfaces/my_tutorial_interfaces/srv/detail/reset_counter__traits.hpp
[11.885s] -- Up-to-date: /home/bachelor/ros2_ws/install/my_tutorial_interfaces/include/my_tutorial_interfaces/my_tutorial_interfaces/srv/detail/reset_counter__type_support.hpp
[11.885s] -- Up-to-date: /home/bachelor/ros2_ws/install/my_tutorial_interfaces/include/my_tutorial_interfaces/my_tutorial_interfaces/srv/detail/reset_counter__struct.hpp
[11.885s] -- Up-to-date: /home/bachelor/ros2_ws/install/my_tutorial_interfaces/include/my_tutorial_interfaces/my_tutorial_interfaces/srv/reset_counter.hpp
[11.889s] -- Up-to-date: /home/bachelor/ros2_ws/install/my_tutorial_interfaces/include/my_tutorial_interfaces/my_tutorial_interfaces/msg
[11.889s] -- Up-to-date: /home/bachelor/ros2_ws/install/my_tutorial_interfaces/include/my_tutorial_interfaces/my_tutorial_interfaces/msg/rosidl_generator_cpp__visibility_control.hpp
[11.890s] -- Up-to-date: /home/bachelor/ros2_ws/install/my_tutorial_interfaces/include/my_tutorial_interfaces/my_tutorial_interfaces
[11.890s] -- Up-to-date: /home/bachelor/ros2_ws/install/my_tutorial_interfaces/include/my_tutorial_interfaces/my_tutorial_interfaces/srv
[11.897s] -- Up-to-date: /home/bachelor/ros2_ws/install/my_tutorial_interfaces/include/my_tutorial_interfaces/my_tutorial_interfaces/srv/detail
[11.897s] -- Up-to-date: /home/bachelor/ros2_ws/install/my_tutorial_interfaces/include/my_tutorial_interfaces/my_tutorial_interfaces/srv/detail/reset_counter__rosidl_typesupport_fastrtps_cpp.hpp
[11.900s] -- Up-to-date: /home/bachelor/ros2_ws/install/my_tutorial_interfaces/include/my_tutorial_interfaces/my_tutorial_interfaces/srv/detail/dds_fastrtps
[11.901s] -- Up-to-date: /home/bachelor/ros2_ws/install/my_tutorial_interfaces/include/my_tutorial_interfaces/my_tutorial_interfaces/msg
[11.947s] -- Up-to-date: /home/bachelor/ros2_ws/install/my_tutorial_interfaces/include/my_tutorial_interfaces/my_tutorial_interfaces/msg/rosidl_typesupport_fastrtps_cpp__visibility_control.h
[11.963s] -- Up-to-date: /home/bachelor/ros2_ws/install/my_tutorial_interfaces/lib/libmy_tutorial_interfaces__rosidl_typesupport_fastrtps_cpp.so
[11.963s] -- Up-to-date: /home/bachelor/ros2_ws/install/my_tutorial_interfaces/include/my_tutorial_interfaces/my_tutorial_interfaces
[11.966s] -- Up-to-date: /home/bachelor/ros2_ws/install/my_tutorial_interfaces/include/my_tutorial_interfaces/my_tutorial_interfaces/srv
[11.970s] -- Up-to-date: /home/bachelor/ros2_ws/install/my_tutorial_interfaces/include/my_tutorial_interfaces/my_tutorial_interfaces/srv/detail
[11.987s] -- Up-to-date: /home/bachelor/ros2_ws/install/my_tutorial_interfaces/include/my_tutorial_interfaces/my_tutorial_interfaces/srv/detail/reset_counter__rosidl_typesupport_introspection_cpp.hpp
[11.987s] -- Up-to-date: /home/bachelor/ros2_ws/install/my_tutorial_interfaces/include/my_tutorial_interfaces/my_tutorial_interfaces/srv/detail/reset_counter__type_support.cpp
[11.992s] -- Up-to-date: /home/bachelor/ros2_ws/install/my_tutorial_interfaces/lib/libmy_tutorial_interfaces__rosidl_typesupport_introspection_cpp.so
[11.999s] -- Up-to-date: /home/bachelor/ros2_ws/install/my_tutorial_interfaces/lib/libmy_tutorial_interfaces__rosidl_typesupport_cpp.so
[12.036s] -- Up-to-date: /home/bachelor/ros2_ws/install/my_tutorial_interfaces/share/my_tutorial_interfaces/environment/pythonpath.sh
[12.036s] -- Up-to-date: /home/bachelor/ros2_ws/install/my_tutorial_interfaces/share/my_tutorial_interfaces/environment/pythonpath.dsv
[12.036s] -- Up-to-date: /home/bachelor/ros2_ws/install/my_tutorial_interfaces/lib/python3.12/site-packages/my_tutorial_interfaces-0.0.0-py3.12.egg-info
[12.037s] -- Installing: /home/bachelor/ros2_ws/install/my_tutorial_interfaces/lib/python3.12/site-packages/my_tutorial_interfaces-0.0.0-py3.12.egg-info/PKG-INFO
[12.037s] -- Installing: /home/bachelor/ros2_ws/install/my_tutorial_interfaces/lib/python3.12/site-packages/my_tutorial_interfaces-0.0.0-py3.12.egg-info/SOURCES.txt
[12.037s] -- Installing: /home/bachelor/ros2_ws/install/my_tutorial_interfaces/lib/python3.12/site-packages/my_tutorial_interfaces-0.0.0-py3.12.egg-info/top_level.txt
[12.037s] -- Installing: /home/bachelor/ros2_ws/install/my_tutorial_interfaces/lib/python3.12/site-packages/my_tutorial_interfaces-0.0.0-py3.12.egg-info/dependency_links.txt
[12.048s] -- Up-to-date: /home/bachelor/ros2_ws/install/my_tutorial_interfaces/lib/python3.12/site-packages/my_tutorial_interfaces
[12.079s] -- Up-to-date: /home/bachelor/ros2_ws/install/my_tutorial_interfaces/lib/python3.12/site-packages/my_tutorial_interfaces/my_tutorial_interfaces_s__rosidl_typesupport_c.so
[12.080s] -- Up-to-date: /home/bachelor/ros2_ws/install/my_tutorial_interfaces/lib/python3.12/site-packages/my_tutorial_interfaces/_my_tutorial_interfaces_s.ep.rosidl_typesupport_c.c
[12.080s] -- Up-to-date: /home/bachelor/ros2_ws/install/my_tutorial_interfaces/lib/python3.12/site-packages/my_tutorial_interfaces/srv
[12.080s] -- Up-to-date: /home/bachelor/ros2_ws/install/my_tutorial_interfaces/lib/python3.12/site-packages/my_tutorial_interfaces/srv/_reset_counter_s.c
[12.080s] -- Up-to-date: /home/bachelor/ros2_ws/install/my_tutorial_interfaces/lib/python3.12/site-packages/my_tutorial_interfaces/srv/__init__.py
[12.080s] -- Up-to-date: /home/bachelor/ros2_ws/install/my_tutorial_interfaces/lib/python3.12/site-packages/my_tutorial_interfaces/srv/_reset_counter.py
[12.080s] -- Up-to-date: /home/bachelor/ros2_ws/install/my_tutorial_interfaces/lib/python3.12/site-packages/my_tutorial_interfaces/_my_tutorial_interfaces_s.ep.rosidl_typesupport_introspection_c.c
[12.081s] -- Up-to-date: /home/bachelor/ros2_ws/install/my_tutorial_interfaces/lib/python3.12/site-packages/my_tutorial_interfaces/_my_tutorial_interfaces_s.ep.rosidl_typesupport_fastrtps_c.c
[12.081s] -- Up-to-date: /home/bachelor/ros2_ws/install/my_tutorial_interfaces/lib/python3.12/site-packages/my_tutorial_interfaces/my_tutorial_interfaces_s__rosidl_typesupport_introspection_c.so
[12.081s] -- Up-to-date: /home/bachelor/ros2_ws/install/my_tutorial_interfaces/lib/python3.12/site-packages/my_tutorial_interfaces/__init__.py
[12.081s] -- Up-to-date: /home/bachelor/ros2_ws/install/my_tutorial_interfaces/lib/python3.12/site-packages/my_tutorial_interfaces/my_tutorial_interfaces_s__rosidl_typesupport_fastrtps_c.so
[12.446s] Listing '/home/bachelor/ros2_ws/install/my_tutorial_interfaces/lib/python3.12/site-packages/my_tutorial_interfaces'...
[12.447s] Listing '/home/bachelor/ros2_ws/install/my_tutorial_interfaces/lib/python3.12/site-packages/my_tutorial_interfaces/srv'...
[12.538s] -- Up-to-date: /home/bachelor/ros2_ws/install/my_tutorial_interfaces/lib/python3.12/site-packages/my_tutorial_interfaces/my_tutorial_interfaces_s__rosidl_typesupport_fastrtps_c.so
[12.554s] -- Up-to-date: /home/bachelor/ros2_ws/install/my_tutorial_interfaces/lib/python3.12/site-packages/my_tutorial_interfaces/my_tutorial_interfaces_s__rosidl_typesupport_introspection_c.so
[12.599s] -- Up-to-date: /home/bachelor/ros2_ws/install/my_tutorial_interfaces/lib/python3.12/site-packages/my_tutorial_interfaces/my_tutorial_interfaces_s__rosidl_typesupport_c.so
[12.606s] -- Up-to-date: /home/bachelor/ros2_ws/install/my_tutorial_interfaces/lib/libmy_tutorial_interfaces__rosidl_generator_py.so
[12.606s] -- Up-to-date: /home/bachelor/ros2_ws/install/my_tutorial_interfaces/share/my_tutorial_interfaces/srv/ResetCounter.idl
[12.606s] -- Up-to-date: /home/bachelor/ros2_ws/install/my_tutorial_interfaces/share/my_tutorial_interfaces/srv/ResetCounter.srv
[12.608s] -- Up-to-date: /home/bachelor/ros2_ws/install/my_tutorial_interfaces/share/ament_index/resource_index/package_run_dependencies/my_tutorial_interfaces
[12.635s] -- Up-to-date: /home/bachelor/ros2_ws/install/my_tutorial_interfaces/share/ament_index/resource_index/parent_prefix_path/my_tutorial_interfaces
[12.635s] -- Up-to-date: /home/bachelor/ros2_ws/install/my_tutorial_interfaces/share/my_tutorial_interfaces/environment/ament_prefix_path.sh
[12.635s] -- Up-to-date: /home/bachelor/ros2_ws/install/my_tutorial_interfaces/share/my_tutorial_interfaces/environment/ament_prefix_path.dsv
[12.635s] -- Up-to-date: /home/bachelor/ros2_ws/install/my_tutorial_interfaces/share/my_tutorial_interfaces/environment/path.sh
[12.636s] -- Up-to-date: /home/bachelor/ros2_ws/install/my_tutorial_interfaces/share/my_tutorial_interfaces/environment/path.dsv
[12.636s] -- Up-to-date: /home/bachelor/ros2_ws/install/my_tutorial_interfaces/share/my_tutorial_interfaces/local_setup.bash
[12.636s] -- Up-to-date: /home/bachelor/ros2_ws/install/my_tutorial_interfaces/share/my_tutorial_interfaces/local_setup.sh
[12.636s] -- Up-to-date: /home/bachelor/ros2_ws/install/my_tutorial_interfaces/share/my_tutorial_interfaces/local_setup.zsh
[12.637s] -- Up-to-date: /home/bachelor/ros2_ws/install/my_tutorial_interfaces/share/my_tutorial_interfaces/local_setup.dsv
[12.637s] -- Installing: /home/bachelor/ros2_ws/install/my_tutorial_interfaces/share/my_tutorial_interfaces/package.dsv
[12.661s] -- Up-to-date: /home/bachelor/ros2_ws/install/my_tutorial_interfaces/share/ament_index/resource_index/packages/my_tutorial_interfaces
[12.663s] -- Up-to-date: /home/bachelor/ros2_ws/install/my_tutorial_interfaces/share/my_tutorial_interfaces/cmake/export_my_tutorial_interfaces__rosidl_generator_cExport.cmake
[12.666s] -- Up-to-date: /home/bachelor/ros2_ws/install/my_tutorial_interfaces/share/my_tutorial_interfaces/cmake/export_my_tutorial_interfaces__rosidl_generator_cExport-noconfig.cmake
[12.708s] -- Up-to-date: /home/bachelor/ros2_ws/install/my_tutorial_interfaces/share/my_tutorial_interfaces/cmake/export_my_tutorial_interfaces__rosidl_typesupport_fastrtps_cExport.cmake
[12.708s] -- Up-to-date: /home/bachelor/ros2_ws/install/my_tutorial_interfaces/share/my_tutorial_interfaces/cmake/export_my_tutorial_interfaces__rosidl_typesupport_fastrtps_cExport-noconfig.cmake
[12.739s] -- Up-to-date: /home/bachelor/ros2_ws/install/my_tutorial_interfaces/share/my_tutorial_interfaces/cmake/my_tutorial_interfaces__rosidl_typesupport_introspection_cExport.cmake
[12.740s] -- Up-to-date: /home/bachelor/ros2_ws/install/my_tutorial_interfaces/share/my_tutorial_interfaces/cmake/my_tutorial_interfaces__rosidl_typesupport_introspection_cExport-noconfig.cmake
[12.748s] -- Up-to-date: /home/bachelor/ros2_ws/install/my_tutorial_interfaces/share/my_tutorial_interfaces/cmake/my_tutorial_interfaces__rosidl_typesupport_cExport.cmake
[12.749s] -- Up-to-date: /home/bachelor/ros2_ws/install/my_tutorial_interfaces/share/my_tutorial_interfaces/cmake/my_tutorial_interfaces__rosidl_typesupport_cExport-noconfig.cmake
[12.788s] -- Up-to-date: /home/bachelor/ros2_ws/install/my_tutorial_interfaces/share/my_tutorial_interfaces/cmake/export_my_tutorial_interfaces__rosidl_generator_cppExport.cmake
[12.793s] -- Up-to-date: /home/bachelor/ros2_ws/install/my_tutorial_interfaces/share/my_tutorial_interfaces/cmake/export_my_tutorial_interfaces__rosidl_typesupport_fastrtps_cppExport.cmake
[12.839s] -- Up-to-date: /home/bachelor/ros2_ws/install/my_tutorial_interfaces/share/my_tutorial_interfaces/cmake/export_my_tutorial_interfaces__rosidl_typesupport_fastrtps_cppExport-noconfig.cmake
[12.839s] -- Up-to-date: /home/bachelor/ros2_ws/install/my_tutorial_interfaces/share/my_tutorial_interfaces/cmake/my_tutorial_interfaces__rosidl_typesupport_introspection_cppExport.cmake
[12.840s] -- Up-to-date: /home/bachelor/ros2_ws/install/my_tutorial_interfaces/share/my_tutorial_interfaces/cmake/my_tutorial_interfaces__rosidl_typesupport_introspection_cppExport-noconfig.cmake
[12.849s] -- Up-to-date: /home/bachelor/ros2_ws/install/my_tutorial_interfaces/share/my_tutorial_interfaces/cmake/my_tutorial_interfaces__rosidl_typesupport_cppExport.cmake
[12.849s] -- Up-to-date: /home/bachelor/ros2_ws/install/my_tutorial_interfaces/share/my_tutorial_interfaces/cmake/my_tutorial_interfaces__rosidl_typesupport_cppExport-noconfig.cmake
[12.878s] -- Up-to-date: /home/bachelor/ros2_ws/install/my_tutorial_interfaces/share/my_tutorial_interfaces/cmake/export_my_tutorial_interfaces__rosidl_generator_pyExport.cmake
[12.896s] -- Up-to-date: /home/bachelor/ros2_ws/install/my_tutorial_interfaces/share/my_tutorial_interfaces/cmake/export_my_tutorial_interfaces__rosidl_generator_pyExport-noconfig.cmake
[12.896s] -- Up-to-date: /home/bachelor/ros2_ws/install/my_tutorial_interfaces/share/my_tutorial_interfaces/cmake/rosidl_cmake-extras.cmake
[12.896s] -- Up-to-date: /home/bachelor/ros2_ws/install/my_tutorial_interfaces/share/my_tutorial_interfaces/cmake/ament_cmake_export_dependencies-extras.cmake
[12.896s] -- Up-to-date: /home/bachelor/ros2_ws/install/my_tutorial_interfaces/share/my_tutorial_interfaces/cmake/ament_cmake_export_include_directories-extras.cmake
[12.897s] -- Up-to-date: /home/bachelor/ros2_ws/install/my_tutorial_interfaces/share/my_tutorial_interfaces/cmake/ament_cmake_export_libraries-extras.cmake
[12.897s] -- Up-to-date: /home/bachelor/ros2_ws/install/my_tutorial_interfaces/share/my_tutorial_interfaces/cmake/ament_cmake_export_targets-extras.cmake
[12.897s] -- Up-to-date: /home/bachelor/ros2_ws/install/my_tutorial_interfaces/share/my_tutorial_interfaces/cmake/rosidl_cmake_export_typesupport_targets-extras.cmake
[12.897s] -- Up-to-date: /home/bachelor/ros2_ws/install/my_tutorial_interfaces/share/my_tutorial_interfaces/cmake/rosidl_cmake_export_typesupport_libraries-extras.cmake
[12.897s] -- Up-to-date: /home/bachelor/ros2_ws/install/my_tutorial_interfaces/share/my_tutorial_interfaces/cmake/my_tutorial_interfacesConfig.cmake
[12.897s] -- Up-to-date: /home/bachelor/ros2_ws/install/my_tutorial_interfaces/share/my_tutorial_interfaces/cmake/my_tutorial_interfacesConfig-version.cmake
[12.897s] -- Up-to-date: /home/bachelor/ros2_ws/install/my_tutorial_interfaces/share/my_tutorial_interfaces/package.xml
[12.978s] Invoked command in '/home/bachelor/ros2_ws/build/my_tutorial_interfaces' returned '0': CMAKE_PREFIX_PATH=${CMAKE_PREFIX_PATH}:/home/bachelor/ros2_ws/install/v1_topic_pkg:/home/bachelor/ros2_ws/install/my_py_pkg:/opt/ros/jazzy DEBUGINFOD_URLS=https://debuginfod.ubuntu.com /usr/bin/cmake --install /home/bachelor/ros2_ws/build/my_tutorial_interfaces
