[  2%] Built target v2_service_interface__rosidl_generator_type_description
[ 17%] Built target v2_service_interface__rosidl_generator_c
[ 26%] Built target v2_service_interface__rosidl_typesupport_fastrtps_c
[ 35%] Built target v2_service_interface__rosidl_typesupport_introspection_c
[ 44%] Built target v2_service_interface__rosidl_typesupport_c
[ 47%] Built target v2_service_interface__cpp
[ 55%] Built target v2_service_interface__rosidl_typesupport_fastrtps_cpp
[ 64%] Built target v2_service_interface__rosidl_typesupport_introspection_cpp
[ 73%] Built target v2_service_interface__rosidl_typesupport_cpp
[ 73%] Built target v2_service_interface
[ 73%] Built target ament_cmake_python_copy_v2_service_interface
running egg_info
writing v2_service_interface.egg-info/PKG-INFO
writing dependency_links to v2_service_interface.egg-info/dependency_links.txt
writing top-level names to v2_service_interface.egg-info/top_level.txt
reading manifest file 'v2_service_interface.egg-info/SOURCES.txt'
writing manifest file 'v2_service_interface.egg-info/SOURCES.txt'
[ 73%] Built target ament_cmake_python_build_v2_service_interface_egg
[ 76%] Built target v2_service_interface__py
[ 82%] Built target v2_service_interface__rosidl_generator_py
[ 88%] Built target v2_service_interface_s__rosidl_typesupport_fastrtps_c
[ 94%] Built target v2_service_interface_s__rosidl_typesupport_introspection_c
[100%] Built target v2_service_interface_s__rosidl_typesupport_c
-- Install configuration: ""
-- Up-to-date: /home/bachelor/ros2_ws/install/v2_service_interface/share/ament_index/resource_index/rosidl_interfaces/v2_service_interface
-- Up-to-date: /home/bachelor/ros2_ws/install/v2_service_interface/share/v2_service_interface/srv/SetScanFrequency.json
-- Up-to-date: /home/bachelor/ros2_ws/install/v2_service_interface/include/v2_service_interface/v2_service_interface
-- Up-to-date: /home/bachelor/ros2_ws/install/v2_service_interface/include/v2_service_interface/v2_service_interface/srv
-- Up-to-date: /home/bachelor/ros2_ws/install/v2_service_interface/include/v2_service_interface/v2_service_interface/srv/detail
-- Up-to-date: /home/bachelor/ros2_ws/install/v2_service_interface/include/v2_service_interface/v2_service_interface/srv/detail/set_scan_frequency__functions.c
-- Installing: /home/bachelor/ros2_ws/install/v2_service_interface/include/v2_service_interface/v2_service_interface/srv/detail/set_scan_frequency__type_support.c
-- Up-to-date: /home/bachelor/ros2_ws/install/v2_service_interface/include/v2_service_interface/v2_service_interface/srv/detail/set_scan_frequency__description.c
-- Up-to-date: /home/bachelor/ros2_ws/install/v2_service_interface/include/v2_service_interface/v2_service_interface/srv/detail/set_scan_frequency__functions.h
-- Up-to-date: /home/bachelor/ros2_ws/install/v2_service_interface/include/v2_service_interface/v2_service_interface/srv/detail/set_scan_frequency__struct.h
-- Up-to-date: /home/bachelor/ros2_ws/install/v2_service_interface/include/v2_service_interface/v2_service_interface/srv/detail/set_scan_frequency__type_support.h
-- Up-to-date: /home/bachelor/ros2_ws/install/v2_service_interface/include/v2_service_interface/v2_service_interface/srv/set_scan_frequency.h
-- Up-to-date: /home/bachelor/ros2_ws/install/v2_service_interface/include/v2_service_interface/v2_service_interface/msg
-- Up-to-date: /home/bachelor/ros2_ws/install/v2_service_interface/include/v2_service_interface/v2_service_interface/msg/rosidl_generator_c__visibility_control.h
-- Up-to-date: /home/bachelor/ros2_ws/install/v2_service_interface/share/v2_service_interface/environment/library_path.sh
-- Up-to-date: /home/bachelor/ros2_ws/install/v2_service_interface/share/v2_service_interface/environment/library_path.dsv
-- Up-to-date: /home/bachelor/ros2_ws/install/v2_service_interface/lib/libv2_service_interface__rosidl_generator_c.so
-- Up-to-date: /home/bachelor/ros2_ws/install/v2_service_interface/include/v2_service_interface/v2_service_interface
-- Up-to-date: /home/bachelor/ros2_ws/install/v2_service_interface/include/v2_service_interface/v2_service_interface/srv
-- Up-to-date: /home/bachelor/ros2_ws/install/v2_service_interface/include/v2_service_interface/v2_service_interface/srv/detail
-- Up-to-date: /home/bachelor/ros2_ws/install/v2_service_interface/include/v2_service_interface/v2_service_interface/srv/detail/set_scan_frequency__rosidl_typesupport_fastrtps_c.h
-- Up-to-date: /home/bachelor/ros2_ws/install/v2_service_interface/include/v2_service_interface/v2_service_interface/msg
-- Up-to-date: /home/bachelor/ros2_ws/install/v2_service_interface/include/v2_service_interface/v2_service_interface/msg/rosidl_typesupport_fastrtps_c__visibility_control.h
-- Up-to-date: /home/bachelor/ros2_ws/install/v2_service_interface/lib/libv2_service_interface__rosidl_typesupport_fastrtps_c.so
-- Up-to-date: /home/bachelor/ros2_ws/install/v2_service_interface/include/v2_service_interface/v2_service_interface
-- Up-to-date: /home/bachelor/ros2_ws/install/v2_service_interface/include/v2_service_interface/v2_service_interface/srv
-- Up-to-date: /home/bachelor/ros2_ws/install/v2_service_interface/include/v2_service_interface/v2_service_interface/srv/detail
-- Installing: /home/bachelor/ros2_ws/install/v2_service_interface/include/v2_service_interface/v2_service_interface/srv/detail/set_scan_frequency__type_support.c
-- Up-to-date: /home/bachelor/ros2_ws/install/v2_service_interface/include/v2_service_interface/v2_service_interface/srv/detail/set_scan_frequency__rosidl_typesupport_introspection_c.h
-- Up-to-date: /home/bachelor/ros2_ws/install/v2_service_interface/include/v2_service_interface/v2_service_interface/msg
-- Up-to-date: /home/bachelor/ros2_ws/install/v2_service_interface/include/v2_service_interface/v2_service_interface/msg/rosidl_typesupport_introspection_c__visibility_control.h
-- Up-to-date: /home/bachelor/ros2_ws/install/v2_service_interface/lib/libv2_service_interface__rosidl_typesupport_introspection_c.so
-- Up-to-date: /home/bachelor/ros2_ws/install/v2_service_interface/lib/libv2_service_interface__rosidl_typesupport_c.so
-- Up-to-date: /home/bachelor/ros2_ws/install/v2_service_interface/include/v2_service_interface/v2_service_interface
-- Up-to-date: /home/bachelor/ros2_ws/install/v2_service_interface/include/v2_service_interface/v2_service_interface/srv
-- Up-to-date: /home/bachelor/ros2_ws/install/v2_service_interface/include/v2_service_interface/v2_service_interface/srv/detail
-- Up-to-date: /home/bachelor/ros2_ws/install/v2_service_interface/include/v2_service_interface/v2_service_interface/srv/detail/set_scan_frequency__type_support.hpp
-- Up-to-date: /home/bachelor/ros2_ws/install/v2_service_interface/include/v2_service_interface/v2_service_interface/srv/detail/set_scan_frequency__struct.hpp
-- Up-to-date: /home/bachelor/ros2_ws/install/v2_service_interface/include/v2_service_interface/v2_service_interface/srv/detail/set_scan_frequency__builder.hpp
-- Up-to-date: /home/bachelor/ros2_ws/install/v2_service_interface/include/v2_service_interface/v2_service_interface/srv/detail/set_scan_frequency__traits.hpp
-- Up-to-date: /home/bachelor/ros2_ws/install/v2_service_interface/include/v2_service_interface/v2_service_interface/srv/set_scan_frequency.hpp
-- Up-to-date: /home/bachelor/ros2_ws/install/v2_service_interface/include/v2_service_interface/v2_service_interface/msg
-- Up-to-date: /home/bachelor/ros2_ws/install/v2_service_interface/include/v2_service_interface/v2_service_interface/msg/rosidl_generator_cpp__visibility_control.hpp
-- Up-to-date: /home/bachelor/ros2_ws/install/v2_service_interface/include/v2_service_interface/v2_service_interface
-- Up-to-date: /home/bachelor/ros2_ws/install/v2_service_interface/include/v2_service_interface/v2_service_interface/srv
-- Up-to-date: /home/bachelor/ros2_ws/install/v2_service_interface/include/v2_service_interface/v2_service_interface/srv/detail
-- Up-to-date: /home/bachelor/ros2_ws/install/v2_service_interface/include/v2_service_interface/v2_service_interface/srv/detail/set_scan_frequency__rosidl_typesupport_fastrtps_cpp.hpp
-- Up-to-date: /home/bachelor/ros2_ws/install/v2_service_interface/include/v2_service_interface/v2_service_interface/srv/detail/dds_fastrtps
-- Up-to-date: /home/bachelor/ros2_ws/install/v2_service_interface/include/v2_service_interface/v2_service_interface/msg
-- Up-to-date: /home/bachelor/ros2_ws/install/v2_service_interface/include/v2_service_interface/v2_service_interface/msg/rosidl_typesupport_fastrtps_cpp__visibility_control.h
-- Up-to-date: /home/bachelor/ros2_ws/install/v2_service_interface/lib/libv2_service_interface__rosidl_typesupport_fastrtps_cpp.so
-- Up-to-date: /home/bachelor/ros2_ws/install/v2_service_interface/include/v2_service_interface/v2_service_interface
-- Up-to-date: /home/bachelor/ros2_ws/install/v2_service_interface/include/v2_service_interface/v2_service_interface/srv
-- Up-to-date: /home/bachelor/ros2_ws/install/v2_service_interface/include/v2_service_interface/v2_service_interface/srv/detail
-- Up-to-date: /home/bachelor/ros2_ws/install/v2_service_interface/include/v2_service_interface/v2_service_interface/srv/detail/set_scan_frequency__type_support.cpp
-- Up-to-date: /home/bachelor/ros2_ws/install/v2_service_interface/include/v2_service_interface/v2_service_interface/srv/detail/set_scan_frequency__rosidl_typesupport_introspection_cpp.hpp
-- Up-to-date: /home/bachelor/ros2_ws/install/v2_service_interface/lib/libv2_service_interface__rosidl_typesupport_introspection_cpp.so
-- Up-to-date: /home/bachelor/ros2_ws/install/v2_service_interface/lib/libv2_service_interface__rosidl_typesupport_cpp.so
-- Up-to-date: /home/bachelor/ros2_ws/install/v2_service_interface/share/v2_service_interface/environment/pythonpath.sh
-- Up-to-date: /home/bachelor/ros2_ws/install/v2_service_interface/share/v2_service_interface/environment/pythonpath.dsv
-- Up-to-date: /home/bachelor/ros2_ws/install/v2_service_interface/lib/python3.12/site-packages/v2_service_interface-0.0.0-py3.12.egg-info
-- Installing: /home/bachelor/ros2_ws/install/v2_service_interface/lib/python3.12/site-packages/v2_service_interface-0.0.0-py3.12.egg-info/PKG-INFO
-- Installing: /home/bachelor/ros2_ws/install/v2_service_interface/lib/python3.12/site-packages/v2_service_interface-0.0.0-py3.12.egg-info/SOURCES.txt
-- Installing: /home/bachelor/ros2_ws/install/v2_service_interface/lib/python3.12/site-packages/v2_service_interface-0.0.0-py3.12.egg-info/top_level.txt
-- Installing: /home/bachelor/ros2_ws/install/v2_service_interface/lib/python3.12/site-packages/v2_service_interface-0.0.0-py3.12.egg-info/dependency_links.txt
-- Up-to-date: /home/bachelor/ros2_ws/install/v2_service_interface/lib/python3.12/site-packages/v2_service_interface
-- Up-to-date: /home/bachelor/ros2_ws/install/v2_service_interface/lib/python3.12/site-packages/v2_service_interface/srv
-- Up-to-date: /home/bachelor/ros2_ws/install/v2_service_interface/lib/python3.12/site-packages/v2_service_interface/srv/_set_scan_frequency_s.c
-- Up-to-date: /home/bachelor/ros2_ws/install/v2_service_interface/lib/python3.12/site-packages/v2_service_interface/srv/__init__.py
-- Up-to-date: /home/bachelor/ros2_ws/install/v2_service_interface/lib/python3.12/site-packages/v2_service_interface/srv/_set_scan_frequency.py
-- Up-to-date: /home/bachelor/ros2_ws/install/v2_service_interface/lib/python3.12/site-packages/v2_service_interface/v2_service_interface_s__rosidl_typesupport_introspection_c.so
-- Up-to-date: /home/bachelor/ros2_ws/install/v2_service_interface/lib/python3.12/site-packages/v2_service_interface/_v2_service_interface_s.ep.rosidl_typesupport_c.c
-- Up-to-date: /home/bachelor/ros2_ws/install/v2_service_interface/lib/python3.12/site-packages/v2_service_interface/v2_service_interface_s__rosidl_typesupport_c.so
-- Up-to-date: /home/bachelor/ros2_ws/install/v2_service_interface/lib/python3.12/site-packages/v2_service_interface/__init__.py
-- Up-to-date: /home/bachelor/ros2_ws/install/v2_service_interface/lib/python3.12/site-packages/v2_service_interface/v2_service_interface_s__rosidl_typesupport_fastrtps_c.so
-- Up-to-date: /home/bachelor/ros2_ws/install/v2_service_interface/lib/python3.12/site-packages/v2_service_interface/_v2_service_interface_s.ep.rosidl_typesupport_introspection_c.c
-- Up-to-date: /home/bachelor/ros2_ws/install/v2_service_interface/lib/python3.12/site-packages/v2_service_interface/_v2_service_interface_s.ep.rosidl_typesupport_fastrtps_c.c
Listing '/home/bachelor/ros2_ws/install/v2_service_interface/lib/python3.12/site-packages/v2_service_interface'...
Listing '/home/bachelor/ros2_ws/install/v2_service_interface/lib/python3.12/site-packages/v2_service_interface/srv'...
-- Up-to-date: /home/bachelor/ros2_ws/install/v2_service_interface/lib/python3.12/site-packages/v2_service_interface/v2_service_interface_s__rosidl_typesupport_fastrtps_c.so
-- Up-to-date: /home/bachelor/ros2_ws/install/v2_service_interface/lib/python3.12/site-packages/v2_service_interface/v2_service_interface_s__rosidl_typesupport_introspection_c.so
-- Up-to-date: /home/bachelor/ros2_ws/install/v2_service_interface/lib/python3.12/site-packages/v2_service_interface/v2_service_interface_s__rosidl_typesupport_c.so
-- Up-to-date: /home/bachelor/ros2_ws/install/v2_service_interface/lib/libv2_service_interface__rosidl_generator_py.so
-- Up-to-date: /home/bachelor/ros2_ws/install/v2_service_interface/share/v2_service_interface/srv/SetScanFrequency.idl
-- Up-to-date: /home/bachelor/ros2_ws/install/v2_service_interface/share/v2_service_interface/srv/SetScanFrequency.srv
-- Up-to-date: /home/bachelor/ros2_ws/install/v2_service_interface/share/ament_index/resource_index/package_run_dependencies/v2_service_interface
-- Up-to-date: /home/bachelor/ros2_ws/install/v2_service_interface/share/ament_index/resource_index/parent_prefix_path/v2_service_interface
-- Up-to-date: /home/bachelor/ros2_ws/install/v2_service_interface/share/v2_service_interface/environment/ament_prefix_path.sh
-- Up-to-date: /home/bachelor/ros2_ws/install/v2_service_interface/share/v2_service_interface/environment/ament_prefix_path.dsv
-- Up-to-date: /home/bachelor/ros2_ws/install/v2_service_interface/share/v2_service_interface/environment/path.sh
-- Up-to-date: /home/bachelor/ros2_ws/install/v2_service_interface/share/v2_service_interface/environment/path.dsv
-- Up-to-date: /home/bachelor/ros2_ws/install/v2_service_interface/share/v2_service_interface/local_setup.bash
-- Up-to-date: /home/bachelor/ros2_ws/install/v2_service_interface/share/v2_service_interface/local_setup.sh
-- Up-to-date: /home/bachelor/ros2_ws/install/v2_service_interface/share/v2_service_interface/local_setup.zsh
-- Up-to-date: /home/bachelor/ros2_ws/install/v2_service_interface/share/v2_service_interface/local_setup.dsv
-- Installing: /home/bachelor/ros2_ws/install/v2_service_interface/share/v2_service_interface/package.dsv
-- Up-to-date: /home/bachelor/ros2_ws/install/v2_service_interface/share/ament_index/resource_index/packages/v2_service_interface
-- Up-to-date: /home/bachelor/ros2_ws/install/v2_service_interface/share/v2_service_interface/cmake/export_v2_service_interface__rosidl_generator_cExport.cmake
-- Up-to-date: /home/bachelor/ros2_ws/install/v2_service_interface/share/v2_service_interface/cmake/export_v2_service_interface__rosidl_generator_cExport-noconfig.cmake
-- Up-to-date: /home/bachelor/ros2_ws/install/v2_service_interface/share/v2_service_interface/cmake/export_v2_service_interface__rosidl_typesupport_fastrtps_cExport.cmake
-- Up-to-date: /home/bachelor/ros2_ws/install/v2_service_interface/share/v2_service_interface/cmake/export_v2_service_interface__rosidl_typesupport_fastrtps_cExport-noconfig.cmake
-- Up-to-date: /home/bachelor/ros2_ws/install/v2_service_interface/share/v2_service_interface/cmake/v2_service_interface__rosidl_typesupport_introspection_cExport.cmake
-- Up-to-date: /home/bachelor/ros2_ws/install/v2_service_interface/share/v2_service_interface/cmake/v2_service_interface__rosidl_typesupport_introspection_cExport-noconfig.cmake
-- Up-to-date: /home/bachelor/ros2_ws/install/v2_service_interface/share/v2_service_interface/cmake/v2_service_interface__rosidl_typesupport_cExport.cmake
-- Up-to-date: /home/bachelor/ros2_ws/install/v2_service_interface/share/v2_service_interface/cmake/v2_service_interface__rosidl_typesupport_cExport-noconfig.cmake
-- Up-to-date: /home/bachelor/ros2_ws/install/v2_service_interface/share/v2_service_interface/cmake/export_v2_service_interface__rosidl_generator_cppExport.cmake
-- Up-to-date: /home/bachelor/ros2_ws/install/v2_service_interface/share/v2_service_interface/cmake/export_v2_service_interface__rosidl_typesupport_fastrtps_cppExport.cmake
-- Up-to-date: /home/bachelor/ros2_ws/install/v2_service_interface/share/v2_service_interface/cmake/export_v2_service_interface__rosidl_typesupport_fastrtps_cppExport-noconfig.cmake
-- Up-to-date: /home/bachelor/ros2_ws/install/v2_service_interface/share/v2_service_interface/cmake/v2_service_interface__rosidl_typesupport_introspection_cppExport.cmake
-- Up-to-date: /home/bachelor/ros2_ws/install/v2_service_interface/share/v2_service_interface/cmake/v2_service_interface__rosidl_typesupport_introspection_cppExport-noconfig.cmake
-- Up-to-date: /home/bachelor/ros2_ws/install/v2_service_interface/share/v2_service_interface/cmake/v2_service_interface__rosidl_typesupport_cppExport.cmake
-- Up-to-date: /home/bachelor/ros2_ws/install/v2_service_interface/share/v2_service_interface/cmake/v2_service_interface__rosidl_typesupport_cppExport-noconfig.cmake
-- Up-to-date: /home/bachelor/ros2_ws/install/v2_service_interface/share/v2_service_interface/cmake/export_v2_service_interface__rosidl_generator_pyExport.cmake
-- Up-to-date: /home/bachelor/ros2_ws/install/v2_service_interface/share/v2_service_interface/cmake/export_v2_service_interface__rosidl_generator_pyExport-noconfig.cmake
-- Up-to-date: /home/bachelor/ros2_ws/install/v2_service_interface/share/v2_service_interface/cmake/rosidl_cmake-extras.cmake
-- Up-to-date: /home/bachelor/ros2_ws/install/v2_service_interface/share/v2_service_interface/cmake/ament_cmake_export_dependencies-extras.cmake
-- Up-to-date: /home/bachelor/ros2_ws/install/v2_service_interface/share/v2_service_interface/cmake/ament_cmake_export_include_directories-extras.cmake
-- Up-to-date: /home/bachelor/ros2_ws/install/v2_service_interface/share/v2_service_interface/cmake/ament_cmake_export_libraries-extras.cmake
-- Up-to-date: /home/bachelor/ros2_ws/install/v2_service_interface/share/v2_service_interface/cmake/ament_cmake_export_targets-extras.cmake
-- Up-to-date: /home/bachelor/ros2_ws/install/v2_service_interface/share/v2_service_interface/cmake/rosidl_cmake_export_typesupport_targets-extras.cmake
-- Up-to-date: /home/bachelor/ros2_ws/install/v2_service_interface/share/v2_service_interface/cmake/rosidl_cmake_export_typesupport_libraries-extras.cmake
-- Up-to-date: /home/bachelor/ros2_ws/install/v2_service_interface/share/v2_service_interface/cmake/v2_service_interfaceConfig.cmake
-- Up-to-date: /home/bachelor/ros2_ws/install/v2_service_interface/share/v2_service_interface/cmake/v2_service_interfaceConfig-version.cmake
-- Up-to-date: /home/bachelor/ros2_ws/install/v2_service_interface/share/v2_service_interface/package.xml
