[0.144s] Invoking command in '/home/bachelor/ros2_ws/build/my_tutorial_interfaces': CMAKE_PREFIX_PATH=${CMAKE_PREFIX_PATH}:/home/bachelor/ros2_ws/install/my_py_pkg:/opt/ros/jazzy DEBUGINFOD_URLS=https://debuginfod.ubuntu.com /usr/bin/cmake --build /home/bachelor/ros2_ws/build/my_tutorial_interfaces -- -j1 -l1
[1.132s] [  2%] Built target my_tutorial_interfaces__rosidl_generator_type_description
[1.324s] [  5%] Built target my_tutorial_interfaces__cpp
[1.599s] [ 20%] Built target my_tutorial_interfaces__rosidl_generator_c
[1.761s] [ 29%] Built target my_tutorial_interfaces__rosidl_typesupport_cpp
[1.964s] [ 38%] Built target my_tutorial_interfaces__rosidl_typesupport_fastrtps_c
[2.152s] [ 47%] Built target my_tutorial_interfaces__rosidl_typesupport_introspection_c
[2.293s] [ 55%] Built target my_tutorial_interfaces__rosidl_typesupport_c
[2.466s] [ 64%] Built target my_tutorial_interfaces__rosidl_typesupport_fastrtps_cpp
[2.651s] [ 73%] Built target my_tutorial_interfaces__rosidl_typesupport_introspection_cpp
[2.795s] [ 73%] Built target my_tutorial_interfaces
[3.027s] [ 73%] Built target ament_cmake_python_copy_my_tutorial_interfaces
[4.062s] running egg_info
[4.156s] writing my_tutorial_interfaces.egg-info/PKG-INFO
[4.159s] writing dependency_links to my_tutorial_interfaces.egg-info/dependency_links.txt
[4.164s] writing top-level names to my_tutorial_interfaces.egg-info/top_level.txt
[4.458s] reading manifest file 'my_tutorial_interfaces.egg-info/SOURCES.txt'
[4.475s] writing manifest file 'my_tutorial_interfaces.egg-info/SOURCES.txt'
[4.643s] [ 73%] Built target ament_cmake_python_build_my_tutorial_interfaces_egg
[4.766s] [ 76%] Built target my_tutorial_interfaces__py
[4.912s] [ 82%] Built target my_tutorial_interfaces__rosidl_generator_py
[5.062s] [ 88%] Built target my_tutorial_interfaces_s__rosidl_typesupport_fastrtps_c
[5.211s] [ 94%] Built target my_tutorial_interfaces_s__rosidl_typesupport_introspection_c
[5.401s] [100%] Built target my_tutorial_interfaces_s__rosidl_typesupport_c
[5.460s] Invoked command in '/home/bachelor/ros2_ws/build/my_tutorial_interfaces' returned '0': CMAKE_PREFIX_PATH=${CMAKE_PREFIX_PATH}:/home/bachelor/ros2_ws/install/my_py_pkg:/opt/ros/jazzy DEBUGINFOD_URLS=https://debuginfod.ubuntu.com /usr/bin/cmake --build /home/bachelor/ros2_ws/build/my_tutorial_interfaces -- -j1 -l1
[5.513s] Invoking command in '/home/bachelor/ros2_ws/build/my_tutorial_interfaces': CMAKE_PREFIX_PATH=${CMAKE_PREFIX_PATH}:/home/bachelor/ros2_ws/install/my_py_pkg:/opt/ros/jazzy DEBUGINFOD_URLS=https://debuginfod.ubuntu.com /usr/bin/cmake --install /home/bachelor/ros2_ws/build/my_tutorial_interfaces
[5.591s] -- Install configuration: ""
[5.598s] -- Up-to-date: /home/bachelor/ros2_ws/install/my_tutorial_interfaces/share/ament_index/resource_index/rosidl_interfaces/my_tutorial_interfaces
[5.606s] -- Up-to-date: /home/bachelor/ros2_ws/install/my_tutorial_interfaces/share/my_tutorial_interfaces/srv/ResetCounter.json
[5.609s] -- Up-to-date: /home/bachelor/ros2_ws/install/my_tutorial_interfaces/include/my_tutorial_interfaces/my_tutorial_interfaces
[5.613s] -- Up-to-date: /home/bachelor/ros2_ws/install/my_tutorial_interfaces/include/my_tutorial_interfaces/my_tutorial_interfaces/srv
[5.613s] -- Up-to-date: /home/bachelor/ros2_ws/install/my_tutorial_interfaces/include/my_tutorial_interfaces/my_tutorial_interfaces/srv/detail
[5.616s] -- Up-to-date: /home/bachelor/ros2_ws/install/my_tutorial_interfaces/include/my_tutorial_interfaces/my_tutorial_interfaces/srv/detail/reset_counter__struct.h
[5.616s] -- Up-to-date: /home/bachelor/ros2_ws/install/my_tutorial_interfaces/include/my_tutorial_interfaces/my_tutorial_interfaces/srv/detail/reset_counter__type_support.h
[5.616s] -- Up-to-date: /home/bachelor/ros2_ws/install/my_tutorial_interfaces/include/my_tutorial_interfaces/my_tutorial_interfaces/srv/detail/reset_counter__functions.c
[5.622s] -- Up-to-date: /home/bachelor/ros2_ws/install/my_tutorial_interfaces/include/my_tutorial_interfaces/my_tutorial_interfaces/srv/detail/reset_counter__functions.h
[5.623s] -- Installing: /home/bachelor/ros2_ws/install/my_tutorial_interfaces/include/my_tutorial_interfaces/my_tutorial_interfaces/srv/detail/reset_counter__type_support.c
[5.623s] -- Up-to-date: /home/bachelor/ros2_ws/install/my_tutorial_interfaces/include/my_tutorial_interfaces/my_tutorial_interfaces/srv/detail/reset_counter__description.c
[5.623s] -- Up-to-date: /home/bachelor/ros2_ws/install/my_tutorial_interfaces/include/my_tutorial_interfaces/my_tutorial_interfaces/srv/reset_counter.h
[5.623s] -- Up-to-date: /home/bachelor/ros2_ws/install/my_tutorial_interfaces/include/my_tutorial_interfaces/my_tutorial_interfaces/msg
[5.624s] -- Up-to-date: /home/bachelor/ros2_ws/install/my_tutorial_interfaces/include/my_tutorial_interfaces/my_tutorial_interfaces/msg/rosidl_generator_c__visibility_control.h
[5.625s] -- Up-to-date: /home/bachelor/ros2_ws/install/my_tutorial_interfaces/share/my_tutorial_interfaces/environment/library_path.sh
[5.625s] -- Up-to-date: /home/bachelor/ros2_ws/install/my_tutorial_interfaces/share/my_tutorial_interfaces/environment/library_path.dsv
[5.632s] -- Up-to-date: /home/bachelor/ros2_ws/install/my_tutorial_interfaces/lib/libmy_tutorial_interfaces__rosidl_generator_c.so
[5.633s] -- Up-to-date: /home/bachelor/ros2_ws/install/my_tutorial_interfaces/include/my_tutorial_interfaces/my_tutorial_interfaces
[5.633s] -- Up-to-date: /home/bachelor/ros2_ws/install/my_tutorial_interfaces/include/my_tutorial_interfaces/my_tutorial_interfaces/srv
[5.634s] -- Up-to-date: /home/bachelor/ros2_ws/install/my_tutorial_interfaces/include/my_tutorial_interfaces/my_tutorial_interfaces/srv/detail
[5.634s] -- Up-to-date: /home/bachelor/ros2_ws/install/my_tutorial_interfaces/include/my_tutorial_interfaces/my_tutorial_interfaces/srv/detail/reset_counter__rosidl_typesupport_fastrtps_c.h
[5.637s] -- Up-to-date: /home/bachelor/ros2_ws/install/my_tutorial_interfaces/include/my_tutorial_interfaces/my_tutorial_interfaces/msg
[5.637s] -- Up-to-date: /home/bachelor/ros2_ws/install/my_tutorial_interfaces/include/my_tutorial_interfaces/my_tutorial_interfaces/msg/rosidl_typesupport_fastrtps_c__visibility_control.h
[5.641s] -- Up-to-date: /home/bachelor/ros2_ws/install/my_tutorial_interfaces/lib/libmy_tutorial_interfaces__rosidl_typesupport_fastrtps_c.so
[5.654s] -- Up-to-date: /home/bachelor/ros2_ws/install/my_tutorial_interfaces/include/my_tutorial_interfaces/my_tutorial_interfaces
[5.655s] -- Up-to-date: /home/bachelor/ros2_ws/install/my_tutorial_interfaces/include/my_tutorial_interfaces/my_tutorial_interfaces/srv
[5.655s] -- Up-to-date: /home/bachelor/ros2_ws/install/my_tutorial_interfaces/include/my_tutorial_interfaces/my_tutorial_interfaces/srv/detail
[5.655s] -- Up-to-date: /home/bachelor/ros2_ws/install/my_tutorial_interfaces/include/my_tutorial_interfaces/my_tutorial_interfaces/srv/detail/reset_counter__rosidl_typesupport_introspection_c.h
[5.655s] -- Installing: /home/bachelor/ros2_ws/install/my_tutorial_interfaces/include/my_tutorial_interfaces/my_tutorial_interfaces/srv/detail/reset_counter__type_support.c
[5.658s] -- Up-to-date: /home/bachelor/ros2_ws/install/my_tutorial_interfaces/include/my_tutorial_interfaces/my_tutorial_interfaces/msg
[5.658s] -- Up-to-date: /home/bachelor/ros2_ws/install/my_tutorial_interfaces/include/my_tutorial_interfaces/my_tutorial_interfaces/msg/rosidl_typesupport_introspection_c__visibility_control.h
[5.671s] -- Up-to-date: /home/bachelor/ros2_ws/install/my_tutorial_interfaces/lib/libmy_tutorial_interfaces__rosidl_typesupport_introspection_c.so
[5.683s] -- Up-to-date: /home/bachelor/ros2_ws/install/my_tutorial_interfaces/lib/libmy_tutorial_interfaces__rosidl_typesupport_c.so
[5.683s] -- Up-to-date: /home/bachelor/ros2_ws/install/my_tutorial_interfaces/include/my_tutorial_interfaces/my_tutorial_interfaces
[5.697s] -- Up-to-date: /home/bachelor/ros2_ws/install/my_tutorial_interfaces/include/my_tutorial_interfaces/my_tutorial_interfaces/srv
[5.697s] -- Up-to-date: /home/bachelor/ros2_ws/install/my_tutorial_interfaces/include/my_tutorial_interfaces/my_tutorial_interfaces/srv/detail
[5.698s] -- Up-to-date: /home/bachelor/ros2_ws/install/my_tutorial_interfaces/include/my_tutorial_interfaces/my_tutorial_interfaces/srv/detail/reset_counter__builder.hpp
[5.698s] -- Up-to-date: /home/bachelor/ros2_ws/install/my_tutorial_interfaces/include/my_tutorial_interfaces/my_tutorial_interfaces/srv/detail/reset_counter__traits.hpp
[5.698s] -- Up-to-date: /home/bachelor/ros2_ws/install/my_tutorial_interfaces/include/my_tutorial_interfaces/my_tutorial_interfaces/srv/detail/reset_counter__type_support.hpp
[5.699s] -- Up-to-date: /home/bachelor/ros2_ws/install/my_tutorial_interfaces/include/my_tutorial_interfaces/my_tutorial_interfaces/srv/detail/reset_counter__struct.hpp
[5.699s] -- Up-to-date: /home/bachelor/ros2_ws/install/my_tutorial_interfaces/include/my_tutorial_interfaces/my_tutorial_interfaces/srv/reset_counter.hpp
[5.699s] -- Up-to-date: /home/bachelor/ros2_ws/install/my_tutorial_interfaces/include/my_tutorial_interfaces/my_tutorial_interfaces/msg
[5.699s] -- Up-to-date: /home/bachelor/ros2_ws/install/my_tutorial_interfaces/include/my_tutorial_interfaces/my_tutorial_interfaces/msg/rosidl_generator_cpp__visibility_control.hpp
[5.699s] -- Up-to-date: /home/bachelor/ros2_ws/install/my_tutorial_interfaces/include/my_tutorial_interfaces/my_tutorial_interfaces
[5.700s] -- Up-to-date: /home/bachelor/ros2_ws/install/my_tutorial_interfaces/include/my_tutorial_interfaces/my_tutorial_interfaces/srv
[5.700s] -- Up-to-date: /home/bachelor/ros2_ws/install/my_tutorial_interfaces/include/my_tutorial_interfaces/my_tutorial_interfaces/srv/detail
[5.700s] -- Up-to-date: /home/bachelor/ros2_ws/install/my_tutorial_interfaces/include/my_tutorial_interfaces/my_tutorial_interfaces/srv/detail/reset_counter__rosidl_typesupport_fastrtps_cpp.hpp
[5.700s] -- Up-to-date: /home/bachelor/ros2_ws/install/my_tutorial_interfaces/include/my_tutorial_interfaces/my_tutorial_interfaces/srv/detail/dds_fastrtps
[5.700s] -- Up-to-date: /home/bachelor/ros2_ws/install/my_tutorial_interfaces/include/my_tutorial_interfaces/my_tutorial_interfaces/msg
[5.700s] -- Up-to-date: /home/bachelor/ros2_ws/install/my_tutorial_interfaces/include/my_tutorial_interfaces/my_tutorial_interfaces/msg/rosidl_typesupport_fastrtps_cpp__visibility_control.h
[5.712s] -- Up-to-date: /home/bachelor/ros2_ws/install/my_tutorial_interfaces/lib/libmy_tutorial_interfaces__rosidl_typesupport_fastrtps_cpp.so
[5.712s] -- Up-to-date: /home/bachelor/ros2_ws/install/my_tutorial_interfaces/include/my_tutorial_interfaces/my_tutorial_interfaces
[5.713s] -- Up-to-date: /home/bachelor/ros2_ws/install/my_tutorial_interfaces/include/my_tutorial_interfaces/my_tutorial_interfaces/srv
[5.713s] -- Up-to-date: /home/bachelor/ros2_ws/install/my_tutorial_interfaces/include/my_tutorial_interfaces/my_tutorial_interfaces/srv/detail
[5.714s] -- Up-to-date: /home/bachelor/ros2_ws/install/my_tutorial_interfaces/include/my_tutorial_interfaces/my_tutorial_interfaces/srv/detail/reset_counter__rosidl_typesupport_introspection_cpp.hpp
[5.715s] -- Up-to-date: /home/bachelor/ros2_ws/install/my_tutorial_interfaces/include/my_tutorial_interfaces/my_tutorial_interfaces/srv/detail/reset_counter__type_support.cpp
[5.724s] -- Up-to-date: /home/bachelor/ros2_ws/install/my_tutorial_interfaces/lib/libmy_tutorial_interfaces__rosidl_typesupport_introspection_cpp.so
[5.728s] -- Up-to-date: /home/bachelor/ros2_ws/install/my_tutorial_interfaces/lib/libmy_tutorial_interfaces__rosidl_typesupport_cpp.so
[5.728s] -- Up-to-date: /home/bachelor/ros2_ws/install/my_tutorial_interfaces/share/my_tutorial_interfaces/environment/pythonpath.sh
[5.729s] -- Up-to-date: /home/bachelor/ros2_ws/install/my_tutorial_interfaces/share/my_tutorial_interfaces/environment/pythonpath.dsv
[5.730s] -- Up-to-date: /home/bachelor/ros2_ws/install/my_tutorial_interfaces/lib/python3.12/site-packages/my_tutorial_interfaces-0.0.0-py3.12.egg-info
[5.730s] -- Installing: /home/bachelor/ros2_ws/install/my_tutorial_interfaces/lib/python3.12/site-packages/my_tutorial_interfaces-0.0.0-py3.12.egg-info/PKG-INFO
[5.731s] -- Installing: /home/bachelor/ros2_ws/install/my_tutorial_interfaces/lib/python3.12/site-packages/my_tutorial_interfaces-0.0.0-py3.12.egg-info/SOURCES.txt
[5.732s] -- Installing: /home/bachelor/ros2_ws/install/my_tutorial_interfaces/lib/python3.12/site-packages/my_tutorial_interfaces-0.0.0-py3.12.egg-info/top_level.txt
[5.732s] -- Installing: /home/bachelor/ros2_ws/install/my_tutorial_interfaces/lib/python3.12/site-packages/my_tutorial_interfaces-0.0.0-py3.12.egg-info/dependency_links.txt
[5.733s] -- Up-to-date: /home/bachelor/ros2_ws/install/my_tutorial_interfaces/lib/python3.12/site-packages/my_tutorial_interfaces
[5.734s] -- Up-to-date: /home/bachelor/ros2_ws/install/my_tutorial_interfaces/lib/python3.12/site-packages/my_tutorial_interfaces/my_tutorial_interfaces_s__rosidl_typesupport_c.so
[5.734s] -- Up-to-date: /home/bachelor/ros2_ws/install/my_tutorial_interfaces/lib/python3.12/site-packages/my_tutorial_interfaces/_my_tutorial_interfaces_s.ep.rosidl_typesupport_c.c
[5.735s] -- Up-to-date: /home/bachelor/ros2_ws/install/my_tutorial_interfaces/lib/python3.12/site-packages/my_tutorial_interfaces/srv
[5.735s] -- Up-to-date: /home/bachelor/ros2_ws/install/my_tutorial_interfaces/lib/python3.12/site-packages/my_tutorial_interfaces/srv/_reset_counter_s.c
[5.735s] -- Up-to-date: /home/bachelor/ros2_ws/install/my_tutorial_interfaces/lib/python3.12/site-packages/my_tutorial_interfaces/srv/__init__.py
[5.736s] -- Up-to-date: /home/bachelor/ros2_ws/install/my_tutorial_interfaces/lib/python3.12/site-packages/my_tutorial_interfaces/srv/_reset_counter.py
[5.736s] -- Up-to-date: /home/bachelor/ros2_ws/install/my_tutorial_interfaces/lib/python3.12/site-packages/my_tutorial_interfaces/_my_tutorial_interfaces_s.ep.rosidl_typesupport_introspection_c.c
[5.737s] -- Up-to-date: /home/bachelor/ros2_ws/install/my_tutorial_interfaces/lib/python3.12/site-packages/my_tutorial_interfaces/_my_tutorial_interfaces_s.ep.rosidl_typesupport_fastrtps_c.c
[5.737s] -- Up-to-date: /home/bachelor/ros2_ws/install/my_tutorial_interfaces/lib/python3.12/site-packages/my_tutorial_interfaces/my_tutorial_interfaces_s__rosidl_typesupport_introspection_c.so
[5.737s] -- Up-to-date: /home/bachelor/ros2_ws/install/my_tutorial_interfaces/lib/python3.12/site-packages/my_tutorial_interfaces/__init__.py
[5.745s] -- Up-to-date: /home/bachelor/ros2_ws/install/my_tutorial_interfaces/lib/python3.12/site-packages/my_tutorial_interfaces/my_tutorial_interfaces_s__rosidl_typesupport_fastrtps_c.so
[5.918s] Listing '/home/bachelor/ros2_ws/install/my_tutorial_interfaces/lib/python3.12/site-packages/my_tutorial_interfaces'...
[5.918s] Listing '/home/bachelor/ros2_ws/install/my_tutorial_interfaces/lib/python3.12/site-packages/my_tutorial_interfaces/srv'...
[5.952s] -- Up-to-date: /home/bachelor/ros2_ws/install/my_tutorial_interfaces/lib/python3.12/site-packages/my_tutorial_interfaces/my_tutorial_interfaces_s__rosidl_typesupport_fastrtps_c.so
[5.957s] -- Up-to-date: /home/bachelor/ros2_ws/install/my_tutorial_interfaces/lib/python3.12/site-packages/my_tutorial_interfaces/my_tutorial_interfaces_s__rosidl_typesupport_introspection_c.so
[5.958s] -- Up-to-date: /home/bachelor/ros2_ws/install/my_tutorial_interfaces/lib/python3.12/site-packages/my_tutorial_interfaces/my_tutorial_interfaces_s__rosidl_typesupport_c.so
[5.994s] -- Up-to-date: /home/bachelor/ros2_ws/install/my_tutorial_interfaces/lib/libmy_tutorial_interfaces__rosidl_generator_py.so
[5.994s] -- Up-to-date: /home/bachelor/ros2_ws/install/my_tutorial_interfaces/share/my_tutorial_interfaces/srv/ResetCounter.idl
[5.994s] -- Up-to-date: /home/bachelor/ros2_ws/install/my_tutorial_interfaces/share/my_tutorial_interfaces/srv/ResetCounter.srv
[5.994s] -- Up-to-date: /home/bachelor/ros2_ws/install/my_tutorial_interfaces/share/ament_index/resource_index/package_run_dependencies/my_tutorial_interfaces
[5.995s] -- Up-to-date: /home/bachelor/ros2_ws/install/my_tutorial_interfaces/share/ament_index/resource_index/parent_prefix_path/my_tutorial_interfaces
[5.996s] -- Up-to-date: /home/bachelor/ros2_ws/install/my_tutorial_interfaces/share/my_tutorial_interfaces/environment/ament_prefix_path.sh
[5.996s] -- Up-to-date: /home/bachelor/ros2_ws/install/my_tutorial_interfaces/share/my_tutorial_interfaces/environment/ament_prefix_path.dsv
[5.997s] -- Up-to-date: /home/bachelor/ros2_ws/install/my_tutorial_interfaces/share/my_tutorial_interfaces/environment/path.sh
[5.997s] -- Up-to-date: /home/bachelor/ros2_ws/install/my_tutorial_interfaces/share/my_tutorial_interfaces/environment/path.dsv
[6.002s] -- Up-to-date: /home/bachelor/ros2_ws/install/my_tutorial_interfaces/share/my_tutorial_interfaces/local_setup.bash
[6.003s] -- Up-to-date: /home/bachelor/ros2_ws/install/my_tutorial_interfaces/share/my_tutorial_interfaces/local_setup.sh
[6.003s] -- Up-to-date: /home/bachelor/ros2_ws/install/my_tutorial_interfaces/share/my_tutorial_interfaces/local_setup.zsh
[6.004s] -- Up-to-date: /home/bachelor/ros2_ws/install/my_tutorial_interfaces/share/my_tutorial_interfaces/local_setup.dsv
[6.004s] -- Installing: /home/bachelor/ros2_ws/install/my_tutorial_interfaces/share/my_tutorial_interfaces/package.dsv
[6.011s] -- Up-to-date: /home/bachelor/ros2_ws/install/my_tutorial_interfaces/share/ament_index/resource_index/packages/my_tutorial_interfaces
[6.021s] -- Up-to-date: /home/bachelor/ros2_ws/install/my_tutorial_interfaces/share/my_tutorial_interfaces/cmake/export_my_tutorial_interfaces__rosidl_generator_cExport.cmake
[6.022s] -- Up-to-date: /home/bachelor/ros2_ws/install/my_tutorial_interfaces/share/my_tutorial_interfaces/cmake/export_my_tutorial_interfaces__rosidl_generator_cExport-noconfig.cmake
[6.029s] -- Up-to-date: /home/bachelor/ros2_ws/install/my_tutorial_interfaces/share/my_tutorial_interfaces/cmake/export_my_tutorial_interfaces__rosidl_typesupport_fastrtps_cExport.cmake
[6.029s] -- Up-to-date: /home/bachelor/ros2_ws/install/my_tutorial_interfaces/share/my_tutorial_interfaces/cmake/export_my_tutorial_interfaces__rosidl_typesupport_fastrtps_cExport-noconfig.cmake
[6.031s] -- Up-to-date: /home/bachelor/ros2_ws/install/my_tutorial_interfaces/share/my_tutorial_interfaces/cmake/my_tutorial_interfaces__rosidl_typesupport_introspection_cExport.cmake
[6.031s] -- Up-to-date: /home/bachelor/ros2_ws/install/my_tutorial_interfaces/share/my_tutorial_interfaces/cmake/my_tutorial_interfaces__rosidl_typesupport_introspection_cExport-noconfig.cmake
[6.036s] -- Up-to-date: /home/bachelor/ros2_ws/install/my_tutorial_interfaces/share/my_tutorial_interfaces/cmake/my_tutorial_interfaces__rosidl_typesupport_cExport.cmake
[6.036s] -- Up-to-date: /home/bachelor/ros2_ws/install/my_tutorial_interfaces/share/my_tutorial_interfaces/cmake/my_tutorial_interfaces__rosidl_typesupport_cExport-noconfig.cmake
[6.041s] -- Up-to-date: /home/bachelor/ros2_ws/install/my_tutorial_interfaces/share/my_tutorial_interfaces/cmake/export_my_tutorial_interfaces__rosidl_generator_cppExport.cmake
[6.045s] -- Up-to-date: /home/bachelor/ros2_ws/install/my_tutorial_interfaces/share/my_tutorial_interfaces/cmake/export_my_tutorial_interfaces__rosidl_typesupport_fastrtps_cppExport.cmake
[6.046s] -- Up-to-date: /home/bachelor/ros2_ws/install/my_tutorial_interfaces/share/my_tutorial_interfaces/cmake/export_my_tutorial_interfaces__rosidl_typesupport_fastrtps_cppExport-noconfig.cmake
[6.050s] -- Up-to-date: /home/bachelor/ros2_ws/install/my_tutorial_interfaces/share/my_tutorial_interfaces/cmake/my_tutorial_interfaces__rosidl_typesupport_introspection_cppExport.cmake
[6.052s] -- Up-to-date: /home/bachelor/ros2_ws/install/my_tutorial_interfaces/share/my_tutorial_interfaces/cmake/my_tutorial_interfaces__rosidl_typesupport_introspection_cppExport-noconfig.cmake
[6.056s] -- Up-to-date: /home/bachelor/ros2_ws/install/my_tutorial_interfaces/share/my_tutorial_interfaces/cmake/my_tutorial_interfaces__rosidl_typesupport_cppExport.cmake
[6.061s] -- Up-to-date: /home/bachelor/ros2_ws/install/my_tutorial_interfaces/share/my_tutorial_interfaces/cmake/my_tutorial_interfaces__rosidl_typesupport_cppExport-noconfig.cmake
[6.072s] -- Up-to-date: /home/bachelor/ros2_ws/install/my_tutorial_interfaces/share/my_tutorial_interfaces/cmake/export_my_tutorial_interfaces__rosidl_generator_pyExport.cmake
[6.073s] -- Up-to-date: /home/bachelor/ros2_ws/install/my_tutorial_interfaces/share/my_tutorial_interfaces/cmake/export_my_tutorial_interfaces__rosidl_generator_pyExport-noconfig.cmake
[6.074s] -- Up-to-date: /home/bachelor/ros2_ws/install/my_tutorial_interfaces/share/my_tutorial_interfaces/cmake/rosidl_cmake-extras.cmake
[6.099s] -- Up-to-date: /home/bachelor/ros2_ws/install/my_tutorial_interfaces/share/my_tutorial_interfaces/cmake/ament_cmake_export_dependencies-extras.cmake
[6.099s] -- Up-to-date: /home/bachelor/ros2_ws/install/my_tutorial_interfaces/share/my_tutorial_interfaces/cmake/ament_cmake_export_include_directories-extras.cmake
[6.100s] -- Up-to-date: /home/bachelor/ros2_ws/install/my_tutorial_interfaces/share/my_tutorial_interfaces/cmake/ament_cmake_export_libraries-extras.cmake
[6.100s] -- Up-to-date: /home/bachelor/ros2_ws/install/my_tutorial_interfaces/share/my_tutorial_interfaces/cmake/ament_cmake_export_targets-extras.cmake
[6.100s] -- Up-to-date: /home/bachelor/ros2_ws/install/my_tutorial_interfaces/share/my_tutorial_interfaces/cmake/rosidl_cmake_export_typesupport_targets-extras.cmake
[6.100s] -- Up-to-date: /home/bachelor/ros2_ws/install/my_tutorial_interfaces/share/my_tutorial_interfaces/cmake/rosidl_cmake_export_typesupport_libraries-extras.cmake
[6.100s] -- Up-to-date: /home/bachelor/ros2_ws/install/my_tutorial_interfaces/share/my_tutorial_interfaces/cmake/my_tutorial_interfacesConfig.cmake
[6.100s] -- Up-to-date: /home/bachelor/ros2_ws/install/my_tutorial_interfaces/share/my_tutorial_interfaces/cmake/my_tutorial_interfacesConfig-version.cmake
[6.100s] -- Up-to-date: /home/bachelor/ros2_ws/install/my_tutorial_interfaces/share/my_tutorial_interfaces/package.xml
[6.107s] Invoked command in '/home/bachelor/ros2_ws/build/my_tutorial_interfaces' returned '0': CMAKE_PREFIX_PATH=${CMAKE_PREFIX_PATH}:/home/bachelor/ros2_ws/install/my_py_pkg:/opt/ros/jazzy DEBUGINFOD_URLS=https://debuginfod.ubuntu.com /usr/bin/cmake --install /home/bachelor/ros2_ws/build/my_tutorial_interfaces
