[5.713s] Invoking command in '/home/bachelor/ros2_ws/src/v1_topic_pkg': DEBUGINFOD_URLS=https://debuginfod.ubuntu.com PYTHONPATH=/home/bachelor/ros2_ws/src/v1_topic_pkg/build/v1_topic_pkg/prefix_override:/usr/lib/python3/dist-packages/colcon_core/task/python/colcon_distutils_commands:/home/bachelor/ros2_ws/src/v1_topic_pkg/install/v1_topic_pkg/lib/python3.12/site-packages:${PYTHONPATH} /usr/bin/python3 -W ignore:setup.py install is deprecated -W ignore:easy_install command is deprecated setup.py egg_info --egg-base build/v1_topic_pkg build --build-base /home/bachelor/ros2_ws/src/v1_topic_pkg/build/v1_topic_pkg/build install --record /home/bachelor/ros2_ws/src/v1_topic_pkg/build/v1_topic_pkg/install.log --single-version-externally-managed install_data
[8.157s] running egg_info
[8.262s] writing build/v1_topic_pkg/v1_topic_pkg.egg-info/PKG-INFO
[8.275s] writing dependency_links to build/v1_topic_pkg/v1_topic_pkg.egg-info/dependency_links.txt
[8.289s] writing entry points to build/v1_topic_pkg/v1_topic_pkg.egg-info/entry_points.txt
[8.290s] writing requirements to build/v1_topic_pkg/v1_topic_pkg.egg-info/requires.txt
[8.328s] writing top-level names to build/v1_topic_pkg/v1_topic_pkg.egg-info/top_level.txt
[8.653s] reading manifest file 'build/v1_topic_pkg/v1_topic_pkg.egg-info/SOURCES.txt'
[8.658s] writing manifest file 'build/v1_topic_pkg/v1_topic_pkg.egg-info/SOURCES.txt'
[8.664s] running build
[8.667s] running build_py
[8.684s] copying v1_topic_pkg/laser_data_publisher.py -> /home/bachelor/ros2_ws/src/v1_topic_pkg/build/v1_topic_pkg/build/lib/v1_topic_pkg
[8.684s] running install
[8.765s] running install_lib
[8.973s] copying /home/bachelor/ros2_ws/src/v1_topic_pkg/build/v1_topic_pkg/build/lib/v1_topic_pkg/laser_data_publisher.py -> /home/bachelor/ros2_ws/src/v1_topic_pkg/install/v1_topic_pkg/lib/python3.12/site-packages/v1_topic_pkg
[8.977s] byte-compiling /home/bachelor/ros2_ws/src/v1_topic_pkg/install/v1_topic_pkg/lib/python3.12/site-packages/v1_topic_pkg/laser_data_publisher.py to laser_data_publisher.cpython-312.pyc
[9.026s] running install_data
[9.027s] running install_egg_info
[9.148s] removing '/home/bachelor/ros2_ws/src/v1_topic_pkg/install/v1_topic_pkg/lib/python3.12/site-packages/v1_topic_pkg-0.0.0-py3.12.egg-info' (and everything under it)
[9.150s] Copying build/v1_topic_pkg/v1_topic_pkg.egg-info to /home/bachelor/ros2_ws/src/v1_topic_pkg/install/v1_topic_pkg/lib/python3.12/site-packages/v1_topic_pkg-0.0.0-py3.12.egg-info
[9.157s] running install_scripts
[9.985s] Installing laser_data_publisher script to /home/bachelor/ros2_ws/src/v1_topic_pkg/install/v1_topic_pkg/lib/v1_topic_pkg
[9.991s] Installing laser_data_subscriber script to /home/bachelor/ros2_ws/src/v1_topic_pkg/install/v1_topic_pkg/lib/v1_topic_pkg
[10.001s] writing list of installed files to '/home/bachelor/ros2_ws/src/v1_topic_pkg/build/v1_topic_pkg/install.log'
[10.195s] Invoked command in '/home/bachelor/ros2_ws/src/v1_topic_pkg' returned '0': DEBUGINFOD_URLS=https://debuginfod.ubuntu.com PYTHONPATH=/home/bachelor/ros2_ws/src/v1_topic_pkg/build/v1_topic_pkg/prefix_override:/usr/lib/python3/dist-packages/colcon_core/task/python/colcon_distutils_commands:/home/bachelor/ros2_ws/src/v1_topic_pkg/install/v1_topic_pkg/lib/python3.12/site-packages:${PYTHONPATH} /usr/bin/python3 -W ignore:setup.py install is deprecated -W ignore:easy_install command is deprecated setup.py egg_info --egg-base build/v1_topic_pkg build --build-base /home/bachelor/ros2_ws/src/v1_topic_pkg/build/v1_topic_pkg/build install --record /home/bachelor/ros2_ws/src/v1_topic_pkg/build/v1_topic_pkg/install.log --single-version-externally-managed install_data
