[0.786s] DEBUG:colcon:Command line arguments: ['/usr/bin/colcon', 'build', '--packages-select', 'v1_topic_pkg']
[0.786s] DEBUG:colcon:Parsed command line arguments: Namespace(log_base=None, log_level=None, verb_name='build', build_base='build', install_base='install', merge_install=False, symlink_install=False, test_result_base=None, continue_on_error=False, executor='parallel', parallel_workers=1, event_handlers=None, ignore_user_meta=False, metas=['./colcon.meta'], base_paths=['.'], packages_ignore=None, packages_ignore_regex=None, paths=None, packages_up_to=None, packages_up_to_regex=None, packages_above=None, packages_above_and_dependencies=None, packages_above_depth=None, packages_select_by_dep=None, packages_skip_by_dep=None, packages_skip_up_to=None, packages_select_build_failed=False, packages_skip_build_finished=False, packages_select_test_failures=False, packages_skip_test_passed=False, packages_select=['v1_topic_pkg'], packages_skip=None, packages_select_regex=None, packages_skip_regex=None, packages_start=None, packages_end=None, allow_overriding=[], cmake_args=None, cmake_target=None, cmake_target_skip_unavailable=False, cmake_clean_cache=False, cmake_clean_first=False, cmake_force_configure=False, ament_cmake_args=None, catkin_cmake_args=None, catkin_skip_building_tests=False, mixin_files=None, mixin=None, verb_parser=<colcon_mixin.mixin.mixin_argument.MixinArgumentDecorator object at 0x713489cac8f0>, verb_extension=<colcon_core.verb.build.BuildVerb object at 0x713489cac530>, main=<bound method BuildVerb.main of <colcon_core.verb.build.BuildVerb object at 0x713489cac530>>, mixin_verb=('build',))
[1.284s] Level 1:colcon.colcon_core.package_discovery:discover_packages(colcon_meta) check parameters
[1.311s] Level 1:colcon.colcon_core.package_discovery:discover_packages(recursive) check parameters
[1.311s] Level 1:colcon.colcon_core.package_discovery:discover_packages(ignore) check parameters
[1.311s] Level 1:colcon.colcon_core.package_discovery:discover_packages(path) check parameters
[1.311s] Level 1:colcon.colcon_core.package_discovery:discover_packages(colcon_meta) discover
[1.311s] Level 1:colcon.colcon_core.package_discovery:discover_packages(recursive) discover
[1.311s] INFO:colcon.colcon_core.package_discovery:Crawling recursively for packages in '/home/bachelor/ros2_ws'
[1.312s] Level 1:colcon.colcon_core.package_identification:_identify(.) by extensions ['ignore', 'ignore_ament_install']
[1.312s] Level 1:colcon.colcon_core.package_identification:_identify(.) by extension 'ignore'
[1.312s] Level 1:colcon.colcon_core.package_identification:_identify(.) by extension 'ignore_ament_install'
[1.312s] Level 1:colcon.colcon_core.package_identification:_identify(.) by extensions ['colcon_pkg']
[1.312s] Level 1:colcon.colcon_core.package_identification:_identify(.) by extension 'colcon_pkg'
[1.312s] Level 1:colcon.colcon_core.package_identification:_identify(.) by extensions ['colcon_meta']
[1.312s] Level 1:colcon.colcon_core.package_identification:_identify(.) by extension 'colcon_meta'
[1.312s] Level 1:colcon.colcon_core.package_identification:_identify(.) by extensions ['ros']
[1.312s] Level 1:colcon.colcon_core.package_identification:_identify(.) by extension 'ros'
[2.171s] Level 1:colcon.colcon_core.package_identification:_identify(.) by extensions ['cmake', 'python']
[2.177s] Level 1:colcon.colcon_core.package_identification:_identify(.) by extension 'cmake'
[2.177s] Level 1:colcon.colcon_core.package_identification:_identify(.) by extension 'python'
[2.177s] Level 1:colcon.colcon_core.package_identification:_identify(.) by extensions ['python_setup_py']
[2.177s] Level 1:colcon.colcon_core.package_identification:_identify(.) by extension 'python_setup_py'
[2.178s] Level 1:colcon.colcon_core.package_identification:_identify(build) by extensions ['ignore', 'ignore_ament_install']
[2.178s] Level 1:colcon.colcon_core.package_identification:_identify(build) by extension 'ignore'
[2.178s] Level 1:colcon.colcon_core.package_identification:_identify(build) ignored
[2.179s] Level 1:colcon.colcon_core.package_identification:_identify(install) by extensions ['ignore', 'ignore_ament_install']
[2.180s] Level 1:colcon.colcon_core.package_identification:_identify(install) by extension 'ignore'
[2.180s] Level 1:colcon.colcon_core.package_identification:_identify(install) ignored
[2.180s] Level 1:colcon.colcon_core.package_identification:_identify(log) by extensions ['ignore', 'ignore_ament_install']
[2.180s] Level 1:colcon.colcon_core.package_identification:_identify(log) by extension 'ignore'
[2.181s] Level 1:colcon.colcon_core.package_identification:_identify(log) ignored
[2.181s] Level 1:colcon.colcon_core.package_identification:_identify(src) by extensions ['ignore', 'ignore_ament_install']
[2.181s] Level 1:colcon.colcon_core.package_identification:_identify(src) by extension 'ignore'
[2.181s] Level 1:colcon.colcon_core.package_identification:_identify(src) by extension 'ignore_ament_install'
[2.181s] Level 1:colcon.colcon_core.package_identification:_identify(src) by extensions ['colcon_pkg']
[2.181s] Level 1:colcon.colcon_core.package_identification:_identify(src) by extension 'colcon_pkg'
[2.181s] Level 1:colcon.colcon_core.package_identification:_identify(src) by extensions ['colcon_meta']
[2.181s] Level 1:colcon.colcon_core.package_identification:_identify(src) by extension 'colcon_meta'
[2.181s] Level 1:colcon.colcon_core.package_identification:_identify(src) by extensions ['ros']
[2.181s] Level 1:colcon.colcon_core.package_identification:_identify(src) by extension 'ros'
[2.182s] Level 1:colcon.colcon_core.package_identification:_identify(src) by extensions ['cmake', 'python']
[2.182s] Level 1:colcon.colcon_core.package_identification:_identify(src) by extension 'cmake'
[2.182s] Level 1:colcon.colcon_core.package_identification:_identify(src) by extension 'python'
[2.182s] Level 1:colcon.colcon_core.package_identification:_identify(src) by extensions ['python_setup_py']
[2.182s] Level 1:colcon.colcon_core.package_identification:_identify(src) by extension 'python_setup_py'
[2.182s] Level 1:colcon.colcon_core.package_identification:_identify(src/my_py_pkg) by extensions ['ignore', 'ignore_ament_install']
[2.183s] Level 1:colcon.colcon_core.package_identification:_identify(src/my_py_pkg) by extension 'ignore'
[2.201s] Level 1:colcon.colcon_core.package_identification:_identify(src/my_py_pkg) by extension 'ignore_ament_install'
[2.202s] Level 1:colcon.colcon_core.package_identification:_identify(src/my_py_pkg) by extensions ['colcon_pkg']
[2.210s] Level 1:colcon.colcon_core.package_identification:_identify(src/my_py_pkg) by extension 'colcon_pkg'
[2.210s] Level 1:colcon.colcon_core.package_identification:_identify(src/my_py_pkg) by extensions ['colcon_meta']
[2.210s] Level 1:colcon.colcon_core.package_identification:_identify(src/my_py_pkg) by extension 'colcon_meta'
[2.210s] Level 1:colcon.colcon_core.package_identification:_identify(src/my_py_pkg) by extensions ['ros']
[2.210s] Level 1:colcon.colcon_core.package_identification:_identify(src/my_py_pkg) by extension 'ros'
[2.249s] DEBUG:colcon.colcon_core.package_identification:Package 'src/my_py_pkg' with type 'ros.ament_python' and name 'my_py_pkg'
[2.252s] Level 1:colcon.colcon_core.package_identification:_identify(src/my_tutorial_interfaces) by extensions ['ignore', 'ignore_ament_install']
[2.253s] Level 1:colcon.colcon_core.package_identification:_identify(src/my_tutorial_interfaces) by extension 'ignore'
[2.253s] Level 1:colcon.colcon_core.package_identification:_identify(src/my_tutorial_interfaces) by extension 'ignore_ament_install'
[2.253s] Level 1:colcon.colcon_core.package_identification:_identify(src/my_tutorial_interfaces) by extensions ['colcon_pkg']
[2.253s] Level 1:colcon.colcon_core.package_identification:_identify(src/my_tutorial_interfaces) by extension 'colcon_pkg'
[2.253s] Level 1:colcon.colcon_core.package_identification:_identify(src/my_tutorial_interfaces) by extensions ['colcon_meta']
[2.253s] Level 1:colcon.colcon_core.package_identification:_identify(src/my_tutorial_interfaces) by extension 'colcon_meta'
[2.253s] Level 1:colcon.colcon_core.package_identification:_identify(src/my_tutorial_interfaces) by extensions ['ros']
[2.253s] Level 1:colcon.colcon_core.package_identification:_identify(src/my_tutorial_interfaces) by extension 'ros'
[2.270s] DEBUG:colcon.colcon_core.package_identification:Package 'src/my_tutorial_interfaces' with type 'ros.ament_cmake' and name 'my_tutorial_interfaces'
[2.271s] Level 1:colcon.colcon_core.package_identification:_identify(src/turtlebot4_simulator) by extensions ['ignore', 'ignore_ament_install']
[2.275s] Level 1:colcon.colcon_core.package_identification:_identify(src/turtlebot4_simulator) by extension 'ignore'
[2.275s] Level 1:colcon.colcon_core.package_identification:_identify(src/turtlebot4_simulator) by extension 'ignore_ament_install'
[2.275s] Level 1:colcon.colcon_core.package_identification:_identify(src/turtlebot4_simulator) by extensions ['colcon_pkg']
[2.275s] Level 1:colcon.colcon_core.package_identification:_identify(src/turtlebot4_simulator) by extension 'colcon_pkg'
[2.275s] Level 1:colcon.colcon_core.package_identification:_identify(src/turtlebot4_simulator) by extensions ['colcon_meta']
[2.275s] Level 1:colcon.colcon_core.package_identification:_identify(src/turtlebot4_simulator) by extension 'colcon_meta'
[2.275s] Level 1:colcon.colcon_core.package_identification:_identify(src/turtlebot4_simulator) by extensions ['ros']
[2.275s] Level 1:colcon.colcon_core.package_identification:_identify(src/turtlebot4_simulator) by extension 'ros'
[2.294s] Level 1:colcon.colcon_core.package_identification:_identify(src/turtlebot4_simulator) by extensions ['cmake', 'python']
[2.294s] Level 1:colcon.colcon_core.package_identification:_identify(src/turtlebot4_simulator) by extension 'cmake'
[2.294s] Level 1:colcon.colcon_core.package_identification:_identify(src/turtlebot4_simulator) by extension 'python'
[2.294s] Level 1:colcon.colcon_core.package_identification:_identify(src/turtlebot4_simulator) by extensions ['python_setup_py']
[2.294s] Level 1:colcon.colcon_core.package_identification:_identify(src/turtlebot4_simulator) by extension 'python_setup_py'
[2.295s] Level 1:colcon.colcon_core.package_identification:_identify(src/turtlebot4_simulator/turtlebot4_gz_bringup) by extensions ['ignore', 'ignore_ament_install']
[2.295s] Level 1:colcon.colcon_core.package_identification:_identify(src/turtlebot4_simulator/turtlebot4_gz_bringup) by extension 'ignore'
[2.295s] Level 1:colcon.colcon_core.package_identification:_identify(src/turtlebot4_simulator/turtlebot4_gz_bringup) by extension 'ignore_ament_install'
[2.295s] Level 1:colcon.colcon_core.package_identification:_identify(src/turtlebot4_simulator/turtlebot4_gz_bringup) by extensions ['colcon_pkg']
[2.295s] Level 1:colcon.colcon_core.package_identification:_identify(src/turtlebot4_simulator/turtlebot4_gz_bringup) by extension 'colcon_pkg'
[2.295s] Level 1:colcon.colcon_core.package_identification:_identify(src/turtlebot4_simulator/turtlebot4_gz_bringup) by extensions ['colcon_meta']
[2.295s] Level 1:colcon.colcon_core.package_identification:_identify(src/turtlebot4_simulator/turtlebot4_gz_bringup) by extension 'colcon_meta'
[2.296s] Level 1:colcon.colcon_core.package_identification:_identify(src/turtlebot4_simulator/turtlebot4_gz_bringup) by extensions ['ros']
[2.296s] Level 1:colcon.colcon_core.package_identification:_identify(src/turtlebot4_simulator/turtlebot4_gz_bringup) by extension 'ros'
[2.324s] DEBUG:colcon.colcon_core.package_identification:Package 'src/turtlebot4_simulator/turtlebot4_gz_bringup' with type 'ros.ament_cmake' and name 'turtlebot4_gz_bringup'
[2.333s] Level 1:colcon.colcon_core.package_identification:_identify(src/turtlebot4_simulator/turtlebot4_gz_gui_plugins) by extensions ['ignore', 'ignore_ament_install']
[2.333s] Level 1:colcon.colcon_core.package_identification:_identify(src/turtlebot4_simulator/turtlebot4_gz_gui_plugins) by extension 'ignore'
[2.333s] Level 1:colcon.colcon_core.package_identification:_identify(src/turtlebot4_simulator/turtlebot4_gz_gui_plugins) by extension 'ignore_ament_install'
[2.334s] Level 1:colcon.colcon_core.package_identification:_identify(src/turtlebot4_simulator/turtlebot4_gz_gui_plugins) by extensions ['colcon_pkg']
[2.334s] Level 1:colcon.colcon_core.package_identification:_identify(src/turtlebot4_simulator/turtlebot4_gz_gui_plugins) by extension 'colcon_pkg'
[2.334s] Level 1:colcon.colcon_core.package_identification:_identify(src/turtlebot4_simulator/turtlebot4_gz_gui_plugins) by extensions ['colcon_meta']
[2.334s] Level 1:colcon.colcon_core.package_identification:_identify(src/turtlebot4_simulator/turtlebot4_gz_gui_plugins) by extension 'colcon_meta'
[2.334s] Level 1:colcon.colcon_core.package_identification:_identify(src/turtlebot4_simulator/turtlebot4_gz_gui_plugins) by extensions ['ros']
[2.334s] Level 1:colcon.colcon_core.package_identification:_identify(src/turtlebot4_simulator/turtlebot4_gz_gui_plugins) by extension 'ros'
[2.335s] DEBUG:colcon.colcon_core.package_identification:Package 'src/turtlebot4_simulator/turtlebot4_gz_gui_plugins' with type 'ros.ament_cmake' and name 'turtlebot4_gz_gui_plugins'
[2.336s] Level 1:colcon.colcon_core.package_identification:_identify(src/turtlebot4_simulator/turtlebot4_gz_toolbox) by extensions ['ignore', 'ignore_ament_install']
[2.336s] Level 1:colcon.colcon_core.package_identification:_identify(src/turtlebot4_simulator/turtlebot4_gz_toolbox) by extension 'ignore'
[2.336s] Level 1:colcon.colcon_core.package_identification:_identify(src/turtlebot4_simulator/turtlebot4_gz_toolbox) by extension 'ignore_ament_install'
[2.337s] Level 1:colcon.colcon_core.package_identification:_identify(src/turtlebot4_simulator/turtlebot4_gz_toolbox) by extensions ['colcon_pkg']
[2.337s] Level 1:colcon.colcon_core.package_identification:_identify(src/turtlebot4_simulator/turtlebot4_gz_toolbox) by extension 'colcon_pkg'
[2.337s] Level 1:colcon.colcon_core.package_identification:_identify(src/turtlebot4_simulator/turtlebot4_gz_toolbox) by extensions ['colcon_meta']
[2.337s] Level 1:colcon.colcon_core.package_identification:_identify(src/turtlebot4_simulator/turtlebot4_gz_toolbox) by extension 'colcon_meta'
[2.337s] Level 1:colcon.colcon_core.package_identification:_identify(src/turtlebot4_simulator/turtlebot4_gz_toolbox) by extensions ['ros']
[2.337s] Level 1:colcon.colcon_core.package_identification:_identify(src/turtlebot4_simulator/turtlebot4_gz_toolbox) by extension 'ros'
[2.388s] DEBUG:colcon.colcon_core.package_identification:Package 'src/turtlebot4_simulator/turtlebot4_gz_toolbox' with type 'ros.ament_cmake' and name 'turtlebot4_gz_toolbox'
[2.405s] Level 1:colcon.colcon_core.package_identification:_identify(src/turtlebot4_simulator/turtlebot4_simulator) by extensions ['ignore', 'ignore_ament_install']
[2.405s] Level 1:colcon.colcon_core.package_identification:_identify(src/turtlebot4_simulator/turtlebot4_simulator) by extension 'ignore'
[2.405s] Level 1:colcon.colcon_core.package_identification:_identify(src/turtlebot4_simulator/turtlebot4_simulator) by extension 'ignore_ament_install'
[2.405s] Level 1:colcon.colcon_core.package_identification:_identify(src/turtlebot4_simulator/turtlebot4_simulator) by extensions ['colcon_pkg']
[2.405s] Level 1:colcon.colcon_core.package_identification:_identify(src/turtlebot4_simulator/turtlebot4_simulator) by extension 'colcon_pkg'
[2.405s] Level 1:colcon.colcon_core.package_identification:_identify(src/turtlebot4_simulator/turtlebot4_simulator) by extensions ['colcon_meta']
[2.406s] Level 1:colcon.colcon_core.package_identification:_identify(src/turtlebot4_simulator/turtlebot4_simulator) by extension 'colcon_meta'
[2.406s] Level 1:colcon.colcon_core.package_identification:_identify(src/turtlebot4_simulator/turtlebot4_simulator) by extensions ['ros']
[2.406s] Level 1:colcon.colcon_core.package_identification:_identify(src/turtlebot4_simulator/turtlebot4_simulator) by extension 'ros'
[2.415s] DEBUG:colcon.colcon_core.package_identification:Package 'src/turtlebot4_simulator/turtlebot4_simulator' with type 'ros.ament_cmake' and name 'turtlebot4_simulator'
[2.416s] Level 1:colcon.colcon_core.package_identification:_identify(src/v1_topic_pkg) by extensions ['ignore', 'ignore_ament_install']
[2.416s] Level 1:colcon.colcon_core.package_identification:_identify(src/v1_topic_pkg) by extension 'ignore'
[2.417s] Level 1:colcon.colcon_core.package_identification:_identify(src/v1_topic_pkg) by extension 'ignore_ament_install'
[2.417s] Level 1:colcon.colcon_core.package_identification:_identify(src/v1_topic_pkg) by extensions ['colcon_pkg']
[2.417s] Level 1:colcon.colcon_core.package_identification:_identify(src/v1_topic_pkg) by extension 'colcon_pkg'
[2.417s] Level 1:colcon.colcon_core.package_identification:_identify(src/v1_topic_pkg) by extensions ['colcon_meta']
[2.417s] Level 1:colcon.colcon_core.package_identification:_identify(src/v1_topic_pkg) by extension 'colcon_meta'
[2.417s] Level 1:colcon.colcon_core.package_identification:_identify(src/v1_topic_pkg) by extensions ['ros']
[2.417s] Level 1:colcon.colcon_core.package_identification:_identify(src/v1_topic_pkg) by extension 'ros'
[2.419s] DEBUG:colcon.colcon_core.package_identification:Package 'src/v1_topic_pkg' with type 'ros.ament_python' and name 'v1_topic_pkg'
[2.419s] Level 1:colcon.colcon_core.package_identification:_identify(src/v2_service_interface) by extensions ['ignore', 'ignore_ament_install']
[2.420s] Level 1:colcon.colcon_core.package_identification:_identify(src/v2_service_interface) by extension 'ignore'
[2.420s] Level 1:colcon.colcon_core.package_identification:_identify(src/v2_service_interface) by extension 'ignore_ament_install'
[2.420s] Level 1:colcon.colcon_core.package_identification:_identify(src/v2_service_interface) by extensions ['colcon_pkg']
[2.420s] Level 1:colcon.colcon_core.package_identification:_identify(src/v2_service_interface) by extension 'colcon_pkg'
[2.420s] Level 1:colcon.colcon_core.package_identification:_identify(src/v2_service_interface) by extensions ['colcon_meta']
[2.420s] Level 1:colcon.colcon_core.package_identification:_identify(src/v2_service_interface) by extension 'colcon_meta'
[2.420s] Level 1:colcon.colcon_core.package_identification:_identify(src/v2_service_interface) by extensions ['ros']
[2.438s] Level 1:colcon.colcon_core.package_identification:_identify(src/v2_service_interface) by extension 'ros'
[2.441s] DEBUG:colcon.colcon_core.package_identification:Package 'src/v2_service_interface' with type 'ros.ament_cmake' and name 'v2_service_interface'
[2.468s] Level 1:colcon.colcon_core.package_discovery:discover_packages(recursive) using defaults
[2.469s] Level 1:colcon.colcon_core.package_discovery:discover_packages(ignore) discover
[2.469s] Level 1:colcon.colcon_core.package_discovery:discover_packages(ignore) using defaults
[2.469s] Level 1:colcon.colcon_core.package_discovery:discover_packages(path) discover
[2.469s] Level 1:colcon.colcon_core.package_discovery:discover_packages(path) using defaults
[2.779s] INFO:colcon.colcon_core.package_selection:Skipping not selected package 'my_tutorial_interfaces' in 'src/my_tutorial_interfaces'
[2.779s] INFO:colcon.colcon_core.package_selection:Skipping not selected package 'turtlebot4_gz_gui_plugins' in 'src/turtlebot4_simulator/turtlebot4_gz_gui_plugins'
[2.780s] INFO:colcon.colcon_core.package_selection:Skipping not selected package 'turtlebot4_gz_toolbox' in 'src/turtlebot4_simulator/turtlebot4_gz_toolbox'
[2.780s] INFO:colcon.colcon_core.package_selection:Skipping not selected package 'v2_service_interface' in 'src/v2_service_interface'
[2.780s] INFO:colcon.colcon_core.package_selection:Skipping not selected package 'my_py_pkg' in 'src/my_py_pkg'
[2.780s] INFO:colcon.colcon_core.package_selection:Skipping not selected package 'turtlebot4_gz_bringup' in 'src/turtlebot4_simulator/turtlebot4_gz_bringup'
[2.780s] INFO:colcon.colcon_core.package_selection:Skipping not selected package 'turtlebot4_simulator' in 'src/turtlebot4_simulator/turtlebot4_simulator'
[2.782s] Level 1:colcon.colcon_core.package_discovery:discover_packages(prefix_path) check parameters
[2.782s] Level 1:colcon.colcon_core.package_discovery:discover_packages(prefix_path) discover
[2.800s] DEBUG:colcon.colcon_installed_package_information.package_discovery:Found 8 installed packages in /home/bachelor/ros2_ws/install
[2.801s] DEBUG:colcon.colcon_installed_package_information.package_discovery:Found 0 installed packages in /home/bachelor/ros2_ws/src/v1_topic_pkg/v1_topic_pkg/install
[2.802s] DEBUG:colcon.colcon_installed_package_information.package_discovery:Found 1 installed packages in /home/bachelor/ros2_ws/src/v1_topic_pkg/install
[2.813s] DEBUG:colcon.colcon_installed_package_information.package_discovery:Found 1 installed packages in /home/bachelor/install
[2.822s] DEBUG:colcon.colcon_installed_package_information.package_discovery:Found 434 installed packages in /opt/ros/jazzy
[2.832s] Level 1:colcon.colcon_core.package_discovery:discover_packages(prefix_path) using defaults
[3.183s] Level 5:colcon.colcon_core.verb:set package 'v1_topic_pkg' build argument 'cmake_args' from command line to 'None'
[3.184s] Level 5:colcon.colcon_core.verb:set package 'v1_topic_pkg' build argument 'cmake_target' from command line to 'None'
[3.184s] Level 5:colcon.colcon_core.verb:set package 'v1_topic_pkg' build argument 'cmake_target_skip_unavailable' from command line to 'False'
[3.184s] Level 5:colcon.colcon_core.verb:set package 'v1_topic_pkg' build argument 'cmake_clean_cache' from command line to 'False'
[3.185s] Level 5:colcon.colcon_core.verb:set package 'v1_topic_pkg' build argument 'cmake_clean_first' from command line to 'False'
[3.185s] Level 5:colcon.colcon_core.verb:set package 'v1_topic_pkg' build argument 'cmake_force_configure' from command line to 'False'
[3.185s] Level 5:colcon.colcon_core.verb:set package 'v1_topic_pkg' build argument 'ament_cmake_args' from command line to 'None'
[3.185s] Level 5:colcon.colcon_core.verb:set package 'v1_topic_pkg' build argument 'catkin_cmake_args' from command line to 'None'
[3.190s] Level 5:colcon.colcon_core.verb:set package 'v1_topic_pkg' build argument 'catkin_skip_building_tests' from command line to 'False'
[3.191s] DEBUG:colcon.colcon_core.verb:Building package 'v1_topic_pkg' with the following arguments: {'ament_cmake_args': None, 'build_base': '/home/bachelor/ros2_ws/build/v1_topic_pkg', 'catkin_cmake_args': None, 'catkin_skip_building_tests': False, 'cmake_args': None, 'cmake_clean_cache': False, 'cmake_clean_first': False, 'cmake_force_configure': False, 'cmake_target': None, 'cmake_target_skip_unavailable': False, 'install_base': '/home/bachelor/ros2_ws/install/v1_topic_pkg', 'merge_install': False, 'path': '/home/bachelor/ros2_ws/src/v1_topic_pkg', 'symlink_install': False, 'test_result_base': None}
[3.193s] INFO:colcon.colcon_core.executor:Executing jobs using 'parallel' executor
[3.201s] DEBUG:colcon.colcon_parallel_executor.executor.parallel:run_until_complete
[3.203s] INFO:colcon.colcon_ros.task.ament_python.build:Building ROS package in '/home/bachelor/ros2_ws/src/v1_topic_pkg' with build type 'ament_python'
[3.203s] Level 1:colcon.colcon_core.shell:create_environment_hook('v1_topic_pkg', 'ament_prefix_path')
[3.243s] INFO:colcon.colcon_core.plugin_system:Skipping extension 'colcon_core.shell.bat': Not used on non-Windows systems
[3.252s] INFO:colcon.colcon_core.shell:Creating environment hook '/home/bachelor/ros2_ws/install/v1_topic_pkg/share/v1_topic_pkg/hook/ament_prefix_path.ps1'
[3.269s] INFO:colcon.colcon_core.shell:Creating environment descriptor '/home/bachelor/ros2_ws/install/v1_topic_pkg/share/v1_topic_pkg/hook/ament_prefix_path.dsv'
[3.287s] INFO:colcon.colcon_core.shell:Creating environment hook '/home/bachelor/ros2_ws/install/v1_topic_pkg/share/v1_topic_pkg/hook/ament_prefix_path.sh'
[3.309s] INFO:colcon.colcon_core.shell:Skip shell extension 'powershell' for command environment: Not usable outside of PowerShell
[3.309s] DEBUG:colcon.colcon_core.shell:Skip shell extension 'dsv' for command environment
[5.383s] INFO:colcon.colcon_core.task.python.build:Building Python package in '/home/bachelor/ros2_ws/src/v1_topic_pkg'
[5.384s] INFO:colcon.colcon_core.shell:Skip shell extension 'powershell' for command environment: Not usable outside of PowerShell
[5.384s] DEBUG:colcon.colcon_core.shell:Skip shell extension 'dsv' for command environment
[13.786s] DEBUG:colcon.colcon_core.event_handler.log_command:Invoking command in '/home/bachelor/ros2_ws/src/v1_topic_pkg': DEBUGINFOD_URLS=https://debuginfod.ubuntu.com PYTHONPATH=/home/bachelor/ros2_ws/build/v1_topic_pkg/prefix_override:/usr/lib/python3/dist-packages/colcon_core/task/python/colcon_distutils_commands:/home/bachelor/ros2_ws/install/v1_topic_pkg/lib/python3.12/site-packages:/home/bachelor/ros2_ws/install/v2_service_interface/lib/python3.12/site-packages:/home/bachelor/ros2_ws/install/v1_topic_pkg/lib/python3.12/site-packages:/home/bachelor/ros2_ws/install/my_py_pkg/lib/python3.12/site-packages:/home/bachelor/ros2_ws/install/my_tutorial_interfaces/lib/python3.12/site-packages:/home/bachelor/ros2_ws/src/v1_topic_pkg/install/v1_topic_pkg/lib/python3.12/site-packages:/opt/ros/jazzy/lib/python3.12/site-packages /usr/bin/python3 -W ignore:setup.py install is deprecated -W ignore:easy_install command is deprecated setup.py egg_info --egg-base ../../build/v1_topic_pkg build --build-base /home/bachelor/ros2_ws/build/v1_topic_pkg/build install --record /home/bachelor/ros2_ws/build/v1_topic_pkg/install.log --single-version-externally-managed install_data
[21.712s] DEBUG:colcon.colcon_core.event_handler.log_command:Invoked command in '/home/bachelor/ros2_ws/src/v1_topic_pkg' returned '0': DEBUGINFOD_URLS=https://debuginfod.ubuntu.com PYTHONPATH=/home/bachelor/ros2_ws/build/v1_topic_pkg/prefix_override:/usr/lib/python3/dist-packages/colcon_core/task/python/colcon_distutils_commands:/home/bachelor/ros2_ws/install/v1_topic_pkg/lib/python3.12/site-packages:/home/bachelor/ros2_ws/install/v2_service_interface/lib/python3.12/site-packages:/home/bachelor/ros2_ws/install/v1_topic_pkg/lib/python3.12/site-packages:/home/bachelor/ros2_ws/install/my_py_pkg/lib/python3.12/site-packages:/home/bachelor/ros2_ws/install/my_tutorial_interfaces/lib/python3.12/site-packages:/home/bachelor/ros2_ws/src/v1_topic_pkg/install/v1_topic_pkg/lib/python3.12/site-packages:/opt/ros/jazzy/lib/python3.12/site-packages /usr/bin/python3 -W ignore:setup.py install is deprecated -W ignore:easy_install command is deprecated setup.py egg_info --egg-base ../../build/v1_topic_pkg build --build-base /home/bachelor/ros2_ws/build/v1_topic_pkg/build install --record /home/bachelor/ros2_ws/build/v1_topic_pkg/install.log --single-version-externally-managed install_data
[21.751s] Level 1:colcon.colcon_core.environment:checking '/home/bachelor/ros2_ws/install/v1_topic_pkg' for CMake module files
[21.753s] Level 1:colcon.colcon_core.environment:checking '/home/bachelor/ros2_ws/install/v1_topic_pkg' for CMake config files
[21.763s] Level 1:colcon.colcon_core.environment:checking '/home/bachelor/ros2_ws/install/v1_topic_pkg/lib'
[21.763s] Level 1:colcon.colcon_core.environment:checking '/home/bachelor/ros2_ws/install/v1_topic_pkg/bin'
[21.764s] Level 1:colcon.colcon_core.environment:checking '/home/bachelor/ros2_ws/install/v1_topic_pkg/lib/pkgconfig/v1_topic_pkg.pc'
[21.765s] Level 1:colcon.colcon_core.environment:checking '/home/bachelor/ros2_ws/install/v1_topic_pkg/lib/python3.12/site-packages'
[21.765s] Level 1:colcon.colcon_core.shell:create_environment_hook('v1_topic_pkg', 'pythonpath')
[21.766s] INFO:colcon.colcon_core.shell:Creating environment hook '/home/bachelor/ros2_ws/install/v1_topic_pkg/share/v1_topic_pkg/hook/pythonpath.ps1'
[21.776s] INFO:colcon.colcon_core.shell:Creating environment descriptor '/home/bachelor/ros2_ws/install/v1_topic_pkg/share/v1_topic_pkg/hook/pythonpath.dsv'
[21.785s] INFO:colcon.colcon_core.shell:Creating environment hook '/home/bachelor/ros2_ws/install/v1_topic_pkg/share/v1_topic_pkg/hook/pythonpath.sh'
[21.792s] Level 1:colcon.colcon_core.environment:checking '/home/bachelor/ros2_ws/install/v1_topic_pkg/bin'
[21.792s] Level 1:colcon.colcon_core.environment:create_environment_scripts_only(v1_topic_pkg)
[21.793s] INFO:colcon.colcon_core.shell:Creating package script '/home/bachelor/ros2_ws/install/v1_topic_pkg/share/v1_topic_pkg/package.ps1'
[21.815s] INFO:colcon.colcon_core.shell:Creating package descriptor '/home/bachelor/ros2_ws/install/v1_topic_pkg/share/v1_topic_pkg/package.dsv'
[21.820s] INFO:colcon.colcon_core.shell:Creating package script '/home/bachelor/ros2_ws/install/v1_topic_pkg/share/v1_topic_pkg/package.sh'
[21.843s] INFO:colcon.colcon_core.shell:Creating package script '/home/bachelor/ros2_ws/install/v1_topic_pkg/share/v1_topic_pkg/package.bash'
[21.948s] INFO:colcon.colcon_core.shell:Creating package script '/home/bachelor/ros2_ws/install/v1_topic_pkg/share/v1_topic_pkg/package.zsh'
[21.953s] Level 1:colcon.colcon_core.environment:create_file_with_runtime_dependencies(/home/bachelor/ros2_ws/install/v1_topic_pkg/share/colcon-core/packages/v1_topic_pkg)
[21.965s] DEBUG:colcon.colcon_parallel_executor.executor.parallel:closing loop
[21.966s] DEBUG:colcon.colcon_parallel_executor.executor.parallel:loop closed
[21.971s] DEBUG:colcon.colcon_parallel_executor.executor.parallel:run_until_complete finished with '0'
[21.971s] DEBUG:colcon.colcon_core.event_reactor:joining thread
[22.158s] INFO:colcon.colcon_core.plugin_system:Skipping extension 'colcon_notification.desktop_notification.terminal_notifier': Not used on non-Darwin systems
[22.158s] INFO:colcon.colcon_core.plugin_system:Skipping extension 'colcon_notification.desktop_notification.win32': Not used on non-Windows systems
[22.158s] INFO:colcon.colcon_notification.desktop_notification:Sending desktop notification using 'notify2'
[22.603s] DEBUG:colcon.colcon_core.event_reactor:joined thread
[22.610s] INFO:colcon.colcon_core.shell:Creating prefix script '/home/bachelor/ros2_ws/install/local_setup.ps1'
[22.642s] INFO:colcon.colcon_core.shell:Creating prefix util module '/home/bachelor/ros2_ws/install/_local_setup_util_ps1.py'
[22.670s] INFO:colcon.colcon_core.shell:Creating prefix chain script '/home/bachelor/ros2_ws/install/setup.ps1'
[22.691s] INFO:colcon.colcon_core.shell:Creating prefix script '/home/bachelor/ros2_ws/install/local_setup.sh'
[22.699s] INFO:colcon.colcon_core.shell:Creating prefix util module '/home/bachelor/ros2_ws/install/_local_setup_util_sh.py'
[22.715s] INFO:colcon.colcon_core.shell:Creating prefix chain script '/home/bachelor/ros2_ws/install/setup.sh'
[22.725s] INFO:colcon.colcon_core.shell:Creating prefix script '/home/bachelor/ros2_ws/install/local_setup.bash'
[22.734s] INFO:colcon.colcon_core.shell:Creating prefix chain script '/home/bachelor/ros2_ws/install/setup.bash'
[22.758s] INFO:colcon.colcon_core.shell:Creating prefix script '/home/bachelor/ros2_ws/install/local_setup.zsh'
[22.778s] INFO:colcon.colcon_core.shell:Creating prefix chain script '/home/bachelor/ros2_ws/install/setup.zsh'
