[0.469s] DEBUG:colcon:Command line arguments: ['/usr/bin/colcon', 'build', '--packages-select', 'v1_topic_pkg']
[0.470s] DEBUG:colcon:Parsed command line arguments: Namespace(log_base=None, log_level=None, verb_name='build', build_base='build', install_base='install', merge_install=False, symlink_install=False, test_result_base=None, continue_on_error=False, executor='parallel', parallel_workers=1, event_handlers=None, ignore_user_meta=False, metas=['./colcon.meta'], base_paths=['.'], packages_ignore=None, packages_ignore_regex=None, paths=None, packages_up_to=None, packages_up_to_regex=None, packages_above=None, packages_above_and_dependencies=None, packages_above_depth=None, packages_select_by_dep=None, packages_skip_by_dep=None, packages_skip_up_to=None, packages_select_build_failed=False, packages_skip_build_finished=False, packages_select_test_failures=False, packages_skip_test_passed=False, packages_select=['v1_topic_pkg'], packages_skip=None, packages_select_regex=None, packages_skip_regex=None, packages_start=None, packages_end=None, allow_overriding=[], cmake_args=None, cmake_target=None, cmake_target_skip_unavailable=False, cmake_clean_cache=False, cmake_clean_first=False, cmake_force_configure=False, ament_cmake_args=None, catkin_cmake_args=None, catkin_skip_building_tests=False, mixin_files=None, mixin=None, verb_parser=<colcon_mixin.mixin.mixin_argument.MixinArgumentDecorator object at 0x7b1eb877f9b0>, verb_extension=<colcon_core.verb.build.BuildVerb object at 0x7b1eb877f650>, main=<bound method BuildVerb.main of <colcon_core.verb.build.BuildVerb object at 0x7b1eb877f650>>, mixin_verb=('build',))
[0.631s] Level 1:colcon.colcon_core.package_discovery:discover_packages(colcon_meta) check parameters
[0.633s] Level 1:colcon.colcon_core.package_discovery:discover_packages(recursive) check parameters
[0.633s] Level 1:colcon.colcon_core.package_discovery:discover_packages(ignore) check parameters
[0.633s] Level 1:colcon.colcon_core.package_discovery:discover_packages(path) check parameters
[0.634s] Level 1:colcon.colcon_core.package_discovery:discover_packages(colcon_meta) discover
[0.634s] Level 1:colcon.colcon_core.package_discovery:discover_packages(recursive) discover
[0.634s] INFO:colcon.colcon_core.package_discovery:Crawling recursively for packages in '/home/bachelor/ros2_ws'
[0.635s] Level 1:colcon.colcon_core.package_identification:_identify(.) by extensions ['ignore', 'ignore_ament_install']
[0.635s] Level 1:colcon.colcon_core.package_identification:_identify(.) by extension 'ignore'
[0.635s] Level 1:colcon.colcon_core.package_identification:_identify(.) by extension 'ignore_ament_install'
[0.635s] Level 1:colcon.colcon_core.package_identification:_identify(.) by extensions ['colcon_pkg']
[0.635s] Level 1:colcon.colcon_core.package_identification:_identify(.) by extension 'colcon_pkg'
[0.635s] Level 1:colcon.colcon_core.package_identification:_identify(.) by extensions ['colcon_meta']
[0.635s] Level 1:colcon.colcon_core.package_identification:_identify(.) by extension 'colcon_meta'
[0.635s] Level 1:colcon.colcon_core.package_identification:_identify(.) by extensions ['ros']
[0.635s] Level 1:colcon.colcon_core.package_identification:_identify(.) by extension 'ros'
[0.773s] Level 1:colcon.colcon_core.package_identification:_identify(.) by extensions ['cmake', 'python']
[0.775s] Level 1:colcon.colcon_core.package_identification:_identify(.) by extension 'cmake'
[0.776s] Level 1:colcon.colcon_core.package_identification:_identify(.) by extension 'python'
[0.776s] Level 1:colcon.colcon_core.package_identification:_identify(.) by extensions ['python_setup_py']
[0.776s] Level 1:colcon.colcon_core.package_identification:_identify(.) by extension 'python_setup_py'
[0.777s] Level 1:colcon.colcon_core.package_identification:_identify(build) by extensions ['ignore', 'ignore_ament_install']
[0.778s] Level 1:colcon.colcon_core.package_identification:_identify(build) by extension 'ignore'
[0.778s] Level 1:colcon.colcon_core.package_identification:_identify(build) ignored
[0.778s] Level 1:colcon.colcon_core.package_identification:_identify(install) by extensions ['ignore', 'ignore_ament_install']
[0.778s] Level 1:colcon.colcon_core.package_identification:_identify(install) by extension 'ignore'
[0.778s] Level 1:colcon.colcon_core.package_identification:_identify(install) ignored
[0.779s] Level 1:colcon.colcon_core.package_identification:_identify(log) by extensions ['ignore', 'ignore_ament_install']
[0.779s] Level 1:colcon.colcon_core.package_identification:_identify(log) by extension 'ignore'
[0.779s] Level 1:colcon.colcon_core.package_identification:_identify(log) ignored
[0.779s] Level 1:colcon.colcon_core.package_identification:_identify(src) by extensions ['ignore', 'ignore_ament_install']
[0.779s] Level 1:colcon.colcon_core.package_identification:_identify(src) by extension 'ignore'
[0.779s] Level 1:colcon.colcon_core.package_identification:_identify(src) by extension 'ignore_ament_install'
[0.779s] Level 1:colcon.colcon_core.package_identification:_identify(src) by extensions ['colcon_pkg']
[0.780s] Level 1:colcon.colcon_core.package_identification:_identify(src) by extension 'colcon_pkg'
[0.780s] Level 1:colcon.colcon_core.package_identification:_identify(src) by extensions ['colcon_meta']
[0.780s] Level 1:colcon.colcon_core.package_identification:_identify(src) by extension 'colcon_meta'
[0.780s] Level 1:colcon.colcon_core.package_identification:_identify(src) by extensions ['ros']
[0.780s] Level 1:colcon.colcon_core.package_identification:_identify(src) by extension 'ros'
[0.780s] Level 1:colcon.colcon_core.package_identification:_identify(src) by extensions ['cmake', 'python']
[0.780s] Level 1:colcon.colcon_core.package_identification:_identify(src) by extension 'cmake'
[0.780s] Level 1:colcon.colcon_core.package_identification:_identify(src) by extension 'python'
[0.780s] Level 1:colcon.colcon_core.package_identification:_identify(src) by extensions ['python_setup_py']
[0.780s] Level 1:colcon.colcon_core.package_identification:_identify(src) by extension 'python_setup_py'
[0.780s] Level 1:colcon.colcon_core.package_identification:_identify(src/my_py_pkg) by extensions ['ignore', 'ignore_ament_install']
[0.781s] Level 1:colcon.colcon_core.package_identification:_identify(src/my_py_pkg) by extension 'ignore'
[0.781s] Level 1:colcon.colcon_core.package_identification:_identify(src/my_py_pkg) by extension 'ignore_ament_install'
[0.781s] Level 1:colcon.colcon_core.package_identification:_identify(src/my_py_pkg) by extensions ['colcon_pkg']
[0.781s] Level 1:colcon.colcon_core.package_identification:_identify(src/my_py_pkg) by extension 'colcon_pkg'
[0.781s] Level 1:colcon.colcon_core.package_identification:_identify(src/my_py_pkg) by extensions ['colcon_meta']
[0.781s] Level 1:colcon.colcon_core.package_identification:_identify(src/my_py_pkg) by extension 'colcon_meta'
[0.781s] Level 1:colcon.colcon_core.package_identification:_identify(src/my_py_pkg) by extensions ['ros']
[0.781s] Level 1:colcon.colcon_core.package_identification:_identify(src/my_py_pkg) by extension 'ros'
[0.792s] DEBUG:colcon.colcon_core.package_identification:Package 'src/my_py_pkg' with type 'ros.ament_python' and name 'my_py_pkg'
[0.793s] Level 1:colcon.colcon_core.package_identification:_identify(src/my_tutorial_interfaces) by extensions ['ignore', 'ignore_ament_install']
[0.793s] Level 1:colcon.colcon_core.package_identification:_identify(src/my_tutorial_interfaces) by extension 'ignore'
[0.799s] Level 1:colcon.colcon_core.package_identification:_identify(src/my_tutorial_interfaces) by extension 'ignore_ament_install'
[0.799s] Level 1:colcon.colcon_core.package_identification:_identify(src/my_tutorial_interfaces) by extensions ['colcon_pkg']
[0.800s] Level 1:colcon.colcon_core.package_identification:_identify(src/my_tutorial_interfaces) by extension 'colcon_pkg'
[0.800s] Level 1:colcon.colcon_core.package_identification:_identify(src/my_tutorial_interfaces) by extensions ['colcon_meta']
[0.800s] Level 1:colcon.colcon_core.package_identification:_identify(src/my_tutorial_interfaces) by extension 'colcon_meta'
[0.801s] Level 1:colcon.colcon_core.package_identification:_identify(src/my_tutorial_interfaces) by extensions ['ros']
[0.801s] Level 1:colcon.colcon_core.package_identification:_identify(src/my_tutorial_interfaces) by extension 'ros'
[0.802s] DEBUG:colcon.colcon_core.package_identification:Package 'src/my_tutorial_interfaces' with type 'ros.ament_cmake' and name 'my_tutorial_interfaces'
[0.802s] Level 1:colcon.colcon_core.package_identification:_identify(src/v1_topic_pkg) by extensions ['ignore', 'ignore_ament_install']
[0.802s] Level 1:colcon.colcon_core.package_identification:_identify(src/v1_topic_pkg) by extension 'ignore'
[0.802s] Level 1:colcon.colcon_core.package_identification:_identify(src/v1_topic_pkg) by extension 'ignore_ament_install'
[0.802s] Level 1:colcon.colcon_core.package_identification:_identify(src/v1_topic_pkg) by extensions ['colcon_pkg']
[0.802s] Level 1:colcon.colcon_core.package_identification:_identify(src/v1_topic_pkg) by extension 'colcon_pkg'
[0.802s] Level 1:colcon.colcon_core.package_identification:_identify(src/v1_topic_pkg) by extensions ['colcon_meta']
[0.802s] Level 1:colcon.colcon_core.package_identification:_identify(src/v1_topic_pkg) by extension 'colcon_meta'
[0.802s] Level 1:colcon.colcon_core.package_identification:_identify(src/v1_topic_pkg) by extensions ['ros']
[0.803s] Level 1:colcon.colcon_core.package_identification:_identify(src/v1_topic_pkg) by extension 'ros'
[0.807s] DEBUG:colcon.colcon_core.package_identification:Package 'src/v1_topic_pkg' with type 'ros.ament_python' and name 'v1_topic_pkg'
[0.807s] Level 1:colcon.colcon_core.package_discovery:discover_packages(recursive) using defaults
[0.808s] Level 1:colcon.colcon_core.package_discovery:discover_packages(ignore) discover
[0.808s] Level 1:colcon.colcon_core.package_discovery:discover_packages(ignore) using defaults
[0.808s] Level 1:colcon.colcon_core.package_discovery:discover_packages(path) discover
[0.808s] Level 1:colcon.colcon_core.package_discovery:discover_packages(path) using defaults
[0.911s] INFO:colcon.colcon_core.package_selection:Skipping not selected package 'my_tutorial_interfaces' in 'src/my_tutorial_interfaces'
[0.911s] INFO:colcon.colcon_core.package_selection:Skipping not selected package 'my_py_pkg' in 'src/my_py_pkg'
[0.913s] Level 1:colcon.colcon_core.package_discovery:discover_packages(prefix_path) check parameters
[0.914s] Level 1:colcon.colcon_core.package_discovery:discover_packages(prefix_path) discover
[0.923s] DEBUG:colcon.colcon_installed_package_information.package_discovery:Found 3 installed packages in /home/bachelor/ros2_ws/install
[0.927s] DEBUG:colcon.colcon_installed_package_information.package_discovery:Found 285 installed packages in /opt/ros/jazzy
[0.937s] Level 1:colcon.colcon_core.package_discovery:discover_packages(prefix_path) using defaults
[1.237s] Level 5:colcon.colcon_core.verb:set package 'v1_topic_pkg' build argument 'cmake_args' from command line to 'None'
[1.266s] Level 5:colcon.colcon_core.verb:set package 'v1_topic_pkg' build argument 'cmake_target' from command line to 'None'
[1.266s] Level 5:colcon.colcon_core.verb:set package 'v1_topic_pkg' build argument 'cmake_target_skip_unavailable' from command line to 'False'
[1.266s] Level 5:colcon.colcon_core.verb:set package 'v1_topic_pkg' build argument 'cmake_clean_cache' from command line to 'False'
[1.266s] Level 5:colcon.colcon_core.verb:set package 'v1_topic_pkg' build argument 'cmake_clean_first' from command line to 'False'
[1.266s] Level 5:colcon.colcon_core.verb:set package 'v1_topic_pkg' build argument 'cmake_force_configure' from command line to 'False'
[1.266s] Level 5:colcon.colcon_core.verb:set package 'v1_topic_pkg' build argument 'ament_cmake_args' from command line to 'None'
[1.266s] Level 5:colcon.colcon_core.verb:set package 'v1_topic_pkg' build argument 'catkin_cmake_args' from command line to 'None'
[1.266s] Level 5:colcon.colcon_core.verb:set package 'v1_topic_pkg' build argument 'catkin_skip_building_tests' from command line to 'False'
[1.266s] DEBUG:colcon.colcon_core.verb:Building package 'v1_topic_pkg' with the following arguments: {'ament_cmake_args': None, 'build_base': '/home/bachelor/ros2_ws/build/v1_topic_pkg', 'catkin_cmake_args': None, 'catkin_skip_building_tests': False, 'cmake_args': None, 'cmake_clean_cache': False, 'cmake_clean_first': False, 'cmake_force_configure': False, 'cmake_target': None, 'cmake_target_skip_unavailable': False, 'install_base': '/home/bachelor/ros2_ws/install/v1_topic_pkg', 'merge_install': False, 'path': '/home/bachelor/ros2_ws/src/v1_topic_pkg', 'symlink_install': False, 'test_result_base': None}
[1.267s] INFO:colcon.colcon_core.executor:Executing jobs using 'parallel' executor
[1.281s] DEBUG:colcon.colcon_parallel_executor.executor.parallel:run_until_complete
[1.282s] INFO:colcon.colcon_ros.task.ament_python.build:Building ROS package in '/home/bachelor/ros2_ws/src/v1_topic_pkg' with build type 'ament_python'
[1.282s] Level 1:colcon.colcon_core.shell:create_environment_hook('v1_topic_pkg', 'ament_prefix_path')
[1.285s] INFO:colcon.colcon_core.plugin_system:Skipping extension 'colcon_core.shell.bat': Not used on non-Windows systems
[1.286s] INFO:colcon.colcon_core.shell:Creating environment hook '/home/bachelor/ros2_ws/install/v1_topic_pkg/share/v1_topic_pkg/hook/ament_prefix_path.ps1'
[1.324s] INFO:colcon.colcon_core.shell:Creating environment descriptor '/home/bachelor/ros2_ws/install/v1_topic_pkg/share/v1_topic_pkg/hook/ament_prefix_path.dsv'
[1.342s] INFO:colcon.colcon_core.shell:Creating environment hook '/home/bachelor/ros2_ws/install/v1_topic_pkg/share/v1_topic_pkg/hook/ament_prefix_path.sh'
[1.432s] INFO:colcon.colcon_core.shell:Skip shell extension 'powershell' for command environment: Not usable outside of PowerShell
[1.432s] DEBUG:colcon.colcon_core.shell:Skip shell extension 'dsv' for command environment
[3.242s] INFO:colcon.colcon_core.task.python.build:Building Python package in '/home/bachelor/ros2_ws/src/v1_topic_pkg'
[3.243s] INFO:colcon.colcon_core.shell:Skip shell extension 'powershell' for command environment: Not usable outside of PowerShell
[3.243s] DEBUG:colcon.colcon_core.shell:Skip shell extension 'dsv' for command environment
[9.171s] DEBUG:colcon.colcon_core.event_handler.log_command:Invoking command in '/home/bachelor/ros2_ws/src/v1_topic_pkg': DEBUGINFOD_URLS=https://debuginfod.ubuntu.com PYTHONPATH=/home/bachelor/ros2_ws/build/v1_topic_pkg/prefix_override:/usr/lib/python3/dist-packages/colcon_core/task/python/colcon_distutils_commands:/home/bachelor/ros2_ws/install/v1_topic_pkg/lib/python3.12/site-packages:${PYTHONPATH} /usr/bin/python3 -W ignore:setup.py install is deprecated -W ignore:easy_install command is deprecated setup.py egg_info --egg-base ../../build/v1_topic_pkg build --build-base /home/bachelor/ros2_ws/build/v1_topic_pkg/build install --record /home/bachelor/ros2_ws/build/v1_topic_pkg/install.log --single-version-externally-managed install_data
[14.225s] DEBUG:colcon.colcon_core.event_handler.log_command:Invoked command in '/home/bachelor/ros2_ws/src/v1_topic_pkg' returned '0': DEBUGINFOD_URLS=https://debuginfod.ubuntu.com PYTHONPATH=/home/bachelor/ros2_ws/build/v1_topic_pkg/prefix_override:/usr/lib/python3/dist-packages/colcon_core/task/python/colcon_distutils_commands:/home/bachelor/ros2_ws/install/v1_topic_pkg/lib/python3.12/site-packages:${PYTHONPATH} /usr/bin/python3 -W ignore:setup.py install is deprecated -W ignore:easy_install command is deprecated setup.py egg_info --egg-base ../../build/v1_topic_pkg build --build-base /home/bachelor/ros2_ws/build/v1_topic_pkg/build install --record /home/bachelor/ros2_ws/build/v1_topic_pkg/install.log --single-version-externally-managed install_data
[14.230s] Level 1:colcon.colcon_core.environment:checking '/home/bachelor/ros2_ws/install/v1_topic_pkg' for CMake module files
[14.248s] Level 1:colcon.colcon_core.environment:checking '/home/bachelor/ros2_ws/install/v1_topic_pkg' for CMake config files
[14.254s] Level 1:colcon.colcon_core.environment:checking '/home/bachelor/ros2_ws/install/v1_topic_pkg/lib'
[14.255s] Level 1:colcon.colcon_core.environment:checking '/home/bachelor/ros2_ws/install/v1_topic_pkg/bin'
[14.255s] Level 1:colcon.colcon_core.environment:checking '/home/bachelor/ros2_ws/install/v1_topic_pkg/lib/pkgconfig/v1_topic_pkg.pc'
[14.255s] Level 1:colcon.colcon_core.environment:checking '/home/bachelor/ros2_ws/install/v1_topic_pkg/lib/python3.12/site-packages'
[14.256s] Level 1:colcon.colcon_core.shell:create_environment_hook('v1_topic_pkg', 'pythonpath')
[14.256s] INFO:colcon.colcon_core.shell:Creating environment hook '/home/bachelor/ros2_ws/install/v1_topic_pkg/share/v1_topic_pkg/hook/pythonpath.ps1'
[14.260s] INFO:colcon.colcon_core.shell:Creating environment descriptor '/home/bachelor/ros2_ws/install/v1_topic_pkg/share/v1_topic_pkg/hook/pythonpath.dsv'
[14.268s] INFO:colcon.colcon_core.shell:Creating environment hook '/home/bachelor/ros2_ws/install/v1_topic_pkg/share/v1_topic_pkg/hook/pythonpath.sh'
[14.273s] Level 1:colcon.colcon_core.environment:checking '/home/bachelor/ros2_ws/install/v1_topic_pkg/bin'
[14.273s] Level 1:colcon.colcon_core.environment:create_environment_scripts_only(v1_topic_pkg)
[14.274s] INFO:colcon.colcon_core.shell:Creating package script '/home/bachelor/ros2_ws/install/v1_topic_pkg/share/v1_topic_pkg/package.ps1'
[14.279s] INFO:colcon.colcon_core.shell:Creating package descriptor '/home/bachelor/ros2_ws/install/v1_topic_pkg/share/v1_topic_pkg/package.dsv'
[14.283s] INFO:colcon.colcon_core.shell:Creating package script '/home/bachelor/ros2_ws/install/v1_topic_pkg/share/v1_topic_pkg/package.sh'
[14.296s] INFO:colcon.colcon_core.shell:Creating package script '/home/bachelor/ros2_ws/install/v1_topic_pkg/share/v1_topic_pkg/package.bash'
[14.318s] INFO:colcon.colcon_core.shell:Creating package script '/home/bachelor/ros2_ws/install/v1_topic_pkg/share/v1_topic_pkg/package.zsh'
[14.326s] Level 1:colcon.colcon_core.environment:create_file_with_runtime_dependencies(/home/bachelor/ros2_ws/install/v1_topic_pkg/share/colcon-core/packages/v1_topic_pkg)
[14.355s] DEBUG:colcon.colcon_parallel_executor.executor.parallel:closing loop
[14.355s] DEBUG:colcon.colcon_parallel_executor.executor.parallel:loop closed
[14.355s] DEBUG:colcon.colcon_parallel_executor.executor.parallel:run_until_complete finished with '0'
[14.355s] DEBUG:colcon.colcon_core.event_reactor:joining thread
[14.377s] INFO:colcon.colcon_core.plugin_system:Skipping extension 'colcon_notification.desktop_notification.terminal_notifier': Not used on non-Darwin systems
[14.393s] INFO:colcon.colcon_core.plugin_system:Skipping extension 'colcon_notification.desktop_notification.win32': Not used on non-Windows systems
[14.393s] INFO:colcon.colcon_notification.desktop_notification:Sending desktop notification using 'notify2'
[14.486s] DEBUG:colcon.colcon_core.event_reactor:joined thread
[14.487s] INFO:colcon.colcon_core.shell:Creating prefix script '/home/bachelor/ros2_ws/install/local_setup.ps1'
[14.501s] INFO:colcon.colcon_core.shell:Creating prefix util module '/home/bachelor/ros2_ws/install/_local_setup_util_ps1.py'
[14.518s] INFO:colcon.colcon_core.shell:Creating prefix chain script '/home/bachelor/ros2_ws/install/setup.ps1'
[14.523s] INFO:colcon.colcon_core.shell:Creating prefix script '/home/bachelor/ros2_ws/install/local_setup.sh'
[14.555s] INFO:colcon.colcon_core.shell:Creating prefix util module '/home/bachelor/ros2_ws/install/_local_setup_util_sh.py'
[14.563s] INFO:colcon.colcon_core.shell:Creating prefix chain script '/home/bachelor/ros2_ws/install/setup.sh'
[14.574s] INFO:colcon.colcon_core.shell:Creating prefix script '/home/bachelor/ros2_ws/install/local_setup.bash'
[14.598s] INFO:colcon.colcon_core.shell:Creating prefix chain script '/home/bachelor/ros2_ws/install/setup.bash'
[14.604s] INFO:colcon.colcon_core.shell:Creating prefix script '/home/bachelor/ros2_ws/install/local_setup.zsh'
[14.608s] INFO:colcon.colcon_core.shell:Creating prefix chain script '/home/bachelor/ros2_ws/install/setup.zsh'
