[5.520s] Invoking command in '/home/bachelor/ros2_ws/src/my_py_pkg': DEBUGINFOD_URLS=https://debuginfod.ubuntu.com PYTHONPATH=/home/bachelor/ros2_ws/build/my_py_pkg/prefix_override:/usr/lib/python3/dist-packages/colcon_core/task/python/colcon_distutils_commands:/home/bachelor/ros2_ws/install/my_py_pkg/lib/python3.12/site-packages:/home/bachelor/ros2_ws/install/my_tutorial_interfaces/lib/python3.12/site-packages:/home/bachelor/ros2_ws/install/my_py_pkg/lib/python3.12/site-packages:/opt/ros/jazzy/lib/python3.12/site-packages /usr/bin/python3 -W ignore:setup.py install is deprecated -W ignore:easy_install command is deprecated setup.py egg_info --egg-base ../../build/my_py_pkg build --build-base /home/bachelor/ros2_ws/build/my_py_pkg/build install --record /home/bachelor/ros2_ws/build/my_py_pkg/install.log --single-version-externally-managed install_data
[7.167s] running egg_info
[7.278s] writing ../../build/my_py_pkg/my_py_pkg.egg-info/PKG-INFO
[7.295s] writing dependency_links to ../../build/my_py_pkg/my_py_pkg.egg-info/dependency_links.txt
[7.299s] writing entry points to ../../build/my_py_pkg/my_py_pkg.egg-info/entry_points.txt
[7.309s] writing requirements to ../../build/my_py_pkg/my_py_pkg.egg-info/requires.txt
[7.316s] writing top-level names to ../../build/my_py_pkg/my_py_pkg.egg-info/top_level.txt
[7.567s] reading manifest file '../../build/my_py_pkg/my_py_pkg.egg-info/SOURCES.txt'
[7.567s] writing manifest file '../../build/my_py_pkg/my_py_pkg.egg-info/SOURCES.txt'
[7.568s] running build
[7.570s] running build_py
[7.571s] running install
[7.603s] running install_lib
[7.734s] running install_data
[7.734s] running install_egg_info
[7.872s] removing '/home/bachelor/ros2_ws/install/my_py_pkg/lib/python3.12/site-packages/my_py_pkg-0.0.0-py3.12.egg-info' (and everything under it)
[7.875s] Copying ../../build/my_py_pkg/my_py_pkg.egg-info to /home/bachelor/ros2_ws/install/my_py_pkg/lib/python3.12/site-packages/my_py_pkg-0.0.0-py3.12.egg-info
[7.892s] running install_scripts
[8.712s] Installing number_counter script to /home/bachelor/ros2_ws/install/my_py_pkg/lib/my_py_pkg
[8.715s] Installing number_publisher script to /home/bachelor/ros2_ws/install/my_py_pkg/lib/my_py_pkg
[8.718s] Installing reset_counter_client script to /home/bachelor/ros2_ws/install/my_py_pkg/lib/my_py_pkg
[8.720s] Installing test_node script to /home/bachelor/ros2_ws/install/my_py_pkg/lib/my_py_pkg
[8.728s] writing list of installed files to '/home/bachelor/ros2_ws/build/my_py_pkg/install.log'
[8.916s] Invoked command in '/home/bachelor/ros2_ws/src/my_py_pkg' returned '0': DEBUGINFOD_URLS=https://debuginfod.ubuntu.com PYTHONPATH=/home/bachelor/ros2_ws/build/my_py_pkg/prefix_override:/usr/lib/python3/dist-packages/colcon_core/task/python/colcon_distutils_commands:/home/bachelor/ros2_ws/install/my_py_pkg/lib/python3.12/site-packages:/home/bachelor/ros2_ws/install/my_tutorial_interfaces/lib/python3.12/site-packages:/home/bachelor/ros2_ws/install/my_py_pkg/lib/python3.12/site-packages:/opt/ros/jazzy/lib/python3.12/site-packages /usr/bin/python3 -W ignore:setup.py install is deprecated -W ignore:easy_install command is deprecated setup.py egg_info --egg-base ../../build/my_py_pkg build --build-base /home/bachelor/ros2_ws/build/my_py_pkg/build install --record /home/bachelor/ros2_ws/build/my_py_pkg/install.log --single-version-externally-managed install_data
