[0.529s] DEBUG:colcon:Command line arguments: ['/usr/bin/colcon', 'build']
[0.529s] DEBUG:colcon:Parsed command line arguments: Namespace(log_base=None, log_level=None, verb_name='build', build_base='build', install_base='install', merge_install=False, symlink_install=False, test_result_base=None, continue_on_error=False, executor='parallel', parallel_workers=1, event_handlers=None, ignore_user_meta=False, metas=['./colcon.meta'], base_paths=['.'], packages_ignore=None, packages_ignore_regex=None, paths=None, packages_up_to=None, packages_up_to_regex=None, packages_above=None, packages_above_and_dependencies=None, packages_above_depth=None, packages_select_by_dep=None, packages_skip_by_dep=None, packages_skip_up_to=None, packages_select_build_failed=False, packages_skip_build_finished=False, packages_select_test_failures=False, packages_skip_test_passed=False, packages_select=None, packages_skip=None, packages_select_regex=None, packages_skip_regex=None, packages_start=None, packages_end=None, allow_overriding=[], cmake_args=None, cmake_target=None, cmake_target_skip_unavailable=False, cmake_clean_cache=False, cmake_clean_first=False, cmake_force_configure=False, ament_cmake_args=None, catkin_cmake_args=None, catkin_skip_building_tests=False, mixin_files=None, mixin=None, verb_parser=<colcon_mixin.mixin.mixin_argument.MixinArgumentDecorator object at 0x7ae8c026b530>, verb_extension=<colcon_core.verb.build.BuildVerb object at 0x7ae8c026b1d0>, main=<bound method BuildVerb.main of <colcon_core.verb.build.BuildVerb object at 0x7ae8c026b1d0>>, mixin_verb=('build',))
[0.699s] Level 1:colcon.colcon_core.package_discovery:discover_packages(colcon_meta) check parameters
[0.699s] Level 1:colcon.colcon_core.package_discovery:discover_packages(recursive) check parameters
[0.699s] Level 1:colcon.colcon_core.package_discovery:discover_packages(ignore) check parameters
[0.699s] Level 1:colcon.colcon_core.package_discovery:discover_packages(path) check parameters
[0.699s] Level 1:colcon.colcon_core.package_discovery:discover_packages(colcon_meta) discover
[0.699s] Level 1:colcon.colcon_core.package_discovery:discover_packages(recursive) discover
[0.700s] INFO:colcon.colcon_core.package_discovery:Crawling recursively for packages in '/home/bachelor/ros2_ws'
[0.700s] Level 1:colcon.colcon_core.package_identification:_identify(.) by extensions ['ignore', 'ignore_ament_install']
[0.700s] Level 1:colcon.colcon_core.package_identification:_identify(.) by extension 'ignore'
[0.700s] Level 1:colcon.colcon_core.package_identification:_identify(.) by extension 'ignore_ament_install'
[0.700s] Level 1:colcon.colcon_core.package_identification:_identify(.) by extensions ['colcon_pkg']
[0.700s] Level 1:colcon.colcon_core.package_identification:_identify(.) by extension 'colcon_pkg'
[0.701s] Level 1:colcon.colcon_core.package_identification:_identify(.) by extensions ['colcon_meta']
[0.701s] Level 1:colcon.colcon_core.package_identification:_identify(.) by extension 'colcon_meta'
[0.701s] Level 1:colcon.colcon_core.package_identification:_identify(.) by extensions ['ros']
[0.701s] Level 1:colcon.colcon_core.package_identification:_identify(.) by extension 'ros'
[0.805s] Level 1:colcon.colcon_core.package_identification:_identify(.) by extensions ['cmake', 'python']
[0.805s] Level 1:colcon.colcon_core.package_identification:_identify(.) by extension 'cmake'
[0.805s] Level 1:colcon.colcon_core.package_identification:_identify(.) by extension 'python'
[0.806s] Level 1:colcon.colcon_core.package_identification:_identify(.) by extensions ['python_setup_py']
[0.806s] Level 1:colcon.colcon_core.package_identification:_identify(.) by extension 'python_setup_py'
[0.806s] Level 1:colcon.colcon_core.package_identification:_identify(build) by extensions ['ignore', 'ignore_ament_install']
[0.806s] Level 1:colcon.colcon_core.package_identification:_identify(build) by extension 'ignore'
[0.806s] Level 1:colcon.colcon_core.package_identification:_identify(build) ignored
[0.807s] Level 1:colcon.colcon_core.package_identification:_identify(install) by extensions ['ignore', 'ignore_ament_install']
[0.807s] Level 1:colcon.colcon_core.package_identification:_identify(install) by extension 'ignore'
[0.807s] Level 1:colcon.colcon_core.package_identification:_identify(install) ignored
[0.807s] Level 1:colcon.colcon_core.package_identification:_identify(log) by extensions ['ignore', 'ignore_ament_install']
[0.807s] Level 1:colcon.colcon_core.package_identification:_identify(log) by extension 'ignore'
[0.807s] Level 1:colcon.colcon_core.package_identification:_identify(log) ignored
[0.807s] Level 1:colcon.colcon_core.package_identification:_identify(src) by extensions ['ignore', 'ignore_ament_install']
[0.808s] Level 1:colcon.colcon_core.package_identification:_identify(src) by extension 'ignore'
[0.808s] Level 1:colcon.colcon_core.package_identification:_identify(src) by extension 'ignore_ament_install'
[0.808s] Level 1:colcon.colcon_core.package_identification:_identify(src) by extensions ['colcon_pkg']
[0.808s] Level 1:colcon.colcon_core.package_identification:_identify(src) by extension 'colcon_pkg'
[0.808s] Level 1:colcon.colcon_core.package_identification:_identify(src) by extensions ['colcon_meta']
[0.808s] Level 1:colcon.colcon_core.package_identification:_identify(src) by extension 'colcon_meta'
[0.808s] Level 1:colcon.colcon_core.package_identification:_identify(src) by extensions ['ros']
[0.808s] Level 1:colcon.colcon_core.package_identification:_identify(src) by extension 'ros'
[0.809s] Level 1:colcon.colcon_core.package_identification:_identify(src) by extensions ['cmake', 'python']
[0.809s] Level 1:colcon.colcon_core.package_identification:_identify(src) by extension 'cmake'
[0.809s] Level 1:colcon.colcon_core.package_identification:_identify(src) by extension 'python'
[0.813s] Level 1:colcon.colcon_core.package_identification:_identify(src) by extensions ['python_setup_py']
[0.813s] Level 1:colcon.colcon_core.package_identification:_identify(src) by extension 'python_setup_py'
[0.813s] Level 1:colcon.colcon_core.package_identification:_identify(src/my_py_pkg) by extensions ['ignore', 'ignore_ament_install']
[0.814s] Level 1:colcon.colcon_core.package_identification:_identify(src/my_py_pkg) by extension 'ignore'
[0.814s] Level 1:colcon.colcon_core.package_identification:_identify(src/my_py_pkg) by extension 'ignore_ament_install'
[0.814s] Level 1:colcon.colcon_core.package_identification:_identify(src/my_py_pkg) by extensions ['colcon_pkg']
[0.814s] Level 1:colcon.colcon_core.package_identification:_identify(src/my_py_pkg) by extension 'colcon_pkg'
[0.814s] Level 1:colcon.colcon_core.package_identification:_identify(src/my_py_pkg) by extensions ['colcon_meta']
[0.814s] Level 1:colcon.colcon_core.package_identification:_identify(src/my_py_pkg) by extension 'colcon_meta'
[0.814s] Level 1:colcon.colcon_core.package_identification:_identify(src/my_py_pkg) by extensions ['ros']
[0.814s] Level 1:colcon.colcon_core.package_identification:_identify(src/my_py_pkg) by extension 'ros'
[0.824s] DEBUG:colcon.colcon_core.package_identification:Package 'src/my_py_pkg' with type 'ros.ament_python' and name 'my_py_pkg'
[0.825s] Level 1:colcon.colcon_core.package_identification:_identify(src/my_tutorial_interfaces) by extensions ['ignore', 'ignore_ament_install']
[0.825s] Level 1:colcon.colcon_core.package_identification:_identify(src/my_tutorial_interfaces) by extension 'ignore'
[0.825s] Level 1:colcon.colcon_core.package_identification:_identify(src/my_tutorial_interfaces) by extension 'ignore_ament_install'
[0.825s] Level 1:colcon.colcon_core.package_identification:_identify(src/my_tutorial_interfaces) by extensions ['colcon_pkg']
[0.825s] Level 1:colcon.colcon_core.package_identification:_identify(src/my_tutorial_interfaces) by extension 'colcon_pkg'
[0.825s] Level 1:colcon.colcon_core.package_identification:_identify(src/my_tutorial_interfaces) by extensions ['colcon_meta']
[0.825s] Level 1:colcon.colcon_core.package_identification:_identify(src/my_tutorial_interfaces) by extension 'colcon_meta'
[0.826s] Level 1:colcon.colcon_core.package_identification:_identify(src/my_tutorial_interfaces) by extensions ['ros']
[0.826s] Level 1:colcon.colcon_core.package_identification:_identify(src/my_tutorial_interfaces) by extension 'ros'
[0.827s] DEBUG:colcon.colcon_core.package_identification:Package 'src/my_tutorial_interfaces' with type 'ros.ament_cmake' and name 'my_tutorial_interfaces'
[0.827s] Level 1:colcon.colcon_core.package_identification:_identify(src/v1_topic_pkg) by extensions ['ignore', 'ignore_ament_install']
[0.827s] Level 1:colcon.colcon_core.package_identification:_identify(src/v1_topic_pkg) by extension 'ignore'
[0.827s] Level 1:colcon.colcon_core.package_identification:_identify(src/v1_topic_pkg) by extension 'ignore_ament_install'
[0.827s] Level 1:colcon.colcon_core.package_identification:_identify(src/v1_topic_pkg) by extensions ['colcon_pkg']
[0.827s] Level 1:colcon.colcon_core.package_identification:_identify(src/v1_topic_pkg) by extension 'colcon_pkg'
[0.828s] Level 1:colcon.colcon_core.package_identification:_identify(src/v1_topic_pkg) by extensions ['colcon_meta']
[0.828s] Level 1:colcon.colcon_core.package_identification:_identify(src/v1_topic_pkg) by extension 'colcon_meta'
[0.828s] Level 1:colcon.colcon_core.package_identification:_identify(src/v1_topic_pkg) by extensions ['ros']
[0.828s] Level 1:colcon.colcon_core.package_identification:_identify(src/v1_topic_pkg) by extension 'ros'
[0.829s] DEBUG:colcon.colcon_core.package_identification:Package 'src/v1_topic_pkg' with type 'ros.ament_python' and name 'v1_topic_pkg'
[0.829s] Level 1:colcon.colcon_core.package_discovery:discover_packages(recursive) using defaults
[0.830s] Level 1:colcon.colcon_core.package_discovery:discover_packages(ignore) discover
[0.830s] Level 1:colcon.colcon_core.package_discovery:discover_packages(ignore) using defaults
[0.830s] Level 1:colcon.colcon_core.package_discovery:discover_packages(path) discover
[0.833s] Level 1:colcon.colcon_core.package_discovery:discover_packages(path) using defaults
[0.910s] Level 1:colcon.colcon_core.package_discovery:discover_packages(prefix_path) check parameters
[0.910s] Level 1:colcon.colcon_core.package_discovery:discover_packages(prefix_path) discover
[0.928s] DEBUG:colcon.colcon_installed_package_information.package_discovery:Found 2 installed packages in /home/bachelor/ros2_ws/install
[0.932s] DEBUG:colcon.colcon_installed_package_information.package_discovery:Found 285 installed packages in /opt/ros/jazzy
[0.945s] Level 1:colcon.colcon_core.package_discovery:discover_packages(prefix_path) using defaults
[1.158s] Level 5:colcon.colcon_core.verb:set package 'my_tutorial_interfaces' build argument 'cmake_args' from command line to 'None'
[1.158s] Level 5:colcon.colcon_core.verb:set package 'my_tutorial_interfaces' build argument 'cmake_target' from command line to 'None'
[1.158s] Level 5:colcon.colcon_core.verb:set package 'my_tutorial_interfaces' build argument 'cmake_target_skip_unavailable' from command line to 'False'
[1.158s] Level 5:colcon.colcon_core.verb:set package 'my_tutorial_interfaces' build argument 'cmake_clean_cache' from command line to 'False'
[1.158s] Level 5:colcon.colcon_core.verb:set package 'my_tutorial_interfaces' build argument 'cmake_clean_first' from command line to 'False'
[1.158s] Level 5:colcon.colcon_core.verb:set package 'my_tutorial_interfaces' build argument 'cmake_force_configure' from command line to 'False'
[1.158s] Level 5:colcon.colcon_core.verb:set package 'my_tutorial_interfaces' build argument 'ament_cmake_args' from command line to 'None'
[1.158s] Level 5:colcon.colcon_core.verb:set package 'my_tutorial_interfaces' build argument 'catkin_cmake_args' from command line to 'None'
[1.158s] Level 5:colcon.colcon_core.verb:set package 'my_tutorial_interfaces' build argument 'catkin_skip_building_tests' from command line to 'False'
[1.158s] DEBUG:colcon.colcon_core.verb:Building package 'my_tutorial_interfaces' with the following arguments: {'ament_cmake_args': None, 'build_base': '/home/bachelor/ros2_ws/build/my_tutorial_interfaces', 'catkin_cmake_args': None, 'catkin_skip_building_tests': False, 'cmake_args': None, 'cmake_clean_cache': False, 'cmake_clean_first': False, 'cmake_force_configure': False, 'cmake_target': None, 'cmake_target_skip_unavailable': False, 'install_base': '/home/bachelor/ros2_ws/install/my_tutorial_interfaces', 'merge_install': False, 'path': '/home/bachelor/ros2_ws/src/my_tutorial_interfaces', 'symlink_install': False, 'test_result_base': None}
[1.159s] Level 5:colcon.colcon_core.verb:set package 'v1_topic_pkg' build argument 'cmake_args' from command line to 'None'
[1.159s] Level 5:colcon.colcon_core.verb:set package 'v1_topic_pkg' build argument 'cmake_target' from command line to 'None'
[1.159s] Level 5:colcon.colcon_core.verb:set package 'v1_topic_pkg' build argument 'cmake_target_skip_unavailable' from command line to 'False'
[1.159s] Level 5:colcon.colcon_core.verb:set package 'v1_topic_pkg' build argument 'cmake_clean_cache' from command line to 'False'
[1.159s] Level 5:colcon.colcon_core.verb:set package 'v1_topic_pkg' build argument 'cmake_clean_first' from command line to 'False'
[1.159s] Level 5:colcon.colcon_core.verb:set package 'v1_topic_pkg' build argument 'cmake_force_configure' from command line to 'False'
[1.159s] Level 5:colcon.colcon_core.verb:set package 'v1_topic_pkg' build argument 'ament_cmake_args' from command line to 'None'
[1.159s] Level 5:colcon.colcon_core.verb:set package 'v1_topic_pkg' build argument 'catkin_cmake_args' from command line to 'None'
[1.160s] Level 5:colcon.colcon_core.verb:set package 'v1_topic_pkg' build argument 'catkin_skip_building_tests' from command line to 'False'
[1.160s] DEBUG:colcon.colcon_core.verb:Building package 'v1_topic_pkg' with the following arguments: {'ament_cmake_args': None, 'build_base': '/home/bachelor/ros2_ws/build/v1_topic_pkg', 'catkin_cmake_args': None, 'catkin_skip_building_tests': False, 'cmake_args': None, 'cmake_clean_cache': False, 'cmake_clean_first': False, 'cmake_force_configure': False, 'cmake_target': None, 'cmake_target_skip_unavailable': False, 'install_base': '/home/bachelor/ros2_ws/install/v1_topic_pkg', 'merge_install': False, 'path': '/home/bachelor/ros2_ws/src/v1_topic_pkg', 'symlink_install': False, 'test_result_base': None}
[1.163s] Level 5:colcon.colcon_core.verb:set package 'my_py_pkg' build argument 'cmake_args' from command line to 'None'
[1.163s] Level 5:colcon.colcon_core.verb:set package 'my_py_pkg' build argument 'cmake_target' from command line to 'None'
[1.163s] Level 5:colcon.colcon_core.verb:set package 'my_py_pkg' build argument 'cmake_target_skip_unavailable' from command line to 'False'
[1.163s] Level 5:colcon.colcon_core.verb:set package 'my_py_pkg' build argument 'cmake_clean_cache' from command line to 'False'
[1.163s] Level 5:colcon.colcon_core.verb:set package 'my_py_pkg' build argument 'cmake_clean_first' from command line to 'False'
[1.163s] Level 5:colcon.colcon_core.verb:set package 'my_py_pkg' build argument 'cmake_force_configure' from command line to 'False'
[1.163s] Level 5:colcon.colcon_core.verb:set package 'my_py_pkg' build argument 'ament_cmake_args' from command line to 'None'
[1.164s] Level 5:colcon.colcon_core.verb:set package 'my_py_pkg' build argument 'catkin_cmake_args' from command line to 'None'
[1.164s] Level 5:colcon.colcon_core.verb:set package 'my_py_pkg' build argument 'catkin_skip_building_tests' from command line to 'False'
[1.164s] DEBUG:colcon.colcon_core.verb:Building package 'my_py_pkg' with the following arguments: {'ament_cmake_args': None, 'build_base': '/home/bachelor/ros2_ws/build/my_py_pkg', 'catkin_cmake_args': None, 'catkin_skip_building_tests': False, 'cmake_args': None, 'cmake_clean_cache': False, 'cmake_clean_first': False, 'cmake_force_configure': False, 'cmake_target': None, 'cmake_target_skip_unavailable': False, 'install_base': '/home/bachelor/ros2_ws/install/my_py_pkg', 'merge_install': False, 'path': '/home/bachelor/ros2_ws/src/my_py_pkg', 'symlink_install': False, 'test_result_base': None}
[1.164s] INFO:colcon.colcon_core.executor:Executing jobs using 'parallel' executor
[1.176s] DEBUG:colcon.colcon_parallel_executor.executor.parallel:run_until_complete
[1.176s] INFO:colcon.colcon_ros.task.ament_cmake.build:Building ROS package in '/home/bachelor/ros2_ws/src/my_tutorial_interfaces' with build type 'ament_cmake'
[1.176s] INFO:colcon.colcon_cmake.task.cmake.build:Building CMake package in '/home/bachelor/ros2_ws/src/my_tutorial_interfaces'
[1.197s] INFO:colcon.colcon_core.plugin_system:Skipping extension 'colcon_core.shell.bat': Not used on non-Windows systems
[1.198s] INFO:colcon.colcon_core.shell:Skip shell extension 'powershell' for command environment: Not usable outside of PowerShell
[1.198s] DEBUG:colcon.colcon_core.shell:Skip shell extension 'dsv' for command environment
[1.295s] DEBUG:colcon.colcon_core.event_handler.log_command:Invoking command in '/home/bachelor/ros2_ws/build/my_tutorial_interfaces': CMAKE_PREFIX_PATH=${CMAKE_PREFIX_PATH}:/home/bachelor/ros2_ws/install/my_py_pkg:/opt/ros/jazzy DEBUGINFOD_URLS=https://debuginfod.ubuntu.com /usr/bin/cmake --build /home/bachelor/ros2_ws/build/my_tutorial_interfaces -- -j1 -l1
[8.282s] DEBUG:colcon.colcon_core.event_handler.log_command:Invoked command in '/home/bachelor/ros2_ws/build/my_tutorial_interfaces' returned '0': CMAKE_PREFIX_PATH=${CMAKE_PREFIX_PATH}:/home/bachelor/ros2_ws/install/my_py_pkg:/opt/ros/jazzy DEBUGINFOD_URLS=https://debuginfod.ubuntu.com /usr/bin/cmake --build /home/bachelor/ros2_ws/build/my_tutorial_interfaces -- -j1 -l1
[8.362s] DEBUG:colcon.colcon_core.event_handler.log_command:Invoking command in '/home/bachelor/ros2_ws/build/my_tutorial_interfaces': CMAKE_PREFIX_PATH=${CMAKE_PREFIX_PATH}:/home/bachelor/ros2_ws/install/my_py_pkg:/opt/ros/jazzy DEBUGINFOD_URLS=https://debuginfod.ubuntu.com /usr/bin/cmake --install /home/bachelor/ros2_ws/build/my_tutorial_interfaces
[8.810s] Level 1:colcon.colcon_core.environment:create_environment_scripts_only(my_tutorial_interfaces)
[8.820s] Level 1:colcon.colcon_core.environment:checking '/home/bachelor/ros2_ws/install/my_tutorial_interfaces' for CMake module files
[8.828s] Level 1:colcon.colcon_core.environment:checking '/home/bachelor/ros2_ws/install/my_tutorial_interfaces' for CMake config files
[8.828s] Level 1:colcon.colcon_core.shell:create_environment_hook('my_tutorial_interfaces', 'cmake_prefix_path')
[8.829s] INFO:colcon.colcon_core.shell:Creating environment hook '/home/bachelor/ros2_ws/install/my_tutorial_interfaces/share/my_tutorial_interfaces/hook/cmake_prefix_path.ps1'
[8.840s] DEBUG:colcon.colcon_core.event_handler.log_command:Invoked command in '/home/bachelor/ros2_ws/build/my_tutorial_interfaces' returned '0': CMAKE_PREFIX_PATH=${CMAKE_PREFIX_PATH}:/home/bachelor/ros2_ws/install/my_py_pkg:/opt/ros/jazzy DEBUGINFOD_URLS=https://debuginfod.ubuntu.com /usr/bin/cmake --install /home/bachelor/ros2_ws/build/my_tutorial_interfaces
[8.850s] INFO:colcon.colcon_core.shell:Creating environment descriptor '/home/bachelor/ros2_ws/install/my_tutorial_interfaces/share/my_tutorial_interfaces/hook/cmake_prefix_path.dsv'
[8.871s] INFO:colcon.colcon_core.shell:Creating environment hook '/home/bachelor/ros2_ws/install/my_tutorial_interfaces/share/my_tutorial_interfaces/hook/cmake_prefix_path.sh'
[8.877s] Level 1:colcon.colcon_core.environment:checking '/home/bachelor/ros2_ws/install/my_tutorial_interfaces/lib'
[8.877s] Level 1:colcon.colcon_core.shell:create_environment_hook('my_tutorial_interfaces', 'ld_library_path_lib')
[8.877s] INFO:colcon.colcon_core.shell:Creating environment hook '/home/bachelor/ros2_ws/install/my_tutorial_interfaces/share/my_tutorial_interfaces/hook/ld_library_path_lib.ps1'
[8.886s] INFO:colcon.colcon_core.shell:Creating environment descriptor '/home/bachelor/ros2_ws/install/my_tutorial_interfaces/share/my_tutorial_interfaces/hook/ld_library_path_lib.dsv'
[8.891s] INFO:colcon.colcon_core.shell:Creating environment hook '/home/bachelor/ros2_ws/install/my_tutorial_interfaces/share/my_tutorial_interfaces/hook/ld_library_path_lib.sh'
[8.894s] Level 1:colcon.colcon_core.environment:checking '/home/bachelor/ros2_ws/install/my_tutorial_interfaces/bin'
[8.894s] Level 1:colcon.colcon_core.environment:checking '/home/bachelor/ros2_ws/install/my_tutorial_interfaces/lib/pkgconfig/my_tutorial_interfaces.pc'
[8.895s] Level 1:colcon.colcon_core.environment:checking '/home/bachelor/ros2_ws/install/my_tutorial_interfaces/lib/python3.12/site-packages'
[8.895s] Level 1:colcon.colcon_core.shell:create_environment_hook('my_tutorial_interfaces', 'pythonpath')
[8.895s] INFO:colcon.colcon_core.shell:Creating environment hook '/home/bachelor/ros2_ws/install/my_tutorial_interfaces/share/my_tutorial_interfaces/hook/pythonpath.ps1'
[8.898s] INFO:colcon.colcon_core.shell:Creating environment descriptor '/home/bachelor/ros2_ws/install/my_tutorial_interfaces/share/my_tutorial_interfaces/hook/pythonpath.dsv'
[8.904s] INFO:colcon.colcon_core.shell:Creating environment hook '/home/bachelor/ros2_ws/install/my_tutorial_interfaces/share/my_tutorial_interfaces/hook/pythonpath.sh'
[8.909s] Level 1:colcon.colcon_core.environment:checking '/home/bachelor/ros2_ws/install/my_tutorial_interfaces/bin'
[8.910s] INFO:colcon.colcon_core.shell:Creating package script '/home/bachelor/ros2_ws/install/my_tutorial_interfaces/share/my_tutorial_interfaces/package.ps1'
[8.914s] INFO:colcon.colcon_core.shell:Creating package descriptor '/home/bachelor/ros2_ws/install/my_tutorial_interfaces/share/my_tutorial_interfaces/package.dsv'
[8.918s] INFO:colcon.colcon_core.shell:Creating package script '/home/bachelor/ros2_ws/install/my_tutorial_interfaces/share/my_tutorial_interfaces/package.sh'
[8.924s] INFO:colcon.colcon_core.shell:Creating package script '/home/bachelor/ros2_ws/install/my_tutorial_interfaces/share/my_tutorial_interfaces/package.bash'
[8.928s] INFO:colcon.colcon_core.shell:Creating package script '/home/bachelor/ros2_ws/install/my_tutorial_interfaces/share/my_tutorial_interfaces/package.zsh'
[8.931s] Level 1:colcon.colcon_core.environment:create_file_with_runtime_dependencies(/home/bachelor/ros2_ws/install/my_tutorial_interfaces/share/colcon-core/packages/my_tutorial_interfaces)
[8.934s] Level 1:colcon.colcon_core.environment:create_environment_scripts_only(my_tutorial_interfaces)
[8.935s] Level 1:colcon.colcon_core.environment:checking '/home/bachelor/ros2_ws/install/my_tutorial_interfaces' for CMake module files
[8.956s] Level 1:colcon.colcon_core.environment:checking '/home/bachelor/ros2_ws/install/my_tutorial_interfaces' for CMake config files
[8.957s] Level 1:colcon.colcon_core.shell:create_environment_hook('my_tutorial_interfaces', 'cmake_prefix_path')
[8.958s] INFO:colcon.colcon_core.shell:Creating environment hook '/home/bachelor/ros2_ws/install/my_tutorial_interfaces/share/my_tutorial_interfaces/hook/cmake_prefix_path.ps1'
[8.962s] INFO:colcon.colcon_core.shell:Creating environment descriptor '/home/bachelor/ros2_ws/install/my_tutorial_interfaces/share/my_tutorial_interfaces/hook/cmake_prefix_path.dsv'
[8.964s] INFO:colcon.colcon_core.shell:Creating environment hook '/home/bachelor/ros2_ws/install/my_tutorial_interfaces/share/my_tutorial_interfaces/hook/cmake_prefix_path.sh'
[8.972s] Level 1:colcon.colcon_core.environment:checking '/home/bachelor/ros2_ws/install/my_tutorial_interfaces/lib'
[8.972s] Level 1:colcon.colcon_core.shell:create_environment_hook('my_tutorial_interfaces', 'ld_library_path_lib')
[8.973s] INFO:colcon.colcon_core.shell:Creating environment hook '/home/bachelor/ros2_ws/install/my_tutorial_interfaces/share/my_tutorial_interfaces/hook/ld_library_path_lib.ps1'
[8.977s] INFO:colcon.colcon_core.shell:Creating environment descriptor '/home/bachelor/ros2_ws/install/my_tutorial_interfaces/share/my_tutorial_interfaces/hook/ld_library_path_lib.dsv'
[8.995s] INFO:colcon.colcon_core.shell:Creating environment hook '/home/bachelor/ros2_ws/install/my_tutorial_interfaces/share/my_tutorial_interfaces/hook/ld_library_path_lib.sh'
[8.998s] Level 1:colcon.colcon_core.environment:checking '/home/bachelor/ros2_ws/install/my_tutorial_interfaces/bin'
[8.999s] Level 1:colcon.colcon_core.environment:checking '/home/bachelor/ros2_ws/install/my_tutorial_interfaces/lib/pkgconfig/my_tutorial_interfaces.pc'
[8.999s] Level 1:colcon.colcon_core.environment:checking '/home/bachelor/ros2_ws/install/my_tutorial_interfaces/lib/python3.12/site-packages'
[9.000s] Level 1:colcon.colcon_core.shell:create_environment_hook('my_tutorial_interfaces', 'pythonpath')
[9.005s] INFO:colcon.colcon_core.shell:Creating environment hook '/home/bachelor/ros2_ws/install/my_tutorial_interfaces/share/my_tutorial_interfaces/hook/pythonpath.ps1'
[9.008s] INFO:colcon.colcon_core.shell:Creating environment descriptor '/home/bachelor/ros2_ws/install/my_tutorial_interfaces/share/my_tutorial_interfaces/hook/pythonpath.dsv'
[9.011s] INFO:colcon.colcon_core.shell:Creating environment hook '/home/bachelor/ros2_ws/install/my_tutorial_interfaces/share/my_tutorial_interfaces/hook/pythonpath.sh'
[9.014s] Level 1:colcon.colcon_core.environment:checking '/home/bachelor/ros2_ws/install/my_tutorial_interfaces/bin'
[9.014s] INFO:colcon.colcon_core.shell:Creating package script '/home/bachelor/ros2_ws/install/my_tutorial_interfaces/share/my_tutorial_interfaces/package.ps1'
[9.022s] INFO:colcon.colcon_core.shell:Creating package descriptor '/home/bachelor/ros2_ws/install/my_tutorial_interfaces/share/my_tutorial_interfaces/package.dsv'
[9.025s] INFO:colcon.colcon_core.shell:Creating package script '/home/bachelor/ros2_ws/install/my_tutorial_interfaces/share/my_tutorial_interfaces/package.sh'
[9.028s] INFO:colcon.colcon_core.shell:Creating package script '/home/bachelor/ros2_ws/install/my_tutorial_interfaces/share/my_tutorial_interfaces/package.bash'
[9.030s] INFO:colcon.colcon_core.shell:Creating package script '/home/bachelor/ros2_ws/install/my_tutorial_interfaces/share/my_tutorial_interfaces/package.zsh'
[9.032s] Level 1:colcon.colcon_core.environment:create_file_with_runtime_dependencies(/home/bachelor/ros2_ws/install/my_tutorial_interfaces/share/colcon-core/packages/my_tutorial_interfaces)
[9.055s] INFO:colcon.colcon_ros.task.ament_python.build:Building ROS package in '/home/bachelor/ros2_ws/src/v1_topic_pkg' with build type 'ament_python'
[9.055s] Level 1:colcon.colcon_core.shell:create_environment_hook('v1_topic_pkg', 'ament_prefix_path')
[9.056s] INFO:colcon.colcon_core.shell:Creating environment hook '/home/bachelor/ros2_ws/install/v1_topic_pkg/share/v1_topic_pkg/hook/ament_prefix_path.ps1'
[9.057s] INFO:colcon.colcon_core.shell:Creating environment descriptor '/home/bachelor/ros2_ws/install/v1_topic_pkg/share/v1_topic_pkg/hook/ament_prefix_path.dsv'
[9.058s] INFO:colcon.colcon_core.shell:Creating environment hook '/home/bachelor/ros2_ws/install/v1_topic_pkg/share/v1_topic_pkg/hook/ament_prefix_path.sh'
[9.059s] INFO:colcon.colcon_core.shell:Skip shell extension 'powershell' for command environment: Not usable outside of PowerShell
[9.059s] DEBUG:colcon.colcon_core.shell:Skip shell extension 'dsv' for command environment
[10.495s] INFO:colcon.colcon_core.task.python.build:Building Python package in '/home/bachelor/ros2_ws/src/v1_topic_pkg'
[10.495s] INFO:colcon.colcon_core.shell:Skip shell extension 'powershell' for command environment: Not usable outside of PowerShell
[10.495s] DEBUG:colcon.colcon_core.shell:Skip shell extension 'dsv' for command environment
[15.182s] DEBUG:colcon.colcon_core.event_handler.log_command:Invoking command in '/home/bachelor/ros2_ws/src/v1_topic_pkg': DEBUGINFOD_URLS=https://debuginfod.ubuntu.com PYTHONPATH=/home/bachelor/ros2_ws/build/v1_topic_pkg/prefix_override:/usr/lib/python3/dist-packages/colcon_core/task/python/colcon_distutils_commands:/home/bachelor/ros2_ws/install/v1_topic_pkg/lib/python3.12/site-packages:${PYTHONPATH} /usr/bin/python3 -W ignore:setup.py install is deprecated -W ignore:easy_install command is deprecated setup.py egg_info --egg-base ../../build/v1_topic_pkg build --build-base /home/bachelor/ros2_ws/build/v1_topic_pkg/build install --record /home/bachelor/ros2_ws/build/v1_topic_pkg/install.log --single-version-externally-managed install_data
[18.709s] Level 1:colcon.colcon_core.environment:checking '/home/bachelor/ros2_ws/install/v1_topic_pkg' for CMake module files
[18.709s] DEBUG:colcon.colcon_core.event_handler.log_command:Invoked command in '/home/bachelor/ros2_ws/src/v1_topic_pkg' returned '0': DEBUGINFOD_URLS=https://debuginfod.ubuntu.com PYTHONPATH=/home/bachelor/ros2_ws/build/v1_topic_pkg/prefix_override:/usr/lib/python3/dist-packages/colcon_core/task/python/colcon_distutils_commands:/home/bachelor/ros2_ws/install/v1_topic_pkg/lib/python3.12/site-packages:${PYTHONPATH} /usr/bin/python3 -W ignore:setup.py install is deprecated -W ignore:easy_install command is deprecated setup.py egg_info --egg-base ../../build/v1_topic_pkg build --build-base /home/bachelor/ros2_ws/build/v1_topic_pkg/build install --record /home/bachelor/ros2_ws/build/v1_topic_pkg/install.log --single-version-externally-managed install_data
[18.724s] Level 1:colcon.colcon_core.environment:checking '/home/bachelor/ros2_ws/install/v1_topic_pkg' for CMake config files
[18.725s] Level 1:colcon.colcon_core.environment:checking '/home/bachelor/ros2_ws/install/v1_topic_pkg/lib'
[18.725s] Level 1:colcon.colcon_core.environment:checking '/home/bachelor/ros2_ws/install/v1_topic_pkg/bin'
[18.725s] Level 1:colcon.colcon_core.environment:checking '/home/bachelor/ros2_ws/install/v1_topic_pkg/lib/pkgconfig/v1_topic_pkg.pc'
[18.727s] Level 1:colcon.colcon_core.environment:checking '/home/bachelor/ros2_ws/install/v1_topic_pkg/lib/python3.12/site-packages'
[18.727s] Level 1:colcon.colcon_core.shell:create_environment_hook('v1_topic_pkg', 'pythonpath')
[18.727s] INFO:colcon.colcon_core.shell:Creating environment hook '/home/bachelor/ros2_ws/install/v1_topic_pkg/share/v1_topic_pkg/hook/pythonpath.ps1'
[18.728s] INFO:colcon.colcon_core.shell:Creating environment descriptor '/home/bachelor/ros2_ws/install/v1_topic_pkg/share/v1_topic_pkg/hook/pythonpath.dsv'
[18.729s] INFO:colcon.colcon_core.shell:Creating environment hook '/home/bachelor/ros2_ws/install/v1_topic_pkg/share/v1_topic_pkg/hook/pythonpath.sh'
[18.731s] Level 1:colcon.colcon_core.environment:checking '/home/bachelor/ros2_ws/install/v1_topic_pkg/bin'
[18.731s] Level 1:colcon.colcon_core.environment:create_environment_scripts_only(v1_topic_pkg)
[18.743s] INFO:colcon.colcon_core.shell:Creating package script '/home/bachelor/ros2_ws/install/v1_topic_pkg/share/v1_topic_pkg/package.ps1'
[18.744s] INFO:colcon.colcon_core.shell:Creating package descriptor '/home/bachelor/ros2_ws/install/v1_topic_pkg/share/v1_topic_pkg/package.dsv'
[18.745s] INFO:colcon.colcon_core.shell:Creating package script '/home/bachelor/ros2_ws/install/v1_topic_pkg/share/v1_topic_pkg/package.sh'
[18.749s] INFO:colcon.colcon_core.shell:Creating package script '/home/bachelor/ros2_ws/install/v1_topic_pkg/share/v1_topic_pkg/package.bash'
[18.757s] INFO:colcon.colcon_core.shell:Creating package script '/home/bachelor/ros2_ws/install/v1_topic_pkg/share/v1_topic_pkg/package.zsh'
[18.757s] Level 1:colcon.colcon_core.environment:create_file_with_runtime_dependencies(/home/bachelor/ros2_ws/install/v1_topic_pkg/share/colcon-core/packages/v1_topic_pkg)
[18.767s] INFO:colcon.colcon_ros.task.ament_python.build:Building ROS package in '/home/bachelor/ros2_ws/src/my_py_pkg' with build type 'ament_python'
[18.768s] Level 1:colcon.colcon_core.shell:create_environment_hook('my_py_pkg', 'ament_prefix_path')
[18.769s] INFO:colcon.colcon_core.shell:Creating environment hook '/home/bachelor/ros2_ws/install/my_py_pkg/share/my_py_pkg/hook/ament_prefix_path.ps1'
[18.786s] INFO:colcon.colcon_core.shell:Creating environment descriptor '/home/bachelor/ros2_ws/install/my_py_pkg/share/my_py_pkg/hook/ament_prefix_path.dsv'
[18.795s] INFO:colcon.colcon_core.shell:Creating environment hook '/home/bachelor/ros2_ws/install/my_py_pkg/share/my_py_pkg/hook/ament_prefix_path.sh'
[18.808s] INFO:colcon.colcon_core.shell:Skip shell extension 'powershell' for command environment: Not usable outside of PowerShell
[18.808s] DEBUG:colcon.colcon_core.shell:Skip shell extension 'dsv' for command environment
[20.166s] INFO:colcon.colcon_core.task.python.build:Building Python package in '/home/bachelor/ros2_ws/src/my_py_pkg'
[20.166s] INFO:colcon.colcon_core.shell:Skip shell extension 'powershell' for command environment: Not usable outside of PowerShell
[20.167s] DEBUG:colcon.colcon_core.shell:Skip shell extension 'dsv' for command environment
[23.881s] DEBUG:colcon.colcon_core.event_handler.log_command:Invoking command in '/home/bachelor/ros2_ws/src/my_py_pkg': DEBUGINFOD_URLS=https://debuginfod.ubuntu.com PYTHONPATH=/home/bachelor/ros2_ws/build/my_py_pkg/prefix_override:/usr/lib/python3/dist-packages/colcon_core/task/python/colcon_distutils_commands:/home/bachelor/ros2_ws/install/my_py_pkg/lib/python3.12/site-packages:/home/bachelor/ros2_ws/install/my_tutorial_interfaces/lib/python3.12/site-packages:/home/bachelor/ros2_ws/install/my_py_pkg/lib/python3.12/site-packages:/opt/ros/jazzy/lib/python3.12/site-packages /usr/bin/python3 -W ignore:setup.py install is deprecated -W ignore:easy_install command is deprecated setup.py egg_info --egg-base ../../build/my_py_pkg build --build-base /home/bachelor/ros2_ws/build/my_py_pkg/build install --record /home/bachelor/ros2_ws/build/my_py_pkg/install.log --single-version-externally-managed install_data
[27.497s] Level 1:colcon.colcon_core.environment:checking '/home/bachelor/ros2_ws/install/my_py_pkg' for CMake module files
[27.498s] DEBUG:colcon.colcon_core.event_handler.log_command:Invoked command in '/home/bachelor/ros2_ws/src/my_py_pkg' returned '0': DEBUGINFOD_URLS=https://debuginfod.ubuntu.com PYTHONPATH=/home/bachelor/ros2_ws/build/my_py_pkg/prefix_override:/usr/lib/python3/dist-packages/colcon_core/task/python/colcon_distutils_commands:/home/bachelor/ros2_ws/install/my_py_pkg/lib/python3.12/site-packages:/home/bachelor/ros2_ws/install/my_tutorial_interfaces/lib/python3.12/site-packages:/home/bachelor/ros2_ws/install/my_py_pkg/lib/python3.12/site-packages:/opt/ros/jazzy/lib/python3.12/site-packages /usr/bin/python3 -W ignore:setup.py install is deprecated -W ignore:easy_install command is deprecated setup.py egg_info --egg-base ../../build/my_py_pkg build --build-base /home/bachelor/ros2_ws/build/my_py_pkg/build install --record /home/bachelor/ros2_ws/build/my_py_pkg/install.log --single-version-externally-managed install_data
[27.500s] Level 1:colcon.colcon_core.environment:checking '/home/bachelor/ros2_ws/install/my_py_pkg' for CMake config files
[27.507s] Level 1:colcon.colcon_core.environment:checking '/home/bachelor/ros2_ws/install/my_py_pkg/lib'
[27.507s] Level 1:colcon.colcon_core.environment:checking '/home/bachelor/ros2_ws/install/my_py_pkg/bin'
[27.507s] Level 1:colcon.colcon_core.environment:checking '/home/bachelor/ros2_ws/install/my_py_pkg/lib/pkgconfig/my_py_pkg.pc'
[27.508s] Level 1:colcon.colcon_core.environment:checking '/home/bachelor/ros2_ws/install/my_py_pkg/lib/python3.12/site-packages'
[27.508s] Level 1:colcon.colcon_core.shell:create_environment_hook('my_py_pkg', 'pythonpath')
[27.508s] INFO:colcon.colcon_core.shell:Creating environment hook '/home/bachelor/ros2_ws/install/my_py_pkg/share/my_py_pkg/hook/pythonpath.ps1'
[27.529s] INFO:colcon.colcon_core.shell:Creating environment descriptor '/home/bachelor/ros2_ws/install/my_py_pkg/share/my_py_pkg/hook/pythonpath.dsv'
[27.534s] INFO:colcon.colcon_core.shell:Creating environment hook '/home/bachelor/ros2_ws/install/my_py_pkg/share/my_py_pkg/hook/pythonpath.sh'
[27.546s] Level 1:colcon.colcon_core.environment:checking '/home/bachelor/ros2_ws/install/my_py_pkg/bin'
[27.546s] Level 1:colcon.colcon_core.environment:create_environment_scripts_only(my_py_pkg)
[27.546s] INFO:colcon.colcon_core.shell:Creating package script '/home/bachelor/ros2_ws/install/my_py_pkg/share/my_py_pkg/package.ps1'
[27.560s] INFO:colcon.colcon_core.shell:Creating package descriptor '/home/bachelor/ros2_ws/install/my_py_pkg/share/my_py_pkg/package.dsv'
[27.565s] INFO:colcon.colcon_core.shell:Creating package script '/home/bachelor/ros2_ws/install/my_py_pkg/share/my_py_pkg/package.sh'
[27.571s] INFO:colcon.colcon_core.shell:Creating package script '/home/bachelor/ros2_ws/install/my_py_pkg/share/my_py_pkg/package.bash'
[27.574s] INFO:colcon.colcon_core.shell:Creating package script '/home/bachelor/ros2_ws/install/my_py_pkg/share/my_py_pkg/package.zsh'
[27.577s] Level 1:colcon.colcon_core.environment:create_file_with_runtime_dependencies(/home/bachelor/ros2_ws/install/my_py_pkg/share/colcon-core/packages/my_py_pkg)
[27.586s] DEBUG:colcon.colcon_parallel_executor.executor.parallel:closing loop
[27.587s] DEBUG:colcon.colcon_parallel_executor.executor.parallel:loop closed
[27.587s] DEBUG:colcon.colcon_parallel_executor.executor.parallel:run_until_complete finished with '0'
[27.587s] DEBUG:colcon.colcon_core.event_reactor:joining thread
[27.611s] INFO:colcon.colcon_core.plugin_system:Skipping extension 'colcon_notification.desktop_notification.terminal_notifier': Not used on non-Darwin systems
[27.611s] INFO:colcon.colcon_core.plugin_system:Skipping extension 'colcon_notification.desktop_notification.win32': Not used on non-Windows systems
[27.611s] INFO:colcon.colcon_notification.desktop_notification:Sending desktop notification using 'notify2'
[27.739s] DEBUG:colcon.colcon_core.event_reactor:joined thread
[27.755s] INFO:colcon.colcon_core.shell:Creating prefix script '/home/bachelor/ros2_ws/install/local_setup.ps1'
[27.760s] INFO:colcon.colcon_core.shell:Creating prefix util module '/home/bachelor/ros2_ws/install/_local_setup_util_ps1.py'
[27.773s] INFO:colcon.colcon_core.shell:Creating prefix chain script '/home/bachelor/ros2_ws/install/setup.ps1'
[27.777s] INFO:colcon.colcon_core.shell:Creating prefix script '/home/bachelor/ros2_ws/install/local_setup.sh'
[27.796s] INFO:colcon.colcon_core.shell:Creating prefix util module '/home/bachelor/ros2_ws/install/_local_setup_util_sh.py'
[27.801s] INFO:colcon.colcon_core.shell:Creating prefix chain script '/home/bachelor/ros2_ws/install/setup.sh'
[27.809s] INFO:colcon.colcon_core.shell:Creating prefix script '/home/bachelor/ros2_ws/install/local_setup.bash'
[27.818s] INFO:colcon.colcon_core.shell:Creating prefix chain script '/home/bachelor/ros2_ws/install/setup.bash'
[27.838s] INFO:colcon.colcon_core.shell:Creating prefix script '/home/bachelor/ros2_ws/install/local_setup.zsh'
[27.842s] INFO:colcon.colcon_core.shell:Creating prefix chain script '/home/bachelor/ros2_ws/install/setup.zsh'
