[2.277s] DEBUG:colcon:Command line arguments: ['/usr/bin/colcon', 'build', '--packages-select', 'my_py_pkg']
[2.281s] DEBUG:colcon:Parsed command line arguments: Namespace(log_base=None, log_level=None, verb_name='build', build_base='build', install_base='install', merge_install=False, symlink_install=False, test_result_base=None, continue_on_error=False, executor='parallel', parallel_workers=1, event_handlers=None, ignore_user_meta=False, metas=['./colcon.meta'], base_paths=['.'], packages_ignore=None, packages_ignore_regex=None, paths=None, packages_up_to=None, packages_up_to_regex=None, packages_above=None, packages_above_and_dependencies=None, packages_above_depth=None, packages_select_by_dep=None, packages_skip_by_dep=None, packages_skip_up_to=None, packages_select_build_failed=False, packages_skip_build_finished=False, packages_select_test_failures=False, packages_skip_test_passed=False, packages_select=['my_py_pkg'], packages_skip=None, packages_select_regex=None, packages_skip_regex=None, packages_start=None, packages_end=None, allow_overriding=[], cmake_args=None, cmake_target=None, cmake_target_skip_unavailable=False, cmake_clean_cache=False, cmake_clean_first=False, cmake_force_configure=False, ament_cmake_args=None, catkin_cmake_args=None, catkin_skip_building_tests=False, mixin_files=None, mixin=None, verb_parser=<colcon_mixin.mixin.mixin_argument.MixinArgumentDecorator object at 0x75e2ad87f5f0>, verb_extension=<colcon_core.verb.build.BuildVerb object at 0x75e2ad87f1a0>, main=<bound method BuildVerb.main of <colcon_core.verb.build.BuildVerb object at 0x75e2ad87f1a0>>, mixin_verb=('build',))
[2.825s] Level 1:colcon.colcon_core.package_discovery:discover_packages(colcon_meta) check parameters
[2.825s] Level 1:colcon.colcon_core.package_discovery:discover_packages(recursive) check parameters
[2.825s] Level 1:colcon.colcon_core.package_discovery:discover_packages(ignore) check parameters
[2.825s] Level 1:colcon.colcon_core.package_discovery:discover_packages(path) check parameters
[2.825s] Level 1:colcon.colcon_core.package_discovery:discover_packages(colcon_meta) discover
[2.826s] Level 1:colcon.colcon_core.package_discovery:discover_packages(recursive) discover
[2.826s] INFO:colcon.colcon_core.package_discovery:Crawling recursively for packages in '/home/bachelor/ros2_ws/src/my_py_pkg'
[2.827s] Level 1:colcon.colcon_core.package_identification:_identify(.) by extensions ['ignore', 'ignore_ament_install']
[2.827s] Level 1:colcon.colcon_core.package_identification:_identify(.) by extension 'ignore'
[2.827s] Level 1:colcon.colcon_core.package_identification:_identify(.) by extension 'ignore_ament_install'
[2.827s] Level 1:colcon.colcon_core.package_identification:_identify(.) by extensions ['colcon_pkg']
[2.829s] Level 1:colcon.colcon_core.package_identification:_identify(.) by extension 'colcon_pkg'
[2.829s] Level 1:colcon.colcon_core.package_identification:_identify(.) by extensions ['colcon_meta']
[2.830s] Level 1:colcon.colcon_core.package_identification:_identify(.) by extension 'colcon_meta'
[2.830s] Level 1:colcon.colcon_core.package_identification:_identify(.) by extensions ['ros']
[2.830s] Level 1:colcon.colcon_core.package_identification:_identify(.) by extension 'ros'
[3.075s] DEBUG:colcon.colcon_core.package_identification:Package '.' with type 'ros.ament_python' and name 'my_py_pkg'
[3.075s] Level 1:colcon.colcon_core.package_discovery:discover_packages(recursive) using defaults
[3.076s] Level 1:colcon.colcon_core.package_discovery:discover_packages(ignore) discover
[3.076s] Level 1:colcon.colcon_core.package_discovery:discover_packages(ignore) using defaults
[3.076s] Level 1:colcon.colcon_core.package_discovery:discover_packages(path) discover
[3.076s] Level 1:colcon.colcon_core.package_discovery:discover_packages(path) using defaults
[3.298s] Level 1:colcon.colcon_core.package_discovery:discover_packages(prefix_path) check parameters
[3.298s] Level 1:colcon.colcon_core.package_discovery:discover_packages(prefix_path) discover
[3.339s] DEBUG:colcon.colcon_installed_package_information.package_discovery:Found 1 installed packages in /home/bachelor/ros2_ws/install
[3.348s] DEBUG:colcon.colcon_installed_package_information.package_discovery:Found 285 installed packages in /opt/ros/jazzy
[3.354s] Level 1:colcon.colcon_core.package_discovery:discover_packages(prefix_path) using defaults
[3.651s] Level 5:colcon.colcon_core.verb:set package 'my_py_pkg' build argument 'cmake_args' from command line to 'None'
[3.651s] Level 5:colcon.colcon_core.verb:set package 'my_py_pkg' build argument 'cmake_target' from command line to 'None'
[3.651s] Level 5:colcon.colcon_core.verb:set package 'my_py_pkg' build argument 'cmake_target_skip_unavailable' from command line to 'False'
[3.651s] Level 5:colcon.colcon_core.verb:set package 'my_py_pkg' build argument 'cmake_clean_cache' from command line to 'False'
[3.651s] Level 5:colcon.colcon_core.verb:set package 'my_py_pkg' build argument 'cmake_clean_first' from command line to 'False'
[3.651s] Level 5:colcon.colcon_core.verb:set package 'my_py_pkg' build argument 'cmake_force_configure' from command line to 'False'
[3.651s] Level 5:colcon.colcon_core.verb:set package 'my_py_pkg' build argument 'ament_cmake_args' from command line to 'None'
[3.652s] Level 5:colcon.colcon_core.verb:set package 'my_py_pkg' build argument 'catkin_cmake_args' from command line to 'None'
[3.652s] Level 5:colcon.colcon_core.verb:set package 'my_py_pkg' build argument 'catkin_skip_building_tests' from command line to 'False'
[3.652s] DEBUG:colcon.colcon_core.verb:Building package 'my_py_pkg' with the following arguments: {'ament_cmake_args': None, 'build_base': '/home/bachelor/ros2_ws/src/my_py_pkg/build/my_py_pkg', 'catkin_cmake_args': None, 'catkin_skip_building_tests': False, 'cmake_args': None, 'cmake_clean_cache': False, 'cmake_clean_first': False, 'cmake_force_configure': False, 'cmake_target': None, 'cmake_target_skip_unavailable': False, 'install_base': '/home/bachelor/ros2_ws/src/my_py_pkg/install/my_py_pkg', 'merge_install': False, 'path': '/home/bachelor/ros2_ws/src/my_py_pkg', 'symlink_install': False, 'test_result_base': None}
[3.652s] INFO:colcon.colcon_core.executor:Executing jobs using 'parallel' executor
[3.669s] DEBUG:colcon.colcon_parallel_executor.executor.parallel:run_until_complete
[3.672s] INFO:colcon.colcon_ros.task.ament_python.build:Building ROS package in '/home/bachelor/ros2_ws/src/my_py_pkg' with build type 'ament_python'
[3.679s] Level 1:colcon.colcon_core.shell:create_environment_hook('my_py_pkg', 'ament_prefix_path')
[3.784s] INFO:colcon.colcon_core.plugin_system:Skipping extension 'colcon_core.shell.bat': Not used on non-Windows systems
[3.785s] INFO:colcon.colcon_core.shell:Creating environment hook '/home/bachelor/ros2_ws/src/my_py_pkg/install/my_py_pkg/share/my_py_pkg/hook/ament_prefix_path.ps1'
[3.821s] INFO:colcon.colcon_core.shell:Creating environment descriptor '/home/bachelor/ros2_ws/src/my_py_pkg/install/my_py_pkg/share/my_py_pkg/hook/ament_prefix_path.dsv'
[3.836s] INFO:colcon.colcon_core.shell:Creating environment hook '/home/bachelor/ros2_ws/src/my_py_pkg/install/my_py_pkg/share/my_py_pkg/hook/ament_prefix_path.sh'
[3.843s] INFO:colcon.colcon_core.shell:Skip shell extension 'powershell' for command environment: Not usable outside of PowerShell
[3.844s] DEBUG:colcon.colcon_core.shell:Skip shell extension 'dsv' for command environment
[6.842s] INFO:colcon.colcon_core.task.python.build:Building Python package in '/home/bachelor/ros2_ws/src/my_py_pkg'
[6.844s] INFO:colcon.colcon_core.shell:Skip shell extension 'powershell' for command environment: Not usable outside of PowerShell
[6.844s] DEBUG:colcon.colcon_core.shell:Skip shell extension 'dsv' for command environment
[26.551s] DEBUG:colcon.colcon_core.event_handler.log_command:Invoking command in '/home/bachelor/ros2_ws/src/my_py_pkg': DEBUGINFOD_URLS=https://debuginfod.ubuntu.com PYTHONPATH=/home/bachelor/ros2_ws/src/my_py_pkg/build/my_py_pkg/prefix_override:/usr/lib/python3/dist-packages/colcon_core/task/python/colcon_distutils_commands:/home/bachelor/ros2_ws/src/my_py_pkg/install/my_py_pkg/lib/python3.12/site-packages:${PYTHONPATH} /usr/bin/python3 -W ignore:setup.py install is deprecated -W ignore:easy_install command is deprecated setup.py egg_info --egg-base build/my_py_pkg build --build-base /home/bachelor/ros2_ws/src/my_py_pkg/build/my_py_pkg/build install --record /home/bachelor/ros2_ws/src/my_py_pkg/build/my_py_pkg/install.log --single-version-externally-managed install_data
[33.581s] DEBUG:colcon.colcon_core.event_handler.log_command:Invoked command in '/home/bachelor/ros2_ws/src/my_py_pkg' returned '0': DEBUGINFOD_URLS=https://debuginfod.ubuntu.com PYTHONPATH=/home/bachelor/ros2_ws/src/my_py_pkg/build/my_py_pkg/prefix_override:/usr/lib/python3/dist-packages/colcon_core/task/python/colcon_distutils_commands:/home/bachelor/ros2_ws/src/my_py_pkg/install/my_py_pkg/lib/python3.12/site-packages:${PYTHONPATH} /usr/bin/python3 -W ignore:setup.py install is deprecated -W ignore:easy_install command is deprecated setup.py egg_info --egg-base build/my_py_pkg build --build-base /home/bachelor/ros2_ws/src/my_py_pkg/build/my_py_pkg/build install --record /home/bachelor/ros2_ws/src/my_py_pkg/build/my_py_pkg/install.log --single-version-externally-managed install_data
[33.651s] Level 1:colcon.colcon_core.environment:checking '/home/bachelor/ros2_ws/src/my_py_pkg/install/my_py_pkg' for CMake module files
[33.664s] Level 1:colcon.colcon_core.environment:checking '/home/bachelor/ros2_ws/src/my_py_pkg/install/my_py_pkg' for CMake config files
[33.679s] Level 1:colcon.colcon_core.environment:checking '/home/bachelor/ros2_ws/src/my_py_pkg/install/my_py_pkg/lib'
[33.679s] Level 1:colcon.colcon_core.environment:checking '/home/bachelor/ros2_ws/src/my_py_pkg/install/my_py_pkg/bin'
[33.679s] Level 1:colcon.colcon_core.environment:checking '/home/bachelor/ros2_ws/src/my_py_pkg/install/my_py_pkg/lib/pkgconfig/my_py_pkg.pc'
[33.680s] Level 1:colcon.colcon_core.environment:checking '/home/bachelor/ros2_ws/src/my_py_pkg/install/my_py_pkg/lib/python3.12/site-packages'
[33.680s] Level 1:colcon.colcon_core.shell:create_environment_hook('my_py_pkg', 'pythonpath')
[33.680s] INFO:colcon.colcon_core.shell:Creating environment hook '/home/bachelor/ros2_ws/src/my_py_pkg/install/my_py_pkg/share/my_py_pkg/hook/pythonpath.ps1'
[33.685s] INFO:colcon.colcon_core.shell:Creating environment descriptor '/home/bachelor/ros2_ws/src/my_py_pkg/install/my_py_pkg/share/my_py_pkg/hook/pythonpath.dsv'
[33.716s] INFO:colcon.colcon_core.shell:Creating environment hook '/home/bachelor/ros2_ws/src/my_py_pkg/install/my_py_pkg/share/my_py_pkg/hook/pythonpath.sh'
[33.741s] Level 1:colcon.colcon_core.environment:checking '/home/bachelor/ros2_ws/src/my_py_pkg/install/my_py_pkg/bin'
[33.741s] Level 1:colcon.colcon_core.environment:create_environment_scripts_only(my_py_pkg)
[33.742s] INFO:colcon.colcon_core.shell:Creating package script '/home/bachelor/ros2_ws/src/my_py_pkg/install/my_py_pkg/share/my_py_pkg/package.ps1'
[33.776s] INFO:colcon.colcon_core.shell:Creating package descriptor '/home/bachelor/ros2_ws/src/my_py_pkg/install/my_py_pkg/share/my_py_pkg/package.dsv'
[33.780s] INFO:colcon.colcon_core.shell:Creating package script '/home/bachelor/ros2_ws/src/my_py_pkg/install/my_py_pkg/share/my_py_pkg/package.sh'
[33.793s] INFO:colcon.colcon_core.shell:Creating package script '/home/bachelor/ros2_ws/src/my_py_pkg/install/my_py_pkg/share/my_py_pkg/package.bash'
[33.812s] INFO:colcon.colcon_core.shell:Creating package script '/home/bachelor/ros2_ws/src/my_py_pkg/install/my_py_pkg/share/my_py_pkg/package.zsh'
[33.843s] Level 1:colcon.colcon_core.environment:create_file_with_runtime_dependencies(/home/bachelor/ros2_ws/src/my_py_pkg/install/my_py_pkg/share/colcon-core/packages/my_py_pkg)
[33.857s] DEBUG:colcon.colcon_parallel_executor.executor.parallel:closing loop
[33.858s] DEBUG:colcon.colcon_parallel_executor.executor.parallel:loop closed
[33.858s] DEBUG:colcon.colcon_parallel_executor.executor.parallel:run_until_complete finished with '0'
[33.858s] DEBUG:colcon.colcon_core.event_reactor:joining thread
[34.024s] INFO:colcon.colcon_core.plugin_system:Skipping extension 'colcon_notification.desktop_notification.terminal_notifier': Not used on non-Darwin systems
[34.024s] INFO:colcon.colcon_core.plugin_system:Skipping extension 'colcon_notification.desktop_notification.win32': Not used on non-Windows systems
[34.024s] INFO:colcon.colcon_notification.desktop_notification:Sending desktop notification using 'notify2'
[34.158s] DEBUG:colcon.colcon_core.event_reactor:joined thread
[34.158s] INFO:colcon.colcon_core.shell:Creating prefix script '/home/bachelor/ros2_ws/src/my_py_pkg/install/local_setup.ps1'
[34.181s] INFO:colcon.colcon_core.shell:Creating prefix util module '/home/bachelor/ros2_ws/src/my_py_pkg/install/_local_setup_util_ps1.py'
[34.258s] INFO:colcon.colcon_core.shell:Creating prefix chain script '/home/bachelor/ros2_ws/src/my_py_pkg/install/setup.ps1'
[34.278s] INFO:colcon.colcon_core.shell:Creating prefix script '/home/bachelor/ros2_ws/src/my_py_pkg/install/local_setup.sh'
[34.314s] INFO:colcon.colcon_core.shell:Creating prefix util module '/home/bachelor/ros2_ws/src/my_py_pkg/install/_local_setup_util_sh.py'
[34.329s] INFO:colcon.colcon_core.shell:Creating prefix chain script '/home/bachelor/ros2_ws/src/my_py_pkg/install/setup.sh'
[34.336s] INFO:colcon.colcon_core.shell:Creating prefix script '/home/bachelor/ros2_ws/src/my_py_pkg/install/local_setup.bash'
[34.347s] INFO:colcon.colcon_core.shell:Creating prefix chain script '/home/bachelor/ros2_ws/src/my_py_pkg/install/setup.bash'
[34.355s] INFO:colcon.colcon_core.shell:Creating prefix script '/home/bachelor/ros2_ws/src/my_py_pkg/install/local_setup.zsh'
[34.362s] INFO:colcon.colcon_core.shell:Creating prefix chain script '/home/bachelor/ros2_ws/src/my_py_pkg/install/setup.zsh'
