[5.529s] DEBUG:colcon:Command line arguments: ['/usr/bin/colcon', 'build', '--packages-select', 'v1_topic_pkg']
[5.529s] DEBUG:colcon:Parsed command line arguments: Namespace(log_base=None, log_level=None, verb_name='build', build_base='build', install_base='install', merge_install=False, symlink_install=False, test_result_base=None, continue_on_error=False, executor='parallel', parallel_workers=1, event_handlers=None, ignore_user_meta=False, metas=['./colcon.meta'], base_paths=['.'], packages_ignore=None, packages_ignore_regex=None, paths=None, packages_up_to=None, packages_up_to_regex=None, packages_above=None, packages_above_and_dependencies=None, packages_above_depth=None, packages_select_by_dep=None, packages_skip_by_dep=None, packages_skip_up_to=None, packages_select_build_failed=False, packages_skip_build_finished=False, packages_select_test_failures=False, packages_skip_test_passed=False, packages_select=['v1_topic_pkg'], packages_skip=None, packages_select_regex=None, packages_skip_regex=None, packages_start=None, packages_end=None, allow_overriding=[], cmake_args=None, cmake_target=None, cmake_target_skip_unavailable=False, cmake_clean_cache=False, cmake_clean_first=False, cmake_force_configure=False, ament_cmake_args=None, catkin_cmake_args=None, catkin_skip_building_tests=False, mixin_files=None, mixin=None, verb_parser=<colcon_mixin.mixin.mixin_argument.MixinArgumentDecorator object at 0x7d76c96988c0>, verb_extension=<colcon_core.verb.build.BuildVerb object at 0x7d76c9698440>, main=<bound method BuildVerb.main of <colcon_core.verb.build.BuildVerb object at 0x7d76c9698440>>, mixin_verb=('build',))
[8.672s] Level 1:colcon.colcon_core.package_discovery:discover_packages(colcon_meta) check parameters
[8.687s] Level 1:colcon.colcon_core.package_discovery:discover_packages(recursive) check parameters
[8.687s] Level 1:colcon.colcon_core.package_discovery:discover_packages(ignore) check parameters
[8.687s] Level 1:colcon.colcon_core.package_discovery:discover_packages(path) check parameters
[8.687s] Level 1:colcon.colcon_core.package_discovery:discover_packages(colcon_meta) discover
[8.688s] Level 1:colcon.colcon_core.package_discovery:discover_packages(recursive) discover
[8.688s] INFO:colcon.colcon_core.package_discovery:Crawling recursively for packages in '/home/bachelor/ros2_ws/src/v1_topic_pkg'
[8.688s] Level 1:colcon.colcon_core.package_identification:_identify(.) by extensions ['ignore', 'ignore_ament_install']
[8.689s] Level 1:colcon.colcon_core.package_identification:_identify(.) by extension 'ignore'
[8.689s] Level 1:colcon.colcon_core.package_identification:_identify(.) by extension 'ignore_ament_install'
[8.689s] Level 1:colcon.colcon_core.package_identification:_identify(.) by extensions ['colcon_pkg']
[8.689s] Level 1:colcon.colcon_core.package_identification:_identify(.) by extension 'colcon_pkg'
[8.689s] Level 1:colcon.colcon_core.package_identification:_identify(.) by extensions ['colcon_meta']
[8.689s] Level 1:colcon.colcon_core.package_identification:_identify(.) by extension 'colcon_meta'
[8.689s] Level 1:colcon.colcon_core.package_identification:_identify(.) by extensions ['ros']
[8.689s] Level 1:colcon.colcon_core.package_identification:_identify(.) by extension 'ros'
[11.204s] DEBUG:colcon.colcon_core.package_identification:Package '.' with type 'ros.ament_python' and name 'v1_topic_pkg'
[11.225s] Level 1:colcon.colcon_core.package_discovery:discover_packages(recursive) using defaults
[11.225s] Level 1:colcon.colcon_core.package_discovery:discover_packages(ignore) discover
[11.225s] Level 1:colcon.colcon_core.package_discovery:discover_packages(ignore) using defaults
[11.225s] Level 1:colcon.colcon_core.package_discovery:discover_packages(path) discover
[11.225s] Level 1:colcon.colcon_core.package_discovery:discover_packages(path) using defaults
[12.511s] Level 1:colcon.colcon_core.package_discovery:discover_packages(prefix_path) check parameters
[12.560s] Level 1:colcon.colcon_core.package_discovery:discover_packages(prefix_path) discover
[12.627s] DEBUG:colcon.colcon_installed_package_information.package_discovery:Found 1 installed packages in /home/bachelor/ros2_ws/src/v1_topic_pkg/install
[12.691s] DEBUG:colcon.colcon_installed_package_information.package_discovery:Found 8 installed packages in /home/bachelor/ros2_ws/install
[12.699s] DEBUG:colcon.colcon_installed_package_information.package_discovery:Found 434 installed packages in /opt/ros/jazzy
[12.739s] Level 1:colcon.colcon_core.package_discovery:discover_packages(prefix_path) using defaults
[13.872s] Level 5:colcon.colcon_core.verb:set package 'v1_topic_pkg' build argument 'cmake_args' from command line to 'None'
[13.874s] Level 5:colcon.colcon_core.verb:set package 'v1_topic_pkg' build argument 'cmake_target' from command line to 'None'
[13.874s] Level 5:colcon.colcon_core.verb:set package 'v1_topic_pkg' build argument 'cmake_target_skip_unavailable' from command line to 'False'
[13.875s] Level 5:colcon.colcon_core.verb:set package 'v1_topic_pkg' build argument 'cmake_clean_cache' from command line to 'False'
[13.875s] Level 5:colcon.colcon_core.verb:set package 'v1_topic_pkg' build argument 'cmake_clean_first' from command line to 'False'
[13.875s] Level 5:colcon.colcon_core.verb:set package 'v1_topic_pkg' build argument 'cmake_force_configure' from command line to 'False'
[13.875s] Level 5:colcon.colcon_core.verb:set package 'v1_topic_pkg' build argument 'ament_cmake_args' from command line to 'None'
[13.877s] Level 5:colcon.colcon_core.verb:set package 'v1_topic_pkg' build argument 'catkin_cmake_args' from command line to 'None'
[13.877s] Level 5:colcon.colcon_core.verb:set package 'v1_topic_pkg' build argument 'catkin_skip_building_tests' from command line to 'False'
[13.877s] DEBUG:colcon.colcon_core.verb:Building package 'v1_topic_pkg' with the following arguments: {'ament_cmake_args': None, 'build_base': '/home/bachelor/ros2_ws/src/v1_topic_pkg/build/v1_topic_pkg', 'catkin_cmake_args': None, 'catkin_skip_building_tests': False, 'cmake_args': None, 'cmake_clean_cache': False, 'cmake_clean_first': False, 'cmake_force_configure': False, 'cmake_target': None, 'cmake_target_skip_unavailable': False, 'install_base': '/home/bachelor/ros2_ws/src/v1_topic_pkg/install/v1_topic_pkg', 'merge_install': False, 'path': '/home/bachelor/ros2_ws/src/v1_topic_pkg', 'symlink_install': False, 'test_result_base': None}
[13.892s] INFO:colcon.colcon_core.executor:Executing jobs using 'parallel' executor
[13.895s] DEBUG:colcon.colcon_parallel_executor.executor.parallel:run_until_complete
[13.902s] INFO:colcon.colcon_ros.task.ament_python.build:Building ROS package in '/home/bachelor/ros2_ws/src/v1_topic_pkg' with build type 'ament_python'
[13.902s] Level 1:colcon.colcon_core.shell:create_environment_hook('v1_topic_pkg', 'ament_prefix_path')
[14.008s] INFO:colcon.colcon_core.plugin_system:Skipping extension 'colcon_core.shell.bat': Not used on non-Windows systems
[14.043s] INFO:colcon.colcon_core.shell:Creating environment hook '/home/bachelor/ros2_ws/src/v1_topic_pkg/install/v1_topic_pkg/share/v1_topic_pkg/hook/ament_prefix_path.ps1'
[14.130s] INFO:colcon.colcon_core.shell:Creating environment descriptor '/home/bachelor/ros2_ws/src/v1_topic_pkg/install/v1_topic_pkg/share/v1_topic_pkg/hook/ament_prefix_path.dsv'
[14.199s] INFO:colcon.colcon_core.shell:Creating environment hook '/home/bachelor/ros2_ws/src/v1_topic_pkg/install/v1_topic_pkg/share/v1_topic_pkg/hook/ament_prefix_path.sh'
[14.305s] INFO:colcon.colcon_core.shell:Skip shell extension 'powershell' for command environment: Not usable outside of PowerShell
[14.305s] DEBUG:colcon.colcon_core.shell:Skip shell extension 'dsv' for command environment
[25.368s] INFO:colcon.colcon_core.task.python.build:Building Python package in '/home/bachelor/ros2_ws/src/v1_topic_pkg'
[25.368s] INFO:colcon.colcon_core.shell:Skip shell extension 'powershell' for command environment: Not usable outside of PowerShell
[25.368s] DEBUG:colcon.colcon_core.shell:Skip shell extension 'dsv' for command environment
[32.191s] DEBUG:colcon.colcon_core.event_handler.log_command:Invoking command in '/home/bachelor/ros2_ws/src/v1_topic_pkg': DEBUGINFOD_URLS=https://debuginfod.ubuntu.com PYTHONPATH=/home/bachelor/ros2_ws/src/v1_topic_pkg/build/v1_topic_pkg/prefix_override:/usr/lib/python3/dist-packages/colcon_core/task/python/colcon_distutils_commands:/home/bachelor/ros2_ws/src/v1_topic_pkg/install/v1_topic_pkg/lib/python3.12/site-packages:${PYTHONPATH} /usr/bin/python3 -W ignore:setup.py install is deprecated -W ignore:easy_install command is deprecated setup.py egg_info --egg-base build/v1_topic_pkg build --build-base /home/bachelor/ros2_ws/src/v1_topic_pkg/build/v1_topic_pkg/build install --record /home/bachelor/ros2_ws/src/v1_topic_pkg/build/v1_topic_pkg/install.log --single-version-externally-managed install_data
[36.169s] DEBUG:colcon.colcon_core.event_handler.log_command:Invoked command in '/home/bachelor/ros2_ws/src/v1_topic_pkg' returned '0': DEBUGINFOD_URLS=https://debuginfod.ubuntu.com PYTHONPATH=/home/bachelor/ros2_ws/src/v1_topic_pkg/build/v1_topic_pkg/prefix_override:/usr/lib/python3/dist-packages/colcon_core/task/python/colcon_distutils_commands:/home/bachelor/ros2_ws/src/v1_topic_pkg/install/v1_topic_pkg/lib/python3.12/site-packages:${PYTHONPATH} /usr/bin/python3 -W ignore:setup.py install is deprecated -W ignore:easy_install command is deprecated setup.py egg_info --egg-base build/v1_topic_pkg build --build-base /home/bachelor/ros2_ws/src/v1_topic_pkg/build/v1_topic_pkg/build install --record /home/bachelor/ros2_ws/src/v1_topic_pkg/build/v1_topic_pkg/install.log --single-version-externally-managed install_data
[36.223s] Level 1:colcon.colcon_core.environment:checking '/home/bachelor/ros2_ws/src/v1_topic_pkg/install/v1_topic_pkg' for CMake module files
[36.224s] Level 1:colcon.colcon_core.environment:checking '/home/bachelor/ros2_ws/src/v1_topic_pkg/install/v1_topic_pkg' for CMake config files
[36.227s] Level 1:colcon.colcon_core.environment:checking '/home/bachelor/ros2_ws/src/v1_topic_pkg/install/v1_topic_pkg/lib'
[36.227s] Level 1:colcon.colcon_core.environment:checking '/home/bachelor/ros2_ws/src/v1_topic_pkg/install/v1_topic_pkg/bin'
[36.227s] Level 1:colcon.colcon_core.environment:checking '/home/bachelor/ros2_ws/src/v1_topic_pkg/install/v1_topic_pkg/lib/pkgconfig/v1_topic_pkg.pc'
[36.228s] Level 1:colcon.colcon_core.environment:checking '/home/bachelor/ros2_ws/src/v1_topic_pkg/install/v1_topic_pkg/lib/python3.12/site-packages'
[36.228s] Level 1:colcon.colcon_core.shell:create_environment_hook('v1_topic_pkg', 'pythonpath')
[36.228s] INFO:colcon.colcon_core.shell:Creating environment hook '/home/bachelor/ros2_ws/src/v1_topic_pkg/install/v1_topic_pkg/share/v1_topic_pkg/hook/pythonpath.ps1'
[36.248s] INFO:colcon.colcon_core.shell:Creating environment descriptor '/home/bachelor/ros2_ws/src/v1_topic_pkg/install/v1_topic_pkg/share/v1_topic_pkg/hook/pythonpath.dsv'
[36.253s] INFO:colcon.colcon_core.shell:Creating environment hook '/home/bachelor/ros2_ws/src/v1_topic_pkg/install/v1_topic_pkg/share/v1_topic_pkg/hook/pythonpath.sh'
[36.257s] Level 1:colcon.colcon_core.environment:checking '/home/bachelor/ros2_ws/src/v1_topic_pkg/install/v1_topic_pkg/bin'
[36.258s] Level 1:colcon.colcon_core.environment:create_environment_scripts_only(v1_topic_pkg)
[36.259s] INFO:colcon.colcon_core.shell:Creating package script '/home/bachelor/ros2_ws/src/v1_topic_pkg/install/v1_topic_pkg/share/v1_topic_pkg/package.ps1'
[36.266s] INFO:colcon.colcon_core.shell:Creating package descriptor '/home/bachelor/ros2_ws/src/v1_topic_pkg/install/v1_topic_pkg/share/v1_topic_pkg/package.dsv'
[36.288s] INFO:colcon.colcon_core.shell:Creating package script '/home/bachelor/ros2_ws/src/v1_topic_pkg/install/v1_topic_pkg/share/v1_topic_pkg/package.sh'
[36.294s] INFO:colcon.colcon_core.shell:Creating package script '/home/bachelor/ros2_ws/src/v1_topic_pkg/install/v1_topic_pkg/share/v1_topic_pkg/package.bash'
[36.303s] INFO:colcon.colcon_core.shell:Creating package script '/home/bachelor/ros2_ws/src/v1_topic_pkg/install/v1_topic_pkg/share/v1_topic_pkg/package.zsh'
[36.312s] Level 1:colcon.colcon_core.environment:create_file_with_runtime_dependencies(/home/bachelor/ros2_ws/src/v1_topic_pkg/install/v1_topic_pkg/share/colcon-core/packages/v1_topic_pkg)
[36.321s] DEBUG:colcon.colcon_parallel_executor.executor.parallel:closing loop
[36.322s] DEBUG:colcon.colcon_parallel_executor.executor.parallel:loop closed
[36.338s] DEBUG:colcon.colcon_parallel_executor.executor.parallel:run_until_complete finished with '0'
[36.338s] DEBUG:colcon.colcon_core.event_reactor:joining thread
[36.434s] INFO:colcon.colcon_core.plugin_system:Skipping extension 'colcon_notification.desktop_notification.terminal_notifier': Not used on non-Darwin systems
[36.435s] INFO:colcon.colcon_core.plugin_system:Skipping extension 'colcon_notification.desktop_notification.win32': Not used on non-Windows systems
[36.435s] INFO:colcon.colcon_notification.desktop_notification:Sending desktop notification using 'notify2'
[36.749s] DEBUG:colcon.colcon_core.event_reactor:joined thread
[36.749s] INFO:colcon.colcon_core.shell:Creating prefix script '/home/bachelor/ros2_ws/src/v1_topic_pkg/install/local_setup.ps1'
[36.774s] INFO:colcon.colcon_core.shell:Creating prefix util module '/home/bachelor/ros2_ws/src/v1_topic_pkg/install/_local_setup_util_ps1.py'
[36.794s] INFO:colcon.colcon_core.shell:Creating prefix chain script '/home/bachelor/ros2_ws/src/v1_topic_pkg/install/setup.ps1'
[36.815s] INFO:colcon.colcon_core.shell:Creating prefix script '/home/bachelor/ros2_ws/src/v1_topic_pkg/install/local_setup.sh'
[36.835s] INFO:colcon.colcon_core.shell:Creating prefix util module '/home/bachelor/ros2_ws/src/v1_topic_pkg/install/_local_setup_util_sh.py'
[36.845s] INFO:colcon.colcon_core.shell:Creating prefix chain script '/home/bachelor/ros2_ws/src/v1_topic_pkg/install/setup.sh'
[36.866s] INFO:colcon.colcon_core.shell:Creating prefix script '/home/bachelor/ros2_ws/src/v1_topic_pkg/install/local_setup.bash'
[36.886s] INFO:colcon.colcon_core.shell:Creating prefix chain script '/home/bachelor/ros2_ws/src/v1_topic_pkg/install/setup.bash'
[36.913s] INFO:colcon.colcon_core.shell:Creating prefix script '/home/bachelor/ros2_ws/src/v1_topic_pkg/install/local_setup.zsh'
[36.930s] INFO:colcon.colcon_core.shell:Creating prefix chain script '/home/bachelor/ros2_ws/src/v1_topic_pkg/install/setup.zsh'
