[35.405s] Invoking command in '/home/bachelor/ros2_ws/src/v1_topic_pkg': DEBUGINFOD_URLS=https://debuginfod.ubuntu.com PYTHONPATH=/home/bachelor/ros2_ws/build/v1_topic_pkg/prefix_override:/usr/lib/python3/dist-packages/colcon_core/task/python/colcon_distutils_commands:/home/bachelor/ros2_ws/install/v1_topic_pkg/lib/python3.12/site-packages:/home/bachelor/ros2_ws/install/v2_service_interface/lib/python3.12/site-packages:/home/bachelor/ros2_ws/install/v1_topic_pkg/lib/python3.12/site-packages:/home/bachelor/ros2_ws/install/my_py_pkg/lib/python3.12/site-packages:/home/bachelor/ros2_ws/install/my_tutorial_interfaces/lib/python3.12/site-packages:/home/bachelor/ros2_ws/src/v1_topic_pkg/install/v1_topic_pkg/lib/python3.12/site-packages:/opt/ros/jazzy/lib/python3.12/site-packages /usr/bin/python3 -W ignore:setup.py install is deprecated -W ignore:easy_install command is deprecated setup.py egg_info --egg-base ../../build/v1_topic_pkg build --build-base /home/bachelor/ros2_ws/build/v1_topic_pkg/build install --record /home/bachelor/ros2_ws/build/v1_topic_pkg/install.log --single-version-externally-managed install_data
[40.855s] running egg_info
[41.319s] writing ../../build/v1_topic_pkg/v1_topic_pkg.egg-info/PKG-INFO
[41.319s] writing dependency_links to ../../build/v1_topic_pkg/v1_topic_pkg.egg-info/dependency_links.txt
[41.320s] writing entry points to ../../build/v1_topic_pkg/v1_topic_pkg.egg-info/entry_points.txt
[41.353s] writing requirements to ../../build/v1_topic_pkg/v1_topic_pkg.egg-info/requires.txt
[41.400s] writing top-level names to ../../build/v1_topic_pkg/v1_topic_pkg.egg-info/top_level.txt
[42.474s] reading manifest file '../../build/v1_topic_pkg/v1_topic_pkg.egg-info/SOURCES.txt'
[42.479s] writing manifest file '../../build/v1_topic_pkg/v1_topic_pkg.egg-info/SOURCES.txt'
[42.502s] running build
[42.507s] running build_py
[42.517s] copying v1_topic_pkg/laser_data_publisher.py -> /home/bachelor/ros2_ws/build/v1_topic_pkg/build/lib/v1_topic_pkg
[42.518s] copying v1_topic_pkg/set_scan_frequency_client.py -> /home/bachelor/ros2_ws/build/v1_topic_pkg/build/lib/v1_topic_pkg
[42.588s] running install
[42.688s] running install_lib
[43.099s] copying /home/bachelor/ros2_ws/build/v1_topic_pkg/build/lib/v1_topic_pkg/laser_data_publisher.py -> /home/bachelor/ros2_ws/install/v1_topic_pkg/lib/python3.12/site-packages/v1_topic_pkg
[43.099s] copying /home/bachelor/ros2_ws/build/v1_topic_pkg/build/lib/v1_topic_pkg/set_scan_frequency_client.py -> /home/bachelor/ros2_ws/install/v1_topic_pkg/lib/python3.12/site-packages/v1_topic_pkg
[43.128s] byte-compiling /home/bachelor/ros2_ws/install/v1_topic_pkg/lib/python3.12/site-packages/v1_topic_pkg/laser_data_publisher.py to laser_data_publisher.cpython-312.pyc
[43.417s] byte-compiling /home/bachelor/ros2_ws/install/v1_topic_pkg/lib/python3.12/site-packages/v1_topic_pkg/set_scan_frequency_client.py to set_scan_frequency_client.cpython-312.pyc
[43.437s] running install_data
[43.440s] running install_egg_info
[43.968s] removing '/home/bachelor/ros2_ws/install/v1_topic_pkg/lib/python3.12/site-packages/v1_topic_pkg-0.0.0-py3.12.egg-info' (and everything under it)
[44.079s] Copying ../../build/v1_topic_pkg/v1_topic_pkg.egg-info to /home/bachelor/ros2_ws/install/v1_topic_pkg/lib/python3.12/site-packages/v1_topic_pkg-0.0.0-py3.12.egg-info
[44.134s] running install_scripts
[49.510s] Installing laser_data_publisher script to /home/bachelor/ros2_ws/install/v1_topic_pkg/lib/v1_topic_pkg
[49.523s] Installing laser_data_subscriber script to /home/bachelor/ros2_ws/install/v1_topic_pkg/lib/v1_topic_pkg
[49.538s] Installing set_scan_frequency_client script to /home/bachelor/ros2_ws/install/v1_topic_pkg/lib/v1_topic_pkg
[49.551s] writing list of installed files to '/home/bachelor/ros2_ws/build/v1_topic_pkg/install.log'
[50.026s] Invoked command in '/home/bachelor/ros2_ws/src/v1_topic_pkg' returned '0': DEBUGINFOD_URLS=https://debuginfod.ubuntu.com PYTHONPATH=/home/bachelor/ros2_ws/build/v1_topic_pkg/prefix_override:/usr/lib/python3/dist-packages/colcon_core/task/python/colcon_distutils_commands:/home/bachelor/ros2_ws/install/v1_topic_pkg/lib/python3.12/site-packages:/home/bachelor/ros2_ws/install/v2_service_interface/lib/python3.12/site-packages:/home/bachelor/ros2_ws/install/v1_topic_pkg/lib/python3.12/site-packages:/home/bachelor/ros2_ws/install/my_py_pkg/lib/python3.12/site-packages:/home/bachelor/ros2_ws/install/my_tutorial_interfaces/lib/python3.12/site-packages:/home/bachelor/ros2_ws/src/v1_topic_pkg/install/v1_topic_pkg/lib/python3.12/site-packages:/opt/ros/jazzy/lib/python3.12/site-packages /usr/bin/python3 -W ignore:setup.py install is deprecated -W ignore:easy_install command is deprecated setup.py egg_info --egg-base ../../build/v1_topic_pkg build --build-base /home/bachelor/ros2_ws/build/v1_topic_pkg/build install --record /home/bachelor/ros2_ws/build/v1_topic_pkg/install.log --single-version-externally-managed install_data
