[0.071s] Invoking command in '/home/bachelor/ros2_ws/build/turtlebot4_gz_toolbox': CMAKE_PREFIX_PATH=${CMAKE_PREFIX_PATH}:/home/bachelor/ros2_ws/install/v1_topic_pkg:/home/bachelor/ros2_ws/install/my_py_pkg:/opt/ros/jazzy DEBUGINFOD_URLS=https://debuginfod.ubuntu.com /usr/bin/cmake --build /home/bachelor/ros2_ws/build/turtlebot4_gz_toolbox -- -j1 -l1
[1.156s] [ 60%] Built target turtlebot4_gz_toolbox_lib
[1.384s] [100%] Built target turtlebot4_gz_hmi_node
[1.477s] Invoked command in '/home/bachelor/ros2_ws/build/turtlebot4_gz_toolbox' returned '0': CMAKE_PREFIX_PATH=${CMAKE_PREFIX_PATH}:/home/bachelor/ros2_ws/install/v1_topic_pkg:/home/bachelor/ros2_ws/install/my_py_pkg:/opt/ros/jazzy DEBUGINFOD_URLS=https://debuginfod.ubuntu.com /usr/bin/cmake --build /home/bachelor/ros2_ws/build/turtlebot4_gz_toolbox -- -j1 -l1
[1.489s] Invoking command in '/home/bachelor/ros2_ws/build/turtlebot4_gz_toolbox': CMAKE_PREFIX_PATH=${CMAKE_PREFIX_PATH}:/home/bachelor/ros2_ws/install/v1_topic_pkg:/home/bachelor/ros2_ws/install/my_py_pkg:/opt/ros/jazzy DEBUGINFOD_URLS=https://debuginfod.ubuntu.com /usr/bin/cmake --install /home/bachelor/ros2_ws/build/turtlebot4_gz_toolbox
[1.566s] -- Install configuration: ""
[1.575s] -- Up-to-date: /home/bachelor/ros2_ws/install/turtlebot4_gz_toolbox/lib/turtlebot4_gz_toolbox/turtlebot4_gz_hmi_node
[1.576s] -- Up-to-date: /home/bachelor/ros2_ws/install/turtlebot4_gz_toolbox/share/ament_index/resource_index/package_run_dependencies/turtlebot4_gz_toolbox
[1.581s] -- Up-to-date: /home/bachelor/ros2_ws/install/turtlebot4_gz_toolbox/share/ament_index/resource_index/parent_prefix_path/turtlebot4_gz_toolbox
[1.586s] -- Up-to-date: /home/bachelor/ros2_ws/install/turtlebot4_gz_toolbox/share/turtlebot4_gz_toolbox/environment/ament_prefix_path.sh
[1.587s] -- Up-to-date: /home/bachelor/ros2_ws/install/turtlebot4_gz_toolbox/share/turtlebot4_gz_toolbox/environment/ament_prefix_path.dsv
[1.587s] -- Up-to-date: /home/bachelor/ros2_ws/install/turtlebot4_gz_toolbox/share/turtlebot4_gz_toolbox/environment/path.sh
[1.590s] -- Up-to-date: /home/bachelor/ros2_ws/install/turtlebot4_gz_toolbox/share/turtlebot4_gz_toolbox/environment/path.dsv
[1.591s] -- Up-to-date: /home/bachelor/ros2_ws/install/turtlebot4_gz_toolbox/share/turtlebot4_gz_toolbox/local_setup.bash
[1.591s] -- Up-to-date: /home/bachelor/ros2_ws/install/turtlebot4_gz_toolbox/share/turtlebot4_gz_toolbox/local_setup.sh
[1.592s] -- Up-to-date: /home/bachelor/ros2_ws/install/turtlebot4_gz_toolbox/share/turtlebot4_gz_toolbox/local_setup.zsh
[1.592s] -- Up-to-date: /home/bachelor/ros2_ws/install/turtlebot4_gz_toolbox/share/turtlebot4_gz_toolbox/local_setup.dsv
[1.592s] -- Installing: /home/bachelor/ros2_ws/install/turtlebot4_gz_toolbox/share/turtlebot4_gz_toolbox/package.dsv
[1.621s] -- Up-to-date: /home/bachelor/ros2_ws/install/turtlebot4_gz_toolbox/share/ament_index/resource_index/packages/turtlebot4_gz_toolbox
[1.622s] -- Up-to-date: /home/bachelor/ros2_ws/install/turtlebot4_gz_toolbox/share/turtlebot4_gz_toolbox/cmake/ament_cmake_export_include_directories-extras.cmake
[1.622s] -- Up-to-date: /home/bachelor/ros2_ws/install/turtlebot4_gz_toolbox/share/turtlebot4_gz_toolbox/cmake/turtlebot4_gz_toolboxConfig.cmake
[1.650s] -- Up-to-date: /home/bachelor/ros2_ws/install/turtlebot4_gz_toolbox/share/turtlebot4_gz_toolbox/cmake/turtlebot4_gz_toolboxConfig-version.cmake
[1.650s] -- Up-to-date: /home/bachelor/ros2_ws/install/turtlebot4_gz_toolbox/share/turtlebot4_gz_toolbox/package.xml
[1.654s] Invoked command in '/home/bachelor/ros2_ws/build/turtlebot4_gz_toolbox' returned '0': CMAKE_PREFIX_PATH=${CMAKE_PREFIX_PATH}:/home/bachelor/ros2_ws/install/v1_topic_pkg:/home/bachelor/ros2_ws/install/my_py_pkg:/opt/ros/jazzy DEBUGINFOD_URLS=https://debuginfod.ubuntu.com /usr/bin/cmake --install /home/bachelor/ros2_ws/build/turtlebot4_gz_toolbox
