running egg_info
writing ../../build/v1_topic_pkg/v1_topic_pkg.egg-info/PKG-INFO
writing dependency_links to ../../build/v1_topic_pkg/v1_topic_pkg.egg-info/dependency_links.txt
writing entry points to ../../build/v1_topic_pkg/v1_topic_pkg.egg-info/entry_points.txt
writing requirements to ../../build/v1_topic_pkg/v1_topic_pkg.egg-info/requires.txt
writing top-level names to ../../build/v1_topic_pkg/v1_topic_pkg.egg-info/top_level.txt
reading manifest file '../../build/v1_topic_pkg/v1_topic_pkg.egg-info/SOURCES.txt'
writing manifest file '../../build/v1_topic_pkg/v1_topic_pkg.egg-info/SOURCES.txt'
running build
running build_py
copying v1_topic_pkg/laser_data_subscriber.py -> /home/bachelor/ros2_ws/build/v1_topic_pkg/build/lib/v1_topic_pkg
copying v1_topic_pkg/laser_data_publisher.py -> /home/bachelor/ros2_ws/build/v1_topic_pkg/build/lib/v1_topic_pkg
running install
running install_lib
copying /home/bachelor/ros2_ws/build/v1_topic_pkg/build/lib/v1_topic_pkg/laser_data_subscriber.py -> /home/bachelor/ros2_ws/install/v1_topic_pkg/lib/python3.12/site-packages/v1_topic_pkg
copying /home/bachelor/ros2_ws/build/v1_topic_pkg/build/lib/v1_topic_pkg/laser_data_publisher.py -> /home/bachelor/ros2_ws/install/v1_topic_pkg/lib/python3.12/site-packages/v1_topic_pkg
byte-compiling /home/bachelor/ros2_ws/install/v1_topic_pkg/lib/python3.12/site-packages/v1_topic_pkg/laser_data_subscriber.py to laser_data_subscriber.cpython-312.pyc
byte-compiling /home/bachelor/ros2_ws/install/v1_topic_pkg/lib/python3.12/site-packages/v1_topic_pkg/laser_data_publisher.py to laser_data_publisher.cpython-312.pyc
running install_data
running install_egg_info
removing '/home/bachelor/ros2_ws/install/v1_topic_pkg/lib/python3.12/site-packages/v1_topic_pkg-0.0.0-py3.12.egg-info' (and everything under it)
Copying ../../build/v1_topic_pkg/v1_topic_pkg.egg-info to /home/bachelor/ros2_ws/install/v1_topic_pkg/lib/python3.12/site-packages/v1_topic_pkg-0.0.0-py3.12.egg-info
running install_scripts
Installing laser_data_publisher script to /home/bachelor/ros2_ws/install/v1_topic_pkg/lib/v1_topic_pkg
Installing laser_data_subscriber script to /home/bachelor/ros2_ws/install/v1_topic_pkg/lib/v1_topic_pkg
writing list of installed files to '/home/bachelor/ros2_ws/build/v1_topic_pkg/install.log'
