[0.520s] DEBUG:colcon:Command line arguments: ['/usr/bin/colcon', 'build']
[0.520s] DEBUG:colcon:Parsed command line arguments: Namespace(log_base=None, log_level=None, verb_name='build', build_base='build', install_base='install', merge_install=False, symlink_install=False, test_result_base=None, continue_on_error=False, executor='parallel', parallel_workers=1, event_handlers=None, ignore_user_meta=False, metas=['./colcon.meta'], base_paths=['.'], packages_ignore=None, packages_ignore_regex=None, paths=None, packages_up_to=None, packages_up_to_regex=None, packages_above=None, packages_above_and_dependencies=None, packages_above_depth=None, packages_select_by_dep=None, packages_skip_by_dep=None, packages_skip_up_to=None, packages_select_build_failed=False, packages_skip_build_finished=False, packages_select_test_failures=False, packages_skip_test_passed=False, packages_select=None, packages_skip=None, packages_select_regex=None, packages_skip_regex=None, packages_start=None, packages_end=None, allow_overriding=[], cmake_args=None, cmake_target=None, cmake_target_skip_unavailable=False, cmake_clean_cache=False, cmake_clean_first=False, cmake_force_configure=False, ament_cmake_args=None, catkin_cmake_args=None, catkin_skip_building_tests=False, mixin_files=None, mixin=None, verb_parser=<colcon_mixin.mixin.mixin_argument.MixinArgumentDecorator object at 0x786c92f83740>, verb_extension=<colcon_core.verb.build.BuildVerb object at 0x786c92f833e0>, main=<bound method BuildVerb.main of <colcon_core.verb.build.BuildVerb object at 0x786c92f833e0>>, mixin_verb=('build',))
[0.675s] Level 1:colcon.colcon_core.package_discovery:discover_packages(colcon_meta) check parameters
[0.675s] Level 1:colcon.colcon_core.package_discovery:discover_packages(recursive) check parameters
[0.675s] Level 1:colcon.colcon_core.package_discovery:discover_packages(ignore) check parameters
[0.675s] Level 1:colcon.colcon_core.package_discovery:discover_packages(path) check parameters
[0.675s] Level 1:colcon.colcon_core.package_discovery:discover_packages(colcon_meta) discover
[0.675s] Level 1:colcon.colcon_core.package_discovery:discover_packages(recursive) discover
[0.675s] INFO:colcon.colcon_core.package_discovery:Crawling recursively for packages in '/home/bachelor/ros2_ws/src/my_py_pkg'
[0.676s] Level 1:colcon.colcon_core.package_identification:_identify(.) by extensions ['ignore', 'ignore_ament_install']
[0.676s] Level 1:colcon.colcon_core.package_identification:_identify(.) by extension 'ignore'
[0.676s] Level 1:colcon.colcon_core.package_identification:_identify(.) by extension 'ignore_ament_install'
[0.676s] Level 1:colcon.colcon_core.package_identification:_identify(.) by extensions ['colcon_pkg']
[0.676s] Level 1:colcon.colcon_core.package_identification:_identify(.) by extension 'colcon_pkg'
[0.676s] Level 1:colcon.colcon_core.package_identification:_identify(.) by extensions ['colcon_meta']
[0.676s] Level 1:colcon.colcon_core.package_identification:_identify(.) by extension 'colcon_meta'
[0.676s] Level 1:colcon.colcon_core.package_identification:_identify(.) by extensions ['ros']
[0.676s] Level 1:colcon.colcon_core.package_identification:_identify(.) by extension 'ros'
[0.786s] DEBUG:colcon.colcon_core.package_identification:Package '.' with type 'ros.ament_python' and name 'my_py_pkg'
[0.786s] Level 1:colcon.colcon_core.package_discovery:discover_packages(recursive) using defaults
[0.787s] Level 1:colcon.colcon_core.package_discovery:discover_packages(ignore) discover
[0.787s] Level 1:colcon.colcon_core.package_discovery:discover_packages(ignore) using defaults
[0.787s] Level 1:colcon.colcon_core.package_discovery:discover_packages(path) discover
[0.787s] Level 1:colcon.colcon_core.package_discovery:discover_packages(path) using defaults
[0.858s] Level 1:colcon.colcon_core.package_discovery:discover_packages(prefix_path) check parameters
[0.858s] Level 1:colcon.colcon_core.package_discovery:discover_packages(prefix_path) discover
[0.861s] DEBUG:colcon.colcon_installed_package_information.package_discovery:Found 1 installed packages in /home/bachelor/ros2_ws/install
[0.867s] DEBUG:colcon.colcon_installed_package_information.package_discovery:Found 285 installed packages in /opt/ros/jazzy
[0.870s] Level 1:colcon.colcon_core.package_discovery:discover_packages(prefix_path) using defaults
[1.039s] Level 5:colcon.colcon_core.verb:set package 'my_py_pkg' build argument 'cmake_args' from command line to 'None'
[1.039s] Level 5:colcon.colcon_core.verb:set package 'my_py_pkg' build argument 'cmake_target' from command line to 'None'
[1.042s] Level 5:colcon.colcon_core.verb:set package 'my_py_pkg' build argument 'cmake_target_skip_unavailable' from command line to 'False'
[1.042s] Level 5:colcon.colcon_core.verb:set package 'my_py_pkg' build argument 'cmake_clean_cache' from command line to 'False'
[1.042s] Level 5:colcon.colcon_core.verb:set package 'my_py_pkg' build argument 'cmake_clean_first' from command line to 'False'
[1.042s] Level 5:colcon.colcon_core.verb:set package 'my_py_pkg' build argument 'cmake_force_configure' from command line to 'False'
[1.042s] Level 5:colcon.colcon_core.verb:set package 'my_py_pkg' build argument 'ament_cmake_args' from command line to 'None'
[1.042s] Level 5:colcon.colcon_core.verb:set package 'my_py_pkg' build argument 'catkin_cmake_args' from command line to 'None'
[1.042s] Level 5:colcon.colcon_core.verb:set package 'my_py_pkg' build argument 'catkin_skip_building_tests' from command line to 'False'
[1.042s] DEBUG:colcon.colcon_core.verb:Building package 'my_py_pkg' with the following arguments: {'ament_cmake_args': None, 'build_base': '/home/bachelor/ros2_ws/src/my_py_pkg/build/my_py_pkg', 'catkin_cmake_args': None, 'catkin_skip_building_tests': False, 'cmake_args': None, 'cmake_clean_cache': False, 'cmake_clean_first': False, 'cmake_force_configure': False, 'cmake_target': None, 'cmake_target_skip_unavailable': False, 'install_base': '/home/bachelor/ros2_ws/src/my_py_pkg/install/my_py_pkg', 'merge_install': False, 'path': '/home/bachelor/ros2_ws/src/my_py_pkg', 'symlink_install': False, 'test_result_base': None}
[1.042s] INFO:colcon.colcon_core.executor:Executing jobs using 'parallel' executor
[1.044s] DEBUG:colcon.colcon_parallel_executor.executor.parallel:run_until_complete
[1.044s] INFO:colcon.colcon_ros.task.ament_python.build:Building ROS package in '/home/bachelor/ros2_ws/src/my_py_pkg' with build type 'ament_python'
[1.044s] Level 1:colcon.colcon_core.shell:create_environment_hook('my_py_pkg', 'ament_prefix_path')
[1.049s] INFO:colcon.colcon_core.plugin_system:Skipping extension 'colcon_core.shell.bat': Not used on non-Windows systems
[1.055s] INFO:colcon.colcon_core.shell:Creating environment hook '/home/bachelor/ros2_ws/src/my_py_pkg/install/my_py_pkg/share/my_py_pkg/hook/ament_prefix_path.ps1'
[1.064s] INFO:colcon.colcon_core.shell:Creating environment descriptor '/home/bachelor/ros2_ws/src/my_py_pkg/install/my_py_pkg/share/my_py_pkg/hook/ament_prefix_path.dsv'
[1.065s] INFO:colcon.colcon_core.shell:Creating environment hook '/home/bachelor/ros2_ws/src/my_py_pkg/install/my_py_pkg/share/my_py_pkg/hook/ament_prefix_path.sh'
[1.067s] INFO:colcon.colcon_core.shell:Skip shell extension 'powershell' for command environment: Not usable outside of PowerShell
[1.067s] DEBUG:colcon.colcon_core.shell:Skip shell extension 'dsv' for command environment
[2.255s] INFO:colcon.colcon_core.task.python.build:Building Python package in '/home/bachelor/ros2_ws/src/my_py_pkg'
[2.256s] INFO:colcon.colcon_core.shell:Skip shell extension 'powershell' for command environment: Not usable outside of PowerShell
[2.256s] DEBUG:colcon.colcon_core.shell:Skip shell extension 'dsv' for command environment
[6.057s] DEBUG:colcon.colcon_core.event_handler.log_command:Invoking command in '/home/bachelor/ros2_ws/src/my_py_pkg': DEBUGINFOD_URLS=https://debuginfod.ubuntu.com PYTHONPATH=/home/bachelor/ros2_ws/src/my_py_pkg/build/my_py_pkg/prefix_override:/usr/lib/python3/dist-packages/colcon_core/task/python/colcon_distutils_commands:/home/bachelor/ros2_ws/src/my_py_pkg/install/my_py_pkg/lib/python3.12/site-packages:${PYTHONPATH} /usr/bin/python3 -W ignore:setup.py install is deprecated -W ignore:easy_install command is deprecated setup.py egg_info --egg-base build/my_py_pkg build --build-base /home/bachelor/ros2_ws/src/my_py_pkg/build/my_py_pkg/build install --record /home/bachelor/ros2_ws/src/my_py_pkg/build/my_py_pkg/install.log --single-version-externally-managed install_data
[9.380s] Level 1:colcon.colcon_core.environment:checking '/home/bachelor/ros2_ws/src/my_py_pkg/install/my_py_pkg' for CMake module files
[9.386s] DEBUG:colcon.colcon_core.event_handler.log_command:Invoked command in '/home/bachelor/ros2_ws/src/my_py_pkg' returned '0': DEBUGINFOD_URLS=https://debuginfod.ubuntu.com PYTHONPATH=/home/bachelor/ros2_ws/src/my_py_pkg/build/my_py_pkg/prefix_override:/usr/lib/python3/dist-packages/colcon_core/task/python/colcon_distutils_commands:/home/bachelor/ros2_ws/src/my_py_pkg/install/my_py_pkg/lib/python3.12/site-packages:${PYTHONPATH} /usr/bin/python3 -W ignore:setup.py install is deprecated -W ignore:easy_install command is deprecated setup.py egg_info --egg-base build/my_py_pkg build --build-base /home/bachelor/ros2_ws/src/my_py_pkg/build/my_py_pkg/build install --record /home/bachelor/ros2_ws/src/my_py_pkg/build/my_py_pkg/install.log --single-version-externally-managed install_data
[9.395s] Level 1:colcon.colcon_core.environment:checking '/home/bachelor/ros2_ws/src/my_py_pkg/install/my_py_pkg' for CMake config files
[9.399s] Level 1:colcon.colcon_core.environment:checking '/home/bachelor/ros2_ws/src/my_py_pkg/install/my_py_pkg/lib'
[9.399s] Level 1:colcon.colcon_core.environment:checking '/home/bachelor/ros2_ws/src/my_py_pkg/install/my_py_pkg/bin'
[9.400s] Level 1:colcon.colcon_core.environment:checking '/home/bachelor/ros2_ws/src/my_py_pkg/install/my_py_pkg/lib/pkgconfig/my_py_pkg.pc'
[9.400s] Level 1:colcon.colcon_core.environment:checking '/home/bachelor/ros2_ws/src/my_py_pkg/install/my_py_pkg/lib/python3.12/site-packages'
[9.400s] Level 1:colcon.colcon_core.shell:create_environment_hook('my_py_pkg', 'pythonpath')
[9.401s] INFO:colcon.colcon_core.shell:Creating environment hook '/home/bachelor/ros2_ws/src/my_py_pkg/install/my_py_pkg/share/my_py_pkg/hook/pythonpath.ps1'
[9.413s] INFO:colcon.colcon_core.shell:Creating environment descriptor '/home/bachelor/ros2_ws/src/my_py_pkg/install/my_py_pkg/share/my_py_pkg/hook/pythonpath.dsv'
[9.414s] INFO:colcon.colcon_core.shell:Creating environment hook '/home/bachelor/ros2_ws/src/my_py_pkg/install/my_py_pkg/share/my_py_pkg/hook/pythonpath.sh'
[9.418s] Level 1:colcon.colcon_core.environment:checking '/home/bachelor/ros2_ws/src/my_py_pkg/install/my_py_pkg/bin'
[9.418s] Level 1:colcon.colcon_core.environment:create_environment_scripts_only(my_py_pkg)
[9.419s] INFO:colcon.colcon_core.shell:Creating package script '/home/bachelor/ros2_ws/src/my_py_pkg/install/my_py_pkg/share/my_py_pkg/package.ps1'
[9.421s] INFO:colcon.colcon_core.shell:Creating package descriptor '/home/bachelor/ros2_ws/src/my_py_pkg/install/my_py_pkg/share/my_py_pkg/package.dsv'
[9.422s] INFO:colcon.colcon_core.shell:Creating package script '/home/bachelor/ros2_ws/src/my_py_pkg/install/my_py_pkg/share/my_py_pkg/package.sh'
[9.438s] INFO:colcon.colcon_core.shell:Creating package script '/home/bachelor/ros2_ws/src/my_py_pkg/install/my_py_pkg/share/my_py_pkg/package.bash'
[9.440s] INFO:colcon.colcon_core.shell:Creating package script '/home/bachelor/ros2_ws/src/my_py_pkg/install/my_py_pkg/share/my_py_pkg/package.zsh'
[9.441s] Level 1:colcon.colcon_core.environment:create_file_with_runtime_dependencies(/home/bachelor/ros2_ws/src/my_py_pkg/install/my_py_pkg/share/colcon-core/packages/my_py_pkg)
[9.452s] DEBUG:colcon.colcon_parallel_executor.executor.parallel:closing loop
[9.452s] DEBUG:colcon.colcon_parallel_executor.executor.parallel:loop closed
[9.452s] DEBUG:colcon.colcon_parallel_executor.executor.parallel:run_until_complete finished with '0'
[9.452s] DEBUG:colcon.colcon_core.event_reactor:joining thread
[9.519s] INFO:colcon.colcon_core.plugin_system:Skipping extension 'colcon_notification.desktop_notification.terminal_notifier': Not used on non-Darwin systems
[9.519s] INFO:colcon.colcon_core.plugin_system:Skipping extension 'colcon_notification.desktop_notification.win32': Not used on non-Windows systems
[9.520s] INFO:colcon.colcon_notification.desktop_notification:Sending desktop notification using 'notify2'
[9.661s] DEBUG:colcon.colcon_core.event_reactor:joined thread
[9.662s] INFO:colcon.colcon_core.shell:Creating prefix script '/home/bachelor/ros2_ws/src/my_py_pkg/install/local_setup.ps1'
[9.663s] INFO:colcon.colcon_core.shell:Creating prefix util module '/home/bachelor/ros2_ws/src/my_py_pkg/install/_local_setup_util_ps1.py'
[9.667s] INFO:colcon.colcon_core.shell:Creating prefix chain script '/home/bachelor/ros2_ws/src/my_py_pkg/install/setup.ps1'
[9.670s] INFO:colcon.colcon_core.shell:Creating prefix script '/home/bachelor/ros2_ws/src/my_py_pkg/install/local_setup.sh'
[9.696s] INFO:colcon.colcon_core.shell:Creating prefix util module '/home/bachelor/ros2_ws/src/my_py_pkg/install/_local_setup_util_sh.py'
[9.697s] INFO:colcon.colcon_core.shell:Creating prefix chain script '/home/bachelor/ros2_ws/src/my_py_pkg/install/setup.sh'
[9.700s] INFO:colcon.colcon_core.shell:Creating prefix script '/home/bachelor/ros2_ws/src/my_py_pkg/install/local_setup.bash'
[9.701s] INFO:colcon.colcon_core.shell:Creating prefix chain script '/home/bachelor/ros2_ws/src/my_py_pkg/install/setup.bash'
[9.718s] INFO:colcon.colcon_core.shell:Creating prefix script '/home/bachelor/ros2_ws/src/my_py_pkg/install/local_setup.zsh'
[9.720s] INFO:colcon.colcon_core.shell:Creating prefix chain script '/home/bachelor/ros2_ws/src/my_py_pkg/install/setup.zsh'
