[0.071s] Invoking command in '/home/bachelor/ros2_ws/build/v2_service_interface': CMAKE_PREFIX_PATH=${CMAKE_PREFIX_PATH}:/home/bachelor/ros2_ws/install/v1_topic_pkg:/home/bachelor/ros2_ws/install/my_py_pkg:/opt/ros/jazzy DEBUGINFOD_URLS=https://debuginfod.ubuntu.com /usr/bin/cmake --build /home/bachelor/ros2_ws/build/v2_service_interface -- -j1 -l1
[0.477s] [  2%] Built target v2_service_interface__rosidl_generator_type_description
[0.655s] [ 17%] Built target v2_service_interface__rosidl_generator_c
[0.802s] [ 26%] Built target v2_service_interface__rosidl_typesupport_fastrtps_c
[0.934s] [ 35%] Built target v2_service_interface__rosidl_typesupport_introspection_c
[1.131s] [ 44%] Built target v2_service_interface__rosidl_typesupport_c
[1.339s] [ 47%] Built target v2_service_interface__cpp
[1.520s] [ 55%] Built target v2_service_interface__rosidl_typesupport_fastrtps_cpp
[1.668s] [ 64%] Built target v2_service_interface__rosidl_typesupport_introspection_cpp
[1.818s] [ 73%] Built target v2_service_interface__rosidl_typesupport_cpp
[1.965s] [ 73%] Built target v2_service_interface
[2.161s] [ 73%] Built target ament_cmake_python_copy_v2_service_interface
[3.278s] running egg_info
[3.394s] writing v2_service_interface.egg-info/PKG-INFO
[3.400s] writing dependency_links to v2_service_interface.egg-info/dependency_links.txt
[3.403s] writing top-level names to v2_service_interface.egg-info/top_level.txt
[3.749s] reading manifest file 'v2_service_interface.egg-info/SOURCES.txt'
[3.751s] writing manifest file 'v2_service_interface.egg-info/SOURCES.txt'
[3.920s] [ 73%] Built target ament_cmake_python_build_v2_service_interface_egg
[4.073s] [ 76%] Built target v2_service_interface__py
[4.270s] [ 82%] Built target v2_service_interface__rosidl_generator_py
[4.444s] [ 88%] Built target v2_service_interface_s__rosidl_typesupport_fastrtps_c
[4.588s] [ 94%] Built target v2_service_interface_s__rosidl_typesupport_introspection_c
[4.756s] [100%] Built target v2_service_interface_s__rosidl_typesupport_c
[4.820s] Invoked command in '/home/bachelor/ros2_ws/build/v2_service_interface' returned '0': CMAKE_PREFIX_PATH=${CMAKE_PREFIX_PATH}:/home/bachelor/ros2_ws/install/v1_topic_pkg:/home/bachelor/ros2_ws/install/my_py_pkg:/opt/ros/jazzy DEBUGINFOD_URLS=https://debuginfod.ubuntu.com /usr/bin/cmake --build /home/bachelor/ros2_ws/build/v2_service_interface -- -j1 -l1
[4.823s] Invoking command in '/home/bachelor/ros2_ws/build/v2_service_interface': CMAKE_PREFIX_PATH=${CMAKE_PREFIX_PATH}:/home/bachelor/ros2_ws/install/v1_topic_pkg:/home/bachelor/ros2_ws/install/my_py_pkg:/opt/ros/jazzy DEBUGINFOD_URLS=https://debuginfod.ubuntu.com /usr/bin/cmake --install /home/bachelor/ros2_ws/build/v2_service_interface
[4.898s] -- Install configuration: ""
[4.898s] -- Up-to-date: /home/bachelor/ros2_ws/install/v2_service_interface/share/ament_index/resource_index/rosidl_interfaces/v2_service_interface
[4.898s] -- Up-to-date: /home/bachelor/ros2_ws/install/v2_service_interface/share/v2_service_interface/srv/SetScanFrequency.json
[4.898s] -- Up-to-date: /home/bachelor/ros2_ws/install/v2_service_interface/include/v2_service_interface/v2_service_interface
[4.898s] -- Up-to-date: /home/bachelor/ros2_ws/install/v2_service_interface/include/v2_service_interface/v2_service_interface/srv
[4.899s] -- Up-to-date: /home/bachelor/ros2_ws/install/v2_service_interface/include/v2_service_interface/v2_service_interface/srv/detail
[4.899s] -- Up-to-date: /home/bachelor/ros2_ws/install/v2_service_interface/include/v2_service_interface/v2_service_interface/srv/detail/set_scan_frequency__functions.c
[4.899s] -- Installing: /home/bachelor/ros2_ws/install/v2_service_interface/include/v2_service_interface/v2_service_interface/srv/detail/set_scan_frequency__type_support.c
[4.913s] -- Up-to-date: /home/bachelor/ros2_ws/install/v2_service_interface/include/v2_service_interface/v2_service_interface/srv/detail/set_scan_frequency__description.c
[4.913s] -- Up-to-date: /home/bachelor/ros2_ws/install/v2_service_interface/include/v2_service_interface/v2_service_interface/srv/detail/set_scan_frequency__functions.h
[4.913s] -- Up-to-date: /home/bachelor/ros2_ws/install/v2_service_interface/include/v2_service_interface/v2_service_interface/srv/detail/set_scan_frequency__struct.h
[4.913s] -- Up-to-date: /home/bachelor/ros2_ws/install/v2_service_interface/include/v2_service_interface/v2_service_interface/srv/detail/set_scan_frequency__type_support.h
[4.914s] -- Up-to-date: /home/bachelor/ros2_ws/install/v2_service_interface/include/v2_service_interface/v2_service_interface/srv/set_scan_frequency.h
[4.914s] -- Up-to-date: /home/bachelor/ros2_ws/install/v2_service_interface/include/v2_service_interface/v2_service_interface/msg
[4.914s] -- Up-to-date: /home/bachelor/ros2_ws/install/v2_service_interface/include/v2_service_interface/v2_service_interface/msg/rosidl_generator_c__visibility_control.h
[4.914s] -- Up-to-date: /home/bachelor/ros2_ws/install/v2_service_interface/share/v2_service_interface/environment/library_path.sh
[4.914s] -- Up-to-date: /home/bachelor/ros2_ws/install/v2_service_interface/share/v2_service_interface/environment/library_path.dsv
[4.914s] -- Up-to-date: /home/bachelor/ros2_ws/install/v2_service_interface/lib/libv2_service_interface__rosidl_generator_c.so
[4.914s] -- Up-to-date: /home/bachelor/ros2_ws/install/v2_service_interface/include/v2_service_interface/v2_service_interface
[4.915s] -- Up-to-date: /home/bachelor/ros2_ws/install/v2_service_interface/include/v2_service_interface/v2_service_interface/srv
[4.915s] -- Up-to-date: /home/bachelor/ros2_ws/install/v2_service_interface/include/v2_service_interface/v2_service_interface/srv/detail
[4.915s] -- Up-to-date: /home/bachelor/ros2_ws/install/v2_service_interface/include/v2_service_interface/v2_service_interface/srv/detail/set_scan_frequency__rosidl_typesupport_fastrtps_c.h
[4.915s] -- Up-to-date: /home/bachelor/ros2_ws/install/v2_service_interface/include/v2_service_interface/v2_service_interface/msg
[4.915s] -- Up-to-date: /home/bachelor/ros2_ws/install/v2_service_interface/include/v2_service_interface/v2_service_interface/msg/rosidl_typesupport_fastrtps_c__visibility_control.h
[4.915s] -- Up-to-date: /home/bachelor/ros2_ws/install/v2_service_interface/lib/libv2_service_interface__rosidl_typesupport_fastrtps_c.so
[4.916s] -- Up-to-date: /home/bachelor/ros2_ws/install/v2_service_interface/include/v2_service_interface/v2_service_interface
[4.916s] -- Up-to-date: /home/bachelor/ros2_ws/install/v2_service_interface/include/v2_service_interface/v2_service_interface/srv
[4.916s] -- Up-to-date: /home/bachelor/ros2_ws/install/v2_service_interface/include/v2_service_interface/v2_service_interface/srv/detail
[4.916s] -- Installing: /home/bachelor/ros2_ws/install/v2_service_interface/include/v2_service_interface/v2_service_interface/srv/detail/set_scan_frequency__type_support.c
[4.921s] -- Up-to-date: /home/bachelor/ros2_ws/install/v2_service_interface/include/v2_service_interface/v2_service_interface/srv/detail/set_scan_frequency__rosidl_typesupport_introspection_c.h
[4.931s] -- Up-to-date: /home/bachelor/ros2_ws/install/v2_service_interface/include/v2_service_interface/v2_service_interface/msg
[4.931s] -- Up-to-date: /home/bachelor/ros2_ws/install/v2_service_interface/include/v2_service_interface/v2_service_interface/msg/rosidl_typesupport_introspection_c__visibility_control.h
[4.931s] -- Up-to-date: /home/bachelor/ros2_ws/install/v2_service_interface/lib/libv2_service_interface__rosidl_typesupport_introspection_c.so
[4.932s] -- Up-to-date: /home/bachelor/ros2_ws/install/v2_service_interface/lib/libv2_service_interface__rosidl_typesupport_c.so
[4.932s] -- Up-to-date: /home/bachelor/ros2_ws/install/v2_service_interface/include/v2_service_interface/v2_service_interface
[4.932s] -- Up-to-date: /home/bachelor/ros2_ws/install/v2_service_interface/include/v2_service_interface/v2_service_interface/srv
[4.932s] -- Up-to-date: /home/bachelor/ros2_ws/install/v2_service_interface/include/v2_service_interface/v2_service_interface/srv/detail
[4.932s] -- Up-to-date: /home/bachelor/ros2_ws/install/v2_service_interface/include/v2_service_interface/v2_service_interface/srv/detail/set_scan_frequency__type_support.hpp
[4.933s] -- Up-to-date: /home/bachelor/ros2_ws/install/v2_service_interface/include/v2_service_interface/v2_service_interface/srv/detail/set_scan_frequency__struct.hpp
[4.933s] -- Up-to-date: /home/bachelor/ros2_ws/install/v2_service_interface/include/v2_service_interface/v2_service_interface/srv/detail/set_scan_frequency__builder.hpp
[4.933s] -- Up-to-date: /home/bachelor/ros2_ws/install/v2_service_interface/include/v2_service_interface/v2_service_interface/srv/detail/set_scan_frequency__traits.hpp
[4.933s] -- Up-to-date: /home/bachelor/ros2_ws/install/v2_service_interface/include/v2_service_interface/v2_service_interface/srv/set_scan_frequency.hpp
[4.933s] -- Up-to-date: /home/bachelor/ros2_ws/install/v2_service_interface/include/v2_service_interface/v2_service_interface/msg
[4.933s] -- Up-to-date: /home/bachelor/ros2_ws/install/v2_service_interface/include/v2_service_interface/v2_service_interface/msg/rosidl_generator_cpp__visibility_control.hpp
[4.933s] -- Up-to-date: /home/bachelor/ros2_ws/install/v2_service_interface/include/v2_service_interface/v2_service_interface
[4.934s] -- Up-to-date: /home/bachelor/ros2_ws/install/v2_service_interface/include/v2_service_interface/v2_service_interface/srv
[4.934s] -- Up-to-date: /home/bachelor/ros2_ws/install/v2_service_interface/include/v2_service_interface/v2_service_interface/srv/detail
[4.934s] -- Up-to-date: /home/bachelor/ros2_ws/install/v2_service_interface/include/v2_service_interface/v2_service_interface/srv/detail/set_scan_frequency__rosidl_typesupport_fastrtps_cpp.hpp
[4.934s] -- Up-to-date: /home/bachelor/ros2_ws/install/v2_service_interface/include/v2_service_interface/v2_service_interface/srv/detail/dds_fastrtps
[4.934s] -- Up-to-date: /home/bachelor/ros2_ws/install/v2_service_interface/include/v2_service_interface/v2_service_interface/msg
[4.934s] -- Up-to-date: /home/bachelor/ros2_ws/install/v2_service_interface/include/v2_service_interface/v2_service_interface/msg/rosidl_typesupport_fastrtps_cpp__visibility_control.h
[4.935s] -- Up-to-date: /home/bachelor/ros2_ws/install/v2_service_interface/lib/libv2_service_interface__rosidl_typesupport_fastrtps_cpp.so
[4.935s] -- Up-to-date: /home/bachelor/ros2_ws/install/v2_service_interface/include/v2_service_interface/v2_service_interface
[4.935s] -- Up-to-date: /home/bachelor/ros2_ws/install/v2_service_interface/include/v2_service_interface/v2_service_interface/srv
[4.935s] -- Up-to-date: /home/bachelor/ros2_ws/install/v2_service_interface/include/v2_service_interface/v2_service_interface/srv/detail
[4.935s] -- Up-to-date: /home/bachelor/ros2_ws/install/v2_service_interface/include/v2_service_interface/v2_service_interface/srv/detail/set_scan_frequency__type_support.cpp
[4.935s] -- Up-to-date: /home/bachelor/ros2_ws/install/v2_service_interface/include/v2_service_interface/v2_service_interface/srv/detail/set_scan_frequency__rosidl_typesupport_introspection_cpp.hpp
[4.935s] -- Up-to-date: /home/bachelor/ros2_ws/install/v2_service_interface/lib/libv2_service_interface__rosidl_typesupport_introspection_cpp.so
[4.935s] -- Up-to-date: /home/bachelor/ros2_ws/install/v2_service_interface/lib/libv2_service_interface__rosidl_typesupport_cpp.so
[4.936s] -- Up-to-date: /home/bachelor/ros2_ws/install/v2_service_interface/share/v2_service_interface/environment/pythonpath.sh
[4.936s] -- Up-to-date: /home/bachelor/ros2_ws/install/v2_service_interface/share/v2_service_interface/environment/pythonpath.dsv
[4.936s] -- Up-to-date: /home/bachelor/ros2_ws/install/v2_service_interface/lib/python3.12/site-packages/v2_service_interface-0.0.0-py3.12.egg-info
[4.936s] -- Installing: /home/bachelor/ros2_ws/install/v2_service_interface/lib/python3.12/site-packages/v2_service_interface-0.0.0-py3.12.egg-info/PKG-INFO
[4.936s] -- Installing: /home/bachelor/ros2_ws/install/v2_service_interface/lib/python3.12/site-packages/v2_service_interface-0.0.0-py3.12.egg-info/SOURCES.txt
[4.936s] -- Installing: /home/bachelor/ros2_ws/install/v2_service_interface/lib/python3.12/site-packages/v2_service_interface-0.0.0-py3.12.egg-info/top_level.txt
[4.936s] -- Installing: /home/bachelor/ros2_ws/install/v2_service_interface/lib/python3.12/site-packages/v2_service_interface-0.0.0-py3.12.egg-info/dependency_links.txt
[4.973s] -- Up-to-date: /home/bachelor/ros2_ws/install/v2_service_interface/lib/python3.12/site-packages/v2_service_interface
[4.973s] -- Up-to-date: /home/bachelor/ros2_ws/install/v2_service_interface/lib/python3.12/site-packages/v2_service_interface/srv
[4.974s] -- Up-to-date: /home/bachelor/ros2_ws/install/v2_service_interface/lib/python3.12/site-packages/v2_service_interface/srv/_set_scan_frequency_s.c
[4.974s] -- Up-to-date: /home/bachelor/ros2_ws/install/v2_service_interface/lib/python3.12/site-packages/v2_service_interface/srv/__init__.py
[4.974s] -- Up-to-date: /home/bachelor/ros2_ws/install/v2_service_interface/lib/python3.12/site-packages/v2_service_interface/srv/_set_scan_frequency.py
[4.974s] -- Up-to-date: /home/bachelor/ros2_ws/install/v2_service_interface/lib/python3.12/site-packages/v2_service_interface/v2_service_interface_s__rosidl_typesupport_introspection_c.so
[4.974s] -- Up-to-date: /home/bachelor/ros2_ws/install/v2_service_interface/lib/python3.12/site-packages/v2_service_interface/_v2_service_interface_s.ep.rosidl_typesupport_c.c
[4.974s] -- Up-to-date: /home/bachelor/ros2_ws/install/v2_service_interface/lib/python3.12/site-packages/v2_service_interface/v2_service_interface_s__rosidl_typesupport_c.so
[4.975s] -- Up-to-date: /home/bachelor/ros2_ws/install/v2_service_interface/lib/python3.12/site-packages/v2_service_interface/__init__.py
[4.975s] -- Up-to-date: /home/bachelor/ros2_ws/install/v2_service_interface/lib/python3.12/site-packages/v2_service_interface/v2_service_interface_s__rosidl_typesupport_fastrtps_c.so
[4.989s] -- Up-to-date: /home/bachelor/ros2_ws/install/v2_service_interface/lib/python3.12/site-packages/v2_service_interface/_v2_service_interface_s.ep.rosidl_typesupport_introspection_c.c
[4.990s] -- Up-to-date: /home/bachelor/ros2_ws/install/v2_service_interface/lib/python3.12/site-packages/v2_service_interface/_v2_service_interface_s.ep.rosidl_typesupport_fastrtps_c.c
[5.120s] Listing '/home/bachelor/ros2_ws/install/v2_service_interface/lib/python3.12/site-packages/v2_service_interface'...
[5.121s] Listing '/home/bachelor/ros2_ws/install/v2_service_interface/lib/python3.12/site-packages/v2_service_interface/srv'...
[5.161s] -- Up-to-date: /home/bachelor/ros2_ws/install/v2_service_interface/lib/python3.12/site-packages/v2_service_interface/v2_service_interface_s__rosidl_typesupport_fastrtps_c.so
[5.163s] -- Up-to-date: /home/bachelor/ros2_ws/install/v2_service_interface/lib/python3.12/site-packages/v2_service_interface/v2_service_interface_s__rosidl_typesupport_introspection_c.so
[5.165s] -- Up-to-date: /home/bachelor/ros2_ws/install/v2_service_interface/lib/python3.12/site-packages/v2_service_interface/v2_service_interface_s__rosidl_typesupport_c.so
[5.169s] -- Up-to-date: /home/bachelor/ros2_ws/install/v2_service_interface/lib/libv2_service_interface__rosidl_generator_py.so
[5.170s] -- Up-to-date: /home/bachelor/ros2_ws/install/v2_service_interface/share/v2_service_interface/srv/SetScanFrequency.idl
[5.171s] -- Up-to-date: /home/bachelor/ros2_ws/install/v2_service_interface/share/v2_service_interface/srv/SetScanFrequency.srv
[5.171s] -- Up-to-date: /home/bachelor/ros2_ws/install/v2_service_interface/share/ament_index/resource_index/package_run_dependencies/v2_service_interface
[5.172s] -- Up-to-date: /home/bachelor/ros2_ws/install/v2_service_interface/share/ament_index/resource_index/parent_prefix_path/v2_service_interface
[5.172s] -- Up-to-date: /home/bachelor/ros2_ws/install/v2_service_interface/share/v2_service_interface/environment/ament_prefix_path.sh
[5.173s] -- Up-to-date: /home/bachelor/ros2_ws/install/v2_service_interface/share/v2_service_interface/environment/ament_prefix_path.dsv
[5.173s] -- Up-to-date: /home/bachelor/ros2_ws/install/v2_service_interface/share/v2_service_interface/environment/path.sh
[5.174s] -- Up-to-date: /home/bachelor/ros2_ws/install/v2_service_interface/share/v2_service_interface/environment/path.dsv
[5.174s] -- Up-to-date: /home/bachelor/ros2_ws/install/v2_service_interface/share/v2_service_interface/local_setup.bash
[5.175s] -- Up-to-date: /home/bachelor/ros2_ws/install/v2_service_interface/share/v2_service_interface/local_setup.sh
[5.175s] -- Up-to-date: /home/bachelor/ros2_ws/install/v2_service_interface/share/v2_service_interface/local_setup.zsh
[5.180s] -- Up-to-date: /home/bachelor/ros2_ws/install/v2_service_interface/share/v2_service_interface/local_setup.dsv
[5.180s] -- Installing: /home/bachelor/ros2_ws/install/v2_service_interface/share/v2_service_interface/package.dsv
[5.181s] -- Up-to-date: /home/bachelor/ros2_ws/install/v2_service_interface/share/ament_index/resource_index/packages/v2_service_interface
[5.181s] -- Up-to-date: /home/bachelor/ros2_ws/install/v2_service_interface/share/v2_service_interface/cmake/export_v2_service_interface__rosidl_generator_cExport.cmake
[5.182s] -- Up-to-date: /home/bachelor/ros2_ws/install/v2_service_interface/share/v2_service_interface/cmake/export_v2_service_interface__rosidl_generator_cExport-noconfig.cmake
[5.183s] -- Up-to-date: /home/bachelor/ros2_ws/install/v2_service_interface/share/v2_service_interface/cmake/export_v2_service_interface__rosidl_typesupport_fastrtps_cExport.cmake
[5.184s] -- Up-to-date: /home/bachelor/ros2_ws/install/v2_service_interface/share/v2_service_interface/cmake/export_v2_service_interface__rosidl_typesupport_fastrtps_cExport-noconfig.cmake
[5.184s] -- Up-to-date: /home/bachelor/ros2_ws/install/v2_service_interface/share/v2_service_interface/cmake/v2_service_interface__rosidl_typesupport_introspection_cExport.cmake
[5.185s] -- Up-to-date: /home/bachelor/ros2_ws/install/v2_service_interface/share/v2_service_interface/cmake/v2_service_interface__rosidl_typesupport_introspection_cExport-noconfig.cmake
[5.189s] -- Up-to-date: /home/bachelor/ros2_ws/install/v2_service_interface/share/v2_service_interface/cmake/v2_service_interface__rosidl_typesupport_cExport.cmake
[5.194s] -- Up-to-date: /home/bachelor/ros2_ws/install/v2_service_interface/share/v2_service_interface/cmake/v2_service_interface__rosidl_typesupport_cExport-noconfig.cmake
[5.195s] -- Up-to-date: /home/bachelor/ros2_ws/install/v2_service_interface/share/v2_service_interface/cmake/export_v2_service_interface__rosidl_generator_cppExport.cmake
[5.195s] -- Up-to-date: /home/bachelor/ros2_ws/install/v2_service_interface/share/v2_service_interface/cmake/export_v2_service_interface__rosidl_typesupport_fastrtps_cppExport.cmake
[5.195s] -- Up-to-date: /home/bachelor/ros2_ws/install/v2_service_interface/share/v2_service_interface/cmake/export_v2_service_interface__rosidl_typesupport_fastrtps_cppExport-noconfig.cmake
[5.195s] -- Up-to-date: /home/bachelor/ros2_ws/install/v2_service_interface/share/v2_service_interface/cmake/v2_service_interface__rosidl_typesupport_introspection_cppExport.cmake
[5.195s] -- Up-to-date: /home/bachelor/ros2_ws/install/v2_service_interface/share/v2_service_interface/cmake/v2_service_interface__rosidl_typesupport_introspection_cppExport-noconfig.cmake
[5.195s] -- Up-to-date: /home/bachelor/ros2_ws/install/v2_service_interface/share/v2_service_interface/cmake/v2_service_interface__rosidl_typesupport_cppExport.cmake
[5.196s] -- Up-to-date: /home/bachelor/ros2_ws/install/v2_service_interface/share/v2_service_interface/cmake/v2_service_interface__rosidl_typesupport_cppExport-noconfig.cmake
[5.196s] -- Up-to-date: /home/bachelor/ros2_ws/install/v2_service_interface/share/v2_service_interface/cmake/export_v2_service_interface__rosidl_generator_pyExport.cmake
[5.204s] -- Up-to-date: /home/bachelor/ros2_ws/install/v2_service_interface/share/v2_service_interface/cmake/export_v2_service_interface__rosidl_generator_pyExport-noconfig.cmake
[5.204s] -- Up-to-date: /home/bachelor/ros2_ws/install/v2_service_interface/share/v2_service_interface/cmake/rosidl_cmake-extras.cmake
[5.204s] -- Up-to-date: /home/bachelor/ros2_ws/install/v2_service_interface/share/v2_service_interface/cmake/ament_cmake_export_dependencies-extras.cmake
[5.205s] -- Up-to-date: /home/bachelor/ros2_ws/install/v2_service_interface/share/v2_service_interface/cmake/ament_cmake_export_include_directories-extras.cmake
[5.205s] -- Up-to-date: /home/bachelor/ros2_ws/install/v2_service_interface/share/v2_service_interface/cmake/ament_cmake_export_libraries-extras.cmake
[5.205s] -- Up-to-date: /home/bachelor/ros2_ws/install/v2_service_interface/share/v2_service_interface/cmake/ament_cmake_export_targets-extras.cmake
[5.205s] -- Up-to-date: /home/bachelor/ros2_ws/install/v2_service_interface/share/v2_service_interface/cmake/rosidl_cmake_export_typesupport_targets-extras.cmake
[5.205s] -- Up-to-date: /home/bachelor/ros2_ws/install/v2_service_interface/share/v2_service_interface/cmake/rosidl_cmake_export_typesupport_libraries-extras.cmake
[5.205s] -- Up-to-date: /home/bachelor/ros2_ws/install/v2_service_interface/share/v2_service_interface/cmake/v2_service_interfaceConfig.cmake
[5.205s] -- Up-to-date: /home/bachelor/ros2_ws/install/v2_service_interface/share/v2_service_interface/cmake/v2_service_interfaceConfig-version.cmake
[5.206s] -- Up-to-date: /home/bachelor/ros2_ws/install/v2_service_interface/share/v2_service_interface/package.xml
[5.220s] Invoked command in '/home/bachelor/ros2_ws/build/v2_service_interface' returned '0': CMAKE_PREFIX_PATH=${CMAKE_PREFIX_PATH}:/home/bachelor/ros2_ws/install/v1_topic_pkg:/home/bachelor/ros2_ws/install/my_py_pkg:/opt/ros/jazzy DEBUGINFOD_URLS=https://debuginfod.ubuntu.com /usr/bin/cmake --install /home/bachelor/ros2_ws/build/v2_service_interface
