[  2%] Built target my_tutorial_interfaces__rosidl_generator_type_description
[  5%] Built target my_tutorial_interfaces__cpp
[ 20%] Built target my_tutorial_interfaces__rosidl_generator_c
[ 29%] Built target my_tutorial_interfaces__rosidl_typesupport_cpp
[ 38%] Built target my_tutorial_interfaces__rosidl_typesupport_fastrtps_c
[ 47%] Built target my_tutorial_interfaces__rosidl_typesupport_introspection_c
[ 55%] Built target my_tutorial_interfaces__rosidl_typesupport_c
[ 64%] Built target my_tutorial_interfaces__rosidl_typesupport_fastrtps_cpp
[ 73%] Built target my_tutorial_interfaces__rosidl_typesupport_introspection_cpp
[ 73%] Built target my_tutorial_interfaces
[ 73%] Built target ament_cmake_python_copy_my_tutorial_interfaces
running egg_info
writing my_tutorial_interfaces.egg-info/PKG-INFO
writing dependency_links to my_tutorial_interfaces.egg-info/dependency_links.txt
writing top-level names to my_tutorial_interfaces.egg-info/top_level.txt
reading manifest file 'my_tutorial_interfaces.egg-info/SOURCES.txt'
writing manifest file 'my_tutorial_interfaces.egg-info/SOURCES.txt'
[ 73%] Built target ament_cmake_python_build_my_tutorial_interfaces_egg
[ 76%] Built target my_tutorial_interfaces__py
[ 82%] Built target my_tutorial_interfaces__rosidl_generator_py
[ 88%] Built target my_tutorial_interfaces_s__rosidl_typesupport_fastrtps_c
[ 94%] Built target my_tutorial_interfaces_s__rosidl_typesupport_introspection_c
[100%] Built target my_tutorial_interfaces_s__rosidl_typesupport_c
-- Install configuration: ""
-- Up-to-date: /home/bachelor/ros2_ws/install/my_tutorial_interfaces/share/ament_index/resource_index/rosidl_interfaces/my_tutorial_interfaces
-- Up-to-date: /home/bachelor/ros2_ws/install/my_tutorial_interfaces/share/my_tutorial_interfaces/srv/ResetCounter.json
-- Up-to-date: /home/bachelor/ros2_ws/install/my_tutorial_interfaces/include/my_tutorial_interfaces/my_tutorial_interfaces
-- Up-to-date: /home/bachelor/ros2_ws/install/my_tutorial_interfaces/include/my_tutorial_interfaces/my_tutorial_interfaces/srv
-- Up-to-date: /home/bachelor/ros2_ws/install/my_tutorial_interfaces/include/my_tutorial_interfaces/my_tutorial_interfaces/srv/detail
-- Up-to-date: /home/bachelor/ros2_ws/install/my_tutorial_interfaces/include/my_tutorial_interfaces/my_tutorial_interfaces/srv/detail/reset_counter__struct.h
-- Up-to-date: /home/bachelor/ros2_ws/install/my_tutorial_interfaces/include/my_tutorial_interfaces/my_tutorial_interfaces/srv/detail/reset_counter__type_support.h
-- Up-to-date: /home/bachelor/ros2_ws/install/my_tutorial_interfaces/include/my_tutorial_interfaces/my_tutorial_interfaces/srv/detail/reset_counter__functions.c
-- Up-to-date: /home/bachelor/ros2_ws/install/my_tutorial_interfaces/include/my_tutorial_interfaces/my_tutorial_interfaces/srv/detail/reset_counter__functions.h
-- Installing: /home/bachelor/ros2_ws/install/my_tutorial_interfaces/include/my_tutorial_interfaces/my_tutorial_interfaces/srv/detail/reset_counter__type_support.c
-- Up-to-date: /home/bachelor/ros2_ws/install/my_tutorial_interfaces/include/my_tutorial_interfaces/my_tutorial_interfaces/srv/detail/reset_counter__description.c
-- Up-to-date: /home/bachelor/ros2_ws/install/my_tutorial_interfaces/include/my_tutorial_interfaces/my_tutorial_interfaces/srv/reset_counter.h
-- Up-to-date: /home/bachelor/ros2_ws/install/my_tutorial_interfaces/include/my_tutorial_interfaces/my_tutorial_interfaces/msg
-- Up-to-date: /home/bachelor/ros2_ws/install/my_tutorial_interfaces/include/my_tutorial_interfaces/my_tutorial_interfaces/msg/rosidl_generator_c__visibility_control.h
-- Up-to-date: /home/bachelor/ros2_ws/install/my_tutorial_interfaces/share/my_tutorial_interfaces/environment/library_path.sh
-- Up-to-date: /home/bachelor/ros2_ws/install/my_tutorial_interfaces/share/my_tutorial_interfaces/environment/library_path.dsv
-- Up-to-date: /home/bachelor/ros2_ws/install/my_tutorial_interfaces/lib/libmy_tutorial_interfaces__rosidl_generator_c.so
-- Up-to-date: /home/bachelor/ros2_ws/install/my_tutorial_interfaces/include/my_tutorial_interfaces/my_tutorial_interfaces
-- Up-to-date: /home/bachelor/ros2_ws/install/my_tutorial_interfaces/include/my_tutorial_interfaces/my_tutorial_interfaces/srv
-- Up-to-date: /home/bachelor/ros2_ws/install/my_tutorial_interfaces/include/my_tutorial_interfaces/my_tutorial_interfaces/srv/detail
-- Up-to-date: /home/bachelor/ros2_ws/install/my_tutorial_interfaces/include/my_tutorial_interfaces/my_tutorial_interfaces/srv/detail/reset_counter__rosidl_typesupport_fastrtps_c.h
-- Up-to-date: /home/bachelor/ros2_ws/install/my_tutorial_interfaces/include/my_tutorial_interfaces/my_tutorial_interfaces/msg
-- Up-to-date: /home/bachelor/ros2_ws/install/my_tutorial_interfaces/include/my_tutorial_interfaces/my_tutorial_interfaces/msg/rosidl_typesupport_fastrtps_c__visibility_control.h
-- Up-to-date: /home/bachelor/ros2_ws/install/my_tutorial_interfaces/lib/libmy_tutorial_interfaces__rosidl_typesupport_fastrtps_c.so
-- Up-to-date: /home/bachelor/ros2_ws/install/my_tutorial_interfaces/include/my_tutorial_interfaces/my_tutorial_interfaces
-- Up-to-date: /home/bachelor/ros2_ws/install/my_tutorial_interfaces/include/my_tutorial_interfaces/my_tutorial_interfaces/srv
-- Up-to-date: /home/bachelor/ros2_ws/install/my_tutorial_interfaces/include/my_tutorial_interfaces/my_tutorial_interfaces/srv/detail
-- Up-to-date: /home/bachelor/ros2_ws/install/my_tutorial_interfaces/include/my_tutorial_interfaces/my_tutorial_interfaces/srv/detail/reset_counter__rosidl_typesupport_introspection_c.h
-- Installing: /home/bachelor/ros2_ws/install/my_tutorial_interfaces/include/my_tutorial_interfaces/my_tutorial_interfaces/srv/detail/reset_counter__type_support.c
-- Up-to-date: /home/bachelor/ros2_ws/install/my_tutorial_interfaces/include/my_tutorial_interfaces/my_tutorial_interfaces/msg
-- Up-to-date: /home/bachelor/ros2_ws/install/my_tutorial_interfaces/include/my_tutorial_interfaces/my_tutorial_interfaces/msg/rosidl_typesupport_introspection_c__visibility_control.h
-- Up-to-date: /home/bachelor/ros2_ws/install/my_tutorial_interfaces/lib/libmy_tutorial_interfaces__rosidl_typesupport_introspection_c.so
-- Up-to-date: /home/bachelor/ros2_ws/install/my_tutorial_interfaces/lib/libmy_tutorial_interfaces__rosidl_typesupport_c.so
-- Up-to-date: /home/bachelor/ros2_ws/install/my_tutorial_interfaces/include/my_tutorial_interfaces/my_tutorial_interfaces
-- Up-to-date: /home/bachelor/ros2_ws/install/my_tutorial_interfaces/include/my_tutorial_interfaces/my_tutorial_interfaces/srv
-- Up-to-date: /home/bachelor/ros2_ws/install/my_tutorial_interfaces/include/my_tutorial_interfaces/my_tutorial_interfaces/srv/detail
-- Up-to-date: /home/bachelor/ros2_ws/install/my_tutorial_interfaces/include/my_tutorial_interfaces/my_tutorial_interfaces/srv/detail/reset_counter__builder.hpp
-- Up-to-date: /home/bachelor/ros2_ws/install/my_tutorial_interfaces/include/my_tutorial_interfaces/my_tutorial_interfaces/srv/detail/reset_counter__traits.hpp
-- Up-to-date: /home/bachelor/ros2_ws/install/my_tutorial_interfaces/include/my_tutorial_interfaces/my_tutorial_interfaces/srv/detail/reset_counter__type_support.hpp
-- Up-to-date: /home/bachelor/ros2_ws/install/my_tutorial_interfaces/include/my_tutorial_interfaces/my_tutorial_interfaces/srv/detail/reset_counter__struct.hpp
-- Up-to-date: /home/bachelor/ros2_ws/install/my_tutorial_interfaces/include/my_tutorial_interfaces/my_tutorial_interfaces/srv/reset_counter.hpp
-- Up-to-date: /home/bachelor/ros2_ws/install/my_tutorial_interfaces/include/my_tutorial_interfaces/my_tutorial_interfaces/msg
-- Up-to-date: /home/bachelor/ros2_ws/install/my_tutorial_interfaces/include/my_tutorial_interfaces/my_tutorial_interfaces/msg/rosidl_generator_cpp__visibility_control.hpp
-- Up-to-date: /home/bachelor/ros2_ws/install/my_tutorial_interfaces/include/my_tutorial_interfaces/my_tutorial_interfaces
-- Up-to-date: /home/bachelor/ros2_ws/install/my_tutorial_interfaces/include/my_tutorial_interfaces/my_tutorial_interfaces/srv
-- Up-to-date: /home/bachelor/ros2_ws/install/my_tutorial_interfaces/include/my_tutorial_interfaces/my_tutorial_interfaces/srv/detail
-- Up-to-date: /home/bachelor/ros2_ws/install/my_tutorial_interfaces/include/my_tutorial_interfaces/my_tutorial_interfaces/srv/detail/reset_counter__rosidl_typesupport_fastrtps_cpp.hpp
-- Up-to-date: /home/bachelor/ros2_ws/install/my_tutorial_interfaces/include/my_tutorial_interfaces/my_tutorial_interfaces/srv/detail/dds_fastrtps
-- Up-to-date: /home/bachelor/ros2_ws/install/my_tutorial_interfaces/include/my_tutorial_interfaces/my_tutorial_interfaces/msg
-- Up-to-date: /home/bachelor/ros2_ws/install/my_tutorial_interfaces/include/my_tutorial_interfaces/my_tutorial_interfaces/msg/rosidl_typesupport_fastrtps_cpp__visibility_control.h
-- Up-to-date: /home/bachelor/ros2_ws/install/my_tutorial_interfaces/lib/libmy_tutorial_interfaces__rosidl_typesupport_fastrtps_cpp.so
-- Up-to-date: /home/bachelor/ros2_ws/install/my_tutorial_interfaces/include/my_tutorial_interfaces/my_tutorial_interfaces
-- Up-to-date: /home/bachelor/ros2_ws/install/my_tutorial_interfaces/include/my_tutorial_interfaces/my_tutorial_interfaces/srv
-- Up-to-date: /home/bachelor/ros2_ws/install/my_tutorial_interfaces/include/my_tutorial_interfaces/my_tutorial_interfaces/srv/detail
-- Up-to-date: /home/bachelor/ros2_ws/install/my_tutorial_interfaces/include/my_tutorial_interfaces/my_tutorial_interfaces/srv/detail/reset_counter__rosidl_typesupport_introspection_cpp.hpp
-- Up-to-date: /home/bachelor/ros2_ws/install/my_tutorial_interfaces/include/my_tutorial_interfaces/my_tutorial_interfaces/srv/detail/reset_counter__type_support.cpp
-- Up-to-date: /home/bachelor/ros2_ws/install/my_tutorial_interfaces/lib/libmy_tutorial_interfaces__rosidl_typesupport_introspection_cpp.so
-- Up-to-date: /home/bachelor/ros2_ws/install/my_tutorial_interfaces/lib/libmy_tutorial_interfaces__rosidl_typesupport_cpp.so
-- Up-to-date: /home/bachelor/ros2_ws/install/my_tutorial_interfaces/share/my_tutorial_interfaces/environment/pythonpath.sh
-- Up-to-date: /home/bachelor/ros2_ws/install/my_tutorial_interfaces/share/my_tutorial_interfaces/environment/pythonpath.dsv
-- Up-to-date: /home/bachelor/ros2_ws/install/my_tutorial_interfaces/lib/python3.12/site-packages/my_tutorial_interfaces-0.0.0-py3.12.egg-info
-- Installing: /home/bachelor/ros2_ws/install/my_tutorial_interfaces/lib/python3.12/site-packages/my_tutorial_interfaces-0.0.0-py3.12.egg-info/PKG-INFO
-- Installing: /home/bachelor/ros2_ws/install/my_tutorial_interfaces/lib/python3.12/site-packages/my_tutorial_interfaces-0.0.0-py3.12.egg-info/SOURCES.txt
-- Installing: /home/bachelor/ros2_ws/install/my_tutorial_interfaces/lib/python3.12/site-packages/my_tutorial_interfaces-0.0.0-py3.12.egg-info/top_level.txt
-- Installing: /home/bachelor/ros2_ws/install/my_tutorial_interfaces/lib/python3.12/site-packages/my_tutorial_interfaces-0.0.0-py3.12.egg-info/dependency_links.txt
-- Up-to-date: /home/bachelor/ros2_ws/install/my_tutorial_interfaces/lib/python3.12/site-packages/my_tutorial_interfaces
-- Up-to-date: /home/bachelor/ros2_ws/install/my_tutorial_interfaces/lib/python3.12/site-packages/my_tutorial_interfaces/my_tutorial_interfaces_s__rosidl_typesupport_c.so
-- Up-to-date: /home/bachelor/ros2_ws/install/my_tutorial_interfaces/lib/python3.12/site-packages/my_tutorial_interfaces/_my_tutorial_interfaces_s.ep.rosidl_typesupport_c.c
-- Up-to-date: /home/bachelor/ros2_ws/install/my_tutorial_interfaces/lib/python3.12/site-packages/my_tutorial_interfaces/srv
-- Up-to-date: /home/bachelor/ros2_ws/install/my_tutorial_interfaces/lib/python3.12/site-packages/my_tutorial_interfaces/srv/_reset_counter_s.c
-- Up-to-date: /home/bachelor/ros2_ws/install/my_tutorial_interfaces/lib/python3.12/site-packages/my_tutorial_interfaces/srv/__init__.py
-- Up-to-date: /home/bachelor/ros2_ws/install/my_tutorial_interfaces/lib/python3.12/site-packages/my_tutorial_interfaces/srv/_reset_counter.py
-- Up-to-date: /home/bachelor/ros2_ws/install/my_tutorial_interfaces/lib/python3.12/site-packages/my_tutorial_interfaces/_my_tutorial_interfaces_s.ep.rosidl_typesupport_introspection_c.c
-- Up-to-date: /home/bachelor/ros2_ws/install/my_tutorial_interfaces/lib/python3.12/site-packages/my_tutorial_interfaces/_my_tutorial_interfaces_s.ep.rosidl_typesupport_fastrtps_c.c
-- Up-to-date: /home/bachelor/ros2_ws/install/my_tutorial_interfaces/lib/python3.12/site-packages/my_tutorial_interfaces/my_tutorial_interfaces_s__rosidl_typesupport_introspection_c.so
-- Up-to-date: /home/bachelor/ros2_ws/install/my_tutorial_interfaces/lib/python3.12/site-packages/my_tutorial_interfaces/__init__.py
-- Up-to-date: /home/bachelor/ros2_ws/install/my_tutorial_interfaces/lib/python3.12/site-packages/my_tutorial_interfaces/my_tutorial_interfaces_s__rosidl_typesupport_fastrtps_c.so
Listing '/home/bachelor/ros2_ws/install/my_tutorial_interfaces/lib/python3.12/site-packages/my_tutorial_interfaces'...
Listing '/home/bachelor/ros2_ws/install/my_tutorial_interfaces/lib/python3.12/site-packages/my_tutorial_interfaces/srv'...
-- Up-to-date: /home/bachelor/ros2_ws/install/my_tutorial_interfaces/lib/python3.12/site-packages/my_tutorial_interfaces/my_tutorial_interfaces_s__rosidl_typesupport_fastrtps_c.so
-- Up-to-date: /home/bachelor/ros2_ws/install/my_tutorial_interfaces/lib/python3.12/site-packages/my_tutorial_interfaces/my_tutorial_interfaces_s__rosidl_typesupport_introspection_c.so
-- Up-to-date: /home/bachelor/ros2_ws/install/my_tutorial_interfaces/lib/python3.12/site-packages/my_tutorial_interfaces/my_tutorial_interfaces_s__rosidl_typesupport_c.so
-- Up-to-date: /home/bachelor/ros2_ws/install/my_tutorial_interfaces/lib/libmy_tutorial_interfaces__rosidl_generator_py.so
-- Up-to-date: /home/bachelor/ros2_ws/install/my_tutorial_interfaces/share/my_tutorial_interfaces/srv/ResetCounter.idl
-- Up-to-date: /home/bachelor/ros2_ws/install/my_tutorial_interfaces/share/my_tutorial_interfaces/srv/ResetCounter.srv
-- Up-to-date: /home/bachelor/ros2_ws/install/my_tutorial_interfaces/share/ament_index/resource_index/package_run_dependencies/my_tutorial_interfaces
-- Up-to-date: /home/bachelor/ros2_ws/install/my_tutorial_interfaces/share/ament_index/resource_index/parent_prefix_path/my_tutorial_interfaces
-- Up-to-date: /home/bachelor/ros2_ws/install/my_tutorial_interfaces/share/my_tutorial_interfaces/environment/ament_prefix_path.sh
-- Up-to-date: /home/bachelor/ros2_ws/install/my_tutorial_interfaces/share/my_tutorial_interfaces/environment/ament_prefix_path.dsv
-- Up-to-date: /home/bachelor/ros2_ws/install/my_tutorial_interfaces/share/my_tutorial_interfaces/environment/path.sh
-- Up-to-date: /home/bachelor/ros2_ws/install/my_tutorial_interfaces/share/my_tutorial_interfaces/environment/path.dsv
-- Up-to-date: /home/bachelor/ros2_ws/install/my_tutorial_interfaces/share/my_tutorial_interfaces/local_setup.bash
-- Up-to-date: /home/bachelor/ros2_ws/install/my_tutorial_interfaces/share/my_tutorial_interfaces/local_setup.sh
-- Up-to-date: /home/bachelor/ros2_ws/install/my_tutorial_interfaces/share/my_tutorial_interfaces/local_setup.zsh
-- Up-to-date: /home/bachelor/ros2_ws/install/my_tutorial_interfaces/share/my_tutorial_interfaces/local_setup.dsv
-- Installing: /home/bachelor/ros2_ws/install/my_tutorial_interfaces/share/my_tutorial_interfaces/package.dsv
-- Up-to-date: /home/bachelor/ros2_ws/install/my_tutorial_interfaces/share/ament_index/resource_index/packages/my_tutorial_interfaces
-- Up-to-date: /home/bachelor/ros2_ws/install/my_tutorial_interfaces/share/my_tutorial_interfaces/cmake/export_my_tutorial_interfaces__rosidl_generator_cExport.cmake
-- Up-to-date: /home/bachelor/ros2_ws/install/my_tutorial_interfaces/share/my_tutorial_interfaces/cmake/export_my_tutorial_interfaces__rosidl_generator_cExport-noconfig.cmake
-- Up-to-date: /home/bachelor/ros2_ws/install/my_tutorial_interfaces/share/my_tutorial_interfaces/cmake/export_my_tutorial_interfaces__rosidl_typesupport_fastrtps_cExport.cmake
-- Up-to-date: /home/bachelor/ros2_ws/install/my_tutorial_interfaces/share/my_tutorial_interfaces/cmake/export_my_tutorial_interfaces__rosidl_typesupport_fastrtps_cExport-noconfig.cmake
-- Up-to-date: /home/bachelor/ros2_ws/install/my_tutorial_interfaces/share/my_tutorial_interfaces/cmake/my_tutorial_interfaces__rosidl_typesupport_introspection_cExport.cmake
-- Up-to-date: /home/bachelor/ros2_ws/install/my_tutorial_interfaces/share/my_tutorial_interfaces/cmake/my_tutorial_interfaces__rosidl_typesupport_introspection_cExport-noconfig.cmake
-- Up-to-date: /home/bachelor/ros2_ws/install/my_tutorial_interfaces/share/my_tutorial_interfaces/cmake/my_tutorial_interfaces__rosidl_typesupport_cExport.cmake
-- Up-to-date: /home/bachelor/ros2_ws/install/my_tutorial_interfaces/share/my_tutorial_interfaces/cmake/my_tutorial_interfaces__rosidl_typesupport_cExport-noconfig.cmake
-- Up-to-date: /home/bachelor/ros2_ws/install/my_tutorial_interfaces/share/my_tutorial_interfaces/cmake/export_my_tutorial_interfaces__rosidl_generator_cppExport.cmake
-- Up-to-date: /home/bachelor/ros2_ws/install/my_tutorial_interfaces/share/my_tutorial_interfaces/cmake/export_my_tutorial_interfaces__rosidl_typesupport_fastrtps_cppExport.cmake
-- Up-to-date: /home/bachelor/ros2_ws/install/my_tutorial_interfaces/share/my_tutorial_interfaces/cmake/export_my_tutorial_interfaces__rosidl_typesupport_fastrtps_cppExport-noconfig.cmake
-- Up-to-date: /home/bachelor/ros2_ws/install/my_tutorial_interfaces/share/my_tutorial_interfaces/cmake/my_tutorial_interfaces__rosidl_typesupport_introspection_cppExport.cmake
-- Up-to-date: /home/bachelor/ros2_ws/install/my_tutorial_interfaces/share/my_tutorial_interfaces/cmake/my_tutorial_interfaces__rosidl_typesupport_introspection_cppExport-noconfig.cmake
-- Up-to-date: /home/bachelor/ros2_ws/install/my_tutorial_interfaces/share/my_tutorial_interfaces/cmake/my_tutorial_interfaces__rosidl_typesupport_cppExport.cmake
-- Up-to-date: /home/bachelor/ros2_ws/install/my_tutorial_interfaces/share/my_tutorial_interfaces/cmake/my_tutorial_interfaces__rosidl_typesupport_cppExport-noconfig.cmake
-- Up-to-date: /home/bachelor/ros2_ws/install/my_tutorial_interfaces/share/my_tutorial_interfaces/cmake/export_my_tutorial_interfaces__rosidl_generator_pyExport.cmake
-- Up-to-date: /home/bachelor/ros2_ws/install/my_tutorial_interfaces/share/my_tutorial_interfaces/cmake/export_my_tutorial_interfaces__rosidl_generator_pyExport-noconfig.cmake
-- Up-to-date: /home/bachelor/ros2_ws/install/my_tutorial_interfaces/share/my_tutorial_interfaces/cmake/rosidl_cmake-extras.cmake
-- Up-to-date: /home/bachelor/ros2_ws/install/my_tutorial_interfaces/share/my_tutorial_interfaces/cmake/ament_cmake_export_dependencies-extras.cmake
-- Up-to-date: /home/bachelor/ros2_ws/install/my_tutorial_interfaces/share/my_tutorial_interfaces/cmake/ament_cmake_export_include_directories-extras.cmake
-- Up-to-date: /home/bachelor/ros2_ws/install/my_tutorial_interfaces/share/my_tutorial_interfaces/cmake/ament_cmake_export_libraries-extras.cmake
-- Up-to-date: /home/bachelor/ros2_ws/install/my_tutorial_interfaces/share/my_tutorial_interfaces/cmake/ament_cmake_export_targets-extras.cmake
-- Up-to-date: /home/bachelor/ros2_ws/install/my_tutorial_interfaces/share/my_tutorial_interfaces/cmake/rosidl_cmake_export_typesupport_targets-extras.cmake
-- Up-to-date: /home/bachelor/ros2_ws/install/my_tutorial_interfaces/share/my_tutorial_interfaces/cmake/rosidl_cmake_export_typesupport_libraries-extras.cmake
-- Up-to-date: /home/bachelor/ros2_ws/install/my_tutorial_interfaces/share/my_tutorial_interfaces/cmake/my_tutorial_interfacesConfig.cmake
-- Up-to-date: /home/bachelor/ros2_ws/install/my_tutorial_interfaces/share/my_tutorial_interfaces/cmake/my_tutorial_interfacesConfig-version.cmake
-- Up-to-date: /home/bachelor/ros2_ws/install/my_tutorial_interfaces/share/my_tutorial_interfaces/package.xml
