[0.087s] Invoking command in '/home/bachelor/ros2_ws/build/my_tutorial_interfaces': CMAKE_PREFIX_PATH=${CMAKE_PREFIX_PATH}:/home/bachelor/ros2_ws/install/v1_topic_pkg:/home/bachelor/ros2_ws/install/my_py_pkg:/opt/ros/jazzy DEBUGINFOD_URLS=https://debuginfod.ubuntu.com /usr/bin/cmake --build /home/bachelor/ros2_ws/build/my_tutorial_interfaces -- -j1 -l1
[0.551s] [  2%] Built target my_tutorial_interfaces__rosidl_generator_type_description
[0.685s] [  5%] Built target my_tutorial_interfaces__cpp
[0.869s] [ 20%] Built target my_tutorial_interfaces__rosidl_generator_c
[1.034s] [ 29%] Built target my_tutorial_interfaces__rosidl_typesupport_cpp
[1.233s] [ 38%] Built target my_tutorial_interfaces__rosidl_typesupport_fastrtps_c
[1.397s] [ 47%] Built target my_tutorial_interfaces__rosidl_typesupport_introspection_c
[1.563s] [ 55%] Built target my_tutorial_interfaces__rosidl_typesupport_c
[1.719s] [ 64%] Built target my_tutorial_interfaces__rosidl_typesupport_fastrtps_cpp
[1.887s] [ 73%] Built target my_tutorial_interfaces__rosidl_typesupport_introspection_cpp
[2.019s] [ 73%] Built target my_tutorial_interfaces
[2.254s] [ 73%] Built target ament_cmake_python_copy_my_tutorial_interfaces
[3.386s] running egg_info
[3.484s] writing my_tutorial_interfaces.egg-info/PKG-INFO
[3.489s] writing dependency_links to my_tutorial_interfaces.egg-info/dependency_links.txt
[3.492s] writing top-level names to my_tutorial_interfaces.egg-info/top_level.txt
[3.816s] reading manifest file 'my_tutorial_interfaces.egg-info/SOURCES.txt'
[3.821s] writing manifest file 'my_tutorial_interfaces.egg-info/SOURCES.txt'
[3.949s] [ 73%] Built target ament_cmake_python_build_my_tutorial_interfaces_egg
[4.115s] [ 76%] Built target my_tutorial_interfaces__py
[4.300s] [ 82%] Built target my_tutorial_interfaces__rosidl_generator_py
[4.460s] [ 88%] Built target my_tutorial_interfaces_s__rosidl_typesupport_fastrtps_c
[4.664s] [ 94%] Built target my_tutorial_interfaces_s__rosidl_typesupport_introspection_c
[4.833s] [100%] Built target my_tutorial_interfaces_s__rosidl_typesupport_c
[4.906s] Invoked command in '/home/bachelor/ros2_ws/build/my_tutorial_interfaces' returned '0': CMAKE_PREFIX_PATH=${CMAKE_PREFIX_PATH}:/home/bachelor/ros2_ws/install/v1_topic_pkg:/home/bachelor/ros2_ws/install/my_py_pkg:/opt/ros/jazzy DEBUGINFOD_URLS=https://debuginfod.ubuntu.com /usr/bin/cmake --build /home/bachelor/ros2_ws/build/my_tutorial_interfaces -- -j1 -l1
[4.931s] Invoking command in '/home/bachelor/ros2_ws/build/my_tutorial_interfaces': CMAKE_PREFIX_PATH=${CMAKE_PREFIX_PATH}:/home/bachelor/ros2_ws/install/v1_topic_pkg:/home/bachelor/ros2_ws/install/my_py_pkg:/opt/ros/jazzy DEBUGINFOD_URLS=https://debuginfod.ubuntu.com /usr/bin/cmake --install /home/bachelor/ros2_ws/build/my_tutorial_interfaces
[5.009s] -- Install configuration: ""
[5.012s] -- Up-to-date: /home/bachelor/ros2_ws/install/my_tutorial_interfaces/share/ament_index/resource_index/rosidl_interfaces/my_tutorial_interfaces
[5.032s] -- Up-to-date: /home/bachelor/ros2_ws/install/my_tutorial_interfaces/share/my_tutorial_interfaces/srv/ResetCounter.json
[5.042s] -- Up-to-date: /home/bachelor/ros2_ws/install/my_tutorial_interfaces/include/my_tutorial_interfaces/my_tutorial_interfaces
[5.051s] -- Up-to-date: /home/bachelor/ros2_ws/install/my_tutorial_interfaces/include/my_tutorial_interfaces/my_tutorial_interfaces/srv
[5.052s] -- Up-to-date: /home/bachelor/ros2_ws/install/my_tutorial_interfaces/include/my_tutorial_interfaces/my_tutorial_interfaces/srv/detail
[5.056s] -- Up-to-date: /home/bachelor/ros2_ws/install/my_tutorial_interfaces/include/my_tutorial_interfaces/my_tutorial_interfaces/srv/detail/reset_counter__struct.h
[5.057s] -- Up-to-date: /home/bachelor/ros2_ws/install/my_tutorial_interfaces/include/my_tutorial_interfaces/my_tutorial_interfaces/srv/detail/reset_counter__type_support.h
[5.057s] -- Up-to-date: /home/bachelor/ros2_ws/install/my_tutorial_interfaces/include/my_tutorial_interfaces/my_tutorial_interfaces/srv/detail/reset_counter__functions.c
[5.058s] -- Up-to-date: /home/bachelor/ros2_ws/install/my_tutorial_interfaces/include/my_tutorial_interfaces/my_tutorial_interfaces/srv/detail/reset_counter__functions.h
[5.064s] -- Installing: /home/bachelor/ros2_ws/install/my_tutorial_interfaces/include/my_tutorial_interfaces/my_tutorial_interfaces/srv/detail/reset_counter__type_support.c
[5.064s] -- Up-to-date: /home/bachelor/ros2_ws/install/my_tutorial_interfaces/include/my_tutorial_interfaces/my_tutorial_interfaces/srv/detail/reset_counter__description.c
[5.064s] -- Up-to-date: /home/bachelor/ros2_ws/install/my_tutorial_interfaces/include/my_tutorial_interfaces/my_tutorial_interfaces/srv/reset_counter.h
[5.065s] -- Up-to-date: /home/bachelor/ros2_ws/install/my_tutorial_interfaces/include/my_tutorial_interfaces/my_tutorial_interfaces/msg
[5.065s] -- Up-to-date: /home/bachelor/ros2_ws/install/my_tutorial_interfaces/include/my_tutorial_interfaces/my_tutorial_interfaces/msg/rosidl_generator_c__visibility_control.h
[5.066s] -- Up-to-date: /home/bachelor/ros2_ws/install/my_tutorial_interfaces/share/my_tutorial_interfaces/environment/library_path.sh
[5.066s] -- Up-to-date: /home/bachelor/ros2_ws/install/my_tutorial_interfaces/share/my_tutorial_interfaces/environment/library_path.dsv
[5.073s] -- Up-to-date: /home/bachelor/ros2_ws/install/my_tutorial_interfaces/lib/libmy_tutorial_interfaces__rosidl_generator_c.so
[5.074s] -- Up-to-date: /home/bachelor/ros2_ws/install/my_tutorial_interfaces/include/my_tutorial_interfaces/my_tutorial_interfaces
[5.074s] -- Up-to-date: /home/bachelor/ros2_ws/install/my_tutorial_interfaces/include/my_tutorial_interfaces/my_tutorial_interfaces/srv
[5.075s] -- Up-to-date: /home/bachelor/ros2_ws/install/my_tutorial_interfaces/include/my_tutorial_interfaces/my_tutorial_interfaces/srv/detail
[5.075s] -- Up-to-date: /home/bachelor/ros2_ws/install/my_tutorial_interfaces/include/my_tutorial_interfaces/my_tutorial_interfaces/srv/detail/reset_counter__rosidl_typesupport_fastrtps_c.h
[5.078s] -- Up-to-date: /home/bachelor/ros2_ws/install/my_tutorial_interfaces/include/my_tutorial_interfaces/my_tutorial_interfaces/msg
[5.078s] -- Up-to-date: /home/bachelor/ros2_ws/install/my_tutorial_interfaces/include/my_tutorial_interfaces/my_tutorial_interfaces/msg/rosidl_typesupport_fastrtps_c__visibility_control.h
[5.083s] -- Up-to-date: /home/bachelor/ros2_ws/install/my_tutorial_interfaces/lib/libmy_tutorial_interfaces__rosidl_typesupport_fastrtps_c.so
[5.084s] -- Up-to-date: /home/bachelor/ros2_ws/install/my_tutorial_interfaces/include/my_tutorial_interfaces/my_tutorial_interfaces
[5.084s] -- Up-to-date: /home/bachelor/ros2_ws/install/my_tutorial_interfaces/include/my_tutorial_interfaces/my_tutorial_interfaces/srv
[5.085s] -- Up-to-date: /home/bachelor/ros2_ws/install/my_tutorial_interfaces/include/my_tutorial_interfaces/my_tutorial_interfaces/srv/detail
[5.085s] -- Up-to-date: /home/bachelor/ros2_ws/install/my_tutorial_interfaces/include/my_tutorial_interfaces/my_tutorial_interfaces/srv/detail/reset_counter__rosidl_typesupport_introspection_c.h
[5.085s] -- Installing: /home/bachelor/ros2_ws/install/my_tutorial_interfaces/include/my_tutorial_interfaces/my_tutorial_interfaces/srv/detail/reset_counter__type_support.c
[5.091s] -- Up-to-date: /home/bachelor/ros2_ws/install/my_tutorial_interfaces/include/my_tutorial_interfaces/my_tutorial_interfaces/msg
[5.095s] -- Up-to-date: /home/bachelor/ros2_ws/install/my_tutorial_interfaces/include/my_tutorial_interfaces/my_tutorial_interfaces/msg/rosidl_typesupport_introspection_c__visibility_control.h
[5.103s] -- Up-to-date: /home/bachelor/ros2_ws/install/my_tutorial_interfaces/lib/libmy_tutorial_interfaces__rosidl_typesupport_introspection_c.so
[5.104s] -- Up-to-date: /home/bachelor/ros2_ws/install/my_tutorial_interfaces/lib/libmy_tutorial_interfaces__rosidl_typesupport_c.so
[5.104s] -- Up-to-date: /home/bachelor/ros2_ws/install/my_tutorial_interfaces/include/my_tutorial_interfaces/my_tutorial_interfaces
[5.104s] -- Up-to-date: /home/bachelor/ros2_ws/install/my_tutorial_interfaces/include/my_tutorial_interfaces/my_tutorial_interfaces/srv
[5.104s] -- Up-to-date: /home/bachelor/ros2_ws/install/my_tutorial_interfaces/include/my_tutorial_interfaces/my_tutorial_interfaces/srv/detail
[5.104s] -- Up-to-date: /home/bachelor/ros2_ws/install/my_tutorial_interfaces/include/my_tutorial_interfaces/my_tutorial_interfaces/srv/detail/reset_counter__builder.hpp
[5.109s] -- Up-to-date: /home/bachelor/ros2_ws/install/my_tutorial_interfaces/include/my_tutorial_interfaces/my_tutorial_interfaces/srv/detail/reset_counter__traits.hpp
[5.109s] -- Up-to-date: /home/bachelor/ros2_ws/install/my_tutorial_interfaces/include/my_tutorial_interfaces/my_tutorial_interfaces/srv/detail/reset_counter__type_support.hpp
[5.109s] -- Up-to-date: /home/bachelor/ros2_ws/install/my_tutorial_interfaces/include/my_tutorial_interfaces/my_tutorial_interfaces/srv/detail/reset_counter__struct.hpp
[5.111s] -- Up-to-date: /home/bachelor/ros2_ws/install/my_tutorial_interfaces/include/my_tutorial_interfaces/my_tutorial_interfaces/srv/reset_counter.hpp
[5.113s] -- Up-to-date: /home/bachelor/ros2_ws/install/my_tutorial_interfaces/include/my_tutorial_interfaces/my_tutorial_interfaces/msg
[5.118s] -- Up-to-date: /home/bachelor/ros2_ws/install/my_tutorial_interfaces/include/my_tutorial_interfaces/my_tutorial_interfaces/msg/rosidl_generator_cpp__visibility_control.hpp
[5.133s] -- Up-to-date: /home/bachelor/ros2_ws/install/my_tutorial_interfaces/include/my_tutorial_interfaces/my_tutorial_interfaces
[5.135s] -- Up-to-date: /home/bachelor/ros2_ws/install/my_tutorial_interfaces/include/my_tutorial_interfaces/my_tutorial_interfaces/srv
[5.135s] -- Up-to-date: /home/bachelor/ros2_ws/install/my_tutorial_interfaces/include/my_tutorial_interfaces/my_tutorial_interfaces/srv/detail
[5.135s] -- Up-to-date: /home/bachelor/ros2_ws/install/my_tutorial_interfaces/include/my_tutorial_interfaces/my_tutorial_interfaces/srv/detail/reset_counter__rosidl_typesupport_fastrtps_cpp.hpp
[5.135s] -- Up-to-date: /home/bachelor/ros2_ws/install/my_tutorial_interfaces/include/my_tutorial_interfaces/my_tutorial_interfaces/srv/detail/dds_fastrtps
[5.136s] -- Up-to-date: /home/bachelor/ros2_ws/install/my_tutorial_interfaces/include/my_tutorial_interfaces/my_tutorial_interfaces/msg
[5.136s] -- Up-to-date: /home/bachelor/ros2_ws/install/my_tutorial_interfaces/include/my_tutorial_interfaces/my_tutorial_interfaces/msg/rosidl_typesupport_fastrtps_cpp__visibility_control.h
[5.136s] -- Up-to-date: /home/bachelor/ros2_ws/install/my_tutorial_interfaces/lib/libmy_tutorial_interfaces__rosidl_typesupport_fastrtps_cpp.so
[5.136s] -- Up-to-date: /home/bachelor/ros2_ws/install/my_tutorial_interfaces/include/my_tutorial_interfaces/my_tutorial_interfaces
[5.136s] -- Up-to-date: /home/bachelor/ros2_ws/install/my_tutorial_interfaces/include/my_tutorial_interfaces/my_tutorial_interfaces/srv
[5.136s] -- Up-to-date: /home/bachelor/ros2_ws/install/my_tutorial_interfaces/include/my_tutorial_interfaces/my_tutorial_interfaces/srv/detail
[5.136s] -- Up-to-date: /home/bachelor/ros2_ws/install/my_tutorial_interfaces/include/my_tutorial_interfaces/my_tutorial_interfaces/srv/detail/reset_counter__rosidl_typesupport_introspection_cpp.hpp
[5.137s] -- Up-to-date: /home/bachelor/ros2_ws/install/my_tutorial_interfaces/include/my_tutorial_interfaces/my_tutorial_interfaces/srv/detail/reset_counter__type_support.cpp
[5.137s] -- Up-to-date: /home/bachelor/ros2_ws/install/my_tutorial_interfaces/lib/libmy_tutorial_interfaces__rosidl_typesupport_introspection_cpp.so
[5.151s] -- Up-to-date: /home/bachelor/ros2_ws/install/my_tutorial_interfaces/lib/libmy_tutorial_interfaces__rosidl_typesupport_cpp.so
[5.152s] -- Up-to-date: /home/bachelor/ros2_ws/install/my_tutorial_interfaces/share/my_tutorial_interfaces/environment/pythonpath.sh
[5.153s] -- Up-to-date: /home/bachelor/ros2_ws/install/my_tutorial_interfaces/share/my_tutorial_interfaces/environment/pythonpath.dsv
[5.153s] -- Up-to-date: /home/bachelor/ros2_ws/install/my_tutorial_interfaces/lib/python3.12/site-packages/my_tutorial_interfaces-0.0.0-py3.12.egg-info
[5.154s] -- Installing: /home/bachelor/ros2_ws/install/my_tutorial_interfaces/lib/python3.12/site-packages/my_tutorial_interfaces-0.0.0-py3.12.egg-info/PKG-INFO
[5.155s] -- Installing: /home/bachelor/ros2_ws/install/my_tutorial_interfaces/lib/python3.12/site-packages/my_tutorial_interfaces-0.0.0-py3.12.egg-info/SOURCES.txt
[5.157s] -- Installing: /home/bachelor/ros2_ws/install/my_tutorial_interfaces/lib/python3.12/site-packages/my_tutorial_interfaces-0.0.0-py3.12.egg-info/top_level.txt
[5.158s] -- Installing: /home/bachelor/ros2_ws/install/my_tutorial_interfaces/lib/python3.12/site-packages/my_tutorial_interfaces-0.0.0-py3.12.egg-info/dependency_links.txt
[5.158s] -- Up-to-date: /home/bachelor/ros2_ws/install/my_tutorial_interfaces/lib/python3.12/site-packages/my_tutorial_interfaces
[5.163s] -- Up-to-date: /home/bachelor/ros2_ws/install/my_tutorial_interfaces/lib/python3.12/site-packages/my_tutorial_interfaces/my_tutorial_interfaces_s__rosidl_typesupport_c.so
[5.164s] -- Up-to-date: /home/bachelor/ros2_ws/install/my_tutorial_interfaces/lib/python3.12/site-packages/my_tutorial_interfaces/_my_tutorial_interfaces_s.ep.rosidl_typesupport_c.c
[5.164s] -- Up-to-date: /home/bachelor/ros2_ws/install/my_tutorial_interfaces/lib/python3.12/site-packages/my_tutorial_interfaces/srv
[5.174s] -- Up-to-date: /home/bachelor/ros2_ws/install/my_tutorial_interfaces/lib/python3.12/site-packages/my_tutorial_interfaces/srv/_reset_counter_s.c
[5.175s] -- Up-to-date: /home/bachelor/ros2_ws/install/my_tutorial_interfaces/lib/python3.12/site-packages/my_tutorial_interfaces/srv/__init__.py
[5.175s] -- Up-to-date: /home/bachelor/ros2_ws/install/my_tutorial_interfaces/lib/python3.12/site-packages/my_tutorial_interfaces/srv/_reset_counter.py
[5.175s] -- Up-to-date: /home/bachelor/ros2_ws/install/my_tutorial_interfaces/lib/python3.12/site-packages/my_tutorial_interfaces/_my_tutorial_interfaces_s.ep.rosidl_typesupport_introspection_c.c
[5.176s] -- Up-to-date: /home/bachelor/ros2_ws/install/my_tutorial_interfaces/lib/python3.12/site-packages/my_tutorial_interfaces/_my_tutorial_interfaces_s.ep.rosidl_typesupport_fastrtps_c.c
[5.176s] -- Up-to-date: /home/bachelor/ros2_ws/install/my_tutorial_interfaces/lib/python3.12/site-packages/my_tutorial_interfaces/my_tutorial_interfaces_s__rosidl_typesupport_introspection_c.so
[5.176s] -- Up-to-date: /home/bachelor/ros2_ws/install/my_tutorial_interfaces/lib/python3.12/site-packages/my_tutorial_interfaces/__init__.py
[5.178s] -- Up-to-date: /home/bachelor/ros2_ws/install/my_tutorial_interfaces/lib/python3.12/site-packages/my_tutorial_interfaces/my_tutorial_interfaces_s__rosidl_typesupport_fastrtps_c.so
[5.363s] Listing '/home/bachelor/ros2_ws/install/my_tutorial_interfaces/lib/python3.12/site-packages/my_tutorial_interfaces'...
[5.363s] Listing '/home/bachelor/ros2_ws/install/my_tutorial_interfaces/lib/python3.12/site-packages/my_tutorial_interfaces/srv'...
[5.401s] -- Up-to-date: /home/bachelor/ros2_ws/install/my_tutorial_interfaces/lib/python3.12/site-packages/my_tutorial_interfaces/my_tutorial_interfaces_s__rosidl_typesupport_fastrtps_c.so
[5.409s] -- Up-to-date: /home/bachelor/ros2_ws/install/my_tutorial_interfaces/lib/python3.12/site-packages/my_tutorial_interfaces/my_tutorial_interfaces_s__rosidl_typesupport_introspection_c.so
[5.415s] -- Up-to-date: /home/bachelor/ros2_ws/install/my_tutorial_interfaces/lib/python3.12/site-packages/my_tutorial_interfaces/my_tutorial_interfaces_s__rosidl_typesupport_c.so
[5.421s] -- Up-to-date: /home/bachelor/ros2_ws/install/my_tutorial_interfaces/lib/libmy_tutorial_interfaces__rosidl_generator_py.so
[5.422s] -- Up-to-date: /home/bachelor/ros2_ws/install/my_tutorial_interfaces/share/my_tutorial_interfaces/srv/ResetCounter.idl
[5.423s] -- Up-to-date: /home/bachelor/ros2_ws/install/my_tutorial_interfaces/share/my_tutorial_interfaces/srv/ResetCounter.srv
[5.423s] -- Up-to-date: /home/bachelor/ros2_ws/install/my_tutorial_interfaces/share/ament_index/resource_index/package_run_dependencies/my_tutorial_interfaces
[5.426s] -- Up-to-date: /home/bachelor/ros2_ws/install/my_tutorial_interfaces/share/ament_index/resource_index/parent_prefix_path/my_tutorial_interfaces
[5.427s] -- Up-to-date: /home/bachelor/ros2_ws/install/my_tutorial_interfaces/share/my_tutorial_interfaces/environment/ament_prefix_path.sh
[5.427s] -- Up-to-date: /home/bachelor/ros2_ws/install/my_tutorial_interfaces/share/my_tutorial_interfaces/environment/ament_prefix_path.dsv
[5.428s] -- Up-to-date: /home/bachelor/ros2_ws/install/my_tutorial_interfaces/share/my_tutorial_interfaces/environment/path.sh
[5.428s] -- Up-to-date: /home/bachelor/ros2_ws/install/my_tutorial_interfaces/share/my_tutorial_interfaces/environment/path.dsv
[5.428s] -- Up-to-date: /home/bachelor/ros2_ws/install/my_tutorial_interfaces/share/my_tutorial_interfaces/local_setup.bash
[5.429s] -- Up-to-date: /home/bachelor/ros2_ws/install/my_tutorial_interfaces/share/my_tutorial_interfaces/local_setup.sh
[5.429s] -- Up-to-date: /home/bachelor/ros2_ws/install/my_tutorial_interfaces/share/my_tutorial_interfaces/local_setup.zsh
[5.429s] -- Up-to-date: /home/bachelor/ros2_ws/install/my_tutorial_interfaces/share/my_tutorial_interfaces/local_setup.dsv
[5.437s] -- Installing: /home/bachelor/ros2_ws/install/my_tutorial_interfaces/share/my_tutorial_interfaces/package.dsv
[5.437s] -- Up-to-date: /home/bachelor/ros2_ws/install/my_tutorial_interfaces/share/ament_index/resource_index/packages/my_tutorial_interfaces
[5.458s] -- Up-to-date: /home/bachelor/ros2_ws/install/my_tutorial_interfaces/share/my_tutorial_interfaces/cmake/export_my_tutorial_interfaces__rosidl_generator_cExport.cmake
[5.463s] -- Up-to-date: /home/bachelor/ros2_ws/install/my_tutorial_interfaces/share/my_tutorial_interfaces/cmake/export_my_tutorial_interfaces__rosidl_generator_cExport-noconfig.cmake
[5.466s] -- Up-to-date: /home/bachelor/ros2_ws/install/my_tutorial_interfaces/share/my_tutorial_interfaces/cmake/export_my_tutorial_interfaces__rosidl_typesupport_fastrtps_cExport.cmake
[5.477s] -- Up-to-date: /home/bachelor/ros2_ws/install/my_tutorial_interfaces/share/my_tutorial_interfaces/cmake/export_my_tutorial_interfaces__rosidl_typesupport_fastrtps_cExport-noconfig.cmake
[5.482s] -- Up-to-date: /home/bachelor/ros2_ws/install/my_tutorial_interfaces/share/my_tutorial_interfaces/cmake/my_tutorial_interfaces__rosidl_typesupport_introspection_cExport.cmake
[5.482s] -- Up-to-date: /home/bachelor/ros2_ws/install/my_tutorial_interfaces/share/my_tutorial_interfaces/cmake/my_tutorial_interfaces__rosidl_typesupport_introspection_cExport-noconfig.cmake
[5.488s] -- Up-to-date: /home/bachelor/ros2_ws/install/my_tutorial_interfaces/share/my_tutorial_interfaces/cmake/my_tutorial_interfaces__rosidl_typesupport_cExport.cmake
[5.488s] -- Up-to-date: /home/bachelor/ros2_ws/install/my_tutorial_interfaces/share/my_tutorial_interfaces/cmake/my_tutorial_interfaces__rosidl_typesupport_cExport-noconfig.cmake
[5.488s] -- Up-to-date: /home/bachelor/ros2_ws/install/my_tutorial_interfaces/share/my_tutorial_interfaces/cmake/export_my_tutorial_interfaces__rosidl_generator_cppExport.cmake
[5.488s] -- Up-to-date: /home/bachelor/ros2_ws/install/my_tutorial_interfaces/share/my_tutorial_interfaces/cmake/export_my_tutorial_interfaces__rosidl_typesupport_fastrtps_cppExport.cmake
[5.488s] -- Up-to-date: /home/bachelor/ros2_ws/install/my_tutorial_interfaces/share/my_tutorial_interfaces/cmake/export_my_tutorial_interfaces__rosidl_typesupport_fastrtps_cppExport-noconfig.cmake
[5.489s] -- Up-to-date: /home/bachelor/ros2_ws/install/my_tutorial_interfaces/share/my_tutorial_interfaces/cmake/my_tutorial_interfaces__rosidl_typesupport_introspection_cppExport.cmake
[5.490s] -- Up-to-date: /home/bachelor/ros2_ws/install/my_tutorial_interfaces/share/my_tutorial_interfaces/cmake/my_tutorial_interfaces__rosidl_typesupport_introspection_cppExport-noconfig.cmake
[5.494s] -- Up-to-date: /home/bachelor/ros2_ws/install/my_tutorial_interfaces/share/my_tutorial_interfaces/cmake/my_tutorial_interfaces__rosidl_typesupport_cppExport.cmake
[5.495s] -- Up-to-date: /home/bachelor/ros2_ws/install/my_tutorial_interfaces/share/my_tutorial_interfaces/cmake/my_tutorial_interfaces__rosidl_typesupport_cppExport-noconfig.cmake
[5.498s] -- Up-to-date: /home/bachelor/ros2_ws/install/my_tutorial_interfaces/share/my_tutorial_interfaces/cmake/export_my_tutorial_interfaces__rosidl_generator_pyExport.cmake
[5.499s] -- Up-to-date: /home/bachelor/ros2_ws/install/my_tutorial_interfaces/share/my_tutorial_interfaces/cmake/export_my_tutorial_interfaces__rosidl_generator_pyExport-noconfig.cmake
[5.500s] -- Up-to-date: /home/bachelor/ros2_ws/install/my_tutorial_interfaces/share/my_tutorial_interfaces/cmake/rosidl_cmake-extras.cmake
[5.500s] -- Up-to-date: /home/bachelor/ros2_ws/install/my_tutorial_interfaces/share/my_tutorial_interfaces/cmake/ament_cmake_export_dependencies-extras.cmake
[5.501s] -- Up-to-date: /home/bachelor/ros2_ws/install/my_tutorial_interfaces/share/my_tutorial_interfaces/cmake/ament_cmake_export_include_directories-extras.cmake
[5.501s] -- Up-to-date: /home/bachelor/ros2_ws/install/my_tutorial_interfaces/share/my_tutorial_interfaces/cmake/ament_cmake_export_libraries-extras.cmake
[5.501s] -- Up-to-date: /home/bachelor/ros2_ws/install/my_tutorial_interfaces/share/my_tutorial_interfaces/cmake/ament_cmake_export_targets-extras.cmake
[5.506s] -- Up-to-date: /home/bachelor/ros2_ws/install/my_tutorial_interfaces/share/my_tutorial_interfaces/cmake/rosidl_cmake_export_typesupport_targets-extras.cmake
[5.506s] -- Up-to-date: /home/bachelor/ros2_ws/install/my_tutorial_interfaces/share/my_tutorial_interfaces/cmake/rosidl_cmake_export_typesupport_libraries-extras.cmake
[5.506s] -- Up-to-date: /home/bachelor/ros2_ws/install/my_tutorial_interfaces/share/my_tutorial_interfaces/cmake/my_tutorial_interfacesConfig.cmake
[5.506s] -- Up-to-date: /home/bachelor/ros2_ws/install/my_tutorial_interfaces/share/my_tutorial_interfaces/cmake/my_tutorial_interfacesConfig-version.cmake
[5.507s] -- Up-to-date: /home/bachelor/ros2_ws/install/my_tutorial_interfaces/share/my_tutorial_interfaces/package.xml
[5.515s] Invoked command in '/home/bachelor/ros2_ws/build/my_tutorial_interfaces' returned '0': CMAKE_PREFIX_PATH=${CMAKE_PREFIX_PATH}:/home/bachelor/ros2_ws/install/v1_topic_pkg:/home/bachelor/ros2_ws/install/my_py_pkg:/opt/ros/jazzy DEBUGINFOD_URLS=https://debuginfod.ubuntu.com /usr/bin/cmake --install /home/bachelor/ros2_ws/build/my_tutorial_interfaces
