[0.533s] Invoking command in '/home/bachelor/ros2_ws/build/turtlebot4_gz_bringup': CMAKE_PREFIX_PATH=/home/bachelor/ros2_ws/install/turtlebot4_gz_toolbox:/home/bachelor/ros2_ws/install/turtlebot4_gz_gui_plugins:/home/bachelor/ros2_ws/install/v2_service_interface:/home/bachelor/ros2_ws/install/turtlebot4_simulator:/home/bachelor/ros2_ws/install/turtlebot4_gz_bringup:/home/bachelor/ros2_ws/install/my_tutorial_interfaces:/opt/ros/jazzy/opt/gz_sim_vendor:/opt/ros/jazzy/opt/gz_sensors_vendor:/opt/ros/jazzy/opt/gz_physics_vendor:/opt/ros/jazzy/opt/sdformat_vendor:/opt/ros/jazzy/opt/gz_gui_vendor:/opt/ros/jazzy/opt/gz_transport_vendor:/opt/ros/jazzy/opt/gz_rendering_vendor:/opt/ros/jazzy/opt/gz_plugin_vendor:/opt/ros/jazzy/opt/gz_fuel_tools_vendor:/opt/ros/jazzy/opt/gz_msgs_vendor:/opt/ros/jazzy/opt/gz_common_vendor:/opt/ros/jazzy/opt/gz_math_vendor:/opt/ros/jazzy/opt/gz_utils_vendor:/opt/ros/jazzy/opt/gz_tools_vendor:/opt/ros/jazzy/opt/gz_ogre_next_vendor:/opt/ros/jazzy/opt/gz_dartsim_vendor:/opt/ros/jazzy/opt/gz_cmake_vendor:/home/bachelor/ros2_ws/install/v1_topic_pkg:/home/bachelor/ros2_ws/install/my_py_pkg:/opt/ros/jazzy DEBUGINFOD_URLS=https://debuginfod.ubuntu.com /usr/bin/cmake --build /home/bachelor/ros2_ws/build/turtlebot4_gz_bringup -- -j1 -l1
[3.423s] Invoked command in '/home/bachelor/ros2_ws/build/turtlebot4_gz_bringup' returned '0': CMAKE_PREFIX_PATH=/home/bachelor/ros2_ws/install/turtlebot4_gz_toolbox:/home/bachelor/ros2_ws/install/turtlebot4_gz_gui_plugins:/home/bachelor/ros2_ws/install/v2_service_interface:/home/bachelor/ros2_ws/install/turtlebot4_simulator:/home/bachelor/ros2_ws/install/turtlebot4_gz_bringup:/home/bachelor/ros2_ws/install/my_tutorial_interfaces:/opt/ros/jazzy/opt/gz_sim_vendor:/opt/ros/jazzy/opt/gz_sensors_vendor:/opt/ros/jazzy/opt/gz_physics_vendor:/opt/ros/jazzy/opt/sdformat_vendor:/opt/ros/jazzy/opt/gz_gui_vendor:/opt/ros/jazzy/opt/gz_transport_vendor:/opt/ros/jazzy/opt/gz_rendering_vendor:/opt/ros/jazzy/opt/gz_plugin_vendor:/opt/ros/jazzy/opt/gz_fuel_tools_vendor:/opt/ros/jazzy/opt/gz_msgs_vendor:/opt/ros/jazzy/opt/gz_common_vendor:/opt/ros/jazzy/opt/gz_math_vendor:/opt/ros/jazzy/opt/gz_utils_vendor:/opt/ros/jazzy/opt/gz_tools_vendor:/opt/ros/jazzy/opt/gz_ogre_next_vendor:/opt/ros/jazzy/opt/gz_dartsim_vendor:/opt/ros/jazzy/opt/gz_cmake_vendor:/home/bachelor/ros2_ws/install/v1_topic_pkg:/home/bachelor/ros2_ws/install/my_py_pkg:/opt/ros/jazzy DEBUGINFOD_URLS=https://debuginfod.ubuntu.com /usr/bin/cmake --build /home/bachelor/ros2_ws/build/turtlebot4_gz_bringup -- -j1 -l1
[3.482s] Invoking command in '/home/bachelor/ros2_ws/build/turtlebot4_gz_bringup': CMAKE_PREFIX_PATH=/home/bachelor/ros2_ws/install/turtlebot4_gz_toolbox:/home/bachelor/ros2_ws/install/turtlebot4_gz_gui_plugins:/home/bachelor/ros2_ws/install/v2_service_interface:/home/bachelor/ros2_ws/install/turtlebot4_simulator:/home/bachelor/ros2_ws/install/turtlebot4_gz_bringup:/home/bachelor/ros2_ws/install/my_tutorial_interfaces:/opt/ros/jazzy/opt/gz_sim_vendor:/opt/ros/jazzy/opt/gz_sensors_vendor:/opt/ros/jazzy/opt/gz_physics_vendor:/opt/ros/jazzy/opt/sdformat_vendor:/opt/ros/jazzy/opt/gz_gui_vendor:/opt/ros/jazzy/opt/gz_transport_vendor:/opt/ros/jazzy/opt/gz_rendering_vendor:/opt/ros/jazzy/opt/gz_plugin_vendor:/opt/ros/jazzy/opt/gz_fuel_tools_vendor:/opt/ros/jazzy/opt/gz_msgs_vendor:/opt/ros/jazzy/opt/gz_common_vendor:/opt/ros/jazzy/opt/gz_math_vendor:/opt/ros/jazzy/opt/gz_utils_vendor:/opt/ros/jazzy/opt/gz_tools_vendor:/opt/ros/jazzy/opt/gz_ogre_next_vendor:/opt/ros/jazzy/opt/gz_dartsim_vendor:/opt/ros/jazzy/opt/gz_cmake_vendor:/home/bachelor/ros2_ws/install/v1_topic_pkg:/home/bachelor/ros2_ws/install/my_py_pkg:/opt/ros/jazzy DEBUGINFOD_URLS=https://debuginfod.ubuntu.com /usr/bin/cmake --install /home/bachelor/ros2_ws/build/turtlebot4_gz_bringup
[4.387s] -- Install configuration: ""
[4.387s] -- Up-to-date: /home/bachelor/ros2_ws/install/turtlebot4_gz_bringup/share/turtlebot4_gz_bringup/config
[4.387s] -- Up-to-date: /home/bachelor/ros2_ws/install/turtlebot4_gz_bringup/share/turtlebot4_gz_bringup/config/turtlebot4_node.yaml
[4.387s] -- Up-to-date: /home/bachelor/ros2_ws/install/turtlebot4_gz_bringup/share/turtlebot4_gz_bringup/gui
[4.388s] -- Up-to-date: /home/bachelor/ros2_ws/install/turtlebot4_gz_bringup/share/turtlebot4_gz_bringup/gui/lite
[4.388s] -- Up-to-date: /home/bachelor/ros2_ws/install/turtlebot4_gz_bringup/share/turtlebot4_gz_bringup/gui/lite/gui.config
[4.393s] -- Up-to-date: /home/bachelor/ros2_ws/install/turtlebot4_gz_bringup/share/turtlebot4_gz_bringup/gui/standard
[4.394s] -- Up-to-date: /home/bachelor/ros2_ws/install/turtlebot4_gz_bringup/share/turtlebot4_gz_bringup/gui/standard/gui.config
[4.518s] -- Up-to-date: /home/bachelor/ros2_ws/install/turtlebot4_gz_bringup/share/turtlebot4_gz_bringup/launch
[4.519s] -- Up-to-date: /home/bachelor/ros2_ws/install/turtlebot4_gz_bringup/share/turtlebot4_gz_bringup/launch/turtlebot4_gz.launch.py
[4.519s] -- Up-to-date: /home/bachelor/ros2_ws/install/turtlebot4_gz_bringup/share/turtlebot4_gz_bringup/launch/ros_gz_bridge.launch.py
[4.532s] -- Up-to-date: /home/bachelor/ros2_ws/install/turtlebot4_gz_bringup/share/turtlebot4_gz_bringup/launch/sim.launch.py
[4.568s] -- Up-to-date: /home/bachelor/ros2_ws/install/turtlebot4_gz_bringup/share/turtlebot4_gz_bringup/launch/turtlebot4_nodes.launch.py
[4.569s] -- Up-to-date: /home/bachelor/ros2_ws/install/turtlebot4_gz_bringup/share/turtlebot4_gz_bringup/launch/turtlebot4_spawn.launch.py
[4.569s] -- Up-to-date: /home/bachelor/ros2_ws/install/turtlebot4_gz_bringup/share/turtlebot4_gz_bringup/worlds
[4.569s] -- Up-to-date: /home/bachelor/ros2_ws/install/turtlebot4_gz_bringup/share/turtlebot4_gz_bringup/worlds/depot.sdf
[4.569s] -- Up-to-date: /home/bachelor/ros2_ws/install/turtlebot4_gz_bringup/share/turtlebot4_gz_bringup/worlds/warehouse.sdf
[4.570s] -- Up-to-date: /home/bachelor/ros2_ws/install/turtlebot4_gz_bringup/share/turtlebot4_gz_bringup/worlds/maze.sdf
[4.570s] -- Up-to-date: /home/bachelor/ros2_ws/install/turtlebot4_gz_bringup/share/ament_index/resource_index/package_run_dependencies/turtlebot4_gz_bringup
[4.570s] -- Up-to-date: /home/bachelor/ros2_ws/install/turtlebot4_gz_bringup/share/ament_index/resource_index/parent_prefix_path/turtlebot4_gz_bringup
[4.570s] -- Up-to-date: /home/bachelor/ros2_ws/install/turtlebot4_gz_bringup/share/turtlebot4_gz_bringup/environment/ament_prefix_path.sh
[4.571s] -- Up-to-date: /home/bachelor/ros2_ws/install/turtlebot4_gz_bringup/share/turtlebot4_gz_bringup/environment/ament_prefix_path.dsv
[4.571s] -- Up-to-date: /home/bachelor/ros2_ws/install/turtlebot4_gz_bringup/share/turtlebot4_gz_bringup/environment/path.sh
[4.814s] -- Up-to-date: /home/bachelor/ros2_ws/install/turtlebot4_gz_bringup/share/turtlebot4_gz_bringup/environment/path.dsv
[4.815s] -- Up-to-date: /home/bachelor/ros2_ws/install/turtlebot4_gz_bringup/share/turtlebot4_gz_bringup/local_setup.bash
[4.815s] -- Up-to-date: /home/bachelor/ros2_ws/install/turtlebot4_gz_bringup/share/turtlebot4_gz_bringup/local_setup.sh
[4.815s] -- Up-to-date: /home/bachelor/ros2_ws/install/turtlebot4_gz_bringup/share/turtlebot4_gz_bringup/local_setup.zsh
[4.815s] -- Up-to-date: /home/bachelor/ros2_ws/install/turtlebot4_gz_bringup/share/turtlebot4_gz_bringup/local_setup.dsv
[4.815s] -- Installing: /home/bachelor/ros2_ws/install/turtlebot4_gz_bringup/share/turtlebot4_gz_bringup/package.dsv
[4.816s] -- Up-to-date: /home/bachelor/ros2_ws/install/turtlebot4_gz_bringup/share/ament_index/resource_index/packages/turtlebot4_gz_bringup
[4.816s] -- Up-to-date: /home/bachelor/ros2_ws/install/turtlebot4_gz_bringup/share/turtlebot4_gz_bringup/cmake/turtlebot4_gz_bringupConfig.cmake
[4.816s] -- Up-to-date: /home/bachelor/ros2_ws/install/turtlebot4_gz_bringup/share/turtlebot4_gz_bringup/cmake/turtlebot4_gz_bringupConfig-version.cmake
[4.816s] -- Up-to-date: /home/bachelor/ros2_ws/install/turtlebot4_gz_bringup/share/turtlebot4_gz_bringup/package.xml
[4.816s] Invoked command in '/home/bachelor/ros2_ws/build/turtlebot4_gz_bringup' returned '0': CMAKE_PREFIX_PATH=/home/bachelor/ros2_ws/install/turtlebot4_gz_toolbox:/home/bachelor/ros2_ws/install/turtlebot4_gz_gui_plugins:/home/bachelor/ros2_ws/install/v2_service_interface:/home/bachelor/ros2_ws/install/turtlebot4_simulator:/home/bachelor/ros2_ws/install/turtlebot4_gz_bringup:/home/bachelor/ros2_ws/install/my_tutorial_interfaces:/opt/ros/jazzy/opt/gz_sim_vendor:/opt/ros/jazzy/opt/gz_sensors_vendor:/opt/ros/jazzy/opt/gz_physics_vendor:/opt/ros/jazzy/opt/sdformat_vendor:/opt/ros/jazzy/opt/gz_gui_vendor:/opt/ros/jazzy/opt/gz_transport_vendor:/opt/ros/jazzy/opt/gz_rendering_vendor:/opt/ros/jazzy/opt/gz_plugin_vendor:/opt/ros/jazzy/opt/gz_fuel_tools_vendor:/opt/ros/jazzy/opt/gz_msgs_vendor:/opt/ros/jazzy/opt/gz_common_vendor:/opt/ros/jazzy/opt/gz_math_vendor:/opt/ros/jazzy/opt/gz_utils_vendor:/opt/ros/jazzy/opt/gz_tools_vendor:/opt/ros/jazzy/opt/gz_ogre_next_vendor:/opt/ros/jazzy/opt/gz_dartsim_vendor:/opt/ros/jazzy/opt/gz_cmake_vendor:/home/bachelor/ros2_ws/install/v1_topic_pkg:/home/bachelor/ros2_ws/install/my_py_pkg:/opt/ros/jazzy DEBUGINFOD_URLS=https://debuginfod.ubuntu.com /usr/bin/cmake --install /home/bachelor/ros2_ws/build/turtlebot4_gz_bringup
