[0.146s] Invoking command in '/home/bachelor/ros2_ws/build/turtlebot4_gz_gui_plugins': CMAKE_PREFIX_PATH=${CMAKE_PREFIX_PATH}:/home/bachelor/ros2_ws/install/v1_topic_pkg:/home/bachelor/ros2_ws/install/my_py_pkg:/opt/ros/jazzy DEBUGINFOD_URLS=https://debuginfod.ubuntu.com /usr/bin/cmake /home/bachelor/ros2_ws/src/turtlebot4_simulator/turtlebot4_gz_gui_plugins -DCMAKE_INSTALL_PREFIX=/home/bachelor/ros2_ws/install/turtlebot4_gz_gui_plugins
[1.862s] -- The C compiler identification is GNU 13.3.0
[3.184s] -- The CXX compiler identification is GNU 13.3.0
[3.381s] -- Detecting C compiler ABI info
[4.456s] -- Detecting C compiler ABI info - done
[4.521s] -- Check for working C compiler: /usr/bin/cc - skipped
[4.524s] -- Detecting C compile features
[4.528s] -- Detecting C compile features - done
[4.659s] -- Detecting CXX compiler ABI info
[5.448s] -- Detecting CXX compiler ABI info - done
[5.486s] -- Check for working CXX compiler: /usr/bin/c++ - skipped
[5.487s] -- Detecting CXX compile features
[5.488s] -- Detecting CXX compile features - done
[5.624s] -- Found ament_cmake: 2.5.4 (/opt/ros/jazzy/share/ament_cmake/cmake)
[6.497s] -- Found Python3: /usr/bin/python3 (found version "3.12.3") found components: Interpreter 
[7.407s] -- Found gz_gui_vendor: 0.0.5 (/opt/ros/jazzy/share/gz_gui_vendor/cmake)
[7.808s] -- Looking for gz-gui8 -- found version 8.4.0
[7.908s] -- Searching for dependencies of gz-gui8
[9.185s] -- Found Protobuf: /usr/lib/x86_64-linux-gnu/libprotobuf.so (found version "3.21.12") 
[9.252s] -- Checking for module 'tinyxml2'
[9.447s] --   Found tinyxml2, version 10.0.0
[9.715s] -- Looking for gz-utils2 -- found version 2.2.1
[9.715s] -- Searching for dependencies of gz-utils2
[9.752s] -- Looking for gz-math7 -- found version 7.5.2
[9.752s] -- Searching for dependencies of gz-math7
[9.756s] -- Looking for gz-utils2 -- found version 2.2.1
[9.807s] -- Looking for gz-common5 -- found version 5.7.1
[9.809s] -- Searching for dependencies of gz-common5
[9.810s] -- Looking for gz-utils2 -- found version 2.2.1
[9.815s] -- Looking for dlfcn.h - found
[9.820s] -- Looking for libdl - found
[9.824s] -- Found DL: TRUE  
[9.886s] -- Checking for module 'uuid'
[9.998s] --   Found uuid, version 2.39.3
[10.250s] -- Found UUID: TRUE  
[10.251s] -- Searching for <gz-common5> component [profiler]
[10.279s] -- Looking for gz-common5-profiler -- found version 5.7.1
[10.282s] -- Searching for dependencies of gz-common5-profiler
[10.307s] -- Looking for gz-plugin2 -- found version 2.0.4
[10.308s] -- Searching for dependencies of gz-plugin2
[10.309s] -- Looking for gz-utils2 -- found version 2.2.1
[10.310s] -- Searching for dependencies of gz-utils2
[10.323s] -- Searching for <gz-utils2> component [cli]
[10.331s] -- Looking for gz-utils2-cli -- found version 2.2.1
[10.333s] -- Searching for dependencies of gz-utils2-cli
[10.343s] -- Searching for <gz-plugin2> component [loader]
[10.355s] -- Looking for gz-plugin2-loader -- found version 2.0.4
[10.359s] -- Searching for dependencies of gz-plugin2-loader
[10.375s] -- Searching for <gz-plugin2> component [register]
[10.412s] -- Looking for gz-plugin2-register -- found version 2.0.4
[10.416s] -- Searching for dependencies of gz-plugin2-register
[10.436s] -- Looking for gz-transport13 -- found version 13.4.1
[10.437s] -- Searching for dependencies of gz-transport13
[10.595s] -- Config-file not installed for ZeroMQ -- checking for pkg-config
[10.618s] -- Checking for module 'libzmq >= 4'
[10.733s] --   Found libzmq, version 4.3.5
[11.021s] -- Found ZeroMQ: TRUE (Required is at least version "4") 
[11.059s] -- Looking for gz-utils2 -- found version 2.2.1
[11.075s] -- Looking for gz-msgs10 -- found version 10.3.2
[11.076s] -- Searching for dependencies of gz-msgs10
[11.163s] -- Looking for gz-utils2 -- found version 2.2.1
[11.165s] -- Looking for gz-math7 -- found version 7.5.2
[11.246s] -- Looking for gz-rendering8 -- found version 8.2.2
[11.247s] -- Searching for dependencies of gz-rendering8
[11.248s] -- Looking for gz-math7 -- found version 7.5.2
[11.248s] -- Searching for dependencies of gz-math7
[11.250s] -- Looking for gz-utils2 -- found version 2.2.1
[11.250s] -- Searching for <gz-math7> component [eigen3]
[11.270s] -- Looking for gz-math7-eigen3 -- found version 7.5.2
[11.273s] -- Searching for dependencies of gz-math7-eigen3
[11.362s] -- Looking for gz-common5 -- found version 5.7.1
[11.363s] -- Searching for dependencies of gz-common5
[11.366s] -- Looking for gz-utils2 -- found version 2.2.1
[11.366s] -- Looking for dlfcn.h - found
[11.373s] -- Looking for libdl - found
[11.411s] -- Searching for <gz-common5> component [graphics]
[11.430s] -- Looking for gz-common5-graphics -- found version 5.7.1
[11.431s] -- Searching for dependencies of gz-common5-graphics
[11.432s] -- Looking for gz-math7 -- found version 7.5.2
[11.466s] -- Found GzAssimp: TRUE (found version "5.3.0") 
[11.472s] -- Searching for <gz-common5> component [events]
[11.488s] -- Looking for gz-common5-events -- found version 5.7.1
[11.489s] -- Searching for dependencies of gz-common5-events
[11.491s] -- Looking for gz-math7 -- found version 7.5.2
[11.497s] -- Searching for <gz-common5> component [geospatial]
[11.530s] -- Looking for gz-common5-geospatial -- found version 5.7.1
[11.531s] -- Searching for dependencies of gz-common5-geospatial
[11.532s] -- Looking for gz-math7 -- found version 7.5.2
[11.533s] -- Looking for gz-common5 -- found version 5.7.1
[11.557s] -- Looking for gz-plugin2 -- found version 2.0.4
[11.558s] -- Searching for dependencies of gz-plugin2
[11.559s] -- Looking for gz-utils2 -- found version 2.2.1
[11.560s] -- Searching for <gz-plugin2> component [all]
[11.580s] -- Looking for all libraries of gz-plugin2 -- found version 2.0.4
[11.582s] -- Looking for gz-plugin2 -- found version 2.0.4
[11.590s] -- Looking for gz-utils2 -- found version 2.2.1
[11.704s] -- Found OpenGL: /usr/lib/x86_64-linux-gnu/libOpenGL.so  found components: OpenGL 
[11.732s] -- Looking for gz-msgs10 -- found version 10.3.2
[12.088s] -- Found ament_lint_auto: 0.17.3 (/opt/ros/jazzy/share/ament_lint_auto/cmake)
[13.052s] -- Looking for gz-gui8 -- found version 8.4.0
[13.083s] -- Looking for gz-common5 -- found version 5.7.1
[13.137s] -- Added test 'cppcheck' to perform static code analysis on C / C++ code
[13.138s] -- Configured cppcheck include dirs: 
[13.138s] -- Configured cppcheck exclude dirs and/or files: 
[13.146s] -- Added test 'cpplint' to check C / C++ code against the Google style
[13.147s] -- Configured cpplint exclude dirs and/or files: 
[13.161s] -- Added test 'lint_cmake' to check CMake code style
[13.169s] -- Added test 'xmllint' to check XML markup files
[13.199s] -- Configuring done (12.8s)
[13.310s] -- Generating done (0.1s)
[13.349s] -- Build files have been written to: /home/bachelor/ros2_ws/build/turtlebot4_gz_gui_plugins
[13.413s] Invoked command in '/home/bachelor/ros2_ws/build/turtlebot4_gz_gui_plugins' returned '0': CMAKE_PREFIX_PATH=${CMAKE_PREFIX_PATH}:/home/bachelor/ros2_ws/install/v1_topic_pkg:/home/bachelor/ros2_ws/install/my_py_pkg:/opt/ros/jazzy DEBUGINFOD_URLS=https://debuginfod.ubuntu.com /usr/bin/cmake /home/bachelor/ros2_ws/src/turtlebot4_simulator/turtlebot4_gz_gui_plugins -DCMAKE_INSTALL_PREFIX=/home/bachelor/ros2_ws/install/turtlebot4_gz_gui_plugins
[13.415s] Invoking command in '/home/bachelor/ros2_ws/build/turtlebot4_gz_gui_plugins': CMAKE_PREFIX_PATH=${CMAKE_PREFIX_PATH}:/home/bachelor/ros2_ws/install/v1_topic_pkg:/home/bachelor/ros2_ws/install/my_py_pkg:/opt/ros/jazzy DEBUGINFOD_URLS=https://debuginfod.ubuntu.com /usr/bin/cmake --build /home/bachelor/ros2_ws/build/turtlebot4_gz_gui_plugins -- -j1 -l1
[13.746s] [  0%] Built target Turtlebot4Hmi_autogen_timestamp_deps
[13.880s] [ 14%] [34m[1mAutomatic MOC for target Turtlebot4Hmi[0m
[24.109s] [ 14%] Built target Turtlebot4Hmi_autogen
[24.156s] [ 28%] [34m[1mGenerating qrc_Turtlebot4Hmi.cpp[0m
[24.357s] [ 42%] [32mBuilding CXX object Turtlebot4Hmi/CMakeFiles/Turtlebot4Hmi.dir/Turtlebot4Hmi_autogen/mocs_compilation.cpp.o[0m
[66.814s] [ 57%] [32mBuilding CXX object Turtlebot4Hmi/CMakeFiles/Turtlebot4Hmi.dir/Turtlebot4Hmi.cc.o[0m
[95.090s] [ 71%] [32mBuilding CXX object Turtlebot4Hmi/CMakeFiles/Turtlebot4Hmi.dir/qrc_Turtlebot4Hmi.cpp.o[0m
[95.303s] [ 85%] [32m[1mLinking CXX shared library libTurtlebot4Hmi.so[0m
[96.824s] [100%] Built target Turtlebot4Hmi
[96.891s] Invoked command in '/home/bachelor/ros2_ws/build/turtlebot4_gz_gui_plugins' returned '0': CMAKE_PREFIX_PATH=${CMAKE_PREFIX_PATH}:/home/bachelor/ros2_ws/install/v1_topic_pkg:/home/bachelor/ros2_ws/install/my_py_pkg:/opt/ros/jazzy DEBUGINFOD_URLS=https://debuginfod.ubuntu.com /usr/bin/cmake --build /home/bachelor/ros2_ws/build/turtlebot4_gz_gui_plugins -- -j1 -l1
[96.934s] Invoking command in '/home/bachelor/ros2_ws/build/turtlebot4_gz_gui_plugins': CMAKE_PREFIX_PATH=${CMAKE_PREFIX_PATH}:/home/bachelor/ros2_ws/install/v1_topic_pkg:/home/bachelor/ros2_ws/install/my_py_pkg:/opt/ros/jazzy DEBUGINFOD_URLS=https://debuginfod.ubuntu.com /usr/bin/cmake --install /home/bachelor/ros2_ws/build/turtlebot4_gz_gui_plugins
[96.993s] -- Install configuration: ""
[96.993s] -- Installing: /home/bachelor/ros2_ws/install/turtlebot4_gz_gui_plugins/share/ament_index/resource_index/package_run_dependencies/turtlebot4_gz_gui_plugins
[96.994s] -- Installing: /home/bachelor/ros2_ws/install/turtlebot4_gz_gui_plugins/share/ament_index/resource_index/parent_prefix_path/turtlebot4_gz_gui_plugins
[96.995s] -- Installing: /home/bachelor/ros2_ws/install/turtlebot4_gz_gui_plugins/share/turtlebot4_gz_gui_plugins/environment/ament_prefix_path.sh
[96.996s] -- Installing: /home/bachelor/ros2_ws/install/turtlebot4_gz_gui_plugins/share/turtlebot4_gz_gui_plugins/environment/ament_prefix_path.dsv
[96.996s] -- Installing: /home/bachelor/ros2_ws/install/turtlebot4_gz_gui_plugins/share/turtlebot4_gz_gui_plugins/environment/path.sh
[96.997s] -- Installing: /home/bachelor/ros2_ws/install/turtlebot4_gz_gui_plugins/share/turtlebot4_gz_gui_plugins/environment/path.dsv
[96.999s] -- Installing: /home/bachelor/ros2_ws/install/turtlebot4_gz_gui_plugins/share/turtlebot4_gz_gui_plugins/local_setup.bash
[97.012s] -- Installing: /home/bachelor/ros2_ws/install/turtlebot4_gz_gui_plugins/share/turtlebot4_gz_gui_plugins/local_setup.sh
[97.012s] -- Installing: /home/bachelor/ros2_ws/install/turtlebot4_gz_gui_plugins/share/turtlebot4_gz_gui_plugins/local_setup.zsh
[97.012s] -- Installing: /home/bachelor/ros2_ws/install/turtlebot4_gz_gui_plugins/share/turtlebot4_gz_gui_plugins/local_setup.dsv
[97.013s] -- Installing: /home/bachelor/ros2_ws/install/turtlebot4_gz_gui_plugins/share/turtlebot4_gz_gui_plugins/package.dsv
[97.013s] -- Installing: /home/bachelor/ros2_ws/install/turtlebot4_gz_gui_plugins/share/ament_index/resource_index/packages/turtlebot4_gz_gui_plugins
[97.013s] -- Installing: /home/bachelor/ros2_ws/install/turtlebot4_gz_gui_plugins/share/turtlebot4_gz_gui_plugins/cmake/turtlebot4_gz_gui_pluginsConfig.cmake
[97.013s] -- Installing: /home/bachelor/ros2_ws/install/turtlebot4_gz_gui_plugins/share/turtlebot4_gz_gui_plugins/cmake/turtlebot4_gz_gui_pluginsConfig-version.cmake
[97.013s] -- Installing: /home/bachelor/ros2_ws/install/turtlebot4_gz_gui_plugins/share/turtlebot4_gz_gui_plugins/package.xml
[97.017s] -- Installing: /home/bachelor/ros2_ws/install/turtlebot4_gz_gui_plugins/share/turtlebot4_gz_gui_plugins/lib/libTurtlebot4Hmi.so
[97.017s] -- Set non-toolchain portion of runtime path of "/home/bachelor/ros2_ws/install/turtlebot4_gz_gui_plugins/share/turtlebot4_gz_gui_plugins/lib/libTurtlebot4Hmi.so" to ""
[97.027s] Invoked command in '/home/bachelor/ros2_ws/build/turtlebot4_gz_gui_plugins' returned '0': CMAKE_PREFIX_PATH=${CMAKE_PREFIX_PATH}:/home/bachelor/ros2_ws/install/v1_topic_pkg:/home/bachelor/ros2_ws/install/my_py_pkg:/opt/ros/jazzy DEBUGINFOD_URLS=https://debuginfod.ubuntu.com /usr/bin/cmake --install /home/bachelor/ros2_ws/build/turtlebot4_gz_gui_plugins
