[16.186s] Invoking command in '/home/bachelor/ros2_ws/src/v1_topic_pkg': DEBUGINFOD_URLS=https://debuginfod.ubuntu.com PYTHONPATH=/home/bachelor/ros2_ws/build/v1_topic_pkg/prefix_override:/usr/lib/python3/dist-packages/colcon_core/task/python/colcon_distutils_commands:/home/bachelor/ros2_ws/install/v1_topic_pkg/lib/python3.12/site-packages:/home/bachelor/ros2_ws/install/v2_service_interface/lib/python3.12/site-packages:/home/bachelor/ros2_ws/install/v1_topic_pkg/lib/python3.12/site-packages:/home/bachelor/ros2_ws/install/my_py_pkg/lib/python3.12/site-packages:/home/bachelor/ros2_ws/install/my_tutorial_interfaces/lib/python3.12/site-packages:/home/bachelor/ros2_ws/src/v1_topic_pkg/install/v1_topic_pkg/lib/python3.12/site-packages:/opt/ros/jazzy/lib/python3.12/site-packages /usr/bin/python3 -W ignore:setup.py install is deprecated -W ignore:easy_install command is deprecated setup.py egg_info --egg-base ../../build/v1_topic_pkg build --build-base /home/bachelor/ros2_ws/build/v1_topic_pkg/build install --record /home/bachelor/ros2_ws/build/v1_topic_pkg/install.log --single-version-externally-managed install_data
[18.444s] running egg_info
[18.644s] writing ../../build/v1_topic_pkg/v1_topic_pkg.egg-info/PKG-INFO
[18.674s] writing dependency_links to ../../build/v1_topic_pkg/v1_topic_pkg.egg-info/dependency_links.txt
[18.703s] writing entry points to ../../build/v1_topic_pkg/v1_topic_pkg.egg-info/entry_points.txt
[18.715s] writing requirements to ../../build/v1_topic_pkg/v1_topic_pkg.egg-info/requires.txt
[18.721s] writing top-level names to ../../build/v1_topic_pkg/v1_topic_pkg.egg-info/top_level.txt
[19.070s] reading manifest file '../../build/v1_topic_pkg/v1_topic_pkg.egg-info/SOURCES.txt'
[19.087s] writing manifest file '../../build/v1_topic_pkg/v1_topic_pkg.egg-info/SOURCES.txt'
[19.110s] running build
[19.111s] running build_py
[19.121s] copying v1_topic_pkg/laser_data_publisher.py -> /home/bachelor/ros2_ws/build/v1_topic_pkg/build/lib/v1_topic_pkg
[19.131s] running install
[19.169s] running install_lib
[19.276s] copying /home/bachelor/ros2_ws/build/v1_topic_pkg/build/lib/v1_topic_pkg/laser_data_publisher.py -> /home/bachelor/ros2_ws/install/v1_topic_pkg/lib/python3.12/site-packages/v1_topic_pkg
[19.365s] byte-compiling /home/bachelor/ros2_ws/install/v1_topic_pkg/lib/python3.12/site-packages/v1_topic_pkg/laser_data_publisher.py to laser_data_publisher.cpython-312.pyc
[19.485s] running install_data
[19.577s] running install_egg_info
[20.031s] removing '/home/bachelor/ros2_ws/install/v1_topic_pkg/lib/python3.12/site-packages/v1_topic_pkg-0.0.0-py3.12.egg-info' (and everything under it)
[20.095s] Copying ../../build/v1_topic_pkg/v1_topic_pkg.egg-info to /home/bachelor/ros2_ws/install/v1_topic_pkg/lib/python3.12/site-packages/v1_topic_pkg-0.0.0-py3.12.egg-info
[20.128s] running install_scripts
[25.413s] Installing laser_data_publisher script to /home/bachelor/ros2_ws/install/v1_topic_pkg/lib/v1_topic_pkg
[25.433s] Installing laser_data_subscriber script to /home/bachelor/ros2_ws/install/v1_topic_pkg/lib/v1_topic_pkg
[25.517s] Installing set_scan_frequency_client script to /home/bachelor/ros2_ws/install/v1_topic_pkg/lib/v1_topic_pkg
[25.526s] writing list of installed files to '/home/bachelor/ros2_ws/build/v1_topic_pkg/install.log'
[26.168s] Invoked command in '/home/bachelor/ros2_ws/src/v1_topic_pkg' returned '0': DEBUGINFOD_URLS=https://debuginfod.ubuntu.com PYTHONPATH=/home/bachelor/ros2_ws/build/v1_topic_pkg/prefix_override:/usr/lib/python3/dist-packages/colcon_core/task/python/colcon_distutils_commands:/home/bachelor/ros2_ws/install/v1_topic_pkg/lib/python3.12/site-packages:/home/bachelor/ros2_ws/install/v2_service_interface/lib/python3.12/site-packages:/home/bachelor/ros2_ws/install/v1_topic_pkg/lib/python3.12/site-packages:/home/bachelor/ros2_ws/install/my_py_pkg/lib/python3.12/site-packages:/home/bachelor/ros2_ws/install/my_tutorial_interfaces/lib/python3.12/site-packages:/home/bachelor/ros2_ws/src/v1_topic_pkg/install/v1_topic_pkg/lib/python3.12/site-packages:/opt/ros/jazzy/lib/python3.12/site-packages /usr/bin/python3 -W ignore:setup.py install is deprecated -W ignore:easy_install command is deprecated setup.py egg_info --egg-base ../../build/v1_topic_pkg build --build-base /home/bachelor/ros2_ws/build/v1_topic_pkg/build install --record /home/bachelor/ros2_ws/build/v1_topic_pkg/install.log --single-version-externally-managed install_data
