[6.127s] Invoking command in '/home/bachelor/ros2_ws/src/v1_topic_pkg': DEBUGINFOD_URLS=https://debuginfod.ubuntu.com PYTHONPATH=/home/bachelor/ros2_ws/build/v1_topic_pkg/prefix_override:/usr/lib/python3/dist-packages/colcon_core/task/python/colcon_distutils_commands:/home/bachelor/ros2_ws/install/v1_topic_pkg/lib/python3.12/site-packages:${PYTHONPATH} /usr/bin/python3 -W ignore:setup.py install is deprecated -W ignore:easy_install command is deprecated setup.py egg_info --egg-base ../../build/v1_topic_pkg build --build-base /home/bachelor/ros2_ws/build/v1_topic_pkg/build install --record /home/bachelor/ros2_ws/build/v1_topic_pkg/install.log --single-version-externally-managed install_data
[7.865s] running egg_info
[7.873s] creating ../../build/v1_topic_pkg/v1_topic_pkg.egg-info
[7.988s] writing ../../build/v1_topic_pkg/v1_topic_pkg.egg-info/PKG-INFO
[7.993s] writing dependency_links to ../../build/v1_topic_pkg/v1_topic_pkg.egg-info/dependency_links.txt
[7.994s] writing requirements to ../../build/v1_topic_pkg/v1_topic_pkg.egg-info/requires.txt
[7.996s] writing top-level names to ../../build/v1_topic_pkg/v1_topic_pkg.egg-info/top_level.txt
[7.998s] writing manifest file '../../build/v1_topic_pkg/v1_topic_pkg.egg-info/SOURCES.txt'
[8.258s] reading manifest file '../../build/v1_topic_pkg/v1_topic_pkg.egg-info/SOURCES.txt'
[8.260s] writing manifest file '../../build/v1_topic_pkg/v1_topic_pkg.egg-info/SOURCES.txt'
[8.289s] running build
[8.290s] running build_py
[8.290s] creating /home/bachelor/ros2_ws/build/v1_topic_pkg/build
[8.291s] creating /home/bachelor/ros2_ws/build/v1_topic_pkg/build/lib
[8.291s] creating /home/bachelor/ros2_ws/build/v1_topic_pkg/build/lib/v1_topic_pkg
[8.291s] copying v1_topic_pkg/__init__.py -> /home/bachelor/ros2_ws/build/v1_topic_pkg/build/lib/v1_topic_pkg
[8.311s] running install
[8.332s] running install_lib
[8.484s] creating /home/bachelor/ros2_ws/install/v1_topic_pkg/lib/python3.12/site-packages/v1_topic_pkg
[8.501s] copying /home/bachelor/ros2_ws/build/v1_topic_pkg/build/lib/v1_topic_pkg/__init__.py -> /home/bachelor/ros2_ws/install/v1_topic_pkg/lib/python3.12/site-packages/v1_topic_pkg
[8.502s] byte-compiling /home/bachelor/ros2_ws/install/v1_topic_pkg/lib/python3.12/site-packages/v1_topic_pkg/__init__.py to __init__.cpython-312.pyc
[8.502s] running install_data
[8.503s] creating /home/bachelor/ros2_ws/install/v1_topic_pkg/share/ament_index
[8.505s] creating /home/bachelor/ros2_ws/install/v1_topic_pkg/share/ament_index/resource_index
[8.506s] creating /home/bachelor/ros2_ws/install/v1_topic_pkg/share/ament_index/resource_index/packages
[8.507s] copying resource/v1_topic_pkg -> /home/bachelor/ros2_ws/install/v1_topic_pkg/share/ament_index/resource_index/packages
[8.517s] copying package.xml -> /home/bachelor/ros2_ws/install/v1_topic_pkg/share/v1_topic_pkg
[8.518s] running install_egg_info
[8.639s] Copying ../../build/v1_topic_pkg/v1_topic_pkg.egg-info to /home/bachelor/ros2_ws/install/v1_topic_pkg/lib/python3.12/site-packages/v1_topic_pkg-0.0.0-py3.12.egg-info
[8.642s] running install_scripts
[9.477s] writing list of installed files to '/home/bachelor/ros2_ws/build/v1_topic_pkg/install.log'
[9.654s] Invoked command in '/home/bachelor/ros2_ws/src/v1_topic_pkg' returned '0': DEBUGINFOD_URLS=https://debuginfod.ubuntu.com PYTHONPATH=/home/bachelor/ros2_ws/build/v1_topic_pkg/prefix_override:/usr/lib/python3/dist-packages/colcon_core/task/python/colcon_distutils_commands:/home/bachelor/ros2_ws/install/v1_topic_pkg/lib/python3.12/site-packages:${PYTHONPATH} /usr/bin/python3 -W ignore:setup.py install is deprecated -W ignore:easy_install command is deprecated setup.py egg_info --egg-base ../../build/v1_topic_pkg build --build-base /home/bachelor/ros2_ws/build/v1_topic_pkg/build install --record /home/bachelor/ros2_ws/build/v1_topic_pkg/install.log --single-version-externally-managed install_data
