/home/bachelor/ros2_ws/src/my_py_pkg/install/my_py_pkg/lib/python3.12/site-packages/my_py_pkg/number_counter.py
/home/bachelor/ros2_ws/src/my_py_pkg/install/my_py_pkg/lib/python3.12/site-packages/my_py_pkg/my_first_node.py
/home/bachelor/ros2_ws/src/my_py_pkg/install/my_py_pkg/lib/python3.12/site-packages/my_py_pkg/__init__.py
/home/bachelor/ros2_ws/src/my_py_pkg/install/my_py_pkg/lib/python3.12/site-packages/my_py_pkg/number_publisher.py
/home/bachelor/ros2_ws/src/my_py_pkg/install/my_py_pkg/lib/python3.12/site-packages/my_py_pkg/__pycache__/number_counter.cpython-312.pyc
/home/bachelor/ros2_ws/src/my_py_pkg/install/my_py_pkg/lib/python3.12/site-packages/my_py_pkg/__pycache__/my_first_node.cpython-312.pyc
/home/bachelor/ros2_ws/src/my_py_pkg/install/my_py_pkg/lib/python3.12/site-packages/my_py_pkg/__pycache__/__init__.cpython-312.pyc
/home/bachelor/ros2_ws/src/my_py_pkg/install/my_py_pkg/lib/python3.12/site-packages/my_py_pkg/__pycache__/number_publisher.cpython-312.pyc
/home/bachelor/ros2_ws/src/my_py_pkg/install/my_py_pkg/share/ament_index/resource_index/packages/my_py_pkg
/home/bachelor/ros2_ws/src/my_py_pkg/install/my_py_pkg/share/my_py_pkg/package.xml
/home/bachelor/ros2_ws/src/my_py_pkg/install/my_py_pkg/lib/python3.12/site-packages/my_py_pkg-0.0.0-py3.12.egg-info/entry_points.txt
/home/bachelor/ros2_ws/src/my_py_pkg/install/my_py_pkg/lib/python3.12/site-packages/my_py_pkg-0.0.0-py3.12.egg-info/PKG-INFO
/home/bachelor/ros2_ws/src/my_py_pkg/install/my_py_pkg/lib/python3.12/site-packages/my_py_pkg-0.0.0-py3.12.egg-info/SOURCES.txt
/home/bachelor/ros2_ws/src/my_py_pkg/install/my_py_pkg/lib/python3.12/site-packages/my_py_pkg-0.0.0-py3.12.egg-info/zip-safe
/home/bachelor/ros2_ws/src/my_py_pkg/install/my_py_pkg/lib/python3.12/site-packages/my_py_pkg-0.0.0-py3.12.egg-info/top_level.txt
/home/bachelor/ros2_ws/src/my_py_pkg/install/my_py_pkg/lib/python3.12/site-packages/my_py_pkg-0.0.0-py3.12.egg-info/requires.txt
/home/bachelor/ros2_ws/src/my_py_pkg/install/my_py_pkg/lib/python3.12/site-packages/my_py_pkg-0.0.0-py3.12.egg-info/dependency_links.txt
/home/bachelor/ros2_ws/src/my_py_pkg/install/my_py_pkg/lib/my_py_pkg/number_counter
/home/bachelor/ros2_ws/src/my_py_pkg/install/my_py_pkg/lib/my_py_pkg/number_publisher
/home/bachelor/ros2_ws/src/my_py_pkg/install/my_py_pkg/lib/my_py_pkg/test_node
