[0.617s] DEBUG:colcon:Command line arguments: ['/usr/bin/colcon', 'build', '--packages-select', 'my_py_pkg']
[0.618s] DEBUG:colcon:Parsed command line arguments: Namespace(log_base=None, log_level=None, verb_name='build', build_base='build', install_base='install', merge_install=False, symlink_install=False, test_result_base=None, continue_on_error=False, executor='parallel', parallel_workers=1, event_handlers=None, ignore_user_meta=False, metas=['./colcon.meta'], base_paths=['.'], packages_ignore=None, packages_ignore_regex=None, paths=None, packages_up_to=None, packages_up_to_regex=None, packages_above=None, packages_above_and_dependencies=None, packages_above_depth=None, packages_select_by_dep=None, packages_skip_by_dep=None, packages_skip_up_to=None, packages_select_build_failed=False, packages_skip_build_finished=False, packages_select_test_failures=False, packages_skip_test_passed=False, packages_select=['my_py_pkg'], packages_skip=None, packages_select_regex=None, packages_skip_regex=None, packages_start=None, packages_end=None, allow_overriding=[], cmake_args=None, cmake_target=None, cmake_target_skip_unavailable=False, cmake_clean_cache=False, cmake_clean_first=False, cmake_force_configure=False, ament_cmake_args=None, catkin_cmake_args=None, catkin_skip_building_tests=False, mixin_files=None, mixin=None, verb_parser=<colcon_mixin.mixin.mixin_argument.MixinArgumentDecorator object at 0x792cb3f77800>, verb_extension=<colcon_core.verb.build.BuildVerb object at 0x792cb3f773e0>, main=<bound method BuildVerb.main of <colcon_core.verb.build.BuildVerb object at 0x792cb3f773e0>>, mixin_verb=('build',))
[0.815s] Level 1:colcon.colcon_core.package_discovery:discover_packages(colcon_meta) check parameters
[0.816s] Level 1:colcon.colcon_core.package_discovery:discover_packages(recursive) check parameters
[0.816s] Level 1:colcon.colcon_core.package_discovery:discover_packages(ignore) check parameters
[0.816s] Level 1:colcon.colcon_core.package_discovery:discover_packages(path) check parameters
[0.816s] Level 1:colcon.colcon_core.package_discovery:discover_packages(colcon_meta) discover
[0.817s] Level 1:colcon.colcon_core.package_discovery:discover_packages(recursive) discover
[0.817s] INFO:colcon.colcon_core.package_discovery:Crawling recursively for packages in '/home/bachelor/ros2_ws'
[0.817s] Level 1:colcon.colcon_core.package_identification:_identify(.) by extensions ['ignore', 'ignore_ament_install']
[0.817s] Level 1:colcon.colcon_core.package_identification:_identify(.) by extension 'ignore'
[0.818s] Level 1:colcon.colcon_core.package_identification:_identify(.) by extension 'ignore_ament_install'
[0.818s] Level 1:colcon.colcon_core.package_identification:_identify(.) by extensions ['colcon_pkg']
[0.819s] Level 1:colcon.colcon_core.package_identification:_identify(.) by extension 'colcon_pkg'
[0.819s] Level 1:colcon.colcon_core.package_identification:_identify(.) by extensions ['colcon_meta']
[0.819s] Level 1:colcon.colcon_core.package_identification:_identify(.) by extension 'colcon_meta'
[0.825s] Level 1:colcon.colcon_core.package_identification:_identify(.) by extensions ['ros']
[0.825s] Level 1:colcon.colcon_core.package_identification:_identify(.) by extension 'ros'
[0.931s] Level 1:colcon.colcon_core.package_identification:_identify(.) by extensions ['cmake', 'python']
[0.931s] Level 1:colcon.colcon_core.package_identification:_identify(.) by extension 'cmake'
[0.931s] Level 1:colcon.colcon_core.package_identification:_identify(.) by extension 'python'
[0.931s] Level 1:colcon.colcon_core.package_identification:_identify(.) by extensions ['python_setup_py']
[0.931s] Level 1:colcon.colcon_core.package_identification:_identify(.) by extension 'python_setup_py'
[0.931s] Level 1:colcon.colcon_core.package_identification:_identify(build) by extensions ['ignore', 'ignore_ament_install']
[0.931s] Level 1:colcon.colcon_core.package_identification:_identify(build) by extension 'ignore'
[0.932s] Level 1:colcon.colcon_core.package_identification:_identify(build) ignored
[0.932s] Level 1:colcon.colcon_core.package_identification:_identify(install) by extensions ['ignore', 'ignore_ament_install']
[0.932s] Level 1:colcon.colcon_core.package_identification:_identify(install) by extension 'ignore'
[0.932s] Level 1:colcon.colcon_core.package_identification:_identify(install) ignored
[0.932s] Level 1:colcon.colcon_core.package_identification:_identify(log) by extensions ['ignore', 'ignore_ament_install']
[0.932s] Level 1:colcon.colcon_core.package_identification:_identify(log) by extension 'ignore'
[0.932s] Level 1:colcon.colcon_core.package_identification:_identify(log) ignored
[0.933s] Level 1:colcon.colcon_core.package_identification:_identify(src) by extensions ['ignore', 'ignore_ament_install']
[0.933s] Level 1:colcon.colcon_core.package_identification:_identify(src) by extension 'ignore'
[0.933s] Level 1:colcon.colcon_core.package_identification:_identify(src) by extension 'ignore_ament_install'
[0.933s] Level 1:colcon.colcon_core.package_identification:_identify(src) by extensions ['colcon_pkg']
[0.933s] Level 1:colcon.colcon_core.package_identification:_identify(src) by extension 'colcon_pkg'
[0.946s] Level 1:colcon.colcon_core.package_identification:_identify(src) by extensions ['colcon_meta']
[0.946s] Level 1:colcon.colcon_core.package_identification:_identify(src) by extension 'colcon_meta'
[0.946s] Level 1:colcon.colcon_core.package_identification:_identify(src) by extensions ['ros']
[0.946s] Level 1:colcon.colcon_core.package_identification:_identify(src) by extension 'ros'
[0.947s] Level 1:colcon.colcon_core.package_identification:_identify(src) by extensions ['cmake', 'python']
[0.947s] Level 1:colcon.colcon_core.package_identification:_identify(src) by extension 'cmake'
[0.947s] Level 1:colcon.colcon_core.package_identification:_identify(src) by extension 'python'
[0.947s] Level 1:colcon.colcon_core.package_identification:_identify(src) by extensions ['python_setup_py']
[0.947s] Level 1:colcon.colcon_core.package_identification:_identify(src) by extension 'python_setup_py'
[0.947s] Level 1:colcon.colcon_core.package_identification:_identify(src/my_py_pkg) by extensions ['ignore', 'ignore_ament_install']
[0.947s] Level 1:colcon.colcon_core.package_identification:_identify(src/my_py_pkg) by extension 'ignore'
[0.947s] Level 1:colcon.colcon_core.package_identification:_identify(src/my_py_pkg) by extension 'ignore_ament_install'
[0.948s] Level 1:colcon.colcon_core.package_identification:_identify(src/my_py_pkg) by extensions ['colcon_pkg']
[0.948s] Level 1:colcon.colcon_core.package_identification:_identify(src/my_py_pkg) by extension 'colcon_pkg'
[0.948s] Level 1:colcon.colcon_core.package_identification:_identify(src/my_py_pkg) by extensions ['colcon_meta']
[0.948s] Level 1:colcon.colcon_core.package_identification:_identify(src/my_py_pkg) by extension 'colcon_meta'
[0.948s] Level 1:colcon.colcon_core.package_identification:_identify(src/my_py_pkg) by extensions ['ros']
[0.948s] Level 1:colcon.colcon_core.package_identification:_identify(src/my_py_pkg) by extension 'ros'
[0.961s] DEBUG:colcon.colcon_core.package_identification:Package 'src/my_py_pkg' with type 'ros.ament_python' and name 'my_py_pkg'
[0.961s] Level 1:colcon.colcon_core.package_identification:_identify(src/my_tutorial_interfaces) by extensions ['ignore', 'ignore_ament_install']
[0.962s] Level 1:colcon.colcon_core.package_identification:_identify(src/my_tutorial_interfaces) by extension 'ignore'
[0.962s] Level 1:colcon.colcon_core.package_identification:_identify(src/my_tutorial_interfaces) by extension 'ignore_ament_install'
[0.962s] Level 1:colcon.colcon_core.package_identification:_identify(src/my_tutorial_interfaces) by extensions ['colcon_pkg']
[0.962s] Level 1:colcon.colcon_core.package_identification:_identify(src/my_tutorial_interfaces) by extension 'colcon_pkg'
[0.962s] Level 1:colcon.colcon_core.package_identification:_identify(src/my_tutorial_interfaces) by extensions ['colcon_meta']
[0.962s] Level 1:colcon.colcon_core.package_identification:_identify(src/my_tutorial_interfaces) by extension 'colcon_meta'
[0.962s] Level 1:colcon.colcon_core.package_identification:_identify(src/my_tutorial_interfaces) by extensions ['ros']
[0.962s] Level 1:colcon.colcon_core.package_identification:_identify(src/my_tutorial_interfaces) by extension 'ros'
[0.963s] DEBUG:colcon.colcon_core.package_identification:Package 'src/my_tutorial_interfaces' with type 'ros.ament_cmake' and name 'my_tutorial_interfaces'
[0.963s] Level 1:colcon.colcon_core.package_discovery:discover_packages(recursive) using defaults
[0.964s] Level 1:colcon.colcon_core.package_discovery:discover_packages(ignore) discover
[0.964s] Level 1:colcon.colcon_core.package_discovery:discover_packages(ignore) using defaults
[0.964s] Level 1:colcon.colcon_core.package_discovery:discover_packages(path) discover
[0.964s] Level 1:colcon.colcon_core.package_discovery:discover_packages(path) using defaults
[1.065s] INFO:colcon.colcon_core.package_selection:Skipping not selected package 'my_tutorial_interfaces' in 'src/my_tutorial_interfaces'
[1.066s] Level 1:colcon.colcon_core.package_discovery:discover_packages(prefix_path) check parameters
[1.066s] Level 1:colcon.colcon_core.package_discovery:discover_packages(prefix_path) discover
[1.076s] DEBUG:colcon.colcon_installed_package_information.package_discovery:Found 2 installed packages in /home/bachelor/ros2_ws/install
[1.082s] DEBUG:colcon.colcon_installed_package_information.package_discovery:Found 285 installed packages in /opt/ros/jazzy
[1.088s] Level 1:colcon.colcon_core.package_discovery:discover_packages(prefix_path) using defaults
[1.294s] Level 5:colcon.colcon_core.verb:set package 'my_py_pkg' build argument 'cmake_args' from command line to 'None'
[1.294s] Level 5:colcon.colcon_core.verb:set package 'my_py_pkg' build argument 'cmake_target' from command line to 'None'
[1.294s] Level 5:colcon.colcon_core.verb:set package 'my_py_pkg' build argument 'cmake_target_skip_unavailable' from command line to 'False'
[1.294s] Level 5:colcon.colcon_core.verb:set package 'my_py_pkg' build argument 'cmake_clean_cache' from command line to 'False'
[1.295s] Level 5:colcon.colcon_core.verb:set package 'my_py_pkg' build argument 'cmake_clean_first' from command line to 'False'
[1.295s] Level 5:colcon.colcon_core.verb:set package 'my_py_pkg' build argument 'cmake_force_configure' from command line to 'False'
[1.295s] Level 5:colcon.colcon_core.verb:set package 'my_py_pkg' build argument 'ament_cmake_args' from command line to 'None'
[1.295s] Level 5:colcon.colcon_core.verb:set package 'my_py_pkg' build argument 'catkin_cmake_args' from command line to 'None'
[1.295s] Level 5:colcon.colcon_core.verb:set package 'my_py_pkg' build argument 'catkin_skip_building_tests' from command line to 'False'
[1.298s] DEBUG:colcon.colcon_core.verb:Building package 'my_py_pkg' with the following arguments: {'ament_cmake_args': None, 'build_base': '/home/bachelor/ros2_ws/build/my_py_pkg', 'catkin_cmake_args': None, 'catkin_skip_building_tests': False, 'cmake_args': None, 'cmake_clean_cache': False, 'cmake_clean_first': False, 'cmake_force_configure': False, 'cmake_target': None, 'cmake_target_skip_unavailable': False, 'install_base': '/home/bachelor/ros2_ws/install/my_py_pkg', 'merge_install': False, 'path': '/home/bachelor/ros2_ws/src/my_py_pkg', 'symlink_install': False, 'test_result_base': None}
[1.298s] INFO:colcon.colcon_core.executor:Executing jobs using 'parallel' executor
[1.300s] DEBUG:colcon.colcon_parallel_executor.executor.parallel:run_until_complete
[1.300s] INFO:colcon.colcon_ros.task.ament_python.build:Building ROS package in '/home/bachelor/ros2_ws/src/my_py_pkg' with build type 'ament_python'
[1.301s] Level 1:colcon.colcon_core.shell:create_environment_hook('my_py_pkg', 'ament_prefix_path')
[1.332s] INFO:colcon.colcon_core.plugin_system:Skipping extension 'colcon_core.shell.bat': Not used on non-Windows systems
[1.332s] INFO:colcon.colcon_core.shell:Creating environment hook '/home/bachelor/ros2_ws/install/my_py_pkg/share/my_py_pkg/hook/ament_prefix_path.ps1'
[1.341s] INFO:colcon.colcon_core.shell:Creating environment descriptor '/home/bachelor/ros2_ws/install/my_py_pkg/share/my_py_pkg/hook/ament_prefix_path.dsv'
[1.344s] INFO:colcon.colcon_core.shell:Creating environment hook '/home/bachelor/ros2_ws/install/my_py_pkg/share/my_py_pkg/hook/ament_prefix_path.sh'
[1.348s] INFO:colcon.colcon_core.shell:Skip shell extension 'powershell' for command environment: Not usable outside of PowerShell
[1.348s] DEBUG:colcon.colcon_core.shell:Skip shell extension 'dsv' for command environment
[4.129s] INFO:colcon.colcon_core.task.python.build:Building Python package in '/home/bachelor/ros2_ws/src/my_py_pkg'
[4.129s] INFO:colcon.colcon_core.shell:Skip shell extension 'powershell' for command environment: Not usable outside of PowerShell
[4.129s] DEBUG:colcon.colcon_core.shell:Skip shell extension 'dsv' for command environment
[8.894s] DEBUG:colcon.colcon_core.event_handler.log_command:Invoking command in '/home/bachelor/ros2_ws/src/my_py_pkg': DEBUGINFOD_URLS=https://debuginfod.ubuntu.com PYTHONPATH=/home/bachelor/ros2_ws/build/my_py_pkg/prefix_override:/usr/lib/python3/dist-packages/colcon_core/task/python/colcon_distutils_commands:/home/bachelor/ros2_ws/install/my_py_pkg/lib/python3.12/site-packages:${PYTHONPATH} /usr/bin/python3 -W ignore:setup.py install is deprecated -W ignore:easy_install command is deprecated setup.py egg_info --egg-base ../../build/my_py_pkg build --build-base /home/bachelor/ros2_ws/build/my_py_pkg/build install --record /home/bachelor/ros2_ws/build/my_py_pkg/install.log --single-version-externally-managed install_data
[12.291s] DEBUG:colcon.colcon_core.event_handler.log_command:Invoked command in '/home/bachelor/ros2_ws/src/my_py_pkg' returned '0': DEBUGINFOD_URLS=https://debuginfod.ubuntu.com PYTHONPATH=/home/bachelor/ros2_ws/build/my_py_pkg/prefix_override:/usr/lib/python3/dist-packages/colcon_core/task/python/colcon_distutils_commands:/home/bachelor/ros2_ws/install/my_py_pkg/lib/python3.12/site-packages:${PYTHONPATH} /usr/bin/python3 -W ignore:setup.py install is deprecated -W ignore:easy_install command is deprecated setup.py egg_info --egg-base ../../build/my_py_pkg build --build-base /home/bachelor/ros2_ws/build/my_py_pkg/build install --record /home/bachelor/ros2_ws/build/my_py_pkg/install.log --single-version-externally-managed install_data
[12.296s] Level 1:colcon.colcon_core.environment:checking '/home/bachelor/ros2_ws/install/my_py_pkg' for CMake module files
[12.297s] Level 1:colcon.colcon_core.environment:checking '/home/bachelor/ros2_ws/install/my_py_pkg' for CMake config files
[12.304s] Level 1:colcon.colcon_core.environment:checking '/home/bachelor/ros2_ws/install/my_py_pkg/lib'
[12.304s] Level 1:colcon.colcon_core.environment:checking '/home/bachelor/ros2_ws/install/my_py_pkg/bin'
[12.304s] Level 1:colcon.colcon_core.environment:checking '/home/bachelor/ros2_ws/install/my_py_pkg/lib/pkgconfig/my_py_pkg.pc'
[12.305s] Level 1:colcon.colcon_core.environment:checking '/home/bachelor/ros2_ws/install/my_py_pkg/lib/python3.12/site-packages'
[12.305s] Level 1:colcon.colcon_core.shell:create_environment_hook('my_py_pkg', 'pythonpath')
[12.305s] INFO:colcon.colcon_core.shell:Creating environment hook '/home/bachelor/ros2_ws/install/my_py_pkg/share/my_py_pkg/hook/pythonpath.ps1'
[12.309s] INFO:colcon.colcon_core.shell:Creating environment descriptor '/home/bachelor/ros2_ws/install/my_py_pkg/share/my_py_pkg/hook/pythonpath.dsv'
[12.312s] INFO:colcon.colcon_core.shell:Creating environment hook '/home/bachelor/ros2_ws/install/my_py_pkg/share/my_py_pkg/hook/pythonpath.sh'
[12.315s] Level 1:colcon.colcon_core.environment:checking '/home/bachelor/ros2_ws/install/my_py_pkg/bin'
[12.316s] Level 1:colcon.colcon_core.environment:create_environment_scripts_only(my_py_pkg)
[12.316s] INFO:colcon.colcon_core.shell:Creating package script '/home/bachelor/ros2_ws/install/my_py_pkg/share/my_py_pkg/package.ps1'
[12.341s] INFO:colcon.colcon_core.shell:Creating package descriptor '/home/bachelor/ros2_ws/install/my_py_pkg/share/my_py_pkg/package.dsv'
[12.355s] INFO:colcon.colcon_core.shell:Creating package script '/home/bachelor/ros2_ws/install/my_py_pkg/share/my_py_pkg/package.sh'
[12.359s] INFO:colcon.colcon_core.shell:Creating package script '/home/bachelor/ros2_ws/install/my_py_pkg/share/my_py_pkg/package.bash'
[12.363s] INFO:colcon.colcon_core.shell:Creating package script '/home/bachelor/ros2_ws/install/my_py_pkg/share/my_py_pkg/package.zsh'
[12.368s] Level 1:colcon.colcon_core.environment:create_file_with_runtime_dependencies(/home/bachelor/ros2_ws/install/my_py_pkg/share/colcon-core/packages/my_py_pkg)
[12.383s] DEBUG:colcon.colcon_parallel_executor.executor.parallel:closing loop
[12.397s] DEBUG:colcon.colcon_parallel_executor.executor.parallel:loop closed
[12.397s] DEBUG:colcon.colcon_parallel_executor.executor.parallel:run_until_complete finished with '0'
[12.397s] DEBUG:colcon.colcon_core.event_reactor:joining thread
[12.456s] INFO:colcon.colcon_core.plugin_system:Skipping extension 'colcon_notification.desktop_notification.terminal_notifier': Not used on non-Darwin systems
[12.457s] INFO:colcon.colcon_core.plugin_system:Skipping extension 'colcon_notification.desktop_notification.win32': Not used on non-Windows systems
[12.457s] INFO:colcon.colcon_notification.desktop_notification:Sending desktop notification using 'notify2'
[12.531s] DEBUG:colcon.colcon_core.event_reactor:joined thread
[12.532s] INFO:colcon.colcon_core.shell:Creating prefix script '/home/bachelor/ros2_ws/install/local_setup.ps1'
[12.554s] INFO:colcon.colcon_core.shell:Creating prefix util module '/home/bachelor/ros2_ws/install/_local_setup_util_ps1.py'
[12.578s] INFO:colcon.colcon_core.shell:Creating prefix chain script '/home/bachelor/ros2_ws/install/setup.ps1'
[12.582s] INFO:colcon.colcon_core.shell:Creating prefix script '/home/bachelor/ros2_ws/install/local_setup.sh'
[12.585s] INFO:colcon.colcon_core.shell:Creating prefix util module '/home/bachelor/ros2_ws/install/_local_setup_util_sh.py'
[12.589s] INFO:colcon.colcon_core.shell:Creating prefix chain script '/home/bachelor/ros2_ws/install/setup.sh'
[12.613s] INFO:colcon.colcon_core.shell:Creating prefix script '/home/bachelor/ros2_ws/install/local_setup.bash'
[12.633s] INFO:colcon.colcon_core.shell:Creating prefix chain script '/home/bachelor/ros2_ws/install/setup.bash'
[12.641s] INFO:colcon.colcon_core.shell:Creating prefix script '/home/bachelor/ros2_ws/install/local_setup.zsh'
[12.649s] INFO:colcon.colcon_core.shell:Creating prefix chain script '/home/bachelor/ros2_ws/install/setup.zsh'
